#
# There is insufficient memory for the Java Runtime Environment to continue.
# Native memory allocation (malloc) failed to allocate 1272816 bytes for Chunk::new
# Possible reasons:
#   The system is out of physical RAM or swap space
#   In 32 bit mode, the process size limit was hit
# Possible solutions:
#   Reduce memory load on the system
#   Increase physical memory or swap space
#   Check if swap backing store is full
#   Use 64 bit Java on a 64 bit OS
#   Decrease Java heap size (-Xmx/-Xms)
#   Decrease number of Java threads
#   Decrease Java thread stack sizes (-Xss)
#   Set larger code cache with -XX:ReservedCodeCacheSize=
# This output file may be truncated or incomplete.
#
#  Out of Memory Error (allocation.cpp:390), pid=14108, tid=0x0000000000002068
#
# JRE version: OpenJDK Runtime Environment (8.0_76-b03) (build 1.8.0_76-release-b03)
# Java VM: OpenJDK 64-Bit Server VM (25.76-b03 mixed mode windows-amd64 compressed oops)
# Failed to write core dump. Minidumps are not enabled by default on client versions of Windows
#

---------------  T H R E A D  ---------------

Current thread (0x000000001609b800):  JavaThread "C2 CompilerThread0" daemon [_thread_in_native, id=8296, stack(0x00000000177f0000,0x00000000178f0000)]

Stack: [0x00000000177f0000,0x00000000178f0000]
[error occurred during error reporting (printing stack bounds), id 0xc0000005]

Native frames: (J=compiled Java code, j=interpreted, Vv=VM code, C=native code)


Current CompileTask:
C2:  81803 8089   !   4       java.nio.file.FileTreeWalker::next (144 bytes)


---------------  P R O C E S S  ---------------

Java Threads: ( => current thread )
  0x000000001c376800 JavaThread "File lock request listener" [_thread_in_native, id=15060, stack(0x000000001d240000,0x000000001d340000)]
  0x000000001845b000 JavaThread "Asynchronous log dispatcher for org.gradle.launcher.daemon.server.DefaultDaemonConnection@3b874168" [_thread_blocked, id=9788, stack(0x000000001a8a0000,0x000000001a9a0000)]
  0x0000000018bb9800 JavaThread "Daemon worker" [_thread_in_native, id=7800, stack(0x000000001a7a0000,0x000000001a8a0000)]
  0x000000001968a000 JavaThread "Cancel handler" [_thread_blocked, id=15004, stack(0x000000001a6a0000,0x000000001a7a0000)]
  0x0000000018bb7000 JavaThread "Handler for socket connection from /127.0.0.1:2492 to /127.0.0.1:2493" [_thread_in_native, id=4164, stack(0x000000001a5a0000,0x000000001a6a0000)]
  0x0000000018bb5000 JavaThread "Daemon" [_thread_blocked, id=10104, stack(0x000000001a4a0000,0x000000001a5a0000)]
  0x00000000188a5800 JavaThread "pool-1-thread-1" [_thread_blocked, id=10056, stack(0x000000001a3a0000,0x000000001a4a0000)]
  0x00000000183ee800 JavaThread "Incoming local TCP Connector on port 2492" [_thread_in_native, id=2756, stack(0x0000000019ca0000,0x0000000019da0000)]
  0x0000000017b03000 JavaThread "Service Thread" daemon [_thread_blocked, id=4868, stack(0x0000000017ef0000,0x0000000017ff0000)]
  0x00000000160a6000 JavaThread "C1 CompilerThread2" daemon [_thread_blocked, id=10792, stack(0x00000000179f0000,0x0000000017af0000)]
  0x000000001609e800 JavaThread "C2 CompilerThread1" daemon [_thread_blocked, id=11008, stack(0x00000000178f0000,0x00000000179f0000)]
=>0x000000001609b800 JavaThread "C2 CompilerThread0" daemon [_thread_in_native, id=8296, stack(0x00000000177f0000,0x00000000178f0000)]
  0x000000001609a000 JavaThread "Attach Listener" daemon [_thread_blocked, id=14460, stack(0x00000000176f0000,0x00000000177f0000)]
  0x0000000016098800 JavaThread "Signal Dispatcher" daemon [_thread_blocked, id=11824, stack(0x00000000175f0000,0x00000000176f0000)]
  0x0000000016088800 JavaThread "Finalizer" daemon [_thread_blocked, id=7600, stack(0x00000000172f0000,0x00000000173f0000)]
  0x0000000002721000 JavaThread "Reference Handler" daemon [_thread_blocked, id=8956, stack(0x00000000171f0000,0x00000000172f0000)]
  0x000000000260d800 JavaThread "main" [_thread_blocked, id=1328, stack(0x00000000024d0000,0x00000000025d0000)]

Other Threads:
  0x0000000016065800 VMThread [stack: 0x00000000170f0000,0x00000000171f0000] [id=6140]
  0x0000000017b04800 WatcherThread [stack: 0x0000000017ff0000,0x00000000180f0000] [id=14540]

VM state:not at safepoint (normal execution)

VM Mutex/Monitor currently owned by a thread: None

Heap:
 PSYoungGen      total 90624K, used 33036K [0x00000000e0000000, 0x00000000e6f00000, 0x0000000100000000)
  eden space 70144K, 17% used [0x00000000e0000000,0x00000000e0c4ae28,0x00000000e4480000)
  from space 20480K, 99% used [0x00000000e4480000,0x00000000e58783d0,0x00000000e5880000)
  to   space 17408K, 0% used [0x00000000e5880000,0x00000000e5880000,0x00000000e6980000)
 ParOldGen       total 77312K, used 30757K [0x00000000a0000000, 0x00000000a4b80000, 0x00000000e0000000)
  object space 77312K, 39% used [0x00000000a0000000,0x00000000a1e09508,0x00000000a4b80000)
 Metaspace       used 48754K, capacity 50290K, committed 50432K, reserved 1093632K
  class space    used 6518K, capacity 6863K, committed 6912K, reserved 1048576K

Card table byte_map: [0x0000000011af0000,0x0000000011e00000] byte_map_base: 0x00000000115f0000

Marking Bits: (ParMarkBitMap*) 0x0000000052f29d00
 Begin Bits: [0x0000000012400000, 0x0000000013c00000)
 End Bits:   [0x0000000013c00000, 0x0000000015400000)

Polling page: 0x0000000000c50000

CodeCache: size=245760Kb used=24003Kb max_used=24246Kb free=221757Kb
 bounds [0x0000000002730000, 0x0000000003f00000, 0x0000000011730000]
 total_blobs=7798 nmethods=7095 adapters=615
 compilation: enabled

Compilation events (10 events):
Event: 81.452 Thread 0x00000000160a6000 nmethod 8093 0x0000000003a26f90 code [0x0000000003a270e0, 0x0000000003a27290]
Event: 81.458 Thread 0x000000001609e800 nmethod 8092 0x0000000002e33bd0 code [0x0000000002e33d60, 0x0000000002e34228]
Event: 81.690 Thread 0x000000001609e800 8094       4       java.lang.reflect.Array::newInstance (6 bytes)
Event: 81.691 Thread 0x00000000160a6000 8095       3       java.util.TimSort::mergeCollapse (101 bytes)
Event: 81.692 Thread 0x00000000160a6000 nmethod 8095 0x00000000037e6b90 code [0x00000000037e6d20, 0x00000000037e7138]
Event: 81.692 Thread 0x000000001609e800 nmethod 8094 0x0000000003722c10 code [0x0000000003722d60, 0x0000000003722e98]
Event: 81.692 Thread 0x00000000160a6000 8096       3       java.util.TimSort::mergeLo (659 bytes)
Event: 81.695 Thread 0x00000000160a6000 nmethod 8096 0x0000000003613b50 code [0x0000000003613e80, 0x0000000003616018]
Event: 81.695 Thread 0x00000000160a6000 8097       3       java.util.TimSort::mergeHi (732 bytes)
Event: 81.697 Thread 0x00000000160a6000 nmethod 8097 0x000000000364b990 code [0x000000000364bcc0, 0x000000000364def8]

GC Heap History (10 events):
Event: 55.125 GC heap before
{Heap before GC invocations=15 (full 2):
 PSYoungGen      total 69632K, used 61602K [0x00000000e0000000, 0x00000000e5000000, 0x0000000100000000)
  eden space 57344K, 100% used [0x00000000e0000000,0x00000000e3800000,0x00000000e3800000)
  from space 12288K, 34% used [0x00000000e4400000,0x00000000e4828840,0x00000000e5000000)
  to   space 12288K, 0% used [0x00000000e3800000,0x00000000e3800000,0x00000000e4400000)
 ParOldGen       total 77312K, used 19166K [0x00000000a0000000, 0x00000000a4b80000, 0x00000000e0000000)
  object space 77312K, 24% used [0x00000000a0000000,0x00000000a12b7940,0x00000000a4b80000)
 Metaspace       used 41412K, capacity 42328K, committed 42624K, reserved 1085440K
  class space    used 5537K, capacity 5700K, committed 5760K, reserved 1048576K
Event: 55.137 GC heap after
Heap after GC invocations=15 (full 2):
 PSYoungGen      total 69632K, used 8320K [0x00000000e0000000, 0x00000000e5d80000, 0x0000000100000000)
  eden space 57344K, 0% used [0x00000000e0000000,0x00000000e0000000,0x00000000e3800000)
  from space 12288K, 67% used [0x00000000e3800000,0x00000000e4020158,0x00000000e4400000)
  to   space 12800K, 0% used [0x00000000e5100000,0x00000000e5100000,0x00000000e5d80000)
 ParOldGen       total 77312K, used 19174K [0x00000000a0000000, 0x00000000a4b80000, 0x00000000e0000000)
  object space 77312K, 24% used [0x00000000a0000000,0x00000000a12b9940,0x00000000a4b80000)
 Metaspace       used 41412K, capacity 42328K, committed 42624K, reserved 1085440K
  class space    used 5537K, capacity 5700K, committed 5760K, reserved 1048576K
}
Event: 56.422 GC heap before
{Heap before GC invocations=16 (full 2):
 PSYoungGen      total 69632K, used 65664K [0x00000000e0000000, 0x00000000e5d80000, 0x0000000100000000)
  eden space 57344K, 100% used [0x00000000e0000000,0x00000000e3800000,0x00000000e3800000)
  from space 12288K, 67% used [0x00000000e3800000,0x00000000e4020158,0x00000000e4400000)
  to   space 12800K, 0% used [0x00000000e5100000,0x00000000e5100000,0x00000000e5d80000)
 ParOldGen       total 77312K, used 19174K [0x00000000a0000000, 0x00000000a4b80000, 0x00000000e0000000)
  object space 77312K, 24% used [0x00000000a0000000,0x00000000a12b9940,0x00000000a4b80000)
 Metaspace       used 44573K, capacity 45620K, committed 45696K, reserved 1089536K
  class space    used 6014K, capacity 6232K, committed 6272K, reserved 1048576K
Event: 56.450 GC heap after
Heap after GC invocations=16 (full 2):
 PSYoungGen      total 70144K, used 12671K [0x00000000e0000000, 0x00000000e5d80000, 0x0000000100000000)
  eden space 57344K, 0% used [0x00000000e0000000,0x00000000e0000000,0x00000000e3800000)
  from space 12800K, 98% used [0x00000000e5100000,0x00000000e5d5fcd0,0x00000000e5d80000)
  to   space 12288K, 0% used [0x00000000e3800000,0x00000000e3800000,0x00000000e4400000)
 ParOldGen       total 77312K, used 19182K [0x00000000a0000000, 0x00000000a4b80000, 0x00000000e0000000)
  object space 77312K, 24% used [0x00000000a0000000,0x00000000a12bb940,0x00000000a4b80000)
 Metaspace       used 44573K, capacity 45620K, committed 45696K, reserved 1089536K
  class space    used 6014K, capacity 6232K, committed 6272K, reserved 1048576K
}
Event: 60.417 GC heap before
{Heap before GC invocations=17 (full 2):
 PSYoungGen      total 70144K, used 70015K [0x00000000e0000000, 0x00000000e5d80000, 0x0000000100000000)
  eden space 57344K, 100% used [0x00000000e0000000,0x00000000e3800000,0x00000000e3800000)
  from space 12800K, 98% used [0x00000000e5100000,0x00000000e5d5fcd0,0x00000000e5d80000)
  to   space 12288K, 0% used [0x00000000e3800000,0x00000000e3800000,0x00000000e4400000)
 ParOldGen       total 77312K, used 19182K [0x00000000a0000000, 0x00000000a4b80000, 0x00000000e0000000)
  object space 77312K, 24% used [0x00000000a0000000,0x00000000a12bb940,0x00000000a4b80000)
 Metaspace       used 46320K, capacity 47402K, committed 47744K, reserved 1091584K
  class space    used 6223K, capacity 6425K, committed 6528K, reserved 1048576K
Event: 60.457 GC heap after
Heap after GC invocations=17 (full 2):
 PSYoungGen      total 69632K, used 12283K [0x00000000e0000000, 0x00000000e6980000, 0x0000000100000000)
  eden space 57344K, 0% used [0x00000000e0000000,0x00000000e0000000,0x00000000e3800000)
  from space 12288K, 99% used [0x00000000e3800000,0x00000000e43feca8,0x00000000e4400000)
  to   space 17408K, 0% used [0x00000000e5880000,0x00000000e5880000,0x00000000e6980000)
 ParOldGen       total 77312K, used 25245K [0x00000000a0000000, 0x00000000a4b80000, 0x00000000e0000000)
  object space 77312K, 32% used [0x00000000a0000000,0x00000000a18a7750,0x00000000a4b80000)
 Metaspace       used 46320K, capacity 47402K, committed 47744K, reserved 1091584K
  class space    used 6223K, capacity 6425K, committed 6528K, reserved 1048576K
}
Event: 64.606 GC heap before
{Heap before GC invocations=18 (full 2):
 PSYoungGen      total 69632K, used 69627K [0x00000000e0000000, 0x00000000e6980000, 0x0000000100000000)
  eden space 57344K, 100% used [0x00000000e0000000,0x00000000e3800000,0x00000000e3800000)
  from space 12288K, 99% used [0x00000000e3800000,0x00000000e43feca8,0x00000000e4400000)
  to   space 17408K, 0% used [0x00000000e5880000,0x00000000e5880000,0x00000000e6980000)
 ParOldGen       total 77312K, used 25245K [0x00000000a0000000, 0x00000000a4b80000, 0x00000000e0000000)
  object space 77312K, 32% used [0x00000000a0000000,0x00000000a18a7750,0x00000000a4b80000)
 Metaspace       used 47141K, capacity 48456K, committed 48640K, reserved 1091584K
  class space    used 6327K, capacity 6594K, committed 6656K, reserved 1048576K
Event: 64.640 GC heap after
Heap after GC invocations=18 (full 2):
 PSYoungGen      total 87552K, used 17403K [0x00000000e0000000, 0x00000000e6f00000, 0x0000000100000000)
  eden space 70144K, 0% used [0x00000000e0000000,0x00000000e0000000,0x00000000e4480000)
  from space 17408K, 99% used [0x00000000e5880000,0x00000000e697eca8,0x00000000e6980000)
  to   space 20480K, 0% used [0x00000000e4480000,0x00000000e4480000,0x00000000e5880000)
 ParOldGen       total 77312K, used 26070K [0x00000000a0000000, 0x00000000a4b80000, 0x00000000e0000000)
  object space 77312K, 33% used [0x00000000a0000000,0x00000000a1975870,0x00000000a4b80000)
 Metaspace       used 47141K, capacity 48456K, committed 48640K, reserved 1091584K
  class space    used 6327K, capacity 6594K, committed 6656K, reserved 1048576K
}
Event: 78.334 GC heap before
{Heap before GC invocations=19 (full 2):
 PSYoungGen      total 87552K, used 87547K [0x00000000e0000000, 0x00000000e6f00000, 0x0000000100000000)
  eden space 70144K, 100% used [0x00000000e0000000,0x00000000e4480000,0x00000000e4480000)
  from space 17408K, 99% used [0x00000000e5880000,0x00000000e697eca8,0x00000000e6980000)
  to   space 20480K, 0% used [0x00000000e4480000,0x00000000e4480000,0x00000000e5880000)
 ParOldGen       total 77312K, used 26070K [0x00000000a0000000, 0x00000000a4b80000, 0x00000000e0000000)
  object space 77312K, 33% used [0x00000000a0000000,0x00000000a1975870,0x00000000a4b80000)
 Metaspace       used 48678K, capacity 50242K, committed 50432K, reserved 1093632K
  class space    used 6510K, capacity 6855K, committed 6912K, reserved 1048576K
Event: 78.377 GC heap after
Heap after GC invocations=19 (full 2):
 PSYoungGen      total 90624K, used 20448K [0x00000000e0000000, 0x00000000e6f00000, 0x0000000100000000)
  eden space 70144K, 0% used [0x00000000e0000000,0x00000000e0000000,0x00000000e4480000)
  from space 20480K, 99% used [0x00000000e4480000,0x00000000e58783d0,0x00000000e5880000)
  to   space 17408K, 0% used [0x00000000e5880000,0x00000000e5880000,0x00000000e6980000)
 ParOldGen       total 77312K, used 30757K [0x00000000a0000000, 0x00000000a4b80000, 0x00000000e0000000)
  object space 77312K, 39% used [0x00000000a0000000,0x00000000a1e09508,0x00000000a4b80000)
 Metaspace       used 48678K, capacity 50242K, committed 50432K, reserved 1093632K
  class space    used 6510K, capacity 6855K, committed 6912K, reserved 1048576K
}

Deoptimization events (10 events):
Event: 77.434 Thread 0x0000000018bb9800 Uncommon trap: reason=array_check action=maybe_recompile pc=0x0000000003ef375c method=java.util.TimSort.binarySort([Ljava/lang/Object;IIILjava/util/Comparator;)V @ 215
Event: 77.744 Thread 0x0000000018bb9800 Uncommon trap: reason=array_check action=maybe_recompile pc=0x0000000003ef375c method=java.util.TimSort.binarySort([Ljava/lang/Object;IIILjava/util/Comparator;)V @ 215
Event: 77.896 Thread 0x0000000018bb9800 Uncommon trap: reason=class_check action=maybe_recompile pc=0x0000000002f105e8 method=java.util.concurrent.ConcurrentHashMap.putVal(Ljava/lang/Object;Ljava/lang/Object;Z)Ljava/lang/Object; @ 192
Event: 77.968 Thread 0x0000000018bb9800 Uncommon trap: reason=class_check action=maybe_recompile pc=0x0000000002f105e8 method=java.util.concurrent.ConcurrentHashMap.putVal(Ljava/lang/Object;Ljava/lang/Object;Z)Ljava/lang/Object; @ 192
Event: 78.081 Thread 0x0000000018bb9800 Uncommon trap: reason=array_check action=maybe_recompile pc=0x0000000003ef375c method=java.util.TimSort.binarySort([Ljava/lang/Object;IIILjava/util/Comparator;)V @ 215
Event: 78.167 Thread 0x0000000018bb9800 Uncommon trap: reason=array_check action=maybe_recompile pc=0x0000000003ef375c method=java.util.TimSort.binarySort([Ljava/lang/Object;IIILjava/util/Comparator;)V @ 215
Event: 79.301 Thread 0x0000000018bb9800 Uncommon trap: reason=array_check action=maybe_recompile pc=0x0000000002979f24 method=java.util.TimSort.binarySort([Ljava/lang/Object;IIILjava/util/Comparator;)V @ 183
Event: 79.387 Thread 0x0000000018bb9800 Uncommon trap: reason=array_check action=maybe_recompile pc=0x0000000002979f24 method=java.util.TimSort.binarySort([Ljava/lang/Object;IIILjava/util/Comparator;)V @ 183
Event: 79.635 Thread 0x0000000018bb9800 Uncommon trap: reason=array_check action=maybe_recompile pc=0x00000000028bb808 method=java.util.TimSort.binarySort([Ljava/lang/Object;IIILjava/util/Comparator;)V @ 193
Event: 80.530 Thread 0x0000000018bb9800 Uncommon trap: reason=array_check action=maybe_recompile pc=0x00000000028bb808 method=java.util.TimSort.binarySort([Ljava/lang/Object;IIILjava/util/Comparator;)V @ 193

Internal exceptions (10 events):
Event: 69.593 Thread 0x0000000018bb9800 Exception <a 'java/lang/ClassNotFoundException': java/io/FileBeanInfo> (0x00000000e1e199f0) thrown at [C:\src\android\AOSP-openjdk\external\jetbrains\jdk\hotspot\src\share\vm\classfile\systemDictionary.cpp, line 210]
Event: 69.594 Thread 0x0000000018bb9800 Exception <a 'java/lang/ClassNotFoundException': java/io/FileCustomizer> (0x00000000e1e1ed70) thrown at [C:\src\android\AOSP-openjdk\external\jetbrains\jdk\hotspot\src\share\vm\classfile\systemDictionary.cpp, line 210]
Event: 69.598 Thread 0x0000000018bb9800 Exception <a 'java/lang/ClassNotFoundException': com/android/sdklib/BuildToolInfoBeanInfo> (0x00000000e1e68308) thrown at [C:\src\android\AOSP-openjdk\external\jetbrains\jdk\hotspot\src\share\vm\classfile\systemDictionary.cpp, line 210]
Event: 69.599 Thread 0x0000000018bb9800 Exception <a 'java/lang/ClassNotFoundException': com/android/sdklib/BuildToolInfoCustomizer> (0x00000000e1e76028) thrown at [C:\src\android\AOSP-openjdk\external\jetbrains\jdk\hotspot\src\share\vm\classfile\systemDictionary.cpp, line 210]
Event: 69.622 Thread 0x0000000018bb9800 Exception <a 'java/lang/ClassNotFoundException': java/lang/IntegerBeanInfo> (0x00000000e1f2d160) thrown at [C:\src\android\AOSP-openjdk\external\jetbrains\jdk\hotspot\src\share\vm\classfile\systemDictionary.cpp, line 210]
Event: 69.623 Thread 0x0000000018bb9800 Exception <a 'java/lang/ClassNotFoundException': java/lang/NumberBeanInfo> (0x00000000e1f32878) thrown at [C:\src\android\AOSP-openjdk\external\jetbrains\jdk\hotspot\src\share\vm\classfile\systemDictionary.cpp, line 210]
Event: 69.623 Thread 0x0000000018bb9800 Exception <a 'java/lang/ClassNotFoundException': java/lang/NumberCustomizer> (0x00000000e1f37fb0) thrown at [C:\src\android\AOSP-openjdk\external\jetbrains\jdk\hotspot\src\share\vm\classfile\systemDictionary.cpp, line 210]
Event: 69.623 Thread 0x0000000018bb9800 Exception <a 'java/lang/ClassNotFoundException': java/lang/IntegerCustomizer> (0x00000000e1f40f78) thrown at [C:\src\android\AOSP-openjdk\external\jetbrains\jdk\hotspot\src\share\vm\classfile\systemDictionary.cpp, line 210]
Event: 69.628 Thread 0x0000000018bb9800 Exception <a 'java/lang/ClassNotFoundException': com/google/common/collect/ListsBeanInfo> (0x00000000e1fa5400) thrown at [C:\src\android\AOSP-openjdk\external\jetbrains\jdk\hotspot\src\share\vm\classfile\systemDictionary.cpp, line 210]
Event: 69.628 Thread 0x0000000018bb9800 Exception <a 'java/lang/ClassNotFoundException': com/google/common/collect/ListsCustomizer> (0x00000000e1fb3110) thrown at [C:\src\android\AOSP-openjdk\external\jetbrains\jdk\hotspot\src\share\vm\classfile\systemDictionary.cpp, line 210]

Events (10 events):
Event: 79.301 Thread 0x0000000018bb9800 DEOPT UNPACKING pc=0x000000000277556a sp=0x000000001a89ca10 mode 2
Event: 79.387 Thread 0x0000000018bb9800 Uncommon trap: trap_request=0xffffffd6 fr.pc=0x0000000002979f24
Event: 79.387 Thread 0x0000000018bb9800 DEOPT PACKING pc=0x0000000002979f24 sp=0x000000001a89ca70
Event: 79.387 Thread 0x0000000018bb9800 DEOPT UNPACKING pc=0x000000000277556a sp=0x000000001a89ca10 mode 2
Event: 79.635 Thread 0x0000000018bb9800 Uncommon trap: trap_request=0xffffffd6 fr.pc=0x00000000028bb808
Event: 79.635 Thread 0x0000000018bb9800 DEOPT PACKING pc=0x00000000028bb808 sp=0x000000001a89ca70
Event: 79.635 Thread 0x0000000018bb9800 DEOPT UNPACKING pc=0x000000000277556a sp=0x000000001a89ca10 mode 2
Event: 80.530 Thread 0x0000000018bb9800 Uncommon trap: trap_request=0xffffffd6 fr.pc=0x00000000028bb808
Event: 80.530 Thread 0x0000000018bb9800 DEOPT PACKING pc=0x00000000028bb808 sp=0x000000001a89c990
Event: 80.530 Thread 0x0000000018bb9800 DEOPT UNPACKING pc=0x000000000277556a sp=0x000000001a89c930 mode 2


Dynamic libraries:
0x00007ff710590000 - 0x00007ff7105c1000 	C:\Program Files\Android\Android Studio\jre\bin\java.exe
0x00007ffc78b30000 - 0x00007ffc78cdc000 	C:\Windows\SYSTEM32\ntdll.dll
0x00007ffc778b0000 - 0x00007ffc779ee000 	C:\Windows\system32\KERNEL32.DLL
0x00007ffc75f90000 - 0x00007ffc760a5000 	C:\Windows\system32\KERNELBASE.dll
0x00007ffc77ee0000 - 0x00007ffc77f8a000 	C:\Windows\system32\ADVAPI32.dll
0x00007ffc780b0000 - 0x00007ffc78227000 	C:\Windows\system32\USER32.dll
0x00007ffc73e90000 - 0x00007ffc7410a000 	C:\Windows\WinSxS\amd64_microsoft.windows.common-controls_6595b64144ccf1df_6.0.9600.17810_none_6240b9c7ecbd0bda\COMCTL32.dll
0x00007ffc78000000 - 0x00007ffc780aa000 	C:\Windows\system32\msvcrt.dll
0x00007ffc78230000 - 0x00007ffc78289000 	C:\Windows\SYSTEM32\sechost.dll
0x00007ffc78610000 - 0x00007ffc78751000 	C:\Windows\system32\RPCRT4.dll
0x00007ffc784b0000 - 0x00007ffc785ff000 	C:\Windows\system32\GDI32.dll
0x00007ffc779f0000 - 0x00007ffc77a26000 	C:\Windows\system32\IMM32.DLL
0x00007ffc77a30000 - 0x00007ffc77b82000 	C:\Windows\system32\MSCTF.dll
0x0000000052230000 - 0x0000000052302000 	C:\Program Files\Android\Android Studio\jre\jre\bin\msvcr100.dll
0x0000000052770000 - 0x0000000052fa4000 	C:\Program Files\Android\Android Studio\jre\jre\bin\server\jvm.dll
0x00007ffc6ba70000 - 0x00007ffc6ba79000 	C:\Windows\SYSTEM32\WSOCK32.dll
0x00007ffc731a0000 - 0x00007ffc731c2000 	C:\Windows\SYSTEM32\WINMM.dll
0x00007ffc6f090000 - 0x00007ffc6f09a000 	C:\Windows\SYSTEM32\VERSION.dll
0x00007ffc78600000 - 0x00007ffc78607000 	C:\Windows\system32\PSAPI.DLL
0x00007ffc78820000 - 0x00007ffc7887a000 	C:\Windows\system32\WS2_32.dll
0x00007ffc72fd0000 - 0x00007ffc72ffa000 	C:\Windows\SYSTEM32\WINMMBASE.dll
0x00007ffc76220000 - 0x00007ffc76229000 	C:\Windows\system32\NSI.dll
0x00007ffc76160000 - 0x00007ffc761af000 	C:\Windows\SYSTEM32\cfgmgr32.dll
0x00007ffc74a70000 - 0x00007ffc74a98000 	C:\Windows\SYSTEM32\DEVOBJ.dll
0x00007ffc6e3a0000 - 0x00007ffc6e3af000 	C:\Program Files\Android\Android Studio\jre\jre\bin\verify.dll
0x00007ffc5ab60000 - 0x00007ffc5ab89000 	C:\Program Files\Android\Android Studio\jre\jre\bin\java.dll
0x00007ffc5c150000 - 0x00007ffc5c166000 	C:\Program Files\Android\Android Studio\jre\jre\bin\zip.dll
0x00007ffc76300000 - 0x00007ffc7782b000 	C:\Windows\system32\SHELL32.dll
0x00007ffc78290000 - 0x00007ffc784a1000 	C:\Windows\SYSTEM32\combase.dll
0x00007ffc77850000 - 0x00007ffc778a4000 	C:\Windows\system32\SHLWAPI.dll
0x00007ffc74390000 - 0x00007ffc74442000 	C:\Windows\SYSTEM32\SHCORE.dll
0x00007ffc75c80000 - 0x00007ffc75c95000 	C:\Windows\SYSTEM32\profapi.dll
0x00007ffc5cf10000 - 0x00007ffc5cf2a000 	C:\Program Files\Android\Android Studio\jre\jre\bin\net.dll
0x00007ffc75490000 - 0x00007ffc754e9000 	C:\Windows\system32\mswsock.dll
0x00007ffc58dd0000 - 0x00007ffc58de1000 	C:\Program Files\Android\Android Studio\jre\jre\bin\nio.dll
0x00007ffc4e0f0000 - 0x00007ffc4e102000 	C:\Users\rhezaTesar\.gradle\native\19\windows-amd64\native-platform.dll
0x00007ffc75550000 - 0x00007ffc75570000 	C:\Windows\SYSTEM32\CRYPTSP.dll
0x00007ffc75110000 - 0x00007ffc75146000 	C:\Windows\system32\rsaenh.dll
0x00007ffc757a0000 - 0x00007ffc757c6000 	C:\Windows\SYSTEM32\bcrypt.dll
0x00007ffc75220000 - 0x00007ffc75241000 	C:\Windows\SYSTEM32\USERENV.dll
0x00007ffc75ae0000 - 0x00007ffc75b43000 	C:\Windows\system32\bcryptprimitives.dll
0x00007ffc75b50000 - 0x00007ffc75b5b000 	C:\Windows\SYSTEM32\CRYPTBASE.dll
0x00007ffc6fad0000 - 0x00007ffc6fafa000 	C:\Windows\SYSTEM32\IPHLPAPI.DLL
0x00007ffc6fac0000 - 0x00007ffc6faca000 	C:\Windows\SYSTEM32\WINNSI.DLL
0x00007ffc6eda0000 - 0x00007ffc6edb6000 	C:\Windows\SYSTEM32\dhcpcsvc6.DLL
0x00007ffc6f520000 - 0x00007ffc6f53a000 	C:\Windows\SYSTEM32\dhcpcsvc.DLL
0x00007ffc6aeb0000 - 0x00007ffc6aebd000 	C:\Program Files\Android\Android Studio\jre\jre\bin\management.dll

VM Arguments:
jvm_args: -Xmx1536m -Dfile.encoding=windows-1252 -Duser.country=US -Duser.language=en -Duser.variant 
java_command: org.gradle.launcher.daemon.bootstrap.GradleDaemon 2.14.1
java_class_path (initial): C:\Users\rhezaTesar\.gradle\wrapper\dists\gradle-2.14.1-all\8bnwg5hd3w55iofp58khbp6yv\gradle-2.14.1\lib\gradle-launcher-2.14.1.jar
Launcher Type: SUN_STANDARD

Environment Variables:
PATH=C:\ProgramData\Oracle\Java\javapath;C:\app\DevSuiteHome_1\jdk\jre\bin\classic;C:\app\DevSuiteHome_1\jdk\jre\bin;C:\app\DevSuiteHome_1\jdk\jre\bin\client;C:\app\DevSuiteHome_1\jlib;C:\app\DevSuiteHome_1\bin;C:\app\DevSuiteHome_1\jre\1.4.2\bin\client;C:\app\DevSuiteHome_1\jre\1.4.2\bin;C:\app\rhezaTesar\product\11.2.0\client_1;C:\app\rhezaTesar\product\11.2.0\client_1\bin;C:\Program Files (x86)\Intel\iCLS Client\;C:\Program Files\Intel\iCLS Client\;C:\Windows\system32;C:\Windows;C:\Windows\System32\Wbem;C:\Windows\System32\WindowsPowerShell\v1.0\;C:\Program Files\Intel\Intel(R) Management Engine Components\DAL;C:\Program Files (x86)\Intel\Intel(R) Management Engine Components\DAL;C:\Program Files\Intel\Intel(R) Management Engine Components\IPT;C:\Program Files (x86)\Intel\Intel(R) Management Engine Components\IPT;C:\Program Files\Intel\WiFi\bin\;C:\Program Files\Common Files\Intel\WirelessCommon\;C:\Program Files (x86)\Skype\Phone\;C:\Program Files (x86)\Microsoft SQL Server\90\Tools\binn\;C:\Program Files (x86)\Microsoft SQL Server\100\Tools\Bin;C:\Program Files (x86)\Common Files\SYSTEM\MSMAPI\1033;C:\Program Files\Microsoft SQL Server\120\Tools\Binn\;C:\Program Files\Microsoft SQL Server\Client SDK\ODBC\110\Tools\Binn\;C:\Program Files\Microsoft SQL Server\120\DTS\Binn\;C:\Program Files (x86)\Microsoft SQL Server\120\Tools\Binn\ManagementStudio\;C:\Program Files (x86)\Microsoft SQL Server\120\Tools\Binn\;C:\Program Files (x86)\Microsoft SQL Server\120\DTS\Binn\;C:\Program Files\Git\cmd;C:\Program Files\TortoiseSVN\bin;C:\Program Files (x86)\CrSSL\bin
USERNAME=rhezaTesar
OS=Windows_NT
PROCESSOR_IDENTIFIER=Intel64 Family 6 Model 61 Stepping 4, GenuineIntel



---------------  S Y S T E M  ---------------

OS: Windows 8.1 , 64 bit Build 9600 (6.3.9600.17415)

CPU:total 4 (2 cores per cpu, 2 threads per core) family 6 model 61 stepping 4, cmov, cx8, fxsr, mmx, sse, sse2, sse3, ssse3, sse4.1, sse4.2, popcnt, avx, avx2, aes, clmul, erms, 3dnowpref, lzcnt, ht, tsc, tscinvbit, bmi1, bmi2, adx

Memory: 4k page, physical 8277100k(817088k free), swap 9848940k(4796k free)

vm_info: OpenJDK 64-Bit Server VM (25.76-b03) for windows-amd64 JRE (1.8.0_76-release-b03), built on Jun 29 2016 19:09:20 by "ralucas" with MS VC++ 10.0 (VS2010)

time: Mon Nov 14 19:49:08 2016
elapsed time: 81 seconds (0d 0h 1m 21s)

