#
# There is insufficient memory for the Java Runtime Environment to continue.
# Native memory allocation (malloc) failed to allocate 32744 bytes for ChunkPool::allocate
# Possible reasons:
#   The system is out of physical RAM or swap space
#   In 32 bit mode, the process size limit was hit
# Possible solutions:
#   Reduce memory load on the system
#   Increase physical memory or swap space
#   Check if swap backing store is full
#   Use 64 bit Java on a 64 bit OS
#   Decrease Java heap size (-Xmx/-Xms)
#   Decrease number of Java threads
#   Decrease Java thread stack sizes (-Xss)
#   Set larger code cache with -XX:ReservedCodeCacheSize=
# This output file may be truncated or incomplete.
#
#  Out of Memory Error (allocation.cpp:273), pid=11144, tid=0x000000000000260c
#
# JRE version: OpenJDK Runtime Environment (8.0_76-b03) (build 1.8.0_76-release-b03)
# Java VM: OpenJDK 64-Bit Server VM (25.76-b03 mixed mode windows-amd64 compressed oops)
# Failed to write core dump. Minidumps are not enabled by default on client versions of Windows
#

---------------  T H R E A D  ---------------

Current thread (0x000000001655c800):  JavaThread "C2 CompilerThread1" daemon [_thread_in_native, id=9740, stack(0x0000000017dd0000,0x0000000017ed0000)]

Stack: [0x0000000017dd0000,0x0000000017ed0000]
[error occurred during error reporting (printing stack bounds), id 0xc0000005]

Native frames: (J=compiled Java code, j=interpreted, Vv=VM code, C=native code)


Current CompileTask:
C2:  15325 1566   !   4       java.net.URLClassLoader$1::run (63 bytes)


---------------  P R O C E S S  ---------------

Java Threads: ( => current thread )
  0x00000000190d6000 JavaThread "Stdin handler" [_thread_blocked, id=8768, stack(0x000000001ae20000,0x000000001af20000)]
  0x00000000190d5000 JavaThread "Asynchronous log dispatcher for org.gradle.launcher.daemon.server.DefaultDaemonConnection@d9b537b" [_thread_blocked, id=12496, stack(0x000000001ad20000,0x000000001ae20000)]
  0x00000000190d2800 JavaThread "Daemon worker" [_thread_in_native, id=14184, stack(0x000000001ac20000,0x000000001ad20000)]
  0x00000000191d3800 JavaThread "Cancel handler" [_thread_blocked, id=13400, stack(0x000000001ab20000,0x000000001ac20000)]
  0x0000000019a1b800 JavaThread "Handler for socket connection from /127.0.0.1:1611 to /127.0.0.1:1614" [_thread_in_native, id=1992, stack(0x000000001aa20000,0x000000001ab20000)]
  0x0000000019a1a800 JavaThread "Daemon" [_thread_blocked, id=5404, stack(0x000000001a920000,0x000000001aa20000)]
  0x0000000019091000 JavaThread "pool-1-thread-1" [_thread_blocked, id=4128, stack(0x000000001a820000,0x000000001a920000)]
  0x0000000019a47000 JavaThread "Incoming local TCP Connector on port 1611" [_thread_in_native, id=5864, stack(0x0000000018dd0000,0x0000000018ed0000)]
  0x00000000165bc800 JavaThread "Service Thread" daemon [_thread_blocked, id=14880, stack(0x00000000183d0000,0x00000000184d0000)]
  0x0000000016562000 JavaThread "C1 CompilerThread2" daemon [_thread_blocked, id=10992, stack(0x0000000017ed0000,0x0000000017fd0000)]
=>0x000000001655c800 JavaThread "C2 CompilerThread1" daemon [_thread_in_native, id=9740, stack(0x0000000017dd0000,0x0000000017ed0000)]
  0x0000000016567800 JavaThread "C2 CompilerThread0" daemon [_thread_in_native, id=6956, stack(0x0000000017cd0000,0x0000000017dd0000)]
  0x0000000016566000 JavaThread "Attach Listener" daemon [_thread_blocked, id=6332, stack(0x0000000017bd0000,0x0000000017cd0000)]
  0x0000000016564800 JavaThread "Signal Dispatcher" daemon [_thread_blocked, id=7132, stack(0x0000000017ad0000,0x0000000017bd0000)]
  0x0000000016548800 JavaThread "Finalizer" daemon [_thread_blocked, id=10836, stack(0x00000000177d0000,0x00000000178d0000)]
  0x0000000002be1000 JavaThread "Reference Handler" daemon [_thread_blocked, id=14144, stack(0x00000000176d0000,0x00000000177d0000)]
  0x000000000123d800 JavaThread "main" [_thread_blocked, id=13276, stack(0x00000000029f0000,0x0000000002af0000)]

Other Threads:
  0x0000000016525800 VMThread [stack: 0x00000000175d0000,0x00000000176d0000] [id=4192]
  0x00000000165be800 WatcherThread [stack: 0x00000000184d0000,0x00000000185d0000] [id=5560]

VM state:not at safepoint (normal execution)

VM Mutex/Monitor currently owned by a thread: None

Heap:
 PSYoungGen      total 38400K, used 36120K [0x00000000e0000000, 0x00000000e2a80000, 0x0000000100000000)
  eden space 33280K, 93% used [0x00000000e0000000,0x00000000e1e48080,0x00000000e2080000)
  from space 5120K, 99% used [0x00000000e2580000,0x00000000e2a7e1d8,0x00000000e2a80000)
  to   space 5120K, 0% used [0x00000000e2080000,0x00000000e2080000,0x00000000e2580000)
 ParOldGen       total 87552K, used 652K [0x00000000a0000000, 0x00000000a5580000, 0x00000000e0000000)
  object space 87552K, 0% used [0x00000000a0000000,0x00000000a00a33c0,0x00000000a5580000)
 Metaspace       used 18094K, capacity 18454K, committed 18688K, reserved 1064960K
  class space    used 2406K, capacity 2521K, committed 2560K, reserved 1048576K

Card table byte_map: [0x0000000011fb0000,0x00000000122c0000] byte_map_base: 0x0000000011ab0000

Marking Bits: (ParMarkBitMap*) 0x0000000052f29d00
 Begin Bits: [0x00000000128c0000, 0x00000000140c0000)
 End Bits:   [0x00000000140c0000, 0x00000000158c0000)

Polling page: 0x0000000001020000

CodeCache: size=245760Kb used=4806Kb max_used=5166Kb free=240953Kb
 bounds [0x0000000002bf0000, 0x0000000003100000, 0x0000000011bf0000]
 total_blobs=1842 nmethods=1464 adapters=291
 compilation: enabled

Compilation events (10 events):
Event: 15.094 Thread 0x0000000016562000 nmethod 1564 0x0000000002cf23d0 code [0x0000000002cf2540, 0x0000000002cf2750]
Event: 15.187 Thread 0x0000000016562000 1565       3       java.util.AbstractSequentialList::iterator (5 bytes)
Event: 15.187 Thread 0x0000000016562000 nmethod 1565 0x0000000002d3c2d0 code [0x0000000002d3c440, 0x0000000002d3c728]
Event: 15.188 Thread 0x000000001655c800 1566   !   4       java.net.URLClassLoader$1::run (63 bytes)
Event: 15.254 Thread 0x0000000016562000 1567       3       java.util.regex.Pattern$Branch::match (66 bytes)
Event: 15.255 Thread 0x0000000016562000 nmethod 1567 0x0000000002d1e850 code [0x0000000002d1e9e0, 0x0000000002d1eeb8]
Event: 15.255 Thread 0x0000000016562000 1568       3       java.util.regex.Pattern$Curly::match (86 bytes)
Event: 15.255 Thread 0x0000000016562000 nmethod 1568 0x0000000002d7b2d0 code [0x0000000002d7b480, 0x0000000002d7ba78]
Event: 15.257 Thread 0x0000000016562000 1569       3       java.util.concurrent.locks.AbstractQueuedSynchronizer::enq (58 bytes)
Event: 15.258 Thread 0x0000000016562000 nmethod 1569 0x0000000002d85090 code [0x0000000002d85220, 0x0000000002d85750]

GC Heap History (4 events):
Event: 5.819 GC heap before
{Heap before GC invocations=1 (full 0):
 PSYoungGen      total 38400K, used 33280K [0x00000000e0000000, 0x00000000e2a80000, 0x0000000100000000)
  eden space 33280K, 100% used [0x00000000e0000000,0x00000000e2080000,0x00000000e2080000)
  from space 5120K, 0% used [0x00000000e2580000,0x00000000e2580000,0x00000000e2a80000)
  to   space 5120K, 0% used [0x00000000e2080000,0x00000000e2080000,0x00000000e2580000)
 ParOldGen       total 87552K, used 0K [0x00000000a0000000, 0x00000000a5580000, 0x00000000e0000000)
  object space 87552K, 0% used [0x00000000a0000000,0x00000000a0000000,0x00000000a5580000)
 Metaspace       used 5775K, capacity 6288K, committed 6528K, reserved 1056768K
  class space    used 729K, capacity 800K, committed 896K, reserved 1048576K
Event: 5.830 GC heap after
Heap after GC invocations=1 (full 0):
 PSYoungGen      total 38400K, used 4005K [0x00000000e0000000, 0x00000000e2a80000, 0x0000000100000000)
  eden space 33280K, 0% used [0x00000000e0000000,0x00000000e0000000,0x00000000e2080000)
  from space 5120K, 78% used [0x00000000e2080000,0x00000000e2469768,0x00000000e2580000)
  to   space 5120K, 0% used [0x00000000e2580000,0x00000000e2580000,0x00000000e2a80000)
 ParOldGen       total 87552K, used 8K [0x00000000a0000000, 0x00000000a5580000, 0x00000000e0000000)
  object space 87552K, 0% used [0x00000000a0000000,0x00000000a0002000,0x00000000a5580000)
 Metaspace       used 5775K, capacity 6288K, committed 6528K, reserved 1056768K
  class space    used 729K, capacity 800K, committed 896K, reserved 1048576K
}
Event: 12.590 GC heap before
{Heap before GC invocations=2 (full 0):
 PSYoungGen      total 38400K, used 37285K [0x00000000e0000000, 0x00000000e2a80000, 0x0000000100000000)
  eden space 33280K, 100% used [0x00000000e0000000,0x00000000e2080000,0x00000000e2080000)
  from space 5120K, 78% used [0x00000000e2080000,0x00000000e2469768,0x00000000e2580000)
  to   space 5120K, 0% used [0x00000000e2580000,0x00000000e2580000,0x00000000e2a80000)
 ParOldGen       total 87552K, used 8K [0x00000000a0000000, 0x00000000a5580000, 0x00000000e0000000)
  object space 87552K, 0% used [0x00000000a0000000,0x00000000a0002000,0x00000000a5580000)
 Metaspace       used 12264K, capacity 12606K, committed 12800K, reserved 1060864K
  class space    used 1635K, capacity 1749K, committed 1792K, reserved 1048576K
Event: 12.596 GC heap after
Heap after GC invocations=2 (full 0):
 PSYoungGen      total 38400K, used 5112K [0x00000000e0000000, 0x00000000e2a80000, 0x0000000100000000)
  eden space 33280K, 0% used [0x00000000e0000000,0x00000000e0000000,0x00000000e2080000)
  from space 5120K, 99% used [0x00000000e2580000,0x00000000e2a7e1d8,0x00000000e2a80000)
  to   space 5120K, 0% used [0x00000000e2080000,0x00000000e2080000,0x00000000e2580000)
 ParOldGen       total 87552K, used 652K [0x00000000a0000000, 0x00000000a5580000, 0x00000000e0000000)
  object space 87552K, 0% used [0x00000000a0000000,0x00000000a00a33c0,0x00000000a5580000)
 Metaspace       used 12264K, capacity 12606K, committed 12800K, reserved 1060864K
  class space    used 1635K, capacity 1749K, committed 1792K, reserved 1048576K
}

Deoptimization events (10 events):
Event: 12.221 Thread 0x00000000190d2800 Uncommon trap: reason=bimorphic action=maybe_recompile pc=0x0000000002e57338 method=java.util.HashMap.putVal(ILjava/lang/Object;Ljava/lang/Object;ZZ)Ljava/lang/Object; @ 91
Event: 12.221 Thread 0x00000000190d2800 Uncommon trap: reason=bimorphic action=maybe_recompile pc=0x0000000002e57338 method=java.util.HashMap.putVal(ILjava/lang/Object;Ljava/lang/Object;ZZ)Ljava/lang/Object; @ 91
Event: 12.221 Thread 0x00000000190d2800 Uncommon trap: reason=bimorphic action=maybe_recompile pc=0x0000000002e57338 method=java.util.HashMap.putVal(ILjava/lang/Object;Ljava/lang/Object;ZZ)Ljava/lang/Object; @ 91
Event: 12.688 Thread 0x00000000190d2800 Uncommon trap: reason=unstable_if action=reinterpret pc=0x0000000002d3f8c8 method=java.net.URI.match(CJJ)Z @ 19
Event: 14.915 Thread 0x00000000190d2800 Uncommon trap: reason=class_check action=maybe_recompile pc=0x0000000002e1cf60 method=java.util.regex.Matcher.match(II)Z @ 86
Event: 14.915 Thread 0x00000000190d2800 Uncommon trap: reason=class_check action=maybe_recompile pc=0x0000000002e1cf60 method=java.util.regex.Matcher.match(II)Z @ 86
Event: 15.009 Thread 0x00000000190d2800 Uncommon trap: reason=class_check action=maybe_recompile pc=0x00000000030bde74 method=org.gradle.internal.service.DefaultServiceRegistry$SingletonService.getService(Lorg/gradle/internal/service/DefaultServiceRegistry$LookupContext;Lorg/gradle/internal/servÉr§÷€.@
Event: 15.009 Thread 0x00000000190d2800 Uncommon trap: reason=class_check action=maybe_recompile pc=0x00000000030bde74 method=org.gradle.internal.service.DefaultServiceRegistry$SingletonService.getService(Lorg/gradle/internal/service/DefaultServiceRegistry$LookupContext;Lorg/gradle/internal/servPñs„.@
Event: 15.009 Thread 0x00000000190d2800 Uncommon trap: reason=class_check action=maybe_recompile pc=0x00000000030bde74 method=org.gradle.internal.service.DefaultServiceRegistry$SingletonService.getService(Lorg/gradle/internal/service/DefaultServiceRegistry$LookupContext;Lorg/gradle/internal/servÂà¦‚‡.@
Event: 15.009 Thread 0x00000000190d2800 Uncommon trap: reason=class_check action=maybe_recompile pc=0x00000000030bde74 method=org.gradle.internal.service.DefaultServiceRegistry$SingletonService.getService(Lorg/gradle/internal/service/DefaultServiceRegistry$LookupContext;Lorg/gradle/internal/servÜ,&ó5q(@

Internal exceptions (10 events):
Event: 14.665 Thread 0x00000000190d2800 Exception <a 'java/lang/ClassNotFoundException': groovy/lang/MetaClassImplCustomizer> (0x00000000e0de7478) thrown at [C:\src\android\AOSP-openjdk\external\jetbrains\jdk\hotspot\src\share\vm\classfile\systemDictionary.cpp, line 210]
Event: 14.668 Thread 0x00000000190d2800 Exception <a 'java/lang/ClassNotFoundException': groovy/lang/ExpandoMetaClassCustomizer> (0x00000000e0e1b120) thrown at [C:\src\android\AOSP-openjdk\external\jetbrains\jdk\hotspot\src\share\vm\classfile\systemDictionary.cpp, line 210]
Event: 14.680 Thread 0x00000000190d2800 Exception <a 'java/lang/ClassNotFoundException': org/gradle/api/internal/plugins/DefaultExtraPropertiesExtensionBeanInfo> (0x00000000e0e9bb00) thrown at [C:\src\android\AOSP-openjdk\external\jetbrains\jdk\hotspot\src\share\vm\classfile\systemDictionary.cppÊøER}\-@
Event: 14.681 Thread 0x00000000190d2800 Exception <a 'java/lang/ClassNotFoundException': groovy/lang/GroovyObjectSupportBeanInfo> (0x00000000e0ea7938) thrown at [C:\src\android\AOSP-openjdk\external\jetbrains\jdk\hotspot\src\share\vm\classfile\systemDictionary.cpp, line 210]
Event: 14.681 Thread 0x00000000190d2800 Exception <a 'java/lang/ClassNotFoundException': groovy/lang/GroovyObjectSupportCustomizer> (0x00000000e0eb3af8) thrown at [C:\src\android\AOSP-openjdk\external\jetbrains\jdk\hotspot\src\share\vm\classfile\systemDictionary.cpp, line 210]
Event: 14.682 Thread 0x00000000190d2800 Exception <a 'java/lang/ClassNotFoundException': org/gradle/api/internal/plugins/DefaultExtraPropertiesExtensionCustomizer> (0x00000000e0ec9f28) thrown at [C:\src\android\AOSP-openjdk\external\jetbrains\jdk\hotspot\src\share\vm\classfile\systemDictionary.cMÇÿv#.@
Event: 15.069 Thread 0x00000000190d2800 Exception <a 'java/lang/NoSuchMethodError': <clinit>> (0x00000000e1b68500) thrown at [C:\src\android\AOSP-openjdk\external\jetbrains\jdk\hotspot\src\share\vm\prims\jni.cpp, line 1591]
Event: 15.070 Thread 0x00000000190d2800 Exception <a 'java/lang/NoSuchMethodError': <clinit>> (0x00000000e1b6acb8) thrown at [C:\src\android\AOSP-openjdk\external\jetbrains\jdk\hotspot\src\share\vm\prims\jni.cpp, line 1591]
Event: 15.072 Thread 0x00000000190d2800 Exception <a 'java/lang/NoSuchMethodError': <clinit>> (0x00000000e1b76f98) thrown at [C:\src\android\AOSP-openjdk\external\jetbrains\jdk\hotspot\src\share\vm\prims\jni.cpp, line 1591]
Event: 15.073 Thread 0x00000000190d2800 Exception <a 'java/lang/NoSuchMethodError': <clinit>> (0x00000000e1b81408) thrown at [C:\src\android\AOSP-openjdk\external\jetbrains\jdk\hotspot\src\share\vm\prims\jni.cpp, line 1591]

Events (10 events):
Event: 15.258 loading class sun/net/www/MimeTable
Event: 15.259 loading class java/net/FileNameMap
Event: 15.259 loading class java/net/FileNameMap done
Event: 15.259 loading class sun/net/www/MimeTable done
Event: 15.259 loading class sun/net/www/MimeTable$1
Event: 15.259 loading class sun/net/www/MimeTable$1 done
Event: 15.259 loading class sun/net/www/MimeTable$DefaultInstanceHolder
Event: 15.259 loading class sun/net/www/MimeTable$DefaultInstanceHolder done
Event: 15.259 loading class sun/net/www/MimeTable$DefaultInstanceHolder$1
Event: 15.259 loading class sun/net/www/MimeTable$DefaultInstanceHolder$1 done


Dynamic libraries:
0x00007ff713860000 - 0x00007ff713891000 	C:\Program Files\Android\Android Studio\jre\bin\java.exe
0x00007ffc78b30000 - 0x00007ffc78cdc000 	C:\Windows\SYSTEM32\ntdll.dll
0x00007ffc778b0000 - 0x00007ffc779ee000 	C:\Windows\system32\KERNEL32.DLL
0x00007ffc75f90000 - 0x00007ffc760a5000 	C:\Windows\system32\KERNELBASE.dll
0x00007ffc77ee0000 - 0x00007ffc77f8a000 	C:\Windows\system32\ADVAPI32.dll
0x00007ffc780b0000 - 0x00007ffc78227000 	C:\Windows\system32\USER32.dll
0x00007ffc73e90000 - 0x00007ffc7410a000 	C:\Windows\WinSxS\amd64_microsoft.windows.common-controls_6595b64144ccf1df_6.0.9600.17810_none_6240b9c7ecbd0bda\COMCTL32.dll
0x00007ffc78000000 - 0x00007ffc780aa000 	C:\Windows\system32\msvcrt.dll
0x00007ffc78230000 - 0x00007ffc78289000 	C:\Windows\SYSTEM32\sechost.dll
0x00007ffc78610000 - 0x00007ffc78751000 	C:\Windows\system32\RPCRT4.dll
0x00007ffc784b0000 - 0x00007ffc785ff000 	C:\Windows\system32\GDI32.dll
0x00007ffc779f0000 - 0x00007ffc77a26000 	C:\Windows\system32\IMM32.DLL
0x00007ffc77a30000 - 0x00007ffc77b82000 	C:\Windows\system32\MSCTF.dll
0x0000000052690000 - 0x0000000052762000 	C:\Program Files\Android\Android Studio\jre\jre\bin\msvcr100.dll
0x0000000052770000 - 0x0000000052fa4000 	C:\Program Files\Android\Android Studio\jre\jre\bin\server\jvm.dll
0x00007ffc6ba70000 - 0x00007ffc6ba79000 	C:\Windows\SYSTEM32\WSOCK32.dll
0x00007ffc731a0000 - 0x00007ffc731c2000 	C:\Windows\SYSTEM32\WINMM.dll
0x00007ffc6f090000 - 0x00007ffc6f09a000 	C:\Windows\SYSTEM32\VERSION.dll
0x00007ffc78600000 - 0x00007ffc78607000 	C:\Windows\system32\PSAPI.DLL
0x00007ffc78820000 - 0x00007ffc7887a000 	C:\Windows\system32\WS2_32.dll
0x00007ffc72fd0000 - 0x00007ffc72ffa000 	C:\Windows\SYSTEM32\WINMMBASE.dll
0x00007ffc76220000 - 0x00007ffc76229000 	C:\Windows\system32\NSI.dll
0x00007ffc76160000 - 0x00007ffc761af000 	C:\Windows\SYSTEM32\cfgmgr32.dll
0x00007ffc74a70000 - 0x00007ffc74a98000 	C:\Windows\SYSTEM32\DEVOBJ.dll
0x00007ffc6e3a0000 - 0x00007ffc6e3af000 	C:\Program Files\Android\Android Studio\jre\jre\bin\verify.dll
0x00007ffc5ab60000 - 0x00007ffc5ab89000 	C:\Program Files\Android\Android Studio\jre\jre\bin\java.dll
0x00007ffc5c150000 - 0x00007ffc5c166000 	C:\Program Files\Android\Android Studio\jre\jre\bin\zip.dll
0x00007ffc76300000 - 0x00007ffc7782b000 	C:\Windows\system32\SHELL32.dll
0x00007ffc78290000 - 0x00007ffc784a1000 	C:\Windows\SYSTEM32\combase.dll
0x00007ffc77850000 - 0x00007ffc778a4000 	C:\Windows\system32\SHLWAPI.dll
0x00007ffc74390000 - 0x00007ffc74442000 	C:\Windows\SYSTEM32\SHCORE.dll
0x00007ffc75c80000 - 0x00007ffc75c95000 	C:\Windows\SYSTEM32\profapi.dll
0x00007ffc5cf10000 - 0x00007ffc5cf2a000 	C:\Program Files\Android\Android Studio\jre\jre\bin\net.dll
0x00007ffc75490000 - 0x00007ffc754e9000 	C:\Windows\system32\mswsock.dll
0x00007ffc58dd0000 - 0x00007ffc58de1000 	C:\Program Files\Android\Android Studio\jre\jre\bin\nio.dll
0x00007ffc4e0f0000 - 0x00007ffc4e102000 	C:\Users\rhezaTesar\.gradle\native\19\windows-amd64\native-platform.dll
0x00007ffc75550000 - 0x00007ffc75570000 	C:\Windows\SYSTEM32\CRYPTSP.dll
0x00007ffc75110000 - 0x00007ffc75146000 	C:\Windows\system32\rsaenh.dll
0x00007ffc757a0000 - 0x00007ffc757c6000 	C:\Windows\SYSTEM32\bcrypt.dll
0x00007ffc75220000 - 0x00007ffc75241000 	C:\Windows\SYSTEM32\USERENV.dll
0x00007ffc75ae0000 - 0x00007ffc75b43000 	C:\Windows\system32\bcryptprimitives.dll
0x00007ffc75b50000 - 0x00007ffc75b5b000 	C:\Windows\SYSTEM32\CRYPTBASE.dll
0x00007ffc6fad0000 - 0x00007ffc6fafa000 	C:\Windows\SYSTEM32\IPHLPAPI.DLL
0x00007ffc6fac0000 - 0x00007ffc6faca000 	C:\Windows\SYSTEM32\WINNSI.DLL
0x00007ffc6eda0000 - 0x00007ffc6edb6000 	C:\Windows\SYSTEM32\dhcpcsvc6.DLL
0x00007ffc6f520000 - 0x00007ffc6f53a000 	C:\Windows\SYSTEM32\dhcpcsvc.DLL
0x00007ffc6aeb0000 - 0x00007ffc6aebd000 	C:\Program Files\Android\Android Studio\jre\jre\bin\management.dll

VM Arguments:
jvm_args: -Xmx1536m -Dfile.encoding=windows-1252 -Duser.country=US -Duser.language=en -Duser.variant 
java_command: org.gradle.launcher.daemon.bootstrap.GradleDaemon 2.14.1
java_class_path (initial): C:\Users\rhezaTesar\.gradle\wrapper\dists\gradle-2.14.1-all\8bnwg5hd3w55iofp58khbp6yv\gradle-2.14.1\lib\gradle-launcher-2.14.1.jar
Launcher Type: SUN_STANDARD

Environment Variables:
PATH=C:\ProgramData\Oracle\Java\javapath;C:\app\DevSuiteHome_1\jdk\jre\bin\classic;C:\app\DevSuiteHome_1\jdk\jre\bin;C:\app\DevSuiteHome_1\jdk\jre\bin\client;C:\app\DevSuiteHome_1\jlib;C:\app\DevSuiteHome_1\bin;C:\app\DevSuiteHome_1\jre\1.4.2\bin\client;C:\app\DevSuiteHome_1\jre\1.4.2\bin;C:\app\rhezaTesar\product\11.2.0\client_1;C:\app\rhezaTesar\product\11.2.0\client_1\bin;C:\Program Files (x86)\Intel\iCLS Client\;C:\Program Files\Intel\iCLS Client\;C:\Windows\system32;C:\Windows;C:\Windows\System32\Wbem;C:\Windows\System32\WindowsPowerShell\v1.0\;C:\Program Files\Intel\Intel(R) Management Engine Components\DAL;C:\Program Files (x86)\Intel\Intel(R) Management Engine Components\DAL;C:\Program Files\Intel\Intel(R) Management Engine Components\IPT;C:\Program Files (x86)\Intel\Intel(R) Management Engine Components\IPT;C:\Program Files\Intel\WiFi\bin\;C:\Program Files\Common Files\Intel\WirelessCommon\;C:\Program Files (x86)\Skype\Phone\;C:\Program Files (x86)\Microsoft SQL Server\90\Tools\binn\;C:\Program Files (x86)\Microsoft SQL Server\100\Tools\Bin;C:\Program Files (x86)\Common Files\SYSTEM\MSMAPI\1033;C:\Program Files\Microsoft SQL Server\120\Tools\Binn\;C:\Program Files\Microsoft SQL Server\Client SDK\ODBC\110\Tools\Binn\;C:\Program Files\Microsoft SQL Server\120\DTS\Binn\;C:\Program Files (x86)\Microsoft SQL Server\120\Tools\Binn\ManagementStudio\;C:\Program Files (x86)\Microsoft SQL Server\120\Tools\Binn\;C:\Program Files (x86)\Microsoft SQL Server\120\DTS\Binn\;C:\Program Files\Git\cmd;C:\Program Files\TortoiseSVN\bin;C:\Program Files (x86)\CrSSL\bin
USERNAME=rhezaTesar
OS=Windows_NT
PROCESSOR_IDENTIFIER=Intel64 Family 6 Model 61 Stepping 4, GenuineIntel



---------------  S Y S T E M  ---------------

OS: Windows 8.1 , 64 bit Build 9600 (6.3.9600.17415)

CPU:total 4 (2 cores per cpu, 2 threads per core) family 6 model 61 stepping 4, cmov, cx8, fxsr, mmx, sse, sse2, sse3, ssse3, sse4.1, sse4.2, popcnt, avx, avx2, aes, clmul, erms, 3dnowpref, lzcnt, ht, tsc, tscinvbit, bmi1, bmi2, adx

Memory: 4k page, physical 8277100k(841220k free), swap 9848940k(6460k free)

vm_info: OpenJDK 64-Bit Server VM (25.76-b03) for windows-amd64 JRE (1.8.0_76-release-b03), built on Jun 29 2016 19:09:20 by "ralucas" with MS VC++ 10.0 (VS2010)

time: Mon Nov 14 19:31:11 2016
elapsed time: 15 seconds (0d 0h 0m 15s)

