#
# There is insufficient memory for the Java Runtime Environment to continue.
# Native memory allocation (malloc) failed to allocate 65552 bytes for Chunk::new
# Possible reasons:
#   The system is out of physical RAM or swap space
#   In 32 bit mode, the process size limit was hit
# Possible solutions:
#   Reduce memory load on the system
#   Increase physical memory or swap space
#   Check if swap backing store is full
#   Use 64 bit Java on a 64 bit OS
#   Decrease Java heap size (-Xmx/-Xms)
#   Decrease number of Java threads
#   Decrease Java thread stack sizes (-Xss)
#   Set larger code cache with -XX:ReservedCodeCacheSize=
# This output file may be truncated or incomplete.
#
#  Out of Memory Error (allocation.cpp:390), pid=9012, tid=0x0000000000001104
#
# JRE version: OpenJDK Runtime Environment (8.0_76-b03) (build 1.8.0_76-release-b03)
# Java VM: OpenJDK 64-Bit Server VM (25.76-b03 mixed mode windows-amd64 compressed oops)
# Failed to write core dump. Minidumps are not enabled by default on client versions of Windows
#

---------------  T H R E A D  ---------------

Current thread (0x0000000014a78000):  JavaThread "C2 CompilerThread0" daemon [_thread_in_native, id=4356, stack(0x00000000161d0000,0x00000000162d0000)]

Stack: [0x00000000161d0000,0x00000000162d0000]
[error occurred during error reporting (printing stack bounds), id 0xc0000005]

Native frames: (J=compiled Java code, j=interpreted, Vv=VM code, C=native code)


Current CompileTask:
C2:   3239 1298   !   4       com.android.dx.cf.cst.ConstantPoolParser::parse0 (731 bytes)


---------------  P R O C E S S  ---------------

Java Threads: ( => current thread )
  0x0000000016757800 JavaThread "pool-1-thread-4" [_thread_blocked, id=10500, stack(0x0000000016ed0000,0x0000000016fd0000)]
  0x0000000016756800 JavaThread "pool-1-thread-3" [_thread_in_vm, id=12008, stack(0x0000000016dd0000,0x0000000016ed0000)]
  0x0000000016742000 JavaThread "pool-1-thread-2" [_thread_blocked, id=5040, stack(0x0000000016cd0000,0x0000000016dd0000)]
  0x0000000016736000 JavaThread "pool-2-thread-1" [_thread_blocked, id=11868, stack(0x0000000016bd0000,0x0000000016cd0000)]
  0x000000001671c800 JavaThread "pool-1-thread-1" [_thread_in_Java, id=5440, stack(0x0000000016ad0000,0x0000000016bd0000)]
  0x00000000164dd800 JavaThread "Service Thread" daemon [_thread_blocked, id=8696, stack(0x00000000168d0000,0x00000000169d0000)]
  0x0000000014ac8800 JavaThread "C1 CompilerThread2" daemon [_thread_in_vm, id=12108, stack(0x00000000163d0000,0x00000000164d0000)]
  0x0000000014ac5800 JavaThread "C2 CompilerThread1" daemon [_thread_in_vm, id=5500, stack(0x00000000162d0000,0x00000000163d0000)]
=>0x0000000014a78000 JavaThread "C2 CompilerThread0" daemon [_thread_in_native, id=4356, stack(0x00000000161d0000,0x00000000162d0000)]
  0x0000000014a76800 JavaThread "Attach Listener" daemon [_thread_blocked, id=10988, stack(0x00000000160d0000,0x00000000161d0000)]
  0x0000000014a75800 JavaThread "Signal Dispatcher" daemon [_thread_blocked, id=12252, stack(0x0000000015fd0000,0x00000000160d0000)]
  0x0000000014a58800 JavaThread "Finalizer" daemon [_thread_blocked, id=11700, stack(0x0000000015cd0000,0x0000000015dd0000)]
  0x0000000002391000 JavaThread "Reference Handler" daemon [_thread_blocked, id=11860, stack(0x0000000015bd0000,0x0000000015cd0000)]
  0x000000000229d800 JavaThread "main" [_thread_blocked, id=12080, stack(0x00000000020c0000,0x00000000021c0000)]

Other Threads:
  0x0000000014a34800 VMThread [stack: 0x0000000015ad0000,0x0000000015bd0000] [id=12256]
  0x00000000164d2000 WatcherThread [stack: 0x00000000169d0000,0x0000000016ad0000] [id=6220]

VM state:not at safepoint (normal execution)

VM Mutex/Monitor currently owned by a thread: None

Heap:
 PSYoungGen      total 38400K, used 6664K [0x00000000eab00000, 0x00000000ed580000, 0x0000000100000000)
  eden space 33280K, 4% used [0x00000000eab00000,0x00000000eac824c0,0x00000000ecb80000)
  from space 5120K, 99% used [0x00000000ecb80000,0x00000000ed07fe58,0x00000000ed080000)
  to   space 5120K, 0% used [0x00000000ed080000,0x00000000ed080000,0x00000000ed580000)
 ParOldGen       total 87552K, used 1405K [0x00000000c0000000, 0x00000000c5580000, 0x00000000eab00000)
  object space 87552K, 1% used [0x00000000c0000000,0x00000000c015f508,0x00000000c5580000)
 Metaspace       used 5894K, capacity 7024K, committed 7296K, reserved 1056768K
  class space    used 565K, capacity 616K, committed 640K, reserved 1048576K

Card table byte_map: [0x0000000011760000,0x0000000011970000] byte_map_base: 0x0000000011160000

Marking Bits: (ParMarkBitMap*) 0x000000006e0f9d00
 Begin Bits: [0x0000000011ed0000, 0x0000000012ed0000)
 End Bits:   [0x0000000012ed0000, 0x0000000013ed0000)

Polling page: 0x00000000021c0000

CodeCache: size=245760Kb used=5539Kb max_used=5545Kb free=240220Kb
 bounds [0x00000000023a0000, 0x0000000002910000, 0x00000000113a0000]
 total_blobs=1561 nmethods=1299 adapters=176
 compilation: enabled

Compilation events (10 events):
Event: 3.227 Thread 0x0000000014a78000 1298   !   4       com.android.dx.cf.cst.ConstantPoolParser::parse0 (731 bytes)
Event: 3.227 Thread 0x0000000014ac5800 1299       4       com.android.dx.rop.cst.StdConstantPool::set (123 bytes)
Event: 3.231 Thread 0x0000000014ac8800 1302       3       com.android.dx.ssa.back.SsaToRop::moveParametersToHighRegisters (88 bytes)
Event: 3.231 Thread 0x0000000014ac5800 nmethod 1299 0x000000000290e050 code [0x000000000290e1c0, 0x000000000290e498]
Event: 3.231 Thread 0x0000000014ac5800 1300       4       com.android.dx.ssa.LiteralOpUpgrader$1::visitNonMoveInsn (203 bytes)
Event: 3.231 Thread 0x0000000014ac8800 nmethod 1302 0x00000000028fe790 code [0x00000000028fe960, 0x00000000028ff238]
Event: 3.235 Thread 0x0000000014ac8800 1303       1       com.android.dx.rop.code.Insn$BaseVisitor::visitThrowingCstInsn (1 bytes)
Event: 3.235 Thread 0x0000000014ac8800 nmethod 1303 0x00000000028fe4d0 code [0x00000000028fe620, 0x00000000028fe730]
Event: 3.236 Thread 0x0000000014ac8800 1305       3       java.util.concurrent.locks.AbstractQueuedSynchronizer::setState (6 bytes)
Event: 3.236 Thread 0x0000000014ac8800 nmethod 1305 0x00000000028fe1d0 code [0x00000000028fe320, 0x00000000028fe470]

GC Heap History (2 events):
Event: 2.883 GC heap before
{Heap before GC invocations=1 (full 0):
 PSYoungGen      total 38400K, used 33280K [0x00000000eab00000, 0x00000000ed580000, 0x0000000100000000)
  eden space 33280K, 100% used [0x00000000eab00000,0x00000000ecb80000,0x00000000ecb80000)
  from space 5120K, 0% used [0x00000000ed080000,0x00000000ed080000,0x00000000ed580000)
  to   space 5120K, 0% used [0x00000000ecb80000,0x00000000ecb80000,0x00000000ed080000)
 ParOldGen       total 87552K, used 0K [0x00000000c0000000, 0x00000000c5580000, 0x00000000eab00000)
  object space 87552K, 0% used [0x00000000c0000000,0x00000000c0000000,0x00000000c5580000)
 Metaspace       used 5887K, capacity 7024K, committed 7296K, reserved 1056768K
  class space    used 565K, capacity 616K, committed 640K, reserved 1048576K
Event: 3.226 GC heap after
Heap after GC invocations=1 (full 0):
 PSYoungGen      total 38400K, used 5119K [0x00000000eab00000, 0x00000000ed580000, 0x0000000100000000)
  eden space 33280K, 0% used [0x00000000eab00000,0x00000000eab00000,0x00000000ecb80000)
  from space 5120K, 99% used [0x00000000ecb80000,0x00000000ed07fe58,0x00000000ed080000)
  to   space 5120K, 0% used [0x00000000ed080000,0x00000000ed080000,0x00000000ed580000)
 ParOldGen       total 87552K, used 1405K [0x00000000c0000000, 0x00000000c5580000, 0x00000000eab00000)
  object space 87552K, 1% used [0x00000000c0000000,0x00000000c015f508,0x00000000c5580000)
 Metaspace       used 5887K, capacity 7024K, committed 7296K, reserved 1056768K
  class space    used 565K, capacity 616K, committed 640K, reserved 1048576K
}

Deoptimization events (10 events):
Event: 0.472 Thread 0x000000000229d800 Uncommon trap: reason=unstable_if action=reinterpret pc=0x00000000024de7d0 method=java.lang.String.indexOf(II)I @ 49
Event: 1.226 Thread 0x000000000229d800 Uncommon trap: reason=unstable_if action=reinterpret pc=0x00000000025b49b0 method=java.util.BitSet.nextSetBit(I)I @ 87
Event: 1.505 Thread 0x0000000016756800 Uncommon trap: reason=bimorphic action=maybe_recompile pc=0x00000000025c0824 method=java.util.HashMap.getNode(ILjava/lang/Object;)Ljava/util/HashMap$Node; @ 126
Event: 1.954 Thread 0x0000000016756800 Uncommon trap: reason=unstable_if action=reinterpret pc=0x00000000026fd61c method=com.android.dx.rop.cst.Constant.compareTo(Lcom/android/dx/rop/cst/Constant;)I @ 12
Event: 2.382 Thread 0x0000000016756800 Uncommon trap: reason=unstable_if action=reinterpret pc=0x00000000028d4088 method=com.android.dx.ssa.SCCP.simulateStmt(Lcom/android/dx/ssa/SsaInsn;)V @ 53
Event: 2.876 Thread 0x0000000016756800 Uncommon trap: reason=unstable_if action=reinterpret pc=0x00000000026d5b04 method=com.android.dx.rop.code.RegisterSpec.equals(ILcom/android/dx/rop/type/TypeBearer;Lcom/android/dx/rop/code/LocalItem;)Z @ 42
Event: 3.234 Thread 0x0000000016757800 Uncommon trap: reason=bimorphic action=maybe_recompile pc=0x00000000028b5f24 method=com.android.dx.cf.code.BytecodeArray.parseInstruction(ILcom/android/dx/cf/code/BytecodeArray$Visitor;)I @ 907
Event: 3.234 Thread 0x0000000016757800 Uncommon trap: reason=bimorphic action=maybe_recompile pc=0x00000000028b4628 method=com.android.dx.cf.code.BytecodeArray.parseInstruction(ILcom/android/dx/cf/code/BytecodeArray$Visitor;)I @ 1224
Event: 3.234 Thread 0x0000000016757800 Uncommon trap: reason=bimorphic action=maybe_recompile pc=0x00000000028b5ea4 method=com.android.dx.cf.code.BytecodeArray.parseInstruction(ILcom/android/dx/cf/code/BytecodeArray$Visitor;)I @ 923
Event: 3.234 Thread 0x0000000016757800 Uncommon trap: reason=bimorphic action=maybe_recompile pc=0x00000000028b4628 method=com.android.dx.cf.code.BytecodeArray.parseInstruction(ILcom/android/dx/cf/code/BytecodeArray$Visitor;)I @ 1224

Internal exceptions (2 events):
Event: 0.048 Thread 0x000000000229d800 Exception <a 'java/lang/NoSuchMethodError': Method sun.misc.Unsafe.defineClass(Ljava/lang/String;[BII)Ljava/lang/Class; name or signature does not match> (0x00000000eab07cc0) thrown at [C:\src\android\AOSP-openjdk\external\jetbrains\jdk\hotspot\src\share\v°?ø£¨?
Event: 0.048 Thread 0x000000000229d800 Exception <a 'java/lang/NoSuchMethodError': Method sun.misc.Unsafe.prefetchRead(Ljava/lang/Object;J)V name or signature does not match> (0x00000000eab07fa8) thrown at [C:\src\android\AOSP-openjdk\external\jetbrains\jdk\hotspot\src\share\vm\prims\jni.cpp, l

Events (10 events):
Event: 3.234 Thread 0x0000000016757800 DEOPT UNPACKING pc=0x00000000023e556a sp=0x0000000016fce518 mode 2
Event: 3.234 Thread 0x0000000016757800 Uncommon trap: trap_request=0xffffffc6 fr.pc=0x00000000028b4628
Event: 3.234 Thread 0x0000000016757800 DEOPT PACKING pc=0x00000000028b4628 sp=0x0000000016fce590
Event: 3.234 Thread 0x0000000016757800 DEOPT UNPACKING pc=0x00000000023e556a sp=0x0000000016fce518 mode 2
Event: 3.234 Thread 0x0000000016757800 Uncommon trap: trap_request=0xffffffc6 fr.pc=0x00000000028b5ea4
Event: 3.234 Thread 0x0000000016757800 DEOPT PACKING pc=0x00000000028b5ea4 sp=0x0000000016fce590
Event: 3.234 Thread 0x0000000016757800 DEOPT UNPACKING pc=0x00000000023e556a sp=0x0000000016fce518 mode 2
Event: 3.234 Thread 0x0000000016757800 Uncommon trap: trap_request=0xffffffc6 fr.pc=0x00000000028b4628
Event: 3.234 Thread 0x0000000016757800 DEOPT PACKING pc=0x00000000028b4628 sp=0x0000000016fce590
Event: 3.234 Thread 0x0000000016757800 DEOPT UNPACKING pc=0x00000000023e556a sp=0x0000000016fce518 mode 2


Dynamic libraries:
0x00007ff70ea90000 - 0x00007ff70eac1000 	C:\Program Files\Android\Android Studio\jre\bin\java.exe
0x00007ffa5eba0000 - 0x00007ffa5ed4c000 	C:\Windows\SYSTEM32\ntdll.dll
0x00007ffa5c660000 - 0x00007ffa5c79e000 	C:\Windows\system32\KERNEL32.DLL
0x00007ffa5bed0000 - 0x00007ffa5bfe5000 	C:\Windows\system32\KERNELBASE.dll
0x00007ffa5e900000 - 0x00007ffa5e9aa000 	C:\Windows\system32\ADVAPI32.dll
0x00007ffa5ca20000 - 0x00007ffa5cb97000 	C:\Windows\system32\USER32.dll
0x00007ffa593c0000 - 0x00007ffa5963a000 	C:\Windows\WinSxS\amd64_microsoft.windows.common-controls_6595b64144ccf1df_6.0.9600.17810_none_6240b9c7ecbd0bda\COMCTL32.dll
0x00007ffa5c220000 - 0x00007ffa5c2ca000 	C:\Windows\system32\msvcrt.dll
0x00007ffa5cd50000 - 0x00007ffa5cda9000 	C:\Windows\SYSTEM32\sechost.dll
0x00007ffa5d060000 - 0x00007ffa5d1a1000 	C:\Windows\system32\RPCRT4.dll
0x00007ffa5e7a0000 - 0x00007ffa5e8ef000 	C:\Windows\system32\GDI32.dll
0x00007ffa5c810000 - 0x00007ffa5c846000 	C:\Windows\system32\IMM32.DLL
0x00007ffa5c8c0000 - 0x00007ffa5ca12000 	C:\Windows\system32\MSCTF.dll
0x000000006e6f0000 - 0x000000006e7c2000 	C:\Program Files\Android\Android Studio\jre\jre\bin\msvcr100.dll
0x000000006d940000 - 0x000000006e174000 	C:\Program Files\Android\Android Studio\jre\jre\bin\server\jvm.dll
0x00007ffa51770000 - 0x00007ffa51779000 	C:\Windows\SYSTEM32\WSOCK32.dll
0x00007ffa57460000 - 0x00007ffa57482000 	C:\Windows\SYSTEM32\WINMM.dll
0x00007ffa56a90000 - 0x00007ffa56a9a000 	C:\Windows\SYSTEM32\VERSION.dll
0x00007ffa5c800000 - 0x00007ffa5c807000 	C:\Windows\system32\PSAPI.DLL
0x00007ffa5c850000 - 0x00007ffa5c8aa000 	C:\Windows\system32\WS2_32.dll
0x00007ffa57430000 - 0x00007ffa5745a000 	C:\Windows\SYSTEM32\WINMMBASE.dll
0x00007ffa5e9b0000 - 0x00007ffa5e9b9000 	C:\Windows\system32\NSI.dll
0x00007ffa5c1d0000 - 0x00007ffa5c21f000 	C:\Windows\SYSTEM32\cfgmgr32.dll
0x00007ffa5ab00000 - 0x00007ffa5ab28000 	C:\Windows\SYSTEM32\DEVOBJ.dll
0x00007ffa33b00000 - 0x00007ffa33b0f000 	C:\Program Files\Android\Android Studio\jre\jre\bin\verify.dll
0x00007ffa33ad0000 - 0x00007ffa33af9000 	C:\Program Files\Android\Android Studio\jre\jre\bin\java.dll
0x00007ffa33ab0000 - 0x00007ffa33ac6000 	C:\Program Files\Android\Android Studio\jre\jre\bin\zip.dll
0x00007ffa5d270000 - 0x00007ffa5e79b000 	C:\Windows\system32\SHELL32.dll
0x00007ffa5cdd0000 - 0x00007ffa5cfe1000 	C:\Windows\SYSTEM32\combase.dll
0x00007ffa5c2d0000 - 0x00007ffa5c324000 	C:\Windows\system32\SHLWAPI.dll
0x00007ffa5a2c0000 - 0x00007ffa5a372000 	C:\Windows\SYSTEM32\SHCORE.dll
0x00007ffa5bcf0000 - 0x00007ffa5bd05000 	C:\Windows\SYSTEM32\profapi.dll

VM Arguments:
jvm_args: -Djava.awt.headless=true -Xmx1024M -Dfile.encoding=windows-1252 -Duser.country=US -Duser.language=en -Duser.variant 
java_command: com.android.dx.command.Main --dex --num-threads=4 --output D:\Android\AndroidStudio\KalbecallPlanMobile\app\build\intermediates\pre-dexed\debug\com.android.support-support-core-ui-24.2.1_db11ec101c55c6bf1f3e7ba08c640d19ec154e57.jar D:\Android\AndroidStudio\KalbecallPlanMobile\app\build\intermediates\exploded-aar\com.android.support\support-core-ui\24.2.1\jars\classes.jar
java_class_path (initial): D:\Android\AndroidSDK\build-tools\24.0.1\lib\dx.jar
Launcher Type: SUN_STANDARD

Environment Variables:
PATH=C:\ProgramData\Oracle\Java\javapath;C:\app\DevSuiteHome_1\jdk\jre\bin\classic;C:\app\DevSuiteHome_1\jdk\jre\bin;C:\app\DevSuiteHome_1\jdk\jre\bin\client;C:\app\DevSuiteHome_1\jlib;C:\app\DevSuiteHome_1\bin;C:\app\DevSuiteHome_1\jre\1.4.2\bin\client;C:\app\DevSuiteHome_1\jre\1.4.2\bin;C:\app\rhezaTesar\product\11.2.0\client_1;C:\app\rhezaTesar\product\11.2.0\client_1\bin;C:\Program Files (x86)\Intel\iCLS Client\;C:\Program Files\Intel\iCLS Client\;C:\Windows\system32;C:\Windows;C:\Windows\System32\Wbem;C:\Windows\System32\WindowsPowerShell\v1.0\;C:\Program Files\Intel\Intel(R) Management Engine Components\DAL;C:\Program Files (x86)\Intel\Intel(R) Management Engine Components\DAL;C:\Program Files\Intel\Intel(R) Management Engine Components\IPT;C:\Program Files (x86)\Intel\Intel(R) Management Engine Components\IPT;C:\Program Files\Intel\WiFi\bin\;C:\Program Files\Common Files\Intel\WirelessCommon\;C:\Program Files (x86)\Skype\Phone\;C:\Program Files (x86)\Microsoft SQL Server\90\Tools\binn\;C:\Program Files (x86)\Microsoft SQL Server\100\Tools\Bin;C:\Program Files (x86)\Common Files\SYSTEM\MSMAPI\1033;C:\Program Files\Microsoft SQL Server\120\Tools\Binn\;C:\Program Files\Microsoft SQL Server\Client SDK\ODBC\110\Tools\Binn\;C:\Program Files\Microsoft SQL Server\120\DTS\Binn\;C:\Program Files (x86)\Microsoft SQL Server\120\Tools\Binn\ManagementStudio\;C:\Program Files (x86)\Microsoft SQL Server\120\Tools\Binn\;C:\Program Files (x86)\Microsoft SQL Server\120\DTS\Binn\;C:\Program Files\Git\cmd;C:\Program Files\TortoiseSVN\bin;
USERNAME=rhezaTesar
OS=Windows_NT
PROCESSOR_IDENTIFIER=Intel64 Family 6 Model 61 Stepping 4, GenuineIntel



---------------  S Y S T E M  ---------------

OS: Windows 8.1 , 64 bit Build 9600 (6.3.9600.17415)

CPU:total 4 (2 cores per cpu, 2 threads per core) family 6 model 61 stepping 4, cmov, cx8, fxsr, mmx, sse, sse2, sse3, ssse3, sse4.1, sse4.2, popcnt, avx, avx2, aes, clmul, erms, 3dnowpref, lzcnt, ht, tsc, tscinvbit, bmi1, bmi2, adx

Memory: 4k page, physical 8277100k(1141912k free), swap 9848940k(5100k free)

vm_info: OpenJDK 64-Bit Server VM (25.76-b03) for windows-amd64 JRE (1.8.0_76-release-b03), built on Jun 29 2016 19:09:20 by "ralucas" with MS VC++ 10.0 (VS2010)

time: Mon Mar 20 14:50:04 2017
elapsed time: 3 seconds (0d 0h 0m 3s)

