#
# There is insufficient memory for the Java Runtime Environment to continue.
# Native memory allocation (malloc) failed to allocate 108176 bytes for Chunk::new
# Possible reasons:
#   The system is out of physical RAM or swap space
#   In 32 bit mode, the process size limit was hit
# Possible solutions:
#   Reduce memory load on the system
#   Increase physical memory or swap space
#   Check if swap backing store is full
#   Use 64 bit Java on a 64 bit OS
#   Decrease Java heap size (-Xmx/-Xms)
#   Decrease number of Java threads
#   Decrease Java thread stack sizes (-Xss)
#   Set larger code cache with -XX:ReservedCodeCacheSize=
# This output file may be truncated or incomplete.
#
#  Out of Memory Error (allocation.cpp:390), pid=8944, tid=0x00000000000032dc
#
# JRE version: OpenJDK Runtime Environment (8.0_76-b03) (build 1.8.0_76-release-b03)
# Java VM: OpenJDK 64-Bit Server VM (25.76-b03 mixed mode windows-amd64 compressed oops)
# Failed to write core dump. Minidumps are not enabled by default on client versions of Windows
#

---------------  T H R E A D  ---------------

Current thread (0x000000001496a000):  JavaThread "C2 CompilerThread0" daemon [_thread_in_native, id=13020, stack(0x00000000160b0000,0x00000000161b0000)]

Stack: [0x00000000160b0000,0x00000000161b0000]
[error occurred during error reporting (printing stack bounds), id 0xc0000005]

Native frames: (J=compiled Java code, j=interpreted, Vv=VM code, C=native code)


Current CompileTask:
C2:   1355  593       4       com.android.dx.ssa.NormalSsaInsn::accept (25 bytes)


---------------  P R O C E S S  ---------------

Java Threads: ( => current thread )
  0x0000000016612800 JavaThread "pool-1-thread-3" [_thread_in_vm, id=8256, stack(0x0000000016cb0000,0x0000000016db0000)]
  0x0000000016607000 JavaThread "pool-1-thread-2" [_thread_in_Java, id=13928, stack(0x0000000016bb0000,0x0000000016cb0000)]
  0x0000000016509800 JavaThread "pool-2-thread-1" [_thread_blocked, id=4264, stack(0x0000000016ab0000,0x0000000016bb0000)]
  0x00000000163be800 JavaThread "Service Thread" daemon [_thread_blocked, id=13700, stack(0x00000000167b0000,0x00000000168b0000)]
  0x00000000149be000 JavaThread "C1 CompilerThread2" daemon [_thread_blocked, id=7204, stack(0x00000000162b0000,0x00000000163b0000)]
  0x0000000014964000 JavaThread "C2 CompilerThread1" daemon [_thread_in_native, id=11888, stack(0x00000000161b0000,0x00000000162b0000)]
=>0x000000001496a000 JavaThread "C2 CompilerThread0" daemon [_thread_in_native, id=13020, stack(0x00000000160b0000,0x00000000161b0000)]
  0x0000000014968800 JavaThread "Attach Listener" daemon [_thread_blocked, id=11056, stack(0x0000000015fb0000,0x00000000160b0000)]
  0x0000000014967000 JavaThread "Signal Dispatcher" daemon [_thread_blocked, id=9696, stack(0x0000000015eb0000,0x0000000015fb0000)]
  0x0000000014948800 JavaThread "Finalizer" daemon [_thread_blocked, id=12784, stack(0x0000000015bb0000,0x0000000015cb0000)]
  0x0000000002281000 JavaThread "Reference Handler" daemon [_thread_blocked, id=6204, stack(0x0000000015ab0000,0x0000000015bb0000)]
  0x000000000218d800 JavaThread "main" [_thread_blocked, id=5252, stack(0x0000000002020000,0x0000000002120000)]

Other Threads:
  0x0000000014925800 VMThread [stack: 0x00000000159b0000,0x0000000015ab0000] [id=10428]
  0x00000000163b4000 WatcherThread [stack: 0x00000000168b0000,0x00000000169b0000] [id=13104]

VM state:not at safepoint (normal execution)

VM Mutex/Monitor currently owned by a thread: None

Heap:
 PSYoungGen      total 38400K, used 13652K [0x00000000eab00000, 0x00000000ed580000, 0x0000000100000000)
  eden space 33280K, 41% used [0x00000000eab00000,0x00000000eb8553b8,0x00000000ecb80000)
  from space 5120K, 0% used [0x00000000ed080000,0x00000000ed080000,0x00000000ed580000)
  to   space 5120K, 0% used [0x00000000ecb80000,0x00000000ecb80000,0x00000000ed080000)
 ParOldGen       total 87552K, used 0K [0x00000000c0000000, 0x00000000c5580000, 0x00000000eab00000)
  object space 87552K, 0% used [0x00000000c0000000,0x00000000c0000000,0x00000000c5580000)
 Metaspace       used 5561K, capacity 6640K, committed 6784K, reserved 1056768K
  class space    used 569K, capacity 616K, committed 640K, reserved 1048576K

Card table byte_map: [0x0000000011650000,0x0000000011860000] byte_map_base: 0x0000000011050000

Marking Bits: (ParMarkBitMap*) 0x000000006f429d00
 Begin Bits: [0x0000000011dc0000, 0x0000000012dc0000)
 End Bits:   [0x0000000012dc0000, 0x0000000013dc0000)

Polling page: 0x0000000000830000

CodeCache: size=245760Kb used=3022Kb max_used=3024Kb free=242737Kb
 bounds [0x0000000002290000, 0x0000000002590000, 0x0000000011290000]
 total_blobs=946 nmethods=679 adapters=181
 compilation: enabled

Compilation events (10 events):
Event: 1.274 Thread 0x00000000149be000  672   !   3       com.android.dx.rop.code.LocalVariableInfo::getStarts0 (18 bytes)
Event: 1.274 Thread 0x00000000149be000 nmethod 672 0x0000000002574590 code [0x0000000002574700, 0x0000000002574968]
Event: 1.274 Thread 0x00000000149be000  675       3       com.android.dx.cf.code.ByteBlockList::set (7 bytes)
Event: 1.274 Thread 0x00000000149be000 nmethod 675 0x0000000002578390 code [0x0000000002578500, 0x0000000002578688]
Event: 1.274 Thread 0x00000000149be000  668       3       com.android.dx.cf.code.Simulator$SimVisitor::visitLocal (329 bytes)
Event: 1.277 Thread 0x00000000149be000 nmethod 668 0x000000000257d7d0 code [0x000000000257dc00, 0x0000000002580898]
Event: 1.277 Thread 0x00000000149be000  665       3       com.android.dx.cf.code.BasicBlocker::visitLocal (34 bytes)
Event: 1.277 Thread 0x00000000149be000 nmethod 665 0x00000000025775d0 code [0x0000000002577780, 0x0000000002577da8]
Event: 1.277 Thread 0x00000000149be000  671       3       com.android.dx.rop.code.PlainInsn::withNewRegisters (18 bytes)
Event: 1.278 Thread 0x00000000149be000 nmethod 671 0x0000000002577050 code [0x00000000025771c0, 0x00000000025774e8]

GC Heap History (0 events):
No events

Deoptimization events (3 events):
Event: 0.486 Thread 0x000000000218d800 Uncommon trap: reason=unstable_if action=reinterpret pc=0x00000000023e1894 method=java.lang.String.indexOf(II)I @ 49
Event: 0.996 Thread 0x0000000016612800 Uncommon trap: reason=unstable_if action=reinterpret pc=0x00000000024af738 method=com.android.dx.cf.code.Ropper.labelToResultIndex(I)I @ 34
Event: 1.190 Thread 0x0000000016612800 Uncommon trap: reason=unstable_if action=reinterpret pc=0x00000000025122bc method=java.util.HashMap.getNode(ILjava/lang/Object;)Ljava/util/HashMap$Node; @ 116

Internal exceptions (2 events):
Event: 0.082 Thread 0x000000000218d800 Exception <a 'java/lang/NoSuchMethodError': Method sun.misc.Unsafe.defineClass(Ljava/lang/String;[BII)Ljava/lang/Class; name or signature does not match> (0x00000000eab07cc0) thrown at [C:\src\android\AOSP-openjdk\external\jetbrains\jdk\hotspot\src\share\v+¾`¸µ?
Event: 0.082 Thread 0x000000000218d800 Exception <a 'java/lang/NoSuchMethodError': Method sun.misc.Unsafe.prefetchRead(Ljava/lang/Object;J)V name or signature does not match> (0x00000000eab07fa8) thrown at [C:\src\android\AOSP-openjdk\external\jetbrains\jdk\hotspot\src\share\vm\prims\jni.cpp, l

Events (10 events):
Event: 1.215 loading class java/io/PrintWriter
Event: 1.215 loading class java/io/PrintWriter done
Event: 1.215 loading class com/android/dx/rop/annotation/AnnotationsList
Event: 1.215 loading class com/android/dx/rop/annotation/AnnotationsList done
Event: 1.216 loading class com/android/dx/dex/file/MethodIdItem
Event: 1.216 loading class com/android/dx/dex/file/MethodIdItem done
Event: 1.224 Thread 0x0000000016508800 Thread exited: 0x0000000016508800
Event: 1.242 Thread 0x000000001661b800 Thread exited: 0x000000001661b800
Event: 1.259 loading class com/android/dx/ssa/back/FirstFitLocalCombiningAllocator$Multiset
Event: 1.259 loading class com/android/dx/ssa/back/FirstFitLocalCombiningAllocator$Multiset done


Dynamic libraries:
0x00007ff6722a0000 - 0x00007ff6722d1000 	C:\Program Files\Android\Android Studio\jre\bin\java.exe
0x00007ffd08d40000 - 0x00007ffd08eec000 	C:\Windows\SYSTEM32\ntdll.dll
0x00007ffd064b0000 - 0x00007ffd065ee000 	C:\Windows\system32\KERNEL32.DLL
0x00007ffd06250000 - 0x00007ffd06365000 	C:\Windows\system32\KERNELBASE.dll
0x00007ffd06650000 - 0x00007ffd066fa000 	C:\Windows\system32\ADVAPI32.dll
0x00007ffd06d00000 - 0x00007ffd06e77000 	C:\Windows\system32\USER32.dll
0x00007ffd040b0000 - 0x00007ffd0432a000 	C:\Windows\WinSxS\amd64_microsoft.windows.common-controls_6595b64144ccf1df_6.0.9600.17810_none_6240b9c7ecbd0bda\COMCTL32.dll
0x00007ffd06710000 - 0x00007ffd067ba000 	C:\Windows\system32\msvcrt.dll
0x00007ffd063e0000 - 0x00007ffd06439000 	C:\Windows\SYSTEM32\sechost.dll
0x00007ffd06f60000 - 0x00007ffd070a1000 	C:\Windows\system32\RPCRT4.dll
0x00007ffd07400000 - 0x00007ffd0754f000 	C:\Windows\system32\GDI32.dll
0x00007ffd06c00000 - 0x00007ffd06c36000 	C:\Windows\system32\IMM32.DLL
0x00007ffd06aa0000 - 0x00007ffd06bf2000 	C:\Windows\system32\MSCTF.dll
0x000000006eb90000 - 0x000000006ec62000 	C:\Program Files\Android\Android Studio\jre\jre\bin\msvcr100.dll
0x000000006ec70000 - 0x000000006f4a4000 	C:\Program Files\Android\Android Studio\jre\jre\bin\server\jvm.dll
0x00007ffcfbf90000 - 0x00007ffcfbf99000 	C:\Windows\SYSTEM32\WSOCK32.dll
0x00007ffd00c60000 - 0x00007ffd00c82000 	C:\Windows\SYSTEM32\WINMM.dll
0x00007ffcff5f0000 - 0x00007ffcff5fa000 	C:\Windows\SYSTEM32\VERSION.dll
0x00007ffd06700000 - 0x00007ffd06707000 	C:\Windows\system32\PSAPI.DLL
0x00007ffd065f0000 - 0x00007ffd0664a000 	C:\Windows\system32\WS2_32.dll
0x00007ffd00c30000 - 0x00007ffd00c5a000 	C:\Windows\SYSTEM32\WINMMBASE.dll
0x00007ffd06f50000 - 0x00007ffd06f59000 	C:\Windows\system32\NSI.dll
0x00007ffd06370000 - 0x00007ffd063bf000 	C:\Windows\SYSTEM32\cfgmgr32.dll
0x00007ffd04c80000 - 0x00007ffd04ca8000 	C:\Windows\SYSTEM32\DEVOBJ.dll
0x00007ffcedae0000 - 0x00007ffcedaef000 	C:\Program Files\Android\Android Studio\jre\jre\bin\verify.dll
0x00007ffcda110000 - 0x00007ffcda139000 	C:\Program Files\Android\Android Studio\jre\jre\bin\java.dll
0x00007ffce05e0000 - 0x00007ffce05f6000 	C:\Program Files\Android\Android Studio\jre\jre\bin\zip.dll
0x00007ffd07740000 - 0x00007ffd08c6b000 	C:\Windows\system32\SHELL32.dll
0x00007ffd067c0000 - 0x00007ffd069d1000 	C:\Windows\SYSTEM32\combase.dll
0x00007ffd06ef0000 - 0x00007ffd06f44000 	C:\Windows\system32\SHLWAPI.dll
0x00007ffd04530000 - 0x00007ffd045e2000 	C:\Windows\SYSTEM32\SHCORE.dll
0x00007ffd05e90000 - 0x00007ffd05ea5000 	C:\Windows\SYSTEM32\profapi.dll

VM Arguments:
jvm_args: -Djava.awt.headless=true -Xmx1024M -Dfile.encoding=windows-1252 -Duser.country=US -Duser.language=en -Duser.variant 
java_command: com.android.dx.command.Main --dex --num-threads=4 --output D:\Android\AndroidStudio\KalbecallPlanMobile\app\build\intermediates\pre-dexed\debug\com.android.support.constraint-constraint-layout-1.0.0-alpha6_d276cc3bed8c3f64190571af0e59536d62ff99b8.jar D:\Android\AndroidStudio\KalbecallPlanMobile\app\build\intermediates\exploded-aar\com.android.support.constraint\constraint-layout\1.0.0-alpha6\jars\classes.jar
java_class_path (initial): D:\Android\AndroidSDK\build-tools\24.0.1\lib\dx.jar
Launcher Type: SUN_STANDARD

Environment Variables:
PATH=C:\ProgramData\Oracle\Java\javapath;C:\app\DevSuiteHome_1\jdk\jre\bin\classic;C:\app\DevSuiteHome_1\jdk\jre\bin;C:\app\DevSuiteHome_1\jdk\jre\bin\client;C:\app\DevSuiteHome_1\jlib;C:\app\DevSuiteHome_1\bin;C:\app\DevSuiteHome_1\jre\1.4.2\bin\client;C:\app\DevSuiteHome_1\jre\1.4.2\bin;C:\app\rhezaTesar\product\11.2.0\client_1;C:\app\rhezaTesar\product\11.2.0\client_1\bin;C:\Program Files (x86)\Intel\iCLS Client\;C:\Program Files\Intel\iCLS Client\;C:\Windows\system32;C:\Windows;C:\Windows\System32\Wbem;C:\Windows\System32\WindowsPowerShell\v1.0\;C:\Program Files\Intel\Intel(R) Management Engine Components\DAL;C:\Program Files (x86)\Intel\Intel(R) Management Engine Components\DAL;C:\Program Files\Intel\Intel(R) Management Engine Components\IPT;C:\Program Files (x86)\Intel\Intel(R) Management Engine Components\IPT;C:\Program Files\Intel\WiFi\bin\;C:\Program Files\Common Files\Intel\WirelessCommon\;C:\Program Files (x86)\Skype\Phone\;C:\Program Files (x86)\Microsoft SQL Server\90\Tools\binn\;C:\Program Files (x86)\Microsoft SQL Server\100\Tools\Bin;C:\Program Files (x86)\Common Files\SYSTEM\MSMAPI\1033;C:\Program Files\Microsoft SQL Server\120\Tools\Binn\;C:\Program Files\Microsoft SQL Server\Client SDK\ODBC\110\Tools\Binn\;C:\Program Files\Microsoft SQL Server\120\DTS\Binn\;C:\Program Files (x86)\Microsoft SQL Server\120\Tools\Binn\ManagementStudio\;C:\Program Files (x86)\Microsoft SQL Server\120\Tools\Binn\;C:\Program Files (x86)\Microsoft SQL Server\120\DTS\Binn\;C:\Program Files\Git\cmd;C:\Program Files\TortoiseSVN\bin;C:\Program Files (x86)\CrSSL\bin
USERNAME=rhezaTesar
OS=Windows_NT
PROCESSOR_IDENTIFIER=Intel64 Family 6 Model 61 Stepping 4, GenuineIntel



---------------  S Y S T E M  ---------------

OS: Windows 8.1 , 64 bit Build 9600 (6.3.9600.17415)

CPU:total 4 (2 cores per cpu, 2 threads per core) family 6 model 61 stepping 4, cmov, cx8, fxsr, mmx, sse, sse2, sse3, ssse3, sse4.1, sse4.2, popcnt, avx, avx2, aes, clmul, erms, 3dnowpref, lzcnt, ht, tsc, tscinvbit, bmi1, bmi2, adx

Memory: 4k page, physical 8277100k(1259472k free), swap 9848940k(5232k free)

vm_info: OpenJDK 64-Bit Server VM (25.76-b03) for windows-amd64 JRE (1.8.0_76-release-b03), built on Jun 29 2016 19:09:20 by "ralucas" with MS VC++ 10.0 (VS2010)

time: Thu Sep 08 13:42:16 2016
elapsed time: 1 seconds (0d 0h 0m 1s)

