#
# There is insufficient memory for the Java Runtime Environment to continue.
# Native memory allocation (malloc) failed to allocate 131088 bytes for Chunk::new
# Possible reasons:
#   The system is out of physical RAM or swap space
#   In 32 bit mode, the process size limit was hit
# Possible solutions:
#   Reduce memory load on the system
#   Increase physical memory or swap space
#   Check if swap backing store is full
#   Use 64 bit Java on a 64 bit OS
#   Decrease Java heap size (-Xmx/-Xms)
#   Decrease number of Java threads
#   Decrease Java thread stack sizes (-Xss)
#   Set larger code cache with -XX:ReservedCodeCacheSize=
# This output file may be truncated or incomplete.
#
#  Out of Memory Error (allocation.cpp:390), pid=9420, tid=0x0000000000001714
#
# JRE version: OpenJDK Runtime Environment (8.0_76-b03) (build 1.8.0_76-release-b03)
# Java VM: OpenJDK 64-Bit Server VM (25.76-b03 mixed mode windows-amd64 compressed oops)
# Failed to write core dump. Minidumps are not enabled by default on client versions of Windows
#

---------------  T H R E A D  ---------------

Current thread (0x0000000014a88800):  JavaThread "C2 CompilerThread0" daemon [_thread_in_native, id=5908, stack(0x00000000161d0000,0x00000000162d0000)]

Stack: [0x00000000161d0000,0x00000000162d0000]
[error occurred during error reporting (printing stack bounds), id 0xc0000005]

Native frames: (J=compiled Java code, j=interpreted, Vv=VM code, C=native code)


Current CompileTask:
C2:   6513 1539       4       com.android.dx.ssa.SCCP::simulateBranch (666 bytes)


---------------  P R O C E S S  ---------------

Java Threads: ( => current thread )
  0x00000000167ba000 JavaThread "pool-1-thread-4" [_thread_blocked, id=12060, stack(0x0000000016ed0000,0x0000000016fd0000)]
  0x00000000167cf000 JavaThread "pool-1-thread-3" [_thread_blocked, id=13256, stack(0x0000000016dd0000,0x0000000016ed0000)]
  0x0000000016740000 JavaThread "pool-1-thread-2" [_thread_blocked, id=4396, stack(0x0000000016cd0000,0x0000000016dd0000)]
  0x000000001673f800 JavaThread "pool-2-thread-1" [_thread_blocked, id=11536, stack(0x0000000016bd0000,0x0000000016cd0000)]
  0x0000000016743000 JavaThread "pool-1-thread-1" [_thread_blocked, id=11232, stack(0x0000000016ad0000,0x0000000016bd0000)]
  0x00000000164dc000 JavaThread "Service Thread" daemon [_thread_blocked, id=10496, stack(0x00000000168d0000,0x00000000169d0000)]
  0x0000000014add000 JavaThread "C1 CompilerThread2" daemon [_thread_blocked, id=10320, stack(0x00000000163d0000,0x00000000164d0000)]
  0x0000000014a8c000 JavaThread "C2 CompilerThread1" daemon [_thread_blocked, id=14088, stack(0x00000000162d0000,0x00000000163d0000)]
=>0x0000000014a88800 JavaThread "C2 CompilerThread0" daemon [_thread_in_native, id=5908, stack(0x00000000161d0000,0x00000000162d0000)]
  0x0000000014a87800 JavaThread "Attach Listener" daemon [_thread_blocked, id=13408, stack(0x00000000160d0000,0x00000000161d0000)]
  0x0000000014a86000 JavaThread "Signal Dispatcher" daemon [_thread_blocked, id=6532, stack(0x0000000015fd0000,0x00000000160d0000)]
  0x0000000014a68800 JavaThread "Finalizer" daemon [_thread_blocked, id=14064, stack(0x0000000015cd0000,0x0000000015dd0000)]
  0x00000000023a1000 JavaThread "Reference Handler" daemon [_thread_blocked, id=2228, stack(0x0000000015bd0000,0x0000000015cd0000)]
  0x00000000022ad800 JavaThread "main" [_thread_in_Java, id=13888, stack(0x0000000002120000,0x0000000002220000)]

Other Threads:
  0x0000000014a44800 VMThread [stack: 0x0000000015ad0000,0x0000000015bd0000] [id=10664]
  0x00000000164dc800 WatcherThread [stack: 0x00000000169d0000,0x0000000016ad0000] [id=13528]

VM state:not at safepoint (normal execution)

VM Mutex/Monitor currently owned by a thread:  ([mutex/lock_event])
[0x00000000022ad400] Heap_lock - owner thread: 0x00000000167cf000

Heap:
 PSYoungGen      total 38400K, used 5113K [0x00000000eab00000, 0x00000000ed580000, 0x0000000100000000)
  eden space 33280K, 0% used [0x00000000eab00000,0x00000000eab00018,0x00000000ecb80000)
  from space 5120K, 99% used [0x00000000ed080000,0x00000000ed57e4e8,0x00000000ed580000)
  to   space 5120K, 0% used [0x00000000ecb80000,0x00000000ecb80000,0x00000000ed080000)
 ParOldGen       total 87552K, used 4487K [0x00000000c0000000, 0x00000000c5580000, 0x00000000eab00000)
  object space 87552K, 5% used [0x00000000c0000000,0x00000000c0461d48,0x00000000c5580000)
 Metaspace       used 6091K, capacity 7024K, committed 7296K, reserved 1056768K
  class space    used 570K, capacity 616K, committed 640K, reserved 1048576K

Card table byte_map: [0x0000000011770000,0x0000000011980000] byte_map_base: 0x0000000011170000

Marking Bits: (ParMarkBitMap*) 0x0000000057bb9d00
 Begin Bits: [0x0000000011ee0000, 0x0000000012ee0000)
 End Bits:   [0x0000000012ee0000, 0x0000000013ee0000)

Polling page: 0x00000000020c0000

CodeCache: size=245760Kb used=6598Kb max_used=6624Kb free=239161Kb
 bounds [0x00000000023b0000, 0x0000000002a40000, 0x00000000113b0000]
 total_blobs=1808 nmethods=1541 adapters=181
 compilation: enabled

Compilation events (10 events):
Event: 6.339 Thread 0x0000000014a8c000 nmethod 1540 0x0000000002936b90 code [0x0000000002936cc0, 0x0000000002936d58]
Event: 6.342 Thread 0x0000000014a8c000 1541       4       com.android.dx.cf.code.Ropper::addOrReplaceBlock (66 bytes)
Event: 6.360 Thread 0x0000000014a8c000 nmethod 1541 0x0000000002a027d0 code [0x0000000002a02960, 0x0000000002a03278]
Event: 6.360 Thread 0x0000000014a8c000 1542       4       com.android.dx.cf.code.RopperMachine::startBlock (48 bytes)
Event: 6.362 Thread 0x0000000014a8c000 nmethod 1542 0x00000000029f2bd0 code [0x00000000029f2d00, 0x00000000029f2e38]
Event: 6.362 Thread 0x0000000014a8c000 1543       4       java.util.ArrayList::clear (39 bytes)
Event: 6.364 Thread 0x0000000014a8c000 nmethod 1543 0x00000000029eeed0 code [0x00000000029ef000, 0x00000000029ef0d8]
Event: 6.364 Thread 0x0000000014a8c000 1544   !   4       com.android.dx.cf.code.Simulator::simulate (74 bytes)
Event: 6.369 Thread 0x0000000014a8c000 nmethod 1544 0x00000000029fc510 code [0x00000000029fc680, 0x00000000029fc838]
Event: 6.369 Thread 0x0000000014a8c000 1546   !   4       com.android.dx.cf.code.Ropper::processBlock (1101 bytes)

GC Heap History (4 events):
Event: 3.035 GC heap before
{Heap before GC invocations=1 (full 0):
 PSYoungGen      total 38400K, used 33280K [0x00000000eab00000, 0x00000000ed580000, 0x0000000100000000)
  eden space 33280K, 100% used [0x00000000eab00000,0x00000000ecb80000,0x00000000ecb80000)
  from space 5120K, 0% used [0x00000000ed080000,0x00000000ed080000,0x00000000ed580000)
  to   space 5120K, 0% used [0x00000000ecb80000,0x00000000ecb80000,0x00000000ed080000)
 ParOldGen       total 87552K, used 0K [0x00000000c0000000, 0x00000000c5580000, 0x00000000eab00000)
  object space 87552K, 0% used [0x00000000c0000000,0x00000000c0000000,0x00000000c5580000)
 Metaspace       used 5956K, capacity 6960K, committed 7040K, reserved 1056768K
  class space    used 569K, capacity 616K, committed 640K, reserved 1048576K
Event: 3.696 GC heap after
Heap after GC invocations=1 (full 0):
 PSYoungGen      total 38400K, used 5113K [0x00000000eab00000, 0x00000000ed580000, 0x0000000100000000)
  eden space 33280K, 0% used [0x00000000eab00000,0x00000000eab00000,0x00000000ecb80000)
  from space 5120K, 99% used [0x00000000ecb80000,0x00000000ed07e480,0x00000000ed080000)
  to   space 5120K, 0% used [0x00000000ed080000,0x00000000ed080000,0x00000000ed580000)
 ParOldGen       total 87552K, used 905K [0x00000000c0000000, 0x00000000c5580000, 0x00000000eab00000)
  object space 87552K, 1% used [0x00000000c0000000,0x00000000c00e2530,0x00000000c5580000)
 Metaspace       used 5956K, capacity 6960K, committed 7040K, reserved 1056768K
  class space    used 569K, capacity 616K, committed 640K, reserved 1048576K
}
Event: 6.370 GC heap before
{Heap before GC invocations=2 (full 0):
 PSYoungGen      total 38400K, used 38393K [0x00000000eab00000, 0x00000000ed580000, 0x0000000100000000)
  eden space 33280K, 100% used [0x00000000eab00000,0x00000000ecb80000,0x00000000ecb80000)
  from space 5120K, 99% used [0x00000000ecb80000,0x00000000ed07e480,0x00000000ed080000)
  to   space 5120K, 0% used [0x00000000ed080000,0x00000000ed080000,0x00000000ed580000)
 ParOldGen       total 87552K, used 905K [0x00000000c0000000, 0x00000000c5580000, 0x00000000eab00000)
  object space 87552K, 1% used [0x00000000c0000000,0x00000000c00e2530,0x00000000c5580000)
 Metaspace       used 6091K, capacity 7024K, committed 7296K, reserved 1056768K
  class space    used 570K, capacity 616K, committed 640K, reserved 1048576K
Event: 6.511 GC heap after
Heap after GC invocations=2 (full 0):
 PSYoungGen      total 38400K, used 5113K [0x00000000eab00000, 0x00000000ed580000, 0x0000000100000000)
  eden space 33280K, 0% used [0x00000000eab00000,0x00000000eab00000,0x00000000ecb80000)
  from space 5120K, 99% used [0x00000000ed080000,0x00000000ed57e4e8,0x00000000ed580000)
  to   space 5120K, 0% used [0x00000000ecb80000,0x00000000ecb80000,0x00000000ed080000)
 ParOldGen       total 87552K, used 4487K [0x00000000c0000000, 0x00000000c5580000, 0x00000000eab00000)
  object space 87552K, 5% used [0x00000000c0000000,0x00000000c0461d48,0x00000000c5580000)
 Metaspace       used 6091K, capacity 7024K, committed 7296K, reserved 1056768K
  class space    used 570K, capacity 616K, committed 640K, reserved 1048576K
}

Deoptimization events (6 events):
Event: 0.455 Thread 0x00000000022ad800 Uncommon trap: reason=unstable_if action=reinterpret pc=0x00000000024f1410 method=java.lang.String.indexOf(II)I @ 49
Event: 1.451 Thread 0x00000000167ba000 Uncommon trap: reason=unstable_if action=reinterpret pc=0x00000000025c7e08 method=java.util.HashMap.getNode(ILjava/lang/Object;)Ljava/util/HashMap$Node; @ 129
Event: 1.547 Thread 0x00000000022ad800 Uncommon trap: reason=unstable_if action=reinterpret pc=0x00000000025cd5b0 method=java.util.BitSet.nextSetBit(I)I @ 87
Event: 2.410 Thread 0x00000000167ba000 Uncommon trap: reason=unstable_if action=reinterpret pc=0x0000000002772f1c method=com.android.dx.ssa.SsaMethod.onSourcesChanged(Lcom/android/dx/ssa/SsaInsn;Lcom/android/dx/rop/code/RegisterSpecList;)V @ 4
Event: 4.618 Thread 0x00000000167cf000 Uncommon trap: reason=unstable_if action=reinterpret pc=0x0000000002900fb4 method=com.android.dx.ssa.SCCP.simulateBranch(Lcom/android/dx/ssa/SsaInsn;)V @ 64
Event: 4.619 Thread 0x00000000167cf000 Uncommon trap: reason=unstable_if action=reinterpret pc=0x000000000278e21c method=com.android.dx.ssa.SsaMethod.updateOneDefinition(Lcom/android/dx/ssa/SsaInsn;Lcom/android/dx/rop/code/RegisterSpec;)V @ 4

Internal exceptions (2 events):
Event: 0.037 Thread 0x00000000022ad800 Exception <a 'java/lang/NoSuchMethodError': Method sun.misc.Unsafe.defineClass(Ljava/lang/String;[BII)Ljava/lang/Class; name or signature does not match> (0x00000000eab07cc0) thrown at [C:\src\android\AOSP-openjdk\external\jetbrains\jdk\hotspot\src\share\vsf„m»6£?
Event: 0.038 Thread 0x00000000022ad800 Exception <a 'java/lang/NoSuchMethodError': Method sun.misc.Unsafe.prefetchRead(Ljava/lang/Object;J)V name or signature does not match> (0x00000000eab07fa8) thrown at [C:\src\android\AOSP-openjdk\external\jetbrains\jdk\hotspot\src\share\vm\prims\jni.cpp, l

Events (10 events):
Event: 4.618 Thread 0x00000000167cf000 Uncommon trap: trap_request=0xffffff65 fr.pc=0x0000000002900fb4
Event: 4.618 Thread 0x00000000167cf000 DEOPT PACKING pc=0x0000000002900fb4 sp=0x0000000016ece8c0
Event: 4.618 Thread 0x00000000167cf000 DEOPT UNPACKING pc=0x00000000023f556a sp=0x0000000016ece870 mode 2
Event: 4.618 loading class com/android/dx/rop/code/RegOps
Event: 4.618 loading class com/android/dx/rop/code/RegOps done
Event: 4.619 Thread 0x00000000167cf000 Uncommon trap: trap_request=0xffffff65 fr.pc=0x000000000278e21c
Event: 4.619 Thread 0x00000000167cf000 DEOPT PACKING pc=0x000000000278e21c sp=0x0000000016ece720
Event: 4.619 Thread 0x00000000167cf000 DEOPT UNPACKING pc=0x00000000023f556a sp=0x0000000016ece6c8 mode 2
Event: 6.370 Executing VM operation: ParallelGCFailedAllocation
Event: 6.511 Executing VM operation: ParallelGCFailedAllocation done


Dynamic libraries:
0x00007ff70b6f0000 - 0x00007ff70b721000 	C:\Program Files\Android\Android Studio\jre\bin\java.exe
0x00007ffae1960000 - 0x00007ffae1b0c000 	C:\Windows\SYSTEM32\ntdll.dll
0x00007ffae1610000 - 0x00007ffae174e000 	C:\Windows\system32\KERNEL32.DLL
0x00007ffadee70000 - 0x00007ffadef85000 	C:\Windows\system32\KERNELBASE.dll
0x00007ffae13c0000 - 0x00007ffae146a000 	C:\Windows\system32\ADVAPI32.dll
0x00007ffadf440000 - 0x00007ffadf5b7000 	C:\Windows\system32\USER32.dll
0x00007ffadc260000 - 0x00007ffadc4da000 	C:\Windows\WinSxS\amd64_microsoft.windows.common-controls_6595b64144ccf1df_6.0.9600.17810_none_6240b9c7ecbd0bda\COMCTL32.dll
0x00007ffae12b0000 - 0x00007ffae135a000 	C:\Windows\system32\msvcrt.dll
0x00007ffadf140000 - 0x00007ffadf199000 	C:\Windows\SYSTEM32\sechost.dll
0x00007ffae17a0000 - 0x00007ffae18e1000 	C:\Windows\system32\RPCRT4.dll
0x00007ffadf5c0000 - 0x00007ffadf70f000 	C:\Windows\system32\GDI32.dll
0x00007ffae1760000 - 0x00007ffae1796000 	C:\Windows\system32\IMM32.DLL
0x00007ffadefe0000 - 0x00007ffadf132000 	C:\Windows\system32\MSCTF.dll
0x0000000057fe0000 - 0x00000000580b2000 	C:\Program Files\Android\Android Studio\jre\jre\bin\msvcr100.dll
0x0000000057400000 - 0x0000000057c34000 	C:\Program Files\Android\Android Studio\jre\jre\bin\server\jvm.dll
0x00007ffad49c0000 - 0x00007ffad49c9000 	C:\Windows\SYSTEM32\WSOCK32.dll
0x00007ffad91f0000 - 0x00007ffad9212000 	C:\Windows\SYSTEM32\WINMM.dll
0x00007ffad7ad0000 - 0x00007ffad7ada000 	C:\Windows\SYSTEM32\VERSION.dll
0x00007ffadf370000 - 0x00007ffadf377000 	C:\Windows\system32\PSAPI.DLL
0x00007ffadfb10000 - 0x00007ffadfb6a000 	C:\Windows\system32\WS2_32.dll
0x00007ffad91c0000 - 0x00007ffad91ea000 	C:\Windows\SYSTEM32\WINMMBASE.dll
0x00007ffae18f0000 - 0x00007ffae18f9000 	C:\Windows\system32\NSI.dll
0x00007ffadef90000 - 0x00007ffadefdf000 	C:\Windows\SYSTEM32\cfgmgr32.dll
0x00007ffadd8a0000 - 0x00007ffadd8c8000 	C:\Windows\SYSTEM32\DEVOBJ.dll
0x00007ffac4860000 - 0x00007ffac486f000 	C:\Program Files\Android\Android Studio\jre\jre\bin\verify.dll
0x00007ffac00e0000 - 0x00007ffac0109000 	C:\Program Files\Android\Android Studio\jre\jre\bin\java.dll
0x00007ffac00c0000 - 0x00007ffac00d6000 	C:\Program Files\Android\Android Studio\jre\jre\bin\zip.dll
0x00007ffadfcb0000 - 0x00007ffae11db000 	C:\Windows\system32\SHELL32.dll
0x00007ffadf710000 - 0x00007ffadf921000 	C:\Windows\SYSTEM32\combase.dll
0x00007ffae1900000 - 0x00007ffae1954000 	C:\Windows\system32\SHLWAPI.dll
0x00007ffadd150000 - 0x00007ffadd202000 	C:\Windows\SYSTEM32\SHCORE.dll
0x00007ffadeab0000 - 0x00007ffadeac5000 	C:\Windows\SYSTEM32\profapi.dll

VM Arguments:
jvm_args: -Djava.awt.headless=true -Xmx1024M -Dfile.encoding=windows-1252 -Duser.country=US -Duser.language=en -Duser.variant 
java_command: com.android.dx.command.Main --dex --num-threads=4 --output D:\Android\AndroidStudio\KalbecallPlanMobile\app\build\intermediates\pre-dexed\debug\com.google.android.gms-play-services-maps-9.0.2_d3f2b485b12615b52abd76bbe7801162e70d24e6.jar D:\Android\AndroidStudio\KalbecallPlanMobile\app\build\intermediates\exploded-aar\com.google.android.gms\play-services-maps\9.0.2\jars\classes.jar
java_class_path (initial): D:\Android\AndroidSDK\build-tools\24.0.1\lib\dx.jar
Launcher Type: SUN_STANDARD

Environment Variables:
PATH=C:\ProgramData\Oracle\Java\javapath;C:\app\DevSuiteHome_1\jdk\jre\bin\classic;C:\app\DevSuiteHome_1\jdk\jre\bin;C:\app\DevSuiteHome_1\jdk\jre\bin\client;C:\app\DevSuiteHome_1\jlib;C:\app\DevSuiteHome_1\bin;C:\app\DevSuiteHome_1\jre\1.4.2\bin\client;C:\app\DevSuiteHome_1\jre\1.4.2\bin;C:\app\rhezaTesar\product\11.2.0\client_1;C:\app\rhezaTesar\product\11.2.0\client_1\bin;C:\Program Files (x86)\Intel\iCLS Client\;C:\Program Files\Intel\iCLS Client\;C:\Windows\system32;C:\Windows;C:\Windows\System32\Wbem;C:\Windows\System32\WindowsPowerShell\v1.0\;C:\Program Files\Intel\Intel(R) Management Engine Components\DAL;C:\Program Files (x86)\Intel\Intel(R) Management Engine Components\DAL;C:\Program Files\Intel\Intel(R) Management Engine Components\IPT;C:\Program Files (x86)\Intel\Intel(R) Management Engine Components\IPT;C:\Program Files\Intel\WiFi\bin\;C:\Program Files\Common Files\Intel\WirelessCommon\;C:\Program Files (x86)\Skype\Phone\;C:\Program Files (x86)\Microsoft SQL Server\90\Tools\binn\;C:\Program Files (x86)\Microsoft SQL Server\100\Tools\Bin;C:\Program Files (x86)\Common Files\SYSTEM\MSMAPI\1033;C:\Program Files\Microsoft SQL Server\120\Tools\Binn\;C:\Program Files\Microsoft SQL Server\Client SDK\ODBC\110\Tools\Binn\;C:\Program Files\Microsoft SQL Server\120\DTS\Binn\;C:\Program Files (x86)\Microsoft SQL Server\120\Tools\Binn\ManagementStudio\;C:\Program Files (x86)\Microsoft SQL Server\120\Tools\Binn\;C:\Program Files (x86)\Microsoft SQL Server\120\DTS\Binn\;C:\Program Files\Git\cmd;C:\Program Files\TortoiseSVN\bin;C:\Program Files (x86)\CrSSL\bin
USERNAME=rhezaTesar
OS=Windows_NT
PROCESSOR_IDENTIFIER=Intel64 Family 6 Model 61 Stepping 4, GenuineIntel



---------------  S Y S T E M  ---------------

OS: Windows 8.1 , 64 bit Build 9600 (6.3.9600.17415)

CPU:total 4 (2 cores per cpu, 2 threads per core) family 6 model 61 stepping 4, cmov, cx8, fxsr, mmx, sse, sse2, sse3, ssse3, sse4.1, sse4.2, popcnt, avx, avx2, aes, clmul, erms, 3dnowpref, lzcnt, ht, tsc, tscinvbit, bmi1, bmi2, adx

Memory: 4k page, physical 8277100k(1224520k free), swap 9848940k(4860k free)

vm_info: OpenJDK 64-Bit Server VM (25.76-b03) for windows-amd64 JRE (1.8.0_76-release-b03), built on Jun 29 2016 19:09:20 by "ralucas" with MS VC++ 10.0 (VS2010)

time: Thu Dec 29 13:48:43 2016
elapsed time: 6 seconds (0d 0h 0m 6s)

