#
# There is insufficient memory for the Java Runtime Environment to continue.
# Native memory allocation (malloc) failed to allocate 32744 bytes for ChunkPool::allocate
# Possible reasons:
#   The system is out of physical RAM or swap space
#   In 32 bit mode, the process size limit was hit
# Possible solutions:
#   Reduce memory load on the system
#   Increase physical memory or swap space
#   Check if swap backing store is full
#   Use 64 bit Java on a 64 bit OS
#   Decrease Java heap size (-Xmx/-Xms)
#   Decrease number of Java threads
#   Decrease Java thread stack sizes (-Xss)
#   Set larger code cache with -XX:ReservedCodeCacheSize=
# This output file may be truncated or incomplete.
#
#  Out of Memory Error (allocation.cpp:273), pid=11328, tid=0x0000000000001078
#
# JRE version: OpenJDK Runtime Environment (8.0_76-b03) (build 1.8.0_76-release-b03)
# Java VM: OpenJDK 64-Bit Server VM (25.76-b03 mixed mode windows-amd64 compressed oops)
# Failed to write core dump. Minidumps are not enabled by default on client versions of Windows
#

---------------  T H R E A D  ---------------

Current thread (0x000000001516c000):  JavaThread "C1 CompilerThread2" daemon [_thread_in_native, id=4216, stack(0x0000000016a70000,0x0000000016b70000)]

Stack: [0x0000000016a70000,0x0000000016b70000]
[error occurred during error reporting (printing stack bounds), id 0xc0000005]

Native frames: (J=compiled Java code, j=interpreted, Vv=VM code, C=native code)


Current CompileTask:
C1:   2179  255   !   3      
[error occurred during error reporting (printing current compile task), id 0xe0000001]


---------------  P R O C E S S  ---------------

Java Threads: ( => current thread )
  0x0000000016dc2800 JavaThread "pool-1-thread-4" [_thread_in_vm, id=2960, stack(0x0000000017570000,0x0000000017670000)]
  0x0000000016dc2000 JavaThread "pool-1-thread-3" [_thread_in_vm, id=1296, stack(0x0000000017470000,0x0000000017570000)]
  0x0000000016dbf000 JavaThread "pool-1-thread-2" [_thread_in_vm, id=14312, stack(0x0000000017370000,0x0000000017470000)]
  0x0000000016cb9000 JavaThread "pool-2-thread-1" [_thread_blocked, id=8396, stack(0x0000000017270000,0x0000000017370000)]
  0x0000000016cb5800 JavaThread "pool-1-thread-1" [_thread_new, id=7584, stack(0x0000000017270000,0x0000000017270000)]
  0x0000000016b7c000 JavaThread "Service Thread" daemon [_thread_blocked, id=13148, stack(0x0000000016f70000,0x0000000017070000)]
=>0x000000001516c000 JavaThread "C1 CompilerThread2" daemon [_thread_in_native, id=4216, stack(0x0000000016a70000,0x0000000016b70000)]
  0x0000000015165800 JavaThread "C2 CompilerThread1" daemon [_thread_in_native, id=14276, stack(0x0000000016970000,0x0000000016a70000)]
  0x0000000015118000 JavaThread "C2 CompilerThread0" daemon [_thread_blocked, id=5040, stack(0x0000000016870000,0x0000000016970000)]
  0x0000000015116800 JavaThread "Attach Listener" daemon [_thread_blocked, id=4552, stack(0x0000000016770000,0x0000000016870000)]
  0x0000000015115000 JavaThread "Signal Dispatcher" daemon [_thread_blocked, id=6236, stack(0x0000000016670000,0x0000000016770000)]
  0x00000000150f8800 JavaThread "Finalizer" daemon [_thread_blocked, id=9836, stack(0x0000000016370000,0x0000000016470000)]
  0x0000000002a31000 JavaThread "Reference Handler" daemon [_thread_blocked, id=14216, stack(0x0000000016270000,0x0000000016370000)]
  0x000000000293d800 JavaThread "main" [_thread_blocked, id=12040, stack(0x00000000027c0000,0x00000000028c0000)]

Other Threads:
  0x00000000150d5800 VMThread [stack: 0x0000000016170000,0x0000000016270000] [id=11652]
  0x0000000016b72000 WatcherThread [stack: 0x0000000017070000,0x0000000017170000] [id=10592]

VM state:not at safepoint (normal execution)

VM Mutex/Monitor currently owned by a thread: None

Heap:
 PSYoungGen      total 38400K, used 8055K [0x00000000eab00000, 0x00000000ed580000, 0x0000000100000000)
  eden space 33280K, 24% used [0x00000000eab00000,0x00000000eb2ddd60,0x00000000ecb80000)
  from space 5120K, 0% used [0x00000000ed080000,0x00000000ed080000,0x00000000ed580000)
  to   space 5120K, 0% used [0x00000000ecb80000,0x00000000ecb80000,0x00000000ed080000)
 ParOldGen       total 87552K, used 0K [0x00000000c0000000, 0x00000000c5580000, 0x00000000eab00000)
  object space 87552K, 0% used [0x00000000c0000000,0x00000000c0000000,0x00000000c5580000)
 Metaspace       used 4509K, capacity 5712K, committed 6016K, reserved 1056768K
  class space    used 481K, capacity 520K, committed 640K, reserved 1048576K

Card table byte_map: [0x0000000011e00000,0x0000000012010000] byte_map_base: 0x0000000011800000

Marking Bits: (ParMarkBitMap*) 0x000000006f429d00
 Begin Bits: [0x0000000012570000, 0x0000000013570000)
 End Bits:   [0x0000000013570000, 0x0000000014570000)

Polling page: 0x0000000000f60000

CodeCache: size=245760Kb used=1632Kb max_used=1644Kb free=244127Kb
 bounds [0x0000000002a40000, 0x0000000002cb0000, 0x0000000011a40000]
 total_blobs=518 nmethods=255 adapters=177
 compilation: enabled

Compilation events (10 events):
Event: 2.160 Thread 0x000000001516c000 nmethod 251 0x0000000002bd7550 code [0x0000000002bd76e0, 0x0000000002bd7ab0]
Event: 2.160 Thread 0x000000001516c000  252       3       com.android.dx.util.Bits::findFirst (61 bytes)
Event: 2.161 Thread 0x000000001516c000 nmethod 252 0x0000000002bd7dd0 code [0x0000000002bd7f60, 0x0000000002bd8308]
Event: 2.161 Thread 0x000000001516c000  255   !   3       com.android.dx.cf.code.BytecodeArray::parseInstruction (2764 bytes)
Event: 2.162 Thread 0x0000000015118000  262       4       com.android.dx.util.Bits::set (19 bytes)
Event: 2.162 Thread 0x0000000015118000 nmethod 262 0x0000000002bdb150 code [0x0000000002bdb280, 0x0000000002bdb318]
Event: 2.167 Thread 0x0000000015165800  274   !   4       com.android.dx.util.FixedSizeList::get0 (47 bytes)
Event: 2.168 Thread 0x0000000015165800 nmethod 274 0x0000000002bd9990 code [0x0000000002bd9ac0, 0x0000000002bd9b78]
Event: 2.172 Thread 0x0000000015118000  279       4       java.util.ArrayList::get (11 bytes)
Event: 2.173 Thread 0x0000000015118000 nmethod 279 0x0000000002bd9690 code [0x0000000002bd97c0, 0x0000000002bd9878]

GC Heap History (0 events):
No events

Deoptimization events (0 events):
No events

Internal exceptions (2 events):
Event: 0.692 Thread 0x000000000293d800 Exception <a 'java/lang/NoSuchMethodError': Method sun.misc.Unsafe.defineClass(Ljava/lang/String;[BII)Ljava/lang/Class; name or signature does not match> (0x00000000eab07cc0) thrown at [C:\src\android\AOSP-openjdk\external\jetbrains\jdk\hotspot\src\share\vn”Ãûñ'æ?
Event: 0.692 Thread 0x000000000293d800 Exception <a 'java/lang/NoSuchMethodError': Method sun.misc.Unsafe.prefetchRead(Ljava/lang/Object;J)V name or signature does not match> (0x00000000eab07fa8) thrown at [C:\src\android\AOSP-openjdk\external\jetbrains\jdk\hotspot\src\share\vm\prims\jni.cpp, l

Events (10 events):
Event: 2.146 loading class com/android/dx/rop/code/BasicBlockList
Event: 2.146 loading class com/android/dx/rop/code/BasicBlockList done
Event: 2.152 loading class com/android/dx/rop/code/Insn$Visitor
Event: 2.154 loading class com/android/dx/rop/code/Insn$Visitor done
Event: 2.155 loading class com/android/dx/rop/code/RopMethod
Event: 2.155 loading class com/android/dx/rop/code/RopMethod done
Event: 2.158 loading class com/android/dx/ssa/Optimizer
Event: 2.158 loading class com/android/dx/ssa/Optimizer done
Event: 2.159 loading class com/android/dx/ssa/Optimizer$OptionalStep
Event: 2.159 loading class com/android/dx/ssa/Optimizer$OptionalStep done


Dynamic libraries:
0x00007ff6722a0000 - 0x00007ff6722d1000 	C:\Program Files\Android\Android Studio\jre\bin\java.exe
0x00007ffd08d40000 - 0x00007ffd08eec000 	C:\Windows\SYSTEM32\ntdll.dll
0x00007ffd064b0000 - 0x00007ffd065ee000 	C:\Windows\system32\KERNEL32.DLL
0x00007ffd06250000 - 0x00007ffd06365000 	C:\Windows\system32\KERNELBASE.dll
0x00007ffd06650000 - 0x00007ffd066fa000 	C:\Windows\system32\ADVAPI32.dll
0x00007ffd06d00000 - 0x00007ffd06e77000 	C:\Windows\system32\USER32.dll
0x00007ffd040b0000 - 0x00007ffd0432a000 	C:\Windows\WinSxS\amd64_microsoft.windows.common-controls_6595b64144ccf1df_6.0.9600.17810_none_6240b9c7ecbd0bda\COMCTL32.dll
0x00007ffd06710000 - 0x00007ffd067ba000 	C:\Windows\system32\msvcrt.dll
0x00007ffd063e0000 - 0x00007ffd06439000 	C:\Windows\SYSTEM32\sechost.dll
0x00007ffd06f60000 - 0x00007ffd070a1000 	C:\Windows\system32\RPCRT4.dll
0x00007ffd07400000 - 0x00007ffd0754f000 	C:\Windows\system32\GDI32.dll
0x00007ffd06c00000 - 0x00007ffd06c36000 	C:\Windows\system32\IMM32.DLL
0x00007ffd06aa0000 - 0x00007ffd06bf2000 	C:\Windows\system32\MSCTF.dll
0x000000006eb90000 - 0x000000006ec62000 	C:\Program Files\Android\Android Studio\jre\jre\bin\msvcr100.dll
0x000000006ec70000 - 0x000000006f4a4000 	C:\Program Files\Android\Android Studio\jre\jre\bin\server\jvm.dll
0x00007ffcfbf90000 - 0x00007ffcfbf99000 	C:\Windows\SYSTEM32\WSOCK32.dll
0x00007ffd00c60000 - 0x00007ffd00c82000 	C:\Windows\SYSTEM32\WINMM.dll
0x00007ffcff5f0000 - 0x00007ffcff5fa000 	C:\Windows\SYSTEM32\VERSION.dll
0x00007ffd06700000 - 0x00007ffd06707000 	C:\Windows\system32\PSAPI.DLL
0x00007ffd065f0000 - 0x00007ffd0664a000 	C:\Windows\system32\WS2_32.dll
0x00007ffd00c30000 - 0x00007ffd00c5a000 	C:\Windows\SYSTEM32\WINMMBASE.dll
0x00007ffd06f50000 - 0x00007ffd06f59000 	C:\Windows\system32\NSI.dll
0x00007ffd06370000 - 0x00007ffd063bf000 	C:\Windows\SYSTEM32\cfgmgr32.dll
0x00007ffd04c80000 - 0x00007ffd04ca8000 	C:\Windows\SYSTEM32\DEVOBJ.dll
0x00007ffcedae0000 - 0x00007ffcedaef000 	C:\Program Files\Android\Android Studio\jre\jre\bin\verify.dll
0x00007ffcda110000 - 0x00007ffcda139000 	C:\Program Files\Android\Android Studio\jre\jre\bin\java.dll
0x00007ffce05e0000 - 0x00007ffce05f6000 	C:\Program Files\Android\Android Studio\jre\jre\bin\zip.dll
0x00007ffd07740000 - 0x00007ffd08c6b000 	C:\Windows\system32\SHELL32.dll
0x00007ffd067c0000 - 0x00007ffd069d1000 	C:\Windows\SYSTEM32\combase.dll
0x00007ffd06ef0000 - 0x00007ffd06f44000 	C:\Windows\system32\SHLWAPI.dll
0x00007ffd04530000 - 0x00007ffd045e2000 	C:\Windows\SYSTEM32\SHCORE.dll
0x00007ffd05e90000 - 0x00007ffd05ea5000 	C:\Windows\SYSTEM32\profapi.dll

VM Arguments:
jvm_args: -Djava.awt.headless=true -Xmx1024M -Dfile.encoding=windows-1252 -Duser.country=US -Duser.language=en -Duser.variant 
java_command: com.android.dx.command.Main --dex --num-threads=4 --output D:\Android\AndroidStudio\KalbecallPlanMobile\app\build\intermediates\pre-dexed\debug\com.android.support.constraint-constraint-layout-1.0.0-alpha6_d276cc3bed8c3f64190571af0e59536d62ff99b8.jar D:\Android\AndroidStudio\KalbecallPlanMobile\app\build\intermediates\exploded-aar\com.android.support.constraint\constraint-layout\1.0.0-alpha6\jars\classes.jar
java_class_path (initial): D:\Android\AndroidSDK\build-tools\24.0.1\lib\dx.jar
Launcher Type: SUN_STANDARD

Environment Variables:
PATH=C:\ProgramData\Oracle\Java\javapath;C:\app\DevSuiteHome_1\jdk\jre\bin\classic;C:\app\DevSuiteHome_1\jdk\jre\bin;C:\app\DevSuiteHome_1\jdk\jre\bin\client;C:\app\DevSuiteHome_1\jlib;C:\app\DevSuiteHome_1\bin;C:\app\DevSuiteHome_1\jre\1.4.2\bin\client;C:\app\DevSuiteHome_1\jre\1.4.2\bin;C:\app\rhezaTesar\product\11.2.0\client_1;C:\app\rhezaTesar\product\11.2.0\client_1\bin;C:\Program Files (x86)\Intel\iCLS Client\;C:\Program Files\Intel\iCLS Client\;C:\Windows\system32;C:\Windows;C:\Windows\System32\Wbem;C:\Windows\System32\WindowsPowerShell\v1.0\;C:\Program Files\Intel\Intel(R) Management Engine Components\DAL;C:\Program Files (x86)\Intel\Intel(R) Management Engine Components\DAL;C:\Program Files\Intel\Intel(R) Management Engine Components\IPT;C:\Program Files (x86)\Intel\Intel(R) Management Engine Components\IPT;C:\Program Files\Intel\WiFi\bin\;C:\Program Files\Common Files\Intel\WirelessCommon\;C:\Program Files (x86)\Skype\Phone\;C:\Program Files (x86)\Microsoft SQL Server\90\Tools\binn\;C:\Program Files (x86)\Microsoft SQL Server\100\Tools\Bin;C:\Program Files (x86)\Common Files\SYSTEM\MSMAPI\1033;C:\Program Files\Microsoft SQL Server\120\Tools\Binn\;C:\Program Files\Microsoft SQL Server\Client SDK\ODBC\110\Tools\Binn\;C:\Program Files\Microsoft SQL Server\120\DTS\Binn\;C:\Program Files (x86)\Microsoft SQL Server\120\Tools\Binn\ManagementStudio\;C:\Program Files (x86)\Microsoft SQL Server\120\Tools\Binn\;C:\Program Files (x86)\Microsoft SQL Server\120\DTS\Binn\;C:\Program Files\Git\cmd;C:\Program Files\TortoiseSVN\bin;C:\Program Files (x86)\CrSSL\bin
USERNAME=rhezaTesar
OS=Windows_NT
PROCESSOR_IDENTIFIER=Intel64 Family 6 Model 61 Stepping 4, GenuineIntel



---------------  S Y S T E M  ---------------

OS: Windows 8.1 , 64 bit Build 9600 (6.3.9600.17415)

CPU:total 4 (2 cores per cpu, 2 threads per core) family 6 model 61 stepping 4, cmov, cx8, fxsr, mmx, sse, sse2, sse3, ssse3, sse4.1, sse4.2, popcnt, avx, avx2, aes, clmul, erms, 3dnowpref, lzcnt, ht, tsc, tscinvbit, bmi1, bmi2, adx

Memory: 4k page, physical 8277100k(1004880k free), swap 9848940k(5112k free)

vm_info: OpenJDK 64-Bit Server VM (25.76-b03) for windows-amd64 JRE (1.8.0_76-release-b03), built on Jun 29 2016 19:09:20 by "ralucas" with MS VC++ 10.0 (VS2010)

time: Thu Sep 08 12:38:56 2016
elapsed time: 2 seconds (0d 0h 0m 2s)

