#
# There is insufficient memory for the Java Runtime Environment to continue.
# Native memory allocation (malloc) failed to allocate 215696 bytes for Chunk::new
# Possible reasons:
#   The system is out of physical RAM or swap space
#   In 32 bit mode, the process size limit was hit
# Possible solutions:
#   Reduce memory load on the system
#   Increase physical memory or swap space
#   Check if swap backing store is full
#   Use 64 bit Java on a 64 bit OS
#   Decrease Java heap size (-Xmx/-Xms)
#   Decrease number of Java threads
#   Decrease Java thread stack sizes (-Xss)
#   Set larger code cache with -XX:ReservedCodeCacheSize=
# This output file may be truncated or incomplete.
#
#  Out of Memory Error (allocation.cpp:390), pid=10360, tid=0x000000000000217c
#
# JRE version: OpenJDK Runtime Environment (8.0_76-b03) (build 1.8.0_76-release-b03)
# Java VM: OpenJDK 64-Bit Server VM (25.76-b03 mixed mode windows-amd64 compressed oops)
# Failed to write core dump. Minidumps are not enabled by default on client versions of Windows
#

---------------  T H R E A D  ---------------

Current thread (0x0000000014bd8000):  JavaThread "C2 CompilerThread0" daemon [_thread_in_native, id=8572, stack(0x0000000016320000,0x0000000016420000)]

Stack: [0x0000000016320000,0x0000000016420000]
[error occurred during error reporting (printing stack bounds), id 0xc0000005]

Native frames: (J=compiled Java code, j=interpreted, Vv=VM code, C=native code)


Current CompileTask:
C2:   4706 1361 %     4       com.android.dx.ssa.SsaMethod::computeReachability @ 52 (131 bytes)


---------------  P R O C E S S  ---------------

Java Threads: ( => current thread )
  0x00000000167a8800 JavaThread "pool-1-thread-4" [_thread_blocked, id=11844, stack(0x0000000017020000,0x0000000017120000)]
  0x00000000167a7800 JavaThread "pool-1-thread-3" [_thread_in_vm, id=11664, stack(0x0000000016f20000,0x0000000017020000)]
  0x000000001677e000 JavaThread "pool-1-thread-2" [_thread_blocked, id=11128, stack(0x0000000016e20000,0x0000000016f20000)]
  0x000000001677b000 JavaThread "pool-2-thread-1" [_thread_blocked, id=4104, stack(0x0000000016d20000,0x0000000016e20000)]
  0x000000001677a800 JavaThread "pool-1-thread-1" [_thread_blocked, id=4580, stack(0x0000000016c20000,0x0000000016d20000)]
  0x000000001662d800 JavaThread "Service Thread" daemon [_thread_blocked, id=3524, stack(0x0000000016a20000,0x0000000016b20000)]
  0x0000000014c28800 JavaThread "C1 CompilerThread2" daemon [_thread_blocked, id=8044, stack(0x0000000016520000,0x0000000016620000)]
  0x0000000014c25800 JavaThread "C2 CompilerThread1" daemon [_thread_in_native, id=8220, stack(0x0000000016420000,0x0000000016520000)]
=>0x0000000014bd8000 JavaThread "C2 CompilerThread0" daemon [_thread_in_native, id=8572, stack(0x0000000016320000,0x0000000016420000)]
  0x0000000014bd6800 JavaThread "Attach Listener" daemon [_thread_blocked, id=6920, stack(0x0000000016220000,0x0000000016320000)]
  0x0000000014bd5000 JavaThread "Signal Dispatcher" daemon [_thread_blocked, id=13864, stack(0x0000000016120000,0x0000000016220000)]
  0x0000000014bb8800 JavaThread "Finalizer" daemon [_thread_blocked, id=10824, stack(0x0000000015e20000,0x0000000015f20000)]
  0x00000000024f1000 JavaThread "Reference Handler" daemon [_thread_blocked, id=8048, stack(0x0000000015d20000,0x0000000015e20000)]
  0x0000000000aad800 JavaThread "main" [_thread_blocked, id=888, stack(0x0000000002300000,0x0000000002400000)]

Other Threads:
  0x0000000014b95800 VMThread [stack: 0x0000000015c20000,0x0000000015d20000] [id=13116]
  0x0000000016622000 WatcherThread [stack: 0x0000000016b20000,0x0000000016c20000] [id=2272]

VM state:not at safepoint (normal execution)

VM Mutex/Monitor currently owned by a thread:  ([mutex/lock_event])
[0x0000000000aacfe0] CompiledIC_lock - owner thread: 0x00000000167a7800

Heap:
 PSYoungGen      total 38400K, used 12718K [0x00000000eab00000, 0x00000000ef600000, 0x0000000100000000)
  eden space 33280K, 22% used [0x00000000eab00000,0x00000000eb270338,0x00000000ecb80000)
  from space 5120K, 99% used [0x00000000ecb80000,0x00000000ed07b6f8,0x00000000ed080000)
  to   space 5120K, 0% used [0x00000000ef100000,0x00000000ef100000,0x00000000ef600000)
 ParOldGen       total 87552K, used 2001K [0x00000000c0000000, 0x00000000c5580000, 0x00000000eab00000)
  object space 87552K, 2% used [0x00000000c0000000,0x00000000c01f46d8,0x00000000c5580000)
 Metaspace       used 6014K, capacity 7024K, committed 7296K, reserved 1056768K
  class space    used 578K, capacity 616K, committed 640K, reserved 1048576K

Card table byte_map: [0x00000000118c0000,0x0000000011ad0000] byte_map_base: 0x00000000112c0000

Marking Bits: (ParMarkBitMap*) 0x0000000057bb9d00
 Begin Bits: [0x0000000012030000, 0x0000000013030000)
 End Bits:   [0x0000000013030000, 0x0000000014030000)

Polling page: 0x0000000000a70000

CodeCache: size=245760Kb used=5706Kb max_used=5718Kb free=240053Kb
 bounds [0x0000000002500000, 0x0000000002aa0000, 0x0000000011500000]
 total_blobs=1621 nmethods=1352 adapters=182
 compilation: enabled

Compilation events (10 events):
Event: 4.652 Thread 0x0000000014c28800 1356       3       java.util.HashMap$HashIterator::<init> (79 bytes)
Event: 4.652 Thread 0x0000000014bd8000 nmethod 1352 0x0000000002a6dc50 code [0x0000000002a6dde0, 0x0000000002a6e608]
Event: 4.652 Thread 0x0000000014c28800 nmethod 1356 0x0000000002a4fed0 code [0x0000000002a50040, 0x0000000002a503d0]
Event: 4.652 Thread 0x0000000014bd8000 1351       4       com.android.dx.ssa.SsaRenamer$BlockRenamer::visitNonMoveInsn (14 bytes)
Event: 4.675 Thread 0x0000000014c28800 1358       3       com.android.dx.rop.cst.CstNat::equals (48 bytes)
Event: 4.675 Thread 0x0000000014c28800 nmethod 1358 0x0000000002a6ce10 code [0x0000000002a6cfe0, 0x0000000002a6d9d8]
Event: 4.678 Thread 0x0000000014bd8000 nmethod 1351 0x0000000002a99d50 code [0x0000000002a99f20, 0x0000000002a9aa90]
Event: 4.678 Thread 0x0000000014bd8000 1357       4       com.android.dx.ssa.SsaMethod::bitSetFromLabelList (47 bytes)
Event: 4.691 Thread 0x0000000014bd8000 nmethod 1357 0x0000000002a9bb90 code [0x0000000002a9bd00, 0x0000000002a9c3f8]
Event: 4.691 Thread 0x0000000014bd8000 1361 %     4       com.android.dx.ssa.SsaMethod::computeReachability @ 52 (131 bytes)

GC Heap History (2 events):
Event: 3.546 GC heap before
{Heap before GC invocations=1 (full 0):
 PSYoungGen      total 38400K, used 33280K [0x00000000eab00000, 0x00000000ed580000, 0x0000000100000000)
  eden space 33280K, 100% used [0x00000000eab00000,0x00000000ecb80000,0x00000000ecb80000)
  from space 5120K, 0% used [0x00000000ed080000,0x00000000ed080000,0x00000000ed580000)
  to   space 5120K, 0% used [0x00000000ecb80000,0x00000000ecb80000,0x00000000ed080000)
 ParOldGen       total 87552K, used 0K [0x00000000c0000000, 0x00000000c5580000, 0x00000000eab00000)
  object space 87552K, 0% used [0x00000000c0000000,0x00000000c0000000,0x00000000c5580000)
 Metaspace       used 5988K, capacity 6960K, committed 7040K, reserved 1056768K
  class space    used 578K, capacity 616K, committed 640K, reserved 1048576K
Event: 3.616 GC heap after
Heap after GC invocations=1 (full 0):
 PSYoungGen      total 38400K, used 5101K [0x00000000eab00000, 0x00000000ef600000, 0x0000000100000000)
  eden space 33280K, 0% used [0x00000000eab00000,0x00000000eab00000,0x00000000ecb80000)
  from space 5120K, 99% used [0x00000000ecb80000,0x00000000ed07b6f8,0x00000000ed080000)
  to   space 5120K, 0% used [0x00000000ef100000,0x00000000ef100000,0x00000000ef600000)
 ParOldGen       total 87552K, used 2001K [0x00000000c0000000, 0x00000000c5580000, 0x00000000eab00000)
  object space 87552K, 2% used [0x00000000c0000000,0x00000000c01f46d8,0x00000000c5580000)
 Metaspace       used 5988K, capacity 6960K, committed 7040K, reserved 1056768K
  class space    used 578K, capacity 616K, committed 640K, reserved 1048576K
}

Deoptimization events (10 events):
Event: 2.680 Thread 0x00000000167a8800 Uncommon trap: reason=unstable_if action=reinterpret pc=0x000000000283054c method=com.android.dx.rop.code.LocalItem.hashCode()I @ 25
Event: 2.686 Thread 0x00000000167a8800 Uncommon trap: reason=unstable_if action=reinterpret pc=0x00000000027fd80c method=com.android.dx.rop.code.LocalItem.hashCode()I @ 25
Event: 2.732 Thread 0x000000001677e000 Uncommon trap: reason=class_check action=maybe_recompile pc=0x00000000027e8588 method=com.android.dx.ssa.NormalSsaInsn.accept(Lcom/android/dx/ssa/SsaInsn$Visitor;)V @ 9
Event: 2.732 Thread 0x000000001677e000 Uncommon trap: reason=class_check action=maybe_recompile pc=0x00000000027e8588 method=com.android.dx.ssa.NormalSsaInsn.accept(Lcom/android/dx/ssa/SsaInsn$Visitor;)V @ 9
Event: 2.732 Thread 0x000000001677e000 Uncommon trap: reason=class_check action=maybe_recompile pc=0x00000000027e8588 method=com.android.dx.ssa.NormalSsaInsn.accept(Lcom/android/dx/ssa/SsaInsn$Visitor;)V @ 9
Event: 2.732 Thread 0x000000001677e000 Uncommon trap: reason=class_check action=maybe_recompile pc=0x00000000027e8588 method=com.android.dx.ssa.NormalSsaInsn.accept(Lcom/android/dx/ssa/SsaInsn$Visitor;)V @ 9
Event: 3.132 Thread 0x000000001677a800 Uncommon trap: reason=null_check action=make_not_entrant pc=0x00000000028f5254 method=com.android.dx.ssa.SsaRenamer.getLocalForNewReg(I)Lcom/android/dx/rop/code/LocalItem; @ 19
Event: 3.425 Thread 0x000000001677e000 Uncommon trap: reason=unstable_if action=reinterpret pc=0x000000000294b6fc method=com.android.dx.util.IntList.binarysearch(I)I @ 105
Event: 4.677 Thread 0x00000000167a7800 Uncommon trap: reason=bimorphic action=maybe_recompile pc=0x0000000002a77944 method=com.android.dx.cf.code.BytecodeArray.parseInstruction(ILcom/android/dx/cf/code/BytecodeArray$Visitor;)I @ 907
Event: 4.677 Thread 0x00000000167a7800 Uncommon trap: reason=bimorphic action=maybe_recompile pc=0x0000000002a775e8 method=com.android.dx.cf.code.BytecodeArray.parseInstruction(ILcom/android/dx/cf/code/BytecodeArray$Visitor;)I @ 1597

Internal exceptions (3 events):
Event: 0.088 Thread 0x0000000000aad800 Exception <a 'java/lang/NoSuchMethodError': Method sun.misc.Unsafe.defineClass(Ljava/lang/String;[BII)Ljava/lang/Class; name or signature does not match> (0x00000000eab07cc0) thrown at [C:\src\android\AOSP-openjdk\external\jetbrains\jdk\hotspot\src\share\vGì€gñ∂?
Event: 0.088 Thread 0x0000000000aad800 Exception <a 'java/lang/NoSuchMethodError': Method sun.misc.Unsafe.prefetchRead(Ljava/lang/Object;J)V name or signature does not match> (0x00000000eab07fa8) thrown at [C:\src\android\AOSP-openjdk\external\jetbrains\jdk\hotspot\src\share\vm\prims\jni.cpp, lês∂)	@
Event: 3.132 Thread 0x000000001677a800 Implicit null exception at 0x00000000028f2b85 to 0x00000000028f522d

Events (10 events):
Event: 4.456 Thread 0x0000000000aad800 DEOPT PACKING pc=0x00000000028543a5 sp=0x00000000023fe180
Event: 4.456 Thread 0x0000000000aad800 DEOPT UNPACKING pc=0x00000000025475bf sp=0x00000000023fdf60 mode 0
Event: 4.460 Executing VM operation: EnableBiasedLocking
Event: 4.465 Executing VM operation: EnableBiasedLocking done
Event: 4.677 Thread 0x00000000167a7800 Uncommon trap: trap_request=0xffffffc6 fr.pc=0x0000000002a77944
Event: 4.677 Thread 0x00000000167a7800 DEOPT PACKING pc=0x0000000002a77944 sp=0x000000001701e930
Event: 4.677 Thread 0x00000000167a7800 DEOPT UNPACKING pc=0x000000000254556a sp=0x000000001701e8f8 mode 2
Event: 4.677 Thread 0x00000000167a7800 Uncommon trap: trap_request=0xffffffc6 fr.pc=0x0000000002a775e8
Event: 4.677 Thread 0x00000000167a7800 DEOPT PACKING pc=0x0000000002a775e8 sp=0x000000001701e930
Event: 4.677 Thread 0x00000000167a7800 DEOPT UNPACKING pc=0x000000000254556a sp=0x000000001701e8f0 mode 2


Dynamic libraries:
0x00007ff70b6f0000 - 0x00007ff70b721000 	C:\Program Files\Android\Android Studio\jre\bin\java.exe
0x00007ffae1960000 - 0x00007ffae1b0c000 	C:\Windows\SYSTEM32\ntdll.dll
0x00007ffae1610000 - 0x00007ffae174e000 	C:\Windows\system32\KERNEL32.DLL
0x00007ffadee70000 - 0x00007ffadef85000 	C:\Windows\system32\KERNELBASE.dll
0x00007ffae13c0000 - 0x00007ffae146a000 	C:\Windows\system32\ADVAPI32.dll
0x00007ffadf440000 - 0x00007ffadf5b7000 	C:\Windows\system32\USER32.dll
0x00007ffadc260000 - 0x00007ffadc4da000 	C:\Windows\WinSxS\amd64_microsoft.windows.common-controls_6595b64144ccf1df_6.0.9600.17810_none_6240b9c7ecbd0bda\COMCTL32.dll
0x00007ffae12b0000 - 0x00007ffae135a000 	C:\Windows\system32\msvcrt.dll
0x00007ffadf140000 - 0x00007ffadf199000 	C:\Windows\SYSTEM32\sechost.dll
0x00007ffae17a0000 - 0x00007ffae18e1000 	C:\Windows\system32\RPCRT4.dll
0x00007ffadf5c0000 - 0x00007ffadf70f000 	C:\Windows\system32\GDI32.dll
0x00007ffae1760000 - 0x00007ffae1796000 	C:\Windows\system32\IMM32.DLL
0x00007ffadefe0000 - 0x00007ffadf132000 	C:\Windows\system32\MSCTF.dll
0x0000000057fe0000 - 0x00000000580b2000 	C:\Program Files\Android\Android Studio\jre\jre\bin\msvcr100.dll
0x0000000057400000 - 0x0000000057c34000 	C:\Program Files\Android\Android Studio\jre\jre\bin\server\jvm.dll
0x00007ffad49c0000 - 0x00007ffad49c9000 	C:\Windows\SYSTEM32\WSOCK32.dll
0x00007ffad91f0000 - 0x00007ffad9212000 	C:\Windows\SYSTEM32\WINMM.dll
0x00007ffad7ad0000 - 0x00007ffad7ada000 	C:\Windows\SYSTEM32\VERSION.dll
0x00007ffadf370000 - 0x00007ffadf377000 	C:\Windows\system32\PSAPI.DLL
0x00007ffadfb10000 - 0x00007ffadfb6a000 	C:\Windows\system32\WS2_32.dll
0x00007ffad91c0000 - 0x00007ffad91ea000 	C:\Windows\SYSTEM32\WINMMBASE.dll
0x00007ffae18f0000 - 0x00007ffae18f9000 	C:\Windows\system32\NSI.dll
0x00007ffadef90000 - 0x00007ffadefdf000 	C:\Windows\SYSTEM32\cfgmgr32.dll
0x00007ffadd8a0000 - 0x00007ffadd8c8000 	C:\Windows\SYSTEM32\DEVOBJ.dll
0x00007ffac4860000 - 0x00007ffac486f000 	C:\Program Files\Android\Android Studio\jre\jre\bin\verify.dll
0x00007ffac00e0000 - 0x00007ffac0109000 	C:\Program Files\Android\Android Studio\jre\jre\bin\java.dll
0x00007ffac00c0000 - 0x00007ffac00d6000 	C:\Program Files\Android\Android Studio\jre\jre\bin\zip.dll
0x00007ffadfcb0000 - 0x00007ffae11db000 	C:\Windows\system32\SHELL32.dll
0x00007ffadf710000 - 0x00007ffadf921000 	C:\Windows\SYSTEM32\combase.dll
0x00007ffae1900000 - 0x00007ffae1954000 	C:\Windows\system32\SHLWAPI.dll
0x00007ffadd150000 - 0x00007ffadd202000 	C:\Windows\SYSTEM32\SHCORE.dll
0x00007ffadeab0000 - 0x00007ffadeac5000 	C:\Windows\SYSTEM32\profapi.dll

VM Arguments:
jvm_args: -Djava.awt.headless=true -Xmx1024M -Dfile.encoding=windows-1252 -Duser.country=US -Duser.language=en -Duser.variant 
java_command: com.android.dx.command.Main --dex --num-threads=4 --output D:\Android\AndroidStudio\KalbecallPlanMobile\app\build\intermediates\pre-dexed\debug\KalbecallPlanMobile-cropper-unspecified_3f53fdf822858cda85951eabc40fa3cbe380a6f7.jar D:\Android\AndroidStudio\KalbecallPlanMobile\app\build\intermediates\exploded-aar\KalbecallPlanMobile\cropper\unspecified\jars\classes.jar
java_class_path (initial): D:\Android\AndroidSDK\build-tools\24.0.1\lib\dx.jar
Launcher Type: SUN_STANDARD

Environment Variables:
PATH=C:\ProgramData\Oracle\Java\javapath;C:\app\DevSuiteHome_1\jdk\jre\bin\classic;C:\app\DevSuiteHome_1\jdk\jre\bin;C:\app\DevSuiteHome_1\jdk\jre\bin\client;C:\app\DevSuiteHome_1\jlib;C:\app\DevSuiteHome_1\bin;C:\app\DevSuiteHome_1\jre\1.4.2\bin\client;C:\app\DevSuiteHome_1\jre\1.4.2\bin;C:\app\rhezaTesar\product\11.2.0\client_1;C:\app\rhezaTesar\product\11.2.0\client_1\bin;C:\Program Files (x86)\Intel\iCLS Client\;C:\Program Files\Intel\iCLS Client\;C:\Windows\system32;C:\Windows;C:\Windows\System32\Wbem;C:\Windows\System32\WindowsPowerShell\v1.0\;C:\Program Files\Intel\Intel(R) Management Engine Components\DAL;C:\Program Files (x86)\Intel\Intel(R) Management Engine Components\DAL;C:\Program Files\Intel\Intel(R) Management Engine Components\IPT;C:\Program Files (x86)\Intel\Intel(R) Management Engine Components\IPT;C:\Program Files\Intel\WiFi\bin\;C:\Program Files\Common Files\Intel\WirelessCommon\;C:\Program Files (x86)\Skype\Phone\;C:\Program Files (x86)\Microsoft SQL Server\90\Tools\binn\;C:\Program Files (x86)\Microsoft SQL Server\100\Tools\Bin;C:\Program Files (x86)\Common Files\SYSTEM\MSMAPI\1033;C:\Program Files\Microsoft SQL Server\120\Tools\Binn\;C:\Program Files\Microsoft SQL Server\Client SDK\ODBC\110\Tools\Binn\;C:\Program Files\Microsoft SQL Server\120\DTS\Binn\;C:\Program Files (x86)\Microsoft SQL Server\120\Tools\Binn\ManagementStudio\;C:\Program Files (x86)\Microsoft SQL Server\120\Tools\Binn\;C:\Program Files (x86)\Microsoft SQL Server\120\DTS\Binn\;C:\Program Files\Git\cmd;C:\Program Files\TortoiseSVN\bin;C:\Program Files (x86)\CrSSL\bin
USERNAME=rhezaTesar
OS=Windows_NT
PROCESSOR_IDENTIFIER=Intel64 Family 6 Model 61 Stepping 4, GenuineIntel



---------------  S Y S T E M  ---------------

OS: Windows 8.1 , 64 bit Build 9600 (6.3.9600.17415)

CPU:total 4 (2 cores per cpu, 2 threads per core) family 6 model 61 stepping 4, cmov, cx8, fxsr, mmx, sse, sse2, sse3, ssse3, sse4.1, sse4.2, popcnt, avx, avx2, aes, clmul, erms, 3dnowpref, lzcnt, ht, tsc, tscinvbit, bmi1, bmi2, adx

Memory: 4k page, physical 8277100k(1220620k free), swap 9848940k(6068k free)

vm_info: OpenJDK 64-Bit Server VM (25.76-b03) for windows-amd64 JRE (1.8.0_76-release-b03), built on Jun 29 2016 19:09:20 by "ralucas" with MS VC++ 10.0 (VS2010)

time: Thu Dec 29 13:49:04 2016
elapsed time: 4 seconds (0d 0h 0m 4s)

