#
# There is insufficient memory for the Java Runtime Environment to continue.
# Native memory allocation (malloc) failed to allocate 2832 bytes for AllocateHeap
# Possible reasons:
#   The system is out of physical RAM or swap space
#   In 32 bit mode, the process size limit was hit
# Possible solutions:
#   Reduce memory load on the system
#   Increase physical memory or swap space
#   Check if swap backing store is full
#   Use 64 bit Java on a 64 bit OS
#   Decrease Java heap size (-Xmx/-Xms)
#   Decrease number of Java threads
#   Decrease Java thread stack sizes (-Xss)
#   Set larger code cache with -XX:ReservedCodeCacheSize=
# This output file may be truncated or incomplete.
#
#  Out of Memory Error (memory/allocation.inline.hpp:61), pid=4060, tid=0x00000000000027c4
#
# JRE version: OpenJDK Runtime Environment (8.0_76-b03) (build 1.8.0_76-release-b03)
# Java VM: OpenJDK 64-Bit Server VM (25.76-b03 mixed mode windows-amd64 compressed oops)
# Failed to write core dump. Minidumps are not enabled by default on client versions of Windows
#

---------------  T H R E A D  ---------------

Current thread (0x000000001706f000):  JavaThread "pool-1-thread-4" [_thread_in_Java, id=10180, stack(0x0000000017880000,0x0000000017980000)]

Stack: [0x0000000017880000,0x0000000017980000]
[error occurred during error reporting (printing stack bounds), id 0xe0000000]

Native frames: (J=compiled Java code, j=interpreted, Vv=VM code, C=native code)

Java frames: (J=compiled Java code, j=interpreted, Vv=VM code)
v  blob 0x0000000002d954fa
J 1055 C2 com.android.dx.util.IntList.binarysearch(I)I (124 bytes) @ 0x000000000317d1fc [0x000000000317d0a0+0x15c]
J 983 C1 com.android.dx.cf.code.Ropper.processBlock(Lcom/android/dx/cf/code/ByteBlock;Lcom/android/dx/cf/code/Frame;[I)V (1101 bytes) @ 0x000000000313d0cc [0x0000000003138760+0x496c]
J 1290 C1 com.android.dx.cf.code.Ropper.doit()V (126 bytes) @ 0x00000000032782e4 [0x0000000003277a40+0x8a4]
j  com.android.dx.cf.code.Ropper.convert(Lcom/android/dx/cf/code/ConcreteMethod;Lcom/android/dx/rop/code/TranslationAdvice;Lcom/android/dx/cf/iface/MethodList;)Lcom/android/dx/rop/code/RopMethod;+12
j  com.android.dx.dex.cf.CfTranslator.processMethods(Lcom/android/dx/cf/direct/DirectClassFile;Lcom/android/dx/dex/cf/CfOptions;Lcom/android/dx/dex/DexOptions;Lcom/android/dx/dex/file/ClassDefItem;Lcom/android/dx/dex/file/DexFile;)V+176
j  com.android.dx.dex.cf.CfTranslator.translate0(Lcom/android/dx/cf/direct/DirectClassFile;[BLcom/android/dx/dex/cf/CfOptions;Lcom/android/dx/dex/DexOptions;Lcom/android/dx/dex/file/DexFile;)Lcom/android/dx/dex/file/ClassDefItem;+120
j  com.android.dx.dex.cf.CfTranslator.translate(Lcom/android/dx/cf/direct/DirectClassFile;[BLcom/android/dx/dex/cf/CfOptions;Lcom/android/dx/dex/DexOptions;Lcom/android/dx/dex/file/DexFile;)Lcom/android/dx/dex/file/ClassDefItem;+6
j  com.android.dx.command.dexer.Main.translateClass([BLcom/android/dx/cf/direct/DirectClassFile;)Lcom/android/dx/dex/file/ClassDefItem;+17
j  com.android.dx.command.dexer.Main.access$2700([BLcom/android/dx/cf/direct/DirectClassFile;)Lcom/android/dx/dex/file/ClassDefItem;+2
j  com.android.dx.command.dexer.Main$ClassTranslatorTask.call()Lcom/android/dx/dex/file/ClassDefItem;+8
j  com.android.dx.command.dexer.Main$ClassTranslatorTask.call()Ljava/lang/Object;+1
j  java.util.concurrent.FutureTask.run()V+42
j  java.util.concurrent.ThreadPoolExecutor.runWorker(Ljava/util/concurrent/ThreadPoolExecutor$Worker;)V+95
j  java.util.concurrent.ThreadPoolExecutor$Worker.run()V+5
j  java.lang.Thread.run()V+11
v  ~StubRoutines::call_stub

---------------  P R O C E S S  ---------------

Java Threads: ( => current thread )
=>0x000000001706f000 JavaThread "pool-1-thread-4" [_thread_in_Java, id=10180, stack(0x0000000017880000,0x0000000017980000)]
  0x000000001703e000 JavaThread "pool-1-thread-3" [_thread_in_Java, id=6096, stack(0x0000000017780000,0x0000000017880000)]
  0x0000000016fd1800 JavaThread "pool-1-thread-2" [_thread_in_vm, id=1716, stack(0x0000000017680000,0x0000000017780000)]
  0x0000000016fce000 JavaThread "pool-2-thread-1" [_thread_blocked, id=5632, stack(0x0000000017580000,0x0000000017680000)]
  0x0000000016fcd000 JavaThread "pool-1-thread-1" [_thread_blocked, id=11924, stack(0x0000000017480000,0x0000000017580000)]
  0x0000000016e82000 JavaThread "Service Thread" daemon [_thread_blocked, id=6940, stack(0x0000000017280000,0x0000000017380000)]
  0x000000001547b800 JavaThread "C1 CompilerThread2" daemon [_thread_blocked, id=2184, stack(0x0000000016d80000,0x0000000016e80000)]
  0x0000000015417800 JavaThread "C2 CompilerThread1" daemon [_thread_blocked, id=11872, stack(0x0000000016c80000,0x0000000016d80000)]
  0x0000000015428000 JavaThread "C2 CompilerThread0" daemon [_thread_blocked, id=11352, stack(0x0000000016b80000,0x0000000016c80000)]
  0x0000000015426800 JavaThread "Attach Listener" daemon [_thread_blocked, id=10368, stack(0x0000000016a80000,0x0000000016b80000)]
  0x0000000015425000 JavaThread "Signal Dispatcher" daemon [_thread_blocked, id=10832, stack(0x0000000016980000,0x0000000016a80000)]
  0x0000000002d4c000 JavaThread "Finalizer" daemon [_thread_blocked, id=11840, stack(0x0000000016680000,0x0000000016780000)]
  0x0000000002d41000 JavaThread "Reference Handler" daemon [_thread_blocked, id=9324, stack(0x0000000016580000,0x0000000016680000)]
  0x0000000002c4d800 JavaThread "main" [_thread_blocked, id=11292, stack(0x0000000002b00000,0x0000000002c00000)]

Other Threads:
  0x00000000153e5800 VMThread [stack: 0x0000000016480000,0x0000000016580000] [id=1472]
  0x0000000016e83000 WatcherThread [stack: 0x0000000017380000,0x0000000017480000] [id=11640]

VM state:not at safepoint (normal execution)

VM Mutex/Monitor currently owned by a thread: None

Heap:
 PSYoungGen      total 38400K, used 6944K [0x00000000eab00000, 0x00000000ed580000, 0x0000000100000000)
  eden space 33280K, 5% used [0x00000000eab00000,0x00000000eaccce40,0x00000000ecb80000)
  from space 5120K, 99% used [0x00000000ecb80000,0x00000000ed07b258,0x00000000ed080000)
  to   space 5120K, 0% used [0x00000000ed080000,0x00000000ed080000,0x00000000ed580000)
 ParOldGen       total 87552K, used 1913K [0x00000000c0000000, 0x00000000c5580000, 0x00000000eab00000)
  object space 87552K, 2% used [0x00000000c0000000,0x00000000c01de770,0x00000000c5580000)
 Metaspace       used 6000K, capacity 7024K, committed 7296K, reserved 1056768K
  class space    used 578K, capacity 616K, committed 640K, reserved 1048576K

Card table byte_map: [0x0000000012110000,0x0000000012320000] byte_map_base: 0x0000000011b10000

Marking Bits: (ParMarkBitMap*) 0x000000006e0f9d00
 Begin Bits: [0x0000000012880000, 0x0000000013880000)
 End Bits:   [0x0000000013880000, 0x0000000014880000)

Polling page: 0x00000000012a0000

CodeCache: size=245760Kb used=5349Kb max_used=5349Kb free=240410Kb
 bounds [0x0000000002d50000, 0x0000000003290000, 0x0000000011d50000]
 total_blobs=1585 nmethods=1317 adapters=182
 compilation: enabled

Compilation events (10 events):
Event: 3.345 Thread 0x000000001547b800 nmethod 1324 0x000000000328a0d0 code [0x000000000328a220, 0x000000000328a330]
Event: 3.345 Thread 0x000000001547b800 1320       3       java.lang.ref.Finalizer::hasBeenFinalized (14 bytes)
Event: 3.346 Thread 0x000000001547b800 nmethod 1320 0x000000000328a390 code [0x000000000328a4e0, 0x000000000328a690]
Event: 3.346 Thread 0x000000001547b800 1317       3       java.lang.ref.ReferenceQueue::reallyPoll (66 bytes)
Event: 3.346 Thread 0x000000001547b800 nmethod 1317 0x000000000328a710 code [0x000000000328a880, 0x000000000328acf0]
Event: 3.346 Thread 0x000000001547b800 1314       3       java.lang.ref.Finalizer::access$000 (4 bytes)
Event: 3.346 Thread 0x000000001547b800 nmethod 1314 0x000000000328add0 code [0x000000000328af20, 0x000000000328b050]
Event: 3.346 Thread 0x000000001547b800 1315       3       java.lang.ref.ReferenceQueue::remove (6 bytes)
Event: 3.346 Thread 0x000000001547b800 nmethod 1315 0x000000000328b0d0 code [0x000000000328b240, 0x000000000328b448]
Event: 3.346 Thread 0x000000001547b800 1316   !   3       java.lang.ref.ReferenceQueue::remove (125 bytes)

GC Heap History (2 events):
Event: 3.282 GC heap before
{Heap before GC invocations=1 (full 0):
 PSYoungGen      total 38400K, used 33280K [0x00000000eab00000, 0x00000000ed580000, 0x0000000100000000)
  eden space 33280K, 100% used [0x00000000eab00000,0x00000000ecb80000,0x00000000ecb80000)
  from space 5120K, 0% used [0x00000000ed080000,0x00000000ed080000,0x00000000ed580000)
  to   space 5120K, 0% used [0x00000000ecb80000,0x00000000ecb80000,0x00000000ed080000)
 ParOldGen       total 87552K, used 0K [0x00000000c0000000, 0x00000000c5580000, 0x00000000eab00000)
  object space 87552K, 0% used [0x00000000c0000000,0x00000000c0000000,0x00000000c5580000)
 Metaspace       used 5992K, capacity 7024K, committed 7296K, reserved 1056768K
  class space    used 578K, capacity 616K, committed 640K, reserved 1048576K
Event: 3.342 GC heap after
Heap after GC invocations=1 (full 0):
 PSYoungGen      total 38400K, used 5100K [0x00000000eab00000, 0x00000000ed580000, 0x0000000100000000)
  eden space 33280K, 0% used [0x00000000eab00000,0x00000000eab00000,0x00000000ecb80000)
  from space 5120K, 99% used [0x00000000ecb80000,0x00000000ed07b258,0x00000000ed080000)
  to   space 5120K, 0% used [0x00000000ed080000,0x00000000ed080000,0x00000000ed580000)
 ParOldGen       total 87552K, used 1913K [0x00000000c0000000, 0x00000000c5580000, 0x00000000eab00000)
  object space 87552K, 2% used [0x00000000c0000000,0x00000000c01de770,0x00000000c5580000)
 Metaspace       used 5992K, capacity 7024K, committed 7296K, reserved 1056768K
  class space    used 578K, capacity 616K, committed 640K, reserved 1048576K
}

Deoptimization events (8 events):
Event: 1.074 Thread 0x000000001706f000 Uncommon trap: reason=unstable_if action=reinterpret pc=0x0000000002f760a4 method=java.util.HashMap.getNode(ILjava/lang/Object;)Ljava/util/HashMap$Node; @ 129
Event: 1.608 Thread 0x000000001703e000 Uncommon trap: reason=unstable_if action=reinterpret pc=0x0000000002fad454 method=java.util.HashMap.getNode(ILjava/lang/Object;)Ljava/util/HashMap$Node; @ 62
Event: 2.098 Thread 0x0000000016fcd000 Uncommon trap: reason=class_check action=maybe_recompile pc=0x0000000002ff2500 method=com.android.dx.ssa.NormalSsaInsn.accept(Lcom/android/dx/ssa/SsaInsn$Visitor;)V @ 9
Event: 2.136 Thread 0x000000001706f000 Uncommon trap: reason=class_check action=maybe_recompile pc=0x0000000002ff2500 method=com.android.dx.ssa.NormalSsaInsn.accept(Lcom/android/dx/ssa/SsaInsn$Visitor;)V @ 9
Event: 2.136 Thread 0x000000001706f000 Uncommon trap: reason=class_check action=maybe_recompile pc=0x0000000002ff2500 method=com.android.dx.ssa.NormalSsaInsn.accept(Lcom/android/dx/ssa/SsaInsn$Visitor;)V @ 9
Event: 2.136 Thread 0x000000001706f000 Uncommon trap: reason=class_check action=maybe_recompile pc=0x0000000002ff2500 method=com.android.dx.ssa.NormalSsaInsn.accept(Lcom/android/dx/ssa/SsaInsn$Visitor;)V @ 9
Event: 2.548 Thread 0x0000000016fcd000 Uncommon trap: reason=null_check action=make_not_entrant pc=0x0000000003161de8 method=com.android.dx.ssa.SsaRenamer.getLocalForNewReg(I)Lcom/android/dx/rop/code/LocalItem; @ 19
Event: 3.347 Thread 0x000000001706f000 Uncommon trap: reason=unstable_if action=reinterpret pc=0x000000000317d1fc method=com.android.dx.util.IntList.binarysearch(I)I @ 105

Internal exceptions (3 events):
Event: 0.068 Thread 0x0000000002c4d800 Exception <a 'java/lang/NoSuchMethodError': Method sun.misc.Unsafe.defineClass(Ljava/lang/String;[BII)Ljava/lang/Class; name or signature does not match> (0x00000000eab07cc0) thrown at [C:\src\android\AOSP-openjdk\external\jetbrains\jdk\hotspot\src\share\vÝM÷sR±?
Event: 0.068 Thread 0x0000000002c4d800 Exception <a 'java/lang/NoSuchMethodError': Method sun.misc.Unsafe.prefetchRead(Ljava/lang/Object;J)V name or signature does not match> (0x00000000eab07fa8) thrown at [C:\src\android\AOSP-openjdk\external\jetbrains\jdk\hotspot\src\share\vm\prims\jni.cpp, lè”+sa@
Event: 2.548 Thread 0x0000000016fcd000 Implicit null exception at 0x000000000316082d to 0x0000000003161db5

Events (10 events):
Event: 2.423 Executing VM operation: ForceSafepoint done
Event: 2.548 Thread 0x0000000016fcd000 Uncommon trap: trap_request=0xfffffff4 fr.pc=0x0000000003161de8
Event: 2.548 Thread 0x0000000016fcd000 DEOPT PACKING pc=0x0000000003161de8 sp=0x000000001757e800
Event: 2.548 Thread 0x0000000016fcd000 DEOPT UNPACKING pc=0x0000000002d9556a sp=0x000000001757e658 mode 2
Event: 2.598 Thread 0x0000000016fd1800 DEOPT PACKING pc=0x00000000030b660f sp=0x000000001777eb50
Event: 2.598 Thread 0x0000000016fd1800 DEOPT UNPACKING pc=0x0000000002d975bf sp=0x000000001777e930 mode 0
Event: 3.071 Executing VM operation: ParallelGCFailedAllocation
Event: 3.342 Executing VM operation: ParallelGCFailedAllocation done
Event: 3.347 Thread 0x000000001706f000 Uncommon trap: trap_request=0xffffff65 fr.pc=0x000000000317d1fc
Event: 3.347 Thread 0x000000001706f000 DEOPT PACKING pc=0x000000000317d1fc sp=0x000000001797e760


Dynamic libraries:
0x00007ff70ea90000 - 0x00007ff70eac1000 	C:\Program Files\Android\Android Studio\jre\bin\java.exe
0x00007ffa5eba0000 - 0x00007ffa5ed4c000 	C:\Windows\SYSTEM32\ntdll.dll
0x00007ffa5c660000 - 0x00007ffa5c79e000 	C:\Windows\system32\KERNEL32.DLL
0x00007ffa5bed0000 - 0x00007ffa5bfe5000 	C:\Windows\system32\KERNELBASE.dll
0x00007ffa5e900000 - 0x00007ffa5e9aa000 	C:\Windows\system32\ADVAPI32.dll
0x00007ffa5ca20000 - 0x00007ffa5cb97000 	C:\Windows\system32\USER32.dll
0x00007ffa593c0000 - 0x00007ffa5963a000 	C:\Windows\WinSxS\amd64_microsoft.windows.common-controls_6595b64144ccf1df_6.0.9600.17810_none_6240b9c7ecbd0bda\COMCTL32.dll
0x00007ffa5c220000 - 0x00007ffa5c2ca000 	C:\Windows\system32\msvcrt.dll
0x00007ffa5cd50000 - 0x00007ffa5cda9000 	C:\Windows\SYSTEM32\sechost.dll
0x00007ffa5d060000 - 0x00007ffa5d1a1000 	C:\Windows\system32\RPCRT4.dll
0x00007ffa5e7a0000 - 0x00007ffa5e8ef000 	C:\Windows\system32\GDI32.dll
0x00007ffa5c810000 - 0x00007ffa5c846000 	C:\Windows\system32\IMM32.DLL
0x00007ffa5c8c0000 - 0x00007ffa5ca12000 	C:\Windows\system32\MSCTF.dll
0x000000006e6f0000 - 0x000000006e7c2000 	C:\Program Files\Android\Android Studio\jre\jre\bin\msvcr100.dll
0x000000006d940000 - 0x000000006e174000 	C:\Program Files\Android\Android Studio\jre\jre\bin\server\jvm.dll
0x00007ffa51770000 - 0x00007ffa51779000 	C:\Windows\SYSTEM32\WSOCK32.dll
0x00007ffa57460000 - 0x00007ffa57482000 	C:\Windows\SYSTEM32\WINMM.dll
0x00007ffa56a90000 - 0x00007ffa56a9a000 	C:\Windows\SYSTEM32\VERSION.dll
0x00007ffa5c800000 - 0x00007ffa5c807000 	C:\Windows\system32\PSAPI.DLL
0x00007ffa5c850000 - 0x00007ffa5c8aa000 	C:\Windows\system32\WS2_32.dll
0x00007ffa57430000 - 0x00007ffa5745a000 	C:\Windows\SYSTEM32\WINMMBASE.dll
0x00007ffa5e9b0000 - 0x00007ffa5e9b9000 	C:\Windows\system32\NSI.dll
0x00007ffa5c1d0000 - 0x00007ffa5c21f000 	C:\Windows\SYSTEM32\cfgmgr32.dll
0x00007ffa5ab00000 - 0x00007ffa5ab28000 	C:\Windows\SYSTEM32\DEVOBJ.dll
0x00007ffa33b00000 - 0x00007ffa33b0f000 	C:\Program Files\Android\Android Studio\jre\jre\bin\verify.dll
0x00007ffa33ad0000 - 0x00007ffa33af9000 	C:\Program Files\Android\Android Studio\jre\jre\bin\java.dll
0x00007ffa33ab0000 - 0x00007ffa33ac6000 	C:\Program Files\Android\Android Studio\jre\jre\bin\zip.dll
0x00007ffa5d270000 - 0x00007ffa5e79b000 	C:\Windows\system32\SHELL32.dll
0x00007ffa5cdd0000 - 0x00007ffa5cfe1000 	C:\Windows\SYSTEM32\combase.dll
0x00007ffa5c2d0000 - 0x00007ffa5c324000 	C:\Windows\system32\SHLWAPI.dll
0x00007ffa5a2c0000 - 0x00007ffa5a372000 	C:\Windows\SYSTEM32\SHCORE.dll
0x00007ffa5bcf0000 - 0x00007ffa5bd05000 	C:\Windows\SYSTEM32\profapi.dll

VM Arguments:
jvm_args: -Djava.awt.headless=true -Xmx1024M -Dfile.encoding=windows-1252 -Duser.country=US -Duser.language=en -Duser.variant 
java_command: com.android.dx.command.Main --dex --num-threads=4 --output D:\Android\AndroidStudio\KalbecallPlanMobile\app\build\intermediates\pre-dexed\debug\KalbecallPlanMobile-cropper-unspecified_3f53fdf822858cda85951eabc40fa3cbe380a6f7.jar D:\Android\AndroidStudio\KalbecallPlanMobile\app\build\intermediates\exploded-aar\KalbecallPlanMobile\cropper\unspecified\jars\classes.jar
java_class_path (initial): D:\Android\AndroidSDK\build-tools\24.0.1\lib\dx.jar
Launcher Type: SUN_STANDARD

Environment Variables:
PATH=C:\ProgramData\Oracle\Java\javapath;C:\app\DevSuiteHome_1\jdk\jre\bin\classic;C:\app\DevSuiteHome_1\jdk\jre\bin;C:\app\DevSuiteHome_1\jdk\jre\bin\client;C:\app\DevSuiteHome_1\jlib;C:\app\DevSuiteHome_1\bin;C:\app\DevSuiteHome_1\jre\1.4.2\bin\client;C:\app\DevSuiteHome_1\jre\1.4.2\bin;C:\app\rhezaTesar\product\11.2.0\client_1;C:\app\rhezaTesar\product\11.2.0\client_1\bin;C:\Program Files (x86)\Intel\iCLS Client\;C:\Program Files\Intel\iCLS Client\;C:\Windows\system32;C:\Windows;C:\Windows\System32\Wbem;C:\Windows\System32\WindowsPowerShell\v1.0\;C:\Program Files\Intel\Intel(R) Management Engine Components\DAL;C:\Program Files (x86)\Intel\Intel(R) Management Engine Components\DAL;C:\Program Files\Intel\Intel(R) Management Engine Components\IPT;C:\Program Files (x86)\Intel\Intel(R) Management Engine Components\IPT;C:\Program Files\Intel\WiFi\bin\;C:\Program Files\Common Files\Intel\WirelessCommon\;C:\Program Files (x86)\Skype\Phone\;C:\Program Files (x86)\Microsoft SQL Server\90\Tools\binn\;C:\Program Files (x86)\Microsoft SQL Server\100\Tools\Bin;C:\Program Files (x86)\Common Files\SYSTEM\MSMAPI\1033;C:\Program Files\Microsoft SQL Server\120\Tools\Binn\;C:\Program Files\Microsoft SQL Server\Client SDK\ODBC\110\Tools\Binn\;C:\Program Files\Microsoft SQL Server\120\DTS\Binn\;C:\Program Files (x86)\Microsoft SQL Server\120\Tools\Binn\ManagementStudio\;C:\Program Files (x86)\Microsoft SQL Server\120\Tools\Binn\;C:\Program Files (x86)\Microsoft SQL Server\120\DTS\Binn\;C:\Program Files\Git\cmd;C:\Program Files\TortoiseSVN\bin;
USERNAME=rhezaTesar
OS=Windows_NT
PROCESSOR_IDENTIFIER=Intel64 Family 6 Model 61 Stepping 4, GenuineIntel



---------------  S Y S T E M  ---------------

OS: Windows 8.1 , 64 bit Build 9600 (6.3.9600.17415)

CPU:total 4 (2 cores per cpu, 2 threads per core) family 6 model 61 stepping 4, cmov, cx8, fxsr, mmx, sse, sse2, sse3, ssse3, sse4.1, sse4.2, popcnt, avx, avx2, aes, clmul, erms, 3dnowpref, lzcnt, ht, tsc, tscinvbit, bmi1, bmi2, adx

Memory: 4k page, physical 8277100k(1129824k free), swap 9848940k(4824k free)

vm_info: OpenJDK 64-Bit Server VM (25.76-b03) for windows-amd64 JRE (1.8.0_76-release-b03), built on Jun 29 2016 19:09:20 by "ralucas" with MS VC++ 10.0 (VS2010)

time: Mon Mar 20 14:50:04 2017
elapsed time: 3 seconds (0d 0h 0m 3s)

