#
# There is insufficient memory for the Java Runtime Environment to continue.
# Native memory allocation (malloc) failed to allocate 1048576 bytes for AllocateHeap
# Possible reasons:
#   The system is out of physical RAM or swap space
#   In 32 bit mode, the process size limit was hit
# Possible solutions:
#   Reduce memory load on the system
#   Increase physical memory or swap space
#   Check if swap backing store is full
#   Use 64 bit Java on a 64 bit OS
#   Decrease Java heap size (-Xmx/-Xms)
#   Decrease number of Java threads
#   Decrease Java thread stack sizes (-Xss)
#   Set larger code cache with -XX:ReservedCodeCacheSize=
# This output file may be truncated or incomplete.
#
#  Out of Memory Error (memory/allocation.inline.hpp:61), pid=6416, tid=0x0000000000002d80
#
# JRE version:  (8.0_76-b03) (build )
# Java VM: OpenJDK 64-Bit Server VM (25.76-b03 mixed mode windows-amd64 compressed oops)
# Failed to write core dump. Minidumps are not enabled by default on client versions of Windows
#

---------------  T H R E A D  ---------------

Current thread (0x0000000001dad800):  JavaThread "Unknown thread" [_thread_in_vm, id=11648, stack(0x0000000001db0000,0x0000000001eb0000)]

Stack: [0x0000000001db0000,0x0000000001eb0000]
[error occurred during error reporting (printing stack bounds), id 0xc0000005]

Native frames: (J=compiled Java code, j=interpreted, Vv=VM code, C=native code)


---------------  P R O C E S S  ---------------

Java Threads: ( => current thread )

Other Threads:

=>0x0000000001dad800 (exited) JavaThread "Unknown thread" [_thread_in_vm, id=11648, stack(0x0000000001db0000,0x0000000001eb0000)]

VM state:not at safepoint (normal execution)

VM Mutex/Monitor currently owned by a thread: None

Heap:
 PSYoungGen      total 38400K, used 665K [0x00000000eab00000, 0x00000000ed580000, 0x0000000100000000)
  eden space 33280K, 2% used [0x00000000eab00000,0x00000000eaba6670,0x00000000ecb80000)
  from space 5120K, 0% used [0x00000000ed080000,0x00000000ed080000,0x00000000ed580000)
  to   space 5120K, 0% used [0x00000000ecb80000,0x00000000ecb80000,0x00000000ed080000)
 ParOldGen       total 87552K, used 0K [0x00000000c0000000, 0x00000000c5580000, 0x00000000eab00000)
  object space 87552K, 0% used [0x00000000c0000000,0x00000000c0000000,0x00000000c5580000)
 Metaspace       used 771K, capacity 4480K, committed 4480K, reserved 1056768K
  class space    used 73K, capacity 384K, committed 384K, reserved 1048576K

Card table byte_map: [0x0000000011370000,0x0000000011580000] byte_map_base: 0x0000000010d70000

Marking Bits: (ParMarkBitMap*) 0x000000006a209d00
 Begin Bits: [0x0000000011ae0000, 0x0000000012ae0000)
 End Bits:   [0x0000000012ae0000, 0x0000000013ae0000)

Polling page: 0x0000000001ca0000

CodeCache: size=245760Kb used=328Kb max_used=328Kb free=245431Kb
 bounds [0x0000000001fb0000, 0x0000000002220000, 0x0000000010fb0000]
 total_blobs=57 nmethods=0 adapters=38
 compilation: enabled

Compilation events (0 events):
No events

GC Heap History (0 events):
No events

Deoptimization events (0 events):
No events

Internal exceptions (0 events):
No events

Events (10 events):
Event: 1.825 loading class java/lang/Short
Event: 1.826 loading class java/lang/Short done
Event: 1.826 loading class java/lang/Integer
Event: 1.826 loading class java/lang/Integer done
Event: 1.826 loading class java/lang/Long
Event: 1.826 loading class java/lang/Long done
Event: 1.827 loading class java/lang/NullPointerException
Event: 1.827 loading class java/lang/NullPointerException done
Event: 1.827 loading class java/lang/ArithmeticException
Event: 1.828 loading class java/lang/ArithmeticException done


Dynamic libraries:
0x00007ff62c070000 - 0x00007ff62c0a1000 	C:\Program Files\Android\Android Studio\jre\bin\java.exe
0x00007ffa22cb0000 - 0x00007ffa22e5c000 	C:\Windows\SYSTEM32\ntdll.dll
0x00007ffa20cf0000 - 0x00007ffa20e2e000 	C:\Windows\system32\KERNEL32.DLL
0x00007ffa20160000 - 0x00007ffa20275000 	C:\Windows\system32\KERNELBASE.dll
0x00007ffa20fb0000 - 0x00007ffa2105a000 	C:\Windows\system32\ADVAPI32.dll
0x00007ffa20e30000 - 0x00007ffa20fa7000 	C:\Windows\system32\USER32.dll
0x00007ffa1e010000 - 0x00007ffa1e28a000 	C:\Windows\WinSxS\amd64_microsoft.windows.common-controls_6595b64144ccf1df_6.0.9600.17810_none_6240b9c7ecbd0bda\COMCTL32.dll
0x00007ffa208a0000 - 0x00007ffa2094a000 	C:\Windows\system32\msvcrt.dll
0x00007ffa20c90000 - 0x00007ffa20ce9000 	C:\Windows\SYSTEM32\sechost.dll
0x00007ffa21060000 - 0x00007ffa211a1000 	C:\Windows\system32\RPCRT4.dll
0x00007ffa20350000 - 0x00007ffa2049f000 	C:\Windows\system32\GDI32.dll
0x00007ffa206c0000 - 0x00007ffa206f6000 	C:\Windows\system32\IMM32.DLL
0x00007ffa20980000 - 0x00007ffa20ad2000 	C:\Windows\system32\MSCTF.dll
0x0000000069930000 - 0x0000000069a02000 	C:\Program Files\Android\Android Studio\jre\jre\bin\msvcr100.dll
0x0000000069a50000 - 0x000000006a284000 	C:\Program Files\Android\Android Studio\jre\jre\bin\server\jvm.dll
0x00007ffa15b80000 - 0x00007ffa15b89000 	C:\Windows\SYSTEM32\WSOCK32.dll
0x00007ffa1d1a0000 - 0x00007ffa1d1c2000 	C:\Windows\SYSTEM32\WINMM.dll
0x00007ffa19340000 - 0x00007ffa1934a000 	C:\Windows\SYSTEM32\VERSION.dll
0x00007ffa20330000 - 0x00007ffa20337000 	C:\Windows\system32\PSAPI.DLL
0x00007ffa22c50000 - 0x00007ffa22caa000 	C:\Windows\system32\WS2_32.dll
0x00007ffa1d150000 - 0x00007ffa1d17a000 	C:\Windows\SYSTEM32\WINMMBASE.dll
0x00007ffa211b0000 - 0x00007ffa211b9000 	C:\Windows\system32\NSI.dll
0x00007ffa202e0000 - 0x00007ffa2032f000 	C:\Windows\SYSTEM32\cfgmgr32.dll
0x00007ffa1ebf0000 - 0x00007ffa1ec18000 	C:\Windows\SYSTEM32\DEVOBJ.dll
0x00007ffa08520000 - 0x00007ffa0852f000 	C:\Program Files\Android\Android Studio\jre\jre\bin\verify.dll
0x00007ffa067a0000 - 0x00007ffa067c9000 	C:\Program Files\Android\Android Studio\jre\jre\bin\java.dll
0x00007ff9f63e0000 - 0x00007ff9f63f6000 	C:\Program Files\Android\Android Studio\jre\jre\bin\zip.dll

VM Arguments:
jvm_args: -Djava.awt.headless=true -Xmx1024M -Dfile.encoding=windows-1252 -Duser.country=US -Duser.language=en -Duser.variant 
java_command: com.android.dx.command.Main --dex --num-threads=4 --output D:\Android\AndroidStudio\KalbecallPlanMobile\app\build\intermediates\pre-dexed\debug\com.android.support-recyclerview-v7-24.1.1_6685feb5259deb3670635d8fd475b7ac2c89b389.jar D:\Android\AndroidStudio\KalbecallPlanMobile\app\build\intermediates\exploded-aar\com.android.support\recyclerview-v7\24.1.1\jars\classes.jar
java_class_path (initial): D:\Android\AndroidSDK\build-tools\24.0.1\lib\dx.jar
Launcher Type: SUN_STANDARD

Environment Variables:
PATH=C:\ProgramData\Oracle\Java\javapath;C:\app\DevSuiteHome_1\jdk\jre\bin\classic;C:\app\DevSuiteHome_1\jdk\jre\bin;C:\app\DevSuiteHome_1\jdk\jre\bin\client;C:\app\DevSuiteHome_1\jlib;C:\app\DevSuiteHome_1\bin;C:\app\DevSuiteHome_1\jre\1.4.2\bin\client;C:\app\DevSuiteHome_1\jre\1.4.2\bin;C:\app\rhezaTesar\product\11.2.0\client_1;C:\app\rhezaTesar\product\11.2.0\client_1\bin;C:\Program Files (x86)\Intel\iCLS Client\;C:\Program Files\Intel\iCLS Client\;C:\Windows\system32;C:\Windows;C:\Windows\System32\Wbem;C:\Windows\System32\WindowsPowerShell\v1.0\;C:\Program Files\Intel\Intel(R) Management Engine Components\DAL;C:\Program Files (x86)\Intel\Intel(R) Management Engine Components\DAL;C:\Program Files\Intel\Intel(R) Management Engine Components\IPT;C:\Program Files (x86)\Intel\Intel(R) Management Engine Components\IPT;C:\Program Files\Intel\WiFi\bin\;C:\Program Files\Common Files\Intel\WirelessCommon\;C:\Program Files (x86)\Skype\Phone\;C:\Program Files (x86)\Microsoft SQL Server\90\Tools\binn\;C:\Program Files (x86)\Microsoft SQL Server\100\Tools\Bin;C:\Program Files (x86)\Common Files\SYSTEM\MSMAPI\1033;C:\Program Files\Microsoft SQL Server\120\Tools\Binn\;C:\Program Files\Microsoft SQL Server\Client SDK\ODBC\110\Tools\Binn\;C:\Program Files\Microsoft SQL Server\120\DTS\Binn\;C:\Program Files (x86)\Microsoft SQL Server\120\Tools\Binn\ManagementStudio\;C:\Program Files (x86)\Microsoft SQL Server\120\Tools\Binn\;C:\Program Files (x86)\Microsoft SQL Server\120\DTS\Binn\;C:\Program Files\Git\cmd;C:\Program Files\TortoiseSVN\bin;C:\Program Files (x86)\CrSSL\bin
USERNAME=rhezaTesar
OS=Windows_NT
PROCESSOR_IDENTIFIER=Intel64 Family 6 Model 61 Stepping 4, GenuineIntel



---------------  S Y S T E M  ---------------

OS: Windows 8.1 , 64 bit Build 9600 (6.3.9600.17415)

CPU:total 4 (2 cores per cpu, 2 threads per core) family 6 model 61 stepping 4, cmov, cx8, fxsr, mmx, sse, sse2, sse3, ssse3, sse4.1, sse4.2, popcnt, avx, avx2, aes, clmul, erms, 3dnowpref, lzcnt, ht, tsc, tscinvbit, bmi1, bmi2, adx

Memory: 4k page, physical 8277100k(1181968k free), swap 9848940k(11516k free)

vm_info: OpenJDK 64-Bit Server VM (25.76-b03) for windows-amd64 JRE (1.8.0_76-release-b03), built on Jun 29 2016 19:09:20 by "ralucas" with MS VC++ 10.0 (VS2010)

time: Tue Sep 27 18:47:10 2016
elapsed time: 2 seconds (0d 0h 0m 2s)

