#
# There is insufficient memory for the Java Runtime Environment to continue.
# Native memory allocation (malloc) failed to allocate 368576 bytes for Chunk::new
# Possible reasons:
#   The system is out of physical RAM or swap space
#   In 32 bit mode, the process size limit was hit
# Possible solutions:
#   Reduce memory load on the system
#   Increase physical memory or swap space
#   Check if swap backing store is full
#   Use 64 bit Java on a 64 bit OS
#   Decrease Java heap size (-Xmx/-Xms)
#   Decrease number of Java threads
#   Decrease Java thread stack sizes (-Xss)
#   Set larger code cache with -XX:ReservedCodeCacheSize=
# This output file may be truncated or incomplete.
#
#  Out of Memory Error (allocation.cpp:390), pid=3540, tid=0x0000000000002868
#
# JRE version: OpenJDK Runtime Environment (8.0_76-b03) (build 1.8.0_76-release-b03)
# Java VM: OpenJDK 64-Bit Server VM (25.76-b03 mixed mode windows-amd64 compressed oops)
# Failed to write core dump. Minidumps are not enabled by default on client versions of Windows
#

---------------  T H R E A D  ---------------

Current thread (0x0000000014cd8000):  JavaThread "C2 CompilerThread0" daemon [_thread_in_native, id=10344, stack(0x0000000016440000,0x0000000016540000)]

Stack: [0x0000000016440000,0x0000000016540000]
[error occurred during error reporting (printing stack bounds), id 0xc0000005]

Native frames: (J=compiled Java code, j=interpreted, Vv=VM code, C=native code)


Current CompileTask:
C2:   3176  653       4       com.android.dx.ssa.SsaBasicBlock::forEachInsn (37 bytes)


---------------  P R O C E S S  ---------------

Java Threads: ( => current thread )
  0x0000000016981800 JavaThread "pool-1-thread-4" [_thread_in_Java, id=5580, stack(0x0000000017140000,0x0000000017240000)]
  0x0000000016980800 JavaThread "pool-1-thread-3" [_thread_in_Java, id=10220, stack(0x0000000017040000,0x0000000017140000)]
  0x000000001697f800 JavaThread "pool-1-thread-2" [_thread_in_Java, id=9548, stack(0x0000000016f40000,0x0000000017040000)]
  0x00000000168ce800 JavaThread "pool-2-thread-1" [_thread_blocked, id=11600, stack(0x0000000016e40000,0x0000000016f40000)]
  0x00000000168c9000 JavaThread "pool-1-thread-1" [_thread_in_Java, id=11180, stack(0x0000000016d40000,0x0000000016e40000)]
  0x000000001674d000 JavaThread "Service Thread" daemon [_thread_blocked, id=3004, stack(0x0000000016b40000,0x0000000016c40000)]
  0x0000000014d2c000 JavaThread "C1 CompilerThread2" daemon [_thread_in_native, id=11988, stack(0x0000000016640000,0x0000000016740000)]
  0x0000000014d25800 JavaThread "C2 CompilerThread1" daemon [_thread_in_native, id=10424, stack(0x0000000016540000,0x0000000016640000)]
=>0x0000000014cd8000 JavaThread "C2 CompilerThread0" daemon [_thread_in_native, id=10344, stack(0x0000000016440000,0x0000000016540000)]
  0x0000000014cd6800 JavaThread "Attach Listener" daemon [_thread_blocked, id=12172, stack(0x0000000016340000,0x0000000016440000)]
  0x0000000014cd5000 JavaThread "Signal Dispatcher" daemon [_thread_blocked, id=7264, stack(0x0000000016240000,0x0000000016340000)]
  0x0000000014cb8800 JavaThread "Finalizer" daemon [_thread_blocked, id=11468, stack(0x0000000015f40000,0x0000000016040000)]
  0x00000000025f1000 JavaThread "Reference Handler" daemon [_thread_blocked, id=12152, stack(0x0000000015e40000,0x0000000015f40000)]
  0x00000000023fd800 JavaThread "main" [_thread_in_Java, id=10784, stack(0x0000000002400000,0x0000000002500000)]

Other Threads:
  0x0000000014c95800 VMThread [stack: 0x0000000015d40000,0x0000000015e40000] [id=9676]
  0x0000000016742000 WatcherThread [stack: 0x0000000016c40000,0x0000000016d40000] [id=11460]

VM state:not at safepoint (normal execution)

VM Mutex/Monitor currently owned by a thread: None

Heap:
 PSYoungGen      total 38400K, used 16280K [0x00000000eab00000, 0x00000000ed580000, 0x0000000100000000)
  eden space 33280K, 48% used [0x00000000eab00000,0x00000000ebae6390,0x00000000ecb80000)
  from space 5120K, 0% used [0x00000000ed080000,0x00000000ed080000,0x00000000ed580000)
  to   space 5120K, 0% used [0x00000000ecb80000,0x00000000ecb80000,0x00000000ed080000)
 ParOldGen       total 87552K, used 0K [0x00000000c0000000, 0x00000000c5580000, 0x00000000eab00000)
  object space 87552K, 0% used [0x00000000c0000000,0x00000000c0000000,0x00000000c5580000)
 Metaspace       used 5565K, capacity 6704K, committed 6784K, reserved 1056768K
  class space    used 562K, capacity 616K, committed 640K, reserved 1048576K

Card table byte_map: [0x00000000119c0000,0x0000000011bd0000] byte_map_base: 0x00000000113c0000

Marking Bits: (ParMarkBitMap*) 0x000000006e0f9d00
 Begin Bits: [0x0000000012130000, 0x0000000013130000)
 End Bits:   [0x0000000013130000, 0x0000000014130000)

Polling page: 0x0000000000af0000

CodeCache: size=245760Kb used=2928Kb max_used=2928Kb free=242831Kb
 bounds [0x0000000002600000, 0x00000000028e0000, 0x0000000011600000]
 total_blobs=955 nmethods=693 adapters=176
 compilation: enabled

Compilation events (10 events):
Event: 3.172 Thread 0x0000000014d2c000 nmethod 706 0x00000000028d7b90 code [0x00000000028d7d20, 0x00000000028d8130]
Event: 3.172 Thread 0x0000000014d2c000  678       3       com.android.dx.ssa.SsaRenamer$BlockRenamer::visitNonMoveInsn (14 bytes)
Event: 3.173 Thread 0x0000000014d2c000 nmethod 678 0x00000000028d8310 code [0x00000000028d8480, 0x00000000028d86d8]
Event: 3.173 Thread 0x0000000014d2c000  676       3       com.android.dx.rop.code.ThrowingCstInsn::<init> (51 bytes)
Event: 3.173 Thread 0x0000000014d2c000 nmethod 676 0x00000000028d87d0 code [0x00000000028d89a0, 0x00000000028d8f98]
Event: 3.173 Thread 0x0000000014d2c000  708       3       com.android.dx.ssa.back.RegisterAllocator::getDefinitionSpecForSsaReg (22 bytes)
Event: 3.173 Thread 0x0000000014d2c000 nmethod 708 0x00000000028d9250 code [0x00000000028d93c0, 0x00000000028d96c8]
Event: 3.173 Thread 0x0000000014d2c000  709       3       com.android.dx.ssa.SsaRenamer$BlockRenamer::processResultReg (56 bytes)
Event: 3.174 Thread 0x0000000014d2c000 nmethod 709 0x00000000028d97d0 code [0x00000000028d99a0, 0x00000000028da258]
Event: 3.174 Thread 0x0000000014d2c000  710       3       com.android.dx.rop.code.BasicBlock::getLastInsn (8 bytes)

GC Heap History (0 events):
No events

Deoptimization events (2 events):
Event: 3.051 Thread 0x0000000016981800 Uncommon trap: reason=unstable_if action=reinterpret pc=0x0000000002863070 method=java.util.BitSet.nextSetBit(I)I @ 87
Event: 3.059 Thread 0x00000000168c9000 Uncommon trap: reason=unstable_if action=reinterpret pc=0x0000000002824ce4 method=java.util.HashMap.getNode(ILjava/lang/Object;)Ljava/util/HashMap$Node; @ 129

Internal exceptions (2 events):
Event: 0.052 Thread 0x00000000023fd800 Exception <a 'java/lang/NoSuchMethodError': Method sun.misc.Unsafe.defineClass(Ljava/lang/String;[BII)Ljava/lang/Class; name or signature does not match> (0x00000000eab07cc0) thrown at [C:\src\android\AOSP-openjdk\external\jetbrains\jdk\hotspot\src\share\v6πυ0	Γͺ?
Event: 0.052 Thread 0x00000000023fd800 Exception <a 'java/lang/NoSuchMethodError': Method sun.misc.Unsafe.prefetchRead(Ljava/lang/Object;J)V name or signature does not match> (0x00000000eab07fa8) thrown at [C:\src\android\AOSP-openjdk\external\jetbrains\jdk\hotspot\src\share\vm\prims\jni.cpp, l

Events (10 events):
Event: 3.097 loading class com/android/dx/dex/file/MethodAnnotationStruct
Event: 3.097 loading class com/android/dx/dex/file/MethodAnnotationStruct done
Event: 3.121 loading class com/android/dx/dex/file/ParameterAnnotationStruct
Event: 3.121 loading class com/android/dx/dex/file/ParameterAnnotationStruct done
Event: 3.122 loading class com/android/dx/dex/file/UniformListItem
Event: 3.122 loading class com/android/dx/dex/file/UniformListItem done
Event: 3.122 loading class com/android/dx/dex/file/AnnotationSetRefItem
Event: 3.122 loading class com/android/dx/dex/file/AnnotationSetRefItem done
Event: 3.158 loading class java/util/ArrayList$1
Event: 3.158 loading class java/util/ArrayList$1 done


Dynamic libraries:
0x00007ff70ea90000 - 0x00007ff70eac1000 	C:\Program Files\Android\Android Studio\jre\bin\java.exe
0x00007ffa5eba0000 - 0x00007ffa5ed4c000 	C:\Windows\SYSTEM32\ntdll.dll
0x00007ffa5c660000 - 0x00007ffa5c79e000 	C:\Windows\system32\KERNEL32.DLL
0x00007ffa5bed0000 - 0x00007ffa5bfe5000 	C:\Windows\system32\KERNELBASE.dll
0x00007ffa5e900000 - 0x00007ffa5e9aa000 	C:\Windows\system32\ADVAPI32.dll
0x00007ffa5ca20000 - 0x00007ffa5cb97000 	C:\Windows\system32\USER32.dll
0x00007ffa593c0000 - 0x00007ffa5963a000 	C:\Windows\WinSxS\amd64_microsoft.windows.common-controls_6595b64144ccf1df_6.0.9600.17810_none_6240b9c7ecbd0bda\COMCTL32.dll
0x00007ffa5c220000 - 0x00007ffa5c2ca000 	C:\Windows\system32\msvcrt.dll
0x00007ffa5cd50000 - 0x00007ffa5cda9000 	C:\Windows\SYSTEM32\sechost.dll
0x00007ffa5d060000 - 0x00007ffa5d1a1000 	C:\Windows\system32\RPCRT4.dll
0x00007ffa5e7a0000 - 0x00007ffa5e8ef000 	C:\Windows\system32\GDI32.dll
0x00007ffa5c810000 - 0x00007ffa5c846000 	C:\Windows\system32\IMM32.DLL
0x00007ffa5c8c0000 - 0x00007ffa5ca12000 	C:\Windows\system32\MSCTF.dll
0x000000006e6f0000 - 0x000000006e7c2000 	C:\Program Files\Android\Android Studio\jre\jre\bin\msvcr100.dll
0x000000006d940000 - 0x000000006e174000 	C:\Program Files\Android\Android Studio\jre\jre\bin\server\jvm.dll
0x00007ffa51770000 - 0x00007ffa51779000 	C:\Windows\SYSTEM32\WSOCK32.dll
0x00007ffa57460000 - 0x00007ffa57482000 	C:\Windows\SYSTEM32\WINMM.dll
0x00007ffa56a90000 - 0x00007ffa56a9a000 	C:\Windows\SYSTEM32\VERSION.dll
0x00007ffa5c800000 - 0x00007ffa5c807000 	C:\Windows\system32\PSAPI.DLL
0x00007ffa5c850000 - 0x00007ffa5c8aa000 	C:\Windows\system32\WS2_32.dll
0x00007ffa57430000 - 0x00007ffa5745a000 	C:\Windows\SYSTEM32\WINMMBASE.dll
0x00007ffa5e9b0000 - 0x00007ffa5e9b9000 	C:\Windows\system32\NSI.dll
0x00007ffa5c1d0000 - 0x00007ffa5c21f000 	C:\Windows\SYSTEM32\cfgmgr32.dll
0x00007ffa5ab00000 - 0x00007ffa5ab28000 	C:\Windows\SYSTEM32\DEVOBJ.dll
0x00007ffa33b00000 - 0x00007ffa33b0f000 	C:\Program Files\Android\Android Studio\jre\jre\bin\verify.dll
0x00007ffa33ad0000 - 0x00007ffa33af9000 	C:\Program Files\Android\Android Studio\jre\jre\bin\java.dll
0x00007ffa33ab0000 - 0x00007ffa33ac6000 	C:\Program Files\Android\Android Studio\jre\jre\bin\zip.dll
0x00007ffa5d270000 - 0x00007ffa5e79b000 	C:\Windows\system32\SHELL32.dll
0x00007ffa5cdd0000 - 0x00007ffa5cfe1000 	C:\Windows\SYSTEM32\combase.dll
0x00007ffa5c2d0000 - 0x00007ffa5c324000 	C:\Windows\system32\SHLWAPI.dll
0x00007ffa5a2c0000 - 0x00007ffa5a372000 	C:\Windows\SYSTEM32\SHCORE.dll
0x00007ffa5bcf0000 - 0x00007ffa5bd05000 	C:\Windows\SYSTEM32\profapi.dll

VM Arguments:
jvm_args: -Djava.awt.headless=true -Xmx1024M -Dfile.encoding=windows-1252 -Duser.country=US -Duser.language=en -Duser.variant 
java_command: com.android.dx.command.Main --dex --num-threads=4 --output D:\Android\AndroidStudio\KalbecallPlanMobile\app\build\intermediates\pre-dexed\debug\com.android.support-support-fragment-24.2.1_6f608b28650251270df9483463138666678c8e87.jar D:\Android\AndroidStudio\KalbecallPlanMobile\app\build\intermediates\exploded-aar\com.android.support\support-fragment\24.2.1\jars\classes.jar
java_class_path (initial): D:\Android\AndroidSDK\build-tools\24.0.1\lib\dx.jar
Launcher Type: SUN_STANDARD

Environment Variables:
PATH=C:\ProgramData\Oracle\Java\javapath;C:\app\DevSuiteHome_1\jdk\jre\bin\classic;C:\app\DevSuiteHome_1\jdk\jre\bin;C:\app\DevSuiteHome_1\jdk\jre\bin\client;C:\app\DevSuiteHome_1\jlib;C:\app\DevSuiteHome_1\bin;C:\app\DevSuiteHome_1\jre\1.4.2\bin\client;C:\app\DevSuiteHome_1\jre\1.4.2\bin;C:\app\rhezaTesar\product\11.2.0\client_1;C:\app\rhezaTesar\product\11.2.0\client_1\bin;C:\Program Files (x86)\Intel\iCLS Client\;C:\Program Files\Intel\iCLS Client\;C:\Windows\system32;C:\Windows;C:\Windows\System32\Wbem;C:\Windows\System32\WindowsPowerShell\v1.0\;C:\Program Files\Intel\Intel(R) Management Engine Components\DAL;C:\Program Files (x86)\Intel\Intel(R) Management Engine Components\DAL;C:\Program Files\Intel\Intel(R) Management Engine Components\IPT;C:\Program Files (x86)\Intel\Intel(R) Management Engine Components\IPT;C:\Program Files\Intel\WiFi\bin\;C:\Program Files\Common Files\Intel\WirelessCommon\;C:\Program Files (x86)\Skype\Phone\;C:\Program Files (x86)\Microsoft SQL Server\90\Tools\binn\;C:\Program Files (x86)\Microsoft SQL Server\100\Tools\Bin;C:\Program Files (x86)\Common Files\SYSTEM\MSMAPI\1033;C:\Program Files\Microsoft SQL Server\120\Tools\Binn\;C:\Program Files\Microsoft SQL Server\Client SDK\ODBC\110\Tools\Binn\;C:\Program Files\Microsoft SQL Server\120\DTS\Binn\;C:\Program Files (x86)\Microsoft SQL Server\120\Tools\Binn\ManagementStudio\;C:\Program Files (x86)\Microsoft SQL Server\120\Tools\Binn\;C:\Program Files (x86)\Microsoft SQL Server\120\DTS\Binn\;C:\Program Files\Git\cmd;C:\Program Files\TortoiseSVN\bin;
USERNAME=rhezaTesar
OS=Windows_NT
PROCESSOR_IDENTIFIER=Intel64 Family 6 Model 61 Stepping 4, GenuineIntel



---------------  S Y S T E M  ---------------

OS: Windows 8.1 , 64 bit Build 9600 (6.3.9600.17415)

CPU:total 4 (2 cores per cpu, 2 threads per core) family 6 model 61 stepping 4, cmov, cx8, fxsr, mmx, sse, sse2, sse3, ssse3, sse4.1, sse4.2, popcnt, avx, avx2, aes, clmul, erms, 3dnowpref, lzcnt, ht, tsc, tscinvbit, bmi1, bmi2, adx

Memory: 4k page, physical 8277100k(1139640k free), swap 9848940k(5136k free)

vm_info: OpenJDK 64-Bit Server VM (25.76-b03) for windows-amd64 JRE (1.8.0_76-release-b03), built on Jun 29 2016 19:09:20 by "ralucas" with MS VC++ 10.0 (VS2010)

time: Mon Mar 20 14:50:04 2017
elapsed time: 3 seconds (0d 0h 0m 3s)

