#
# There is insufficient memory for the Java Runtime Environment to continue.
# Native memory allocation (malloc) failed to allocate 392336 bytes for Chunk::new
# Possible reasons:
#   The system is out of physical RAM or swap space
#   In 32 bit mode, the process size limit was hit
# Possible solutions:
#   Reduce memory load on the system
#   Increase physical memory or swap space
#   Check if swap backing store is full
#   Use 64 bit Java on a 64 bit OS
#   Decrease Java heap size (-Xmx/-Xms)
#   Decrease number of Java threads
#   Decrease Java thread stack sizes (-Xss)
#   Set larger code cache with -XX:ReservedCodeCacheSize=
# This output file may be truncated or incomplete.
#
#  Out of Memory Error (allocation.cpp:390), pid=12080, tid=0x0000000000002500
#
# JRE version: OpenJDK Runtime Environment (8.0_76-b03) (build 1.8.0_76-release-b03)
# Java VM: OpenJDK 64-Bit Server VM (25.76-b03 mixed mode windows-amd64 compressed oops)
# Failed to write core dump. Minidumps are not enabled by default on client versions of Windows
#

---------------  T H R E A D  ---------------

Current thread (0x0000000014608000):  JavaThread "C2 CompilerThread0" daemon [_thread_in_native, id=9472, stack(0x0000000015d70000,0x0000000015e70000)]

Stack: [0x0000000015d70000,0x0000000015e70000]
[error occurred during error reporting (printing stack bounds), id 0xc0000005]

Native frames: (J=compiled Java code, j=interpreted, Vv=VM code, C=native code)


Current CompileTask:
C2:   2187 1525       4       com.android.dx.dex.code.RopToDop::dopFor (792 bytes)


---------------  P R O C E S S  ---------------

Java Threads: ( => current thread )
  0x00000000162d1800 JavaThread "pool-1-thread-4" [_thread_in_Java, id=4288, stack(0x0000000016a70000,0x0000000016b70000)]
  0x0000000016336800 JavaThread "pool-1-thread-3" [_thread_in_Java, id=10628, stack(0x0000000016970000,0x0000000016a70000)]
  0x00000000162e9800 JavaThread "pool-1-thread-2" [_thread_blocked, id=10784, stack(0x0000000016870000,0x0000000016970000)]
  0x00000000162c8800 JavaThread "pool-2-thread-1" [_thread_blocked, id=1716, stack(0x0000000016770000,0x0000000016870000)]
  0x00000000162c7800 JavaThread "pool-1-thread-1" [_thread_blocked, id=5632, stack(0x0000000016670000,0x0000000016770000)]
  0x000000001608e000 JavaThread "Service Thread" daemon [_thread_blocked, id=11332, stack(0x0000000016470000,0x0000000016570000)]
  0x00000000145fe800 JavaThread "C1 CompilerThread2" daemon [_thread_blocked, id=6400, stack(0x0000000015f70000,0x0000000016070000)]
  0x00000000145f7800 JavaThread "C2 CompilerThread1" daemon [_thread_in_native, id=11508, stack(0x0000000015e70000,0x0000000015f70000)]
=>0x0000000014608000 JavaThread "C2 CompilerThread0" daemon [_thread_in_native, id=9472, stack(0x0000000015d70000,0x0000000015e70000)]
  0x0000000014606800 JavaThread "Attach Listener" daemon [_thread_blocked, id=11292, stack(0x0000000015c70000,0x0000000015d70000)]
  0x0000000014605000 JavaThread "Signal Dispatcher" daemon [_thread_blocked, id=820, stack(0x0000000015b70000,0x0000000015c70000)]
  0x00000000145e8800 JavaThread "Finalizer" daemon [_thread_blocked, id=12140, stack(0x0000000015870000,0x0000000015970000)]
  0x0000000001f21000 JavaThread "Reference Handler" daemon [_thread_blocked, id=1164, stack(0x0000000015770000,0x0000000015870000)]
  0x000000000045d800 JavaThread "main" [_thread_blocked, id=12008, stack(0x0000000001d00000,0x0000000001e00000)]

Other Threads:
  0x00000000145c5800 VMThread [stack: 0x0000000015670000,0x0000000015770000] [id=11536]
  0x000000001608e800 WatcherThread [stack: 0x0000000016570000,0x0000000016670000] [id=1472]

VM state:not at safepoint (normal execution)

VM Mutex/Monitor currently owned by a thread: None

Heap:
 PSYoungGen      total 71680K, used 19473K [0x00000000eab00000, 0x00000000ef600000, 0x0000000100000000)
  eden space 66560K, 21% used [0x00000000eab00000,0x00000000eb90bee8,0x00000000eec00000)
  from space 5120K, 99% used [0x00000000ef100000,0x00000000ef5f87d8,0x00000000ef600000)
  to   space 5120K, 0% used [0x00000000eec00000,0x00000000eec00000,0x00000000ef100000)
 ParOldGen       total 87552K, used 5153K [0x00000000c0000000, 0x00000000c5580000, 0x00000000eab00000)
  object space 87552K, 5% used [0x00000000c0000000,0x00000000c0508580,0x00000000c5580000)
 Metaspace       used 6059K, capacity 7088K, committed 7296K, reserved 1056768K
  class space    used 566K, capacity 616K, committed 640K, reserved 1048576K

Card table byte_map: [0x00000000112f0000,0x0000000011500000] byte_map_base: 0x0000000010cf0000

Marking Bits: (ParMarkBitMap*) 0x000000006e0f9d00
 Begin Bits: [0x0000000011a60000, 0x0000000012a60000)
 End Bits:   [0x0000000012a60000, 0x0000000013a60000)

Polling page: 0x0000000000440000

CodeCache: size=245760Kb used=6783Kb max_used=6783Kb free=238976Kb
 bounds [0x0000000001f30000, 0x00000000025e0000, 0x0000000010f30000]
 total_blobs=1815 nmethods=1550 adapters=179
 compilation: enabled

Compilation events (10 events):
Event: 2.134 Thread 0x00000000145fe800 1558       1       java.util.HashMap$Node::getKey (5 bytes)
Event: 2.134 Thread 0x00000000145fe800 nmethod 1558 0x00000000025d1790 code [0x00000000025d18e0, 0x00000000025d19f0]
Event: 2.149 Thread 0x00000000145fe800 1559       3       com.android.dx.cf.attrib.RawAttribute::<init> (17 bytes)
Event: 2.149 Thread 0x00000000145fe800 nmethod 1559 0x00000000025d1a50 code [0x00000000025d1c00, 0x00000000025d21e8]
Event: 2.163 Thread 0x00000000145fe800 1560       3       com.android.dx.cf.code.OneLocalsArray::makeInitialized (55 bytes)
Event: 2.164 Thread 0x00000000145fe800 nmethod 1560 0x00000000025d2550 code [0x00000000025d2700, 0x00000000025d2db8]
Event: 2.166 Thread 0x00000000145fe800 1561       3       com.android.dx.util.Hex::u2 (44 bytes)
Event: 2.167 Thread 0x00000000145fe800 nmethod 1561 0x00000000025d30d0 code [0x00000000025d3280, 0x00000000025d38f8]
Event: 2.181 Thread 0x00000000145fe800 1562       3       com.android.dx.ssa.PhiInsn::mapSourceRegisters (78 bytes)
Event: 2.182 Thread 0x00000000145fe800 nmethod 1562 0x00000000025d3bd0 code [0x00000000025d3dc0, 0x00000000025d4768]

GC Heap History (4 events):
Event: 1.276 GC heap before
{Heap before GC invocations=1 (full 0):
 PSYoungGen      total 38400K, used 33280K [0x00000000eab00000, 0x00000000ed580000, 0x0000000100000000)
  eden space 33280K, 100% used [0x00000000eab00000,0x00000000ecb80000,0x00000000ecb80000)
  from space 5120K, 0% used [0x00000000ed080000,0x00000000ed080000,0x00000000ed580000)
  to   space 5120K, 0% used [0x00000000ecb80000,0x00000000ecb80000,0x00000000ed080000)
 ParOldGen       total 87552K, used 0K [0x00000000c0000000, 0x00000000c5580000, 0x00000000eab00000)
  object space 87552K, 0% used [0x00000000c0000000,0x00000000c0000000,0x00000000c5580000)
 Metaspace       used 5897K, capacity 6960K, committed 7040K, reserved 1056768K
  class space    used 566K, capacity 616K, committed 640K, reserved 1048576K
Event: 1.296 GC heap after
Heap after GC invocations=1 (full 0):
 PSYoungGen      total 38400K, used 5092K [0x00000000eab00000, 0x00000000ef600000, 0x0000000100000000)
  eden space 33280K, 0% used [0x00000000eab00000,0x00000000eab00000,0x00000000ecb80000)
  from space 5120K, 99% used [0x00000000ecb80000,0x00000000ed079148,0x00000000ed080000)
  to   space 5120K, 0% used [0x00000000ef100000,0x00000000ef100000,0x00000000ef600000)
 ParOldGen       total 87552K, used 941K [0x00000000c0000000, 0x00000000c5580000, 0x00000000eab00000)
  object space 87552K, 1% used [0x00000000c0000000,0x00000000c00eb4d0,0x00000000c5580000)
 Metaspace       used 5897K, capacity 6960K, committed 7040K, reserved 1056768K
  class space    used 566K, capacity 616K, committed 640K, reserved 1048576K
}
Event: 2.033 GC heap before
{Heap before GC invocations=2 (full 0):
 PSYoungGen      total 38400K, used 38372K [0x00000000eab00000, 0x00000000ef600000, 0x0000000100000000)
  eden space 33280K, 100% used [0x00000000eab00000,0x00000000ecb80000,0x00000000ecb80000)
  from space 5120K, 99% used [0x00000000ecb80000,0x00000000ed079148,0x00000000ed080000)
  to   space 5120K, 0% used [0x00000000ef100000,0x00000000ef100000,0x00000000ef600000)
 ParOldGen       total 87552K, used 941K [0x00000000c0000000, 0x00000000c5580000, 0x00000000eab00000)
  object space 87552K, 1% used [0x00000000c0000000,0x00000000c00eb4d0,0x00000000c5580000)
 Metaspace       used 6052K, capacity 7088K, committed 7296K, reserved 1056768K
  class space    used 566K, capacity 616K, committed 640K, reserved 1048576K
Event: 2.085 GC heap after
Heap after GC invocations=2 (full 0):
 PSYoungGen      total 71680K, used 5089K [0x00000000eab00000, 0x00000000ef600000, 0x0000000100000000)
  eden space 66560K, 0% used [0x00000000eab00000,0x00000000eab00000,0x00000000eec00000)
  from space 5120K, 99% used [0x00000000ef100000,0x00000000ef5f87d8,0x00000000ef600000)
  to   space 5120K, 0% used [0x00000000eec00000,0x00000000eec00000,0x00000000ef100000)
 ParOldGen       total 87552K, used 5153K [0x00000000c0000000, 0x00000000c5580000, 0x00000000eab00000)
  object space 87552K, 5% used [0x00000000c0000000,0x00000000c0508580,0x00000000c5580000)
 Metaspace       used 6052K, capacity 7088K, committed 7296K, reserved 1056768K
  class space    used 566K, capacity 616K, committed 640K, reserved 1048576K
}

Deoptimization events (10 events):
Event: 1.331 Thread 0x00000000162e9800 Uncommon trap: reason=bimorphic action=maybe_recompile pc=0x000000000216c670 method=java.util.HashMap.getNode(ILjava/lang/Object;)Ljava/util/HashMap$Node; @ 126
Event: 1.715 Thread 0x0000000016336800 Uncommon trap: reason=unstable_if action=reinterpret pc=0x00000000025435f8 method=com.android.dx.ssa.SCCP.simulateBranch(Lcom/android/dx/ssa/SsaInsn;)V @ 64
Event: 1.735 Thread 0x000000000045d800 Uncommon trap: reason=unstable_if action=reinterpret pc=0x0000000002204190 method=java.lang.String.<init>([CII)V @ 18
Event: 1.789 Thread 0x000000000045d800 Uncommon trap: reason=unloaded action=reinterpret pc=0x0000000002429ca8 method=com.android.dx.cf.cst.ConstantPoolParser.parse0(ILjava/util/BitSet;)Lcom/android/dx/rop/cst/Constant; @ 198
Event: 1.955 Thread 0x00000000162d1800 Uncommon trap: reason=unstable_if action=reinterpret pc=0x0000000002199d9c method=com.android.dx.rop.cst.Constant.compareTo(Lcom/android/dx/rop/cst/Constant;)I @ 12
Event: 2.000 Thread 0x0000000016336800 Uncommon trap: reason=uninitialized action=reinterpret pc=0x0000000002510158 method=com.android.dx.cf.code.BytecodeArray.parseInstruction(ILcom/android/dx/cf/code/BytecodeArray$Visitor;)I @ 1095
Event: 2.090 Thread 0x0000000016336800 Uncommon trap: reason=bimorphic action=maybe_recompile pc=0x00000000021de6a8 method=java.util.HashMap.getNode(ILjava/lang/Object;)Ljava/util/HashMap$Node; @ 126
Event: 2.090 Thread 0x0000000016336800 Uncommon trap: reason=bimorphic action=maybe_recompile pc=0x00000000021de6a8 method=java.util.HashMap.getNode(ILjava/lang/Object;)Ljava/util/HashMap$Node; @ 126
Event: 2.090 Thread 0x0000000016336800 Uncommon trap: reason=bimorphic action=maybe_recompile pc=0x000000000216c670 method=java.util.HashMap.getNode(ILjava/lang/Object;)Ljava/util/HashMap$Node; @ 126
Event: 2.103 Thread 0x00000000162c7800 Uncommon trap: reason=bimorphic action=maybe_recompile pc=0x000000000237a60c method=java.util.HashMap.putVal(ILjava/lang/Object;Ljava/lang/Object;ZZ)Ljava/lang/Object; @ 203

Internal exceptions (2 events):
Event: 0.105 Thread 0x000000000045d800 Exception <a 'java/lang/NoSuchMethodError': Method sun.misc.Unsafe.defineClass(Ljava/lang/String;[BII)Ljava/lang/Class; name or signature does not match> (0x00000000eab07cc0) thrown at [C:\src\android\AOSP-openjdk\external\jetbrains\jdk\hotspot\src\share\v5½¤é`ßº?
Event: 0.105 Thread 0x000000000045d800 Exception <a 'java/lang/NoSuchMethodError': Method sun.misc.Unsafe.prefetchRead(Ljava/lang/Object;J)V name or signature does not match> (0x00000000eab07fa8) thrown at [C:\src\android\AOSP-openjdk\external\jetbrains\jdk\hotspot\src\share\vm\prims\jni.cpp, l

Events (10 events):
Event: 2.090 Thread 0x0000000016336800 DEOPT UNPACKING pc=0x0000000001f7556a sp=0x0000000016a6ec00 mode 2
Event: 2.090 Thread 0x0000000016336800 Uncommon trap: trap_request=0xffffffc6 fr.pc=0x00000000021de6a8
Event: 2.090 Thread 0x0000000016336800 DEOPT PACKING pc=0x00000000021de6a8 sp=0x0000000016a6ec80
Event: 2.090 Thread 0x0000000016336800 DEOPT UNPACKING pc=0x0000000001f7556a sp=0x0000000016a6ec00 mode 2
Event: 2.090 Thread 0x0000000016336800 Uncommon trap: trap_request=0xffffffc6 fr.pc=0x000000000216c670
Event: 2.090 Thread 0x0000000016336800 DEOPT PACKING pc=0x000000000216c670 sp=0x0000000016a6e940
Event: 2.090 Thread 0x0000000016336800 DEOPT UNPACKING pc=0x0000000001f7556a sp=0x0000000016a6e858 mode 2
Event: 2.103 Thread 0x00000000162c7800 Uncommon trap: trap_request=0xffffffc6 fr.pc=0x000000000237a60c
Event: 2.103 Thread 0x00000000162c7800 DEOPT PACKING pc=0x000000000237a60c sp=0x000000001676e250
Event: 2.103 Thread 0x00000000162c7800 DEOPT UNPACKING pc=0x0000000001f7556a sp=0x000000001676e1d8 mode 2


Dynamic libraries:
0x00007ff70ea90000 - 0x00007ff70eac1000 	C:\Program Files\Android\Android Studio\jre\bin\java.exe
0x00007ffa5eba0000 - 0x00007ffa5ed4c000 	C:\Windows\SYSTEM32\ntdll.dll
0x00007ffa5c660000 - 0x00007ffa5c79e000 	C:\Windows\system32\KERNEL32.DLL
0x00007ffa5bed0000 - 0x00007ffa5bfe5000 	C:\Windows\system32\KERNELBASE.dll
0x00007ffa5e900000 - 0x00007ffa5e9aa000 	C:\Windows\system32\ADVAPI32.dll
0x00007ffa5ca20000 - 0x00007ffa5cb97000 	C:\Windows\system32\USER32.dll
0x00007ffa593c0000 - 0x00007ffa5963a000 	C:\Windows\WinSxS\amd64_microsoft.windows.common-controls_6595b64144ccf1df_6.0.9600.17810_none_6240b9c7ecbd0bda\COMCTL32.dll
0x00007ffa5c220000 - 0x00007ffa5c2ca000 	C:\Windows\system32\msvcrt.dll
0x00007ffa5cd50000 - 0x00007ffa5cda9000 	C:\Windows\SYSTEM32\sechost.dll
0x00007ffa5d060000 - 0x00007ffa5d1a1000 	C:\Windows\system32\RPCRT4.dll
0x00007ffa5e7a0000 - 0x00007ffa5e8ef000 	C:\Windows\system32\GDI32.dll
0x00007ffa5c810000 - 0x00007ffa5c846000 	C:\Windows\system32\IMM32.DLL
0x00007ffa5c8c0000 - 0x00007ffa5ca12000 	C:\Windows\system32\MSCTF.dll
0x000000006e6f0000 - 0x000000006e7c2000 	C:\Program Files\Android\Android Studio\jre\jre\bin\msvcr100.dll
0x000000006d940000 - 0x000000006e174000 	C:\Program Files\Android\Android Studio\jre\jre\bin\server\jvm.dll
0x00007ffa51770000 - 0x00007ffa51779000 	C:\Windows\SYSTEM32\WSOCK32.dll
0x00007ffa57460000 - 0x00007ffa57482000 	C:\Windows\SYSTEM32\WINMM.dll
0x00007ffa56a90000 - 0x00007ffa56a9a000 	C:\Windows\SYSTEM32\VERSION.dll
0x00007ffa5c800000 - 0x00007ffa5c807000 	C:\Windows\system32\PSAPI.DLL
0x00007ffa5c850000 - 0x00007ffa5c8aa000 	C:\Windows\system32\WS2_32.dll
0x00007ffa57430000 - 0x00007ffa5745a000 	C:\Windows\SYSTEM32\WINMMBASE.dll
0x00007ffa5e9b0000 - 0x00007ffa5e9b9000 	C:\Windows\system32\NSI.dll
0x00007ffa5c1d0000 - 0x00007ffa5c21f000 	C:\Windows\SYSTEM32\cfgmgr32.dll
0x00007ffa5ab00000 - 0x00007ffa5ab28000 	C:\Windows\SYSTEM32\DEVOBJ.dll
0x00007ffa33b00000 - 0x00007ffa33b0f000 	C:\Program Files\Android\Android Studio\jre\jre\bin\verify.dll
0x00007ffa33ad0000 - 0x00007ffa33af9000 	C:\Program Files\Android\Android Studio\jre\jre\bin\java.dll
0x00007ffa33ab0000 - 0x00007ffa33ac6000 	C:\Program Files\Android\Android Studio\jre\jre\bin\zip.dll
0x00007ffa5d270000 - 0x00007ffa5e79b000 	C:\Windows\system32\SHELL32.dll
0x00007ffa5cdd0000 - 0x00007ffa5cfe1000 	C:\Windows\SYSTEM32\combase.dll
0x00007ffa5c2d0000 - 0x00007ffa5c324000 	C:\Windows\system32\SHLWAPI.dll
0x00007ffa5a2c0000 - 0x00007ffa5a372000 	C:\Windows\SYSTEM32\SHCORE.dll
0x00007ffa5bcf0000 - 0x00007ffa5bd05000 	C:\Windows\SYSTEM32\profapi.dll

VM Arguments:
jvm_args: -Djava.awt.headless=true -Xmx1024M -Dfile.encoding=windows-1252 -Duser.country=US -Duser.language=en -Duser.variant 
java_command: com.android.dx.command.Main --dex --num-threads=4 --output D:\Android\AndroidStudio\KalbecallPlanMobile\app\build\intermediates\pre-dexed\debug\com.android.support-appcompat-v7-24.2.1_81998eef8d5167e67bcb02165561f91a0a83f308.jar D:\Android\AndroidStudio\KalbecallPlanMobile\app\build\intermediates\exploded-aar\com.android.support\appcompat-v7\24.2.1\jars\classes.jar
java_class_path (initial): D:\Android\AndroidSDK\build-tools\24.0.1\lib\dx.jar
Launcher Type: SUN_STANDARD

Environment Variables:
PATH=C:\ProgramData\Oracle\Java\javapath;C:\app\DevSuiteHome_1\jdk\jre\bin\classic;C:\app\DevSuiteHome_1\jdk\jre\bin;C:\app\DevSuiteHome_1\jdk\jre\bin\client;C:\app\DevSuiteHome_1\jlib;C:\app\DevSuiteHome_1\bin;C:\app\DevSuiteHome_1\jre\1.4.2\bin\client;C:\app\DevSuiteHome_1\jre\1.4.2\bin;C:\app\rhezaTesar\product\11.2.0\client_1;C:\app\rhezaTesar\product\11.2.0\client_1\bin;C:\Program Files (x86)\Intel\iCLS Client\;C:\Program Files\Intel\iCLS Client\;C:\Windows\system32;C:\Windows;C:\Windows\System32\Wbem;C:\Windows\System32\WindowsPowerShell\v1.0\;C:\Program Files\Intel\Intel(R) Management Engine Components\DAL;C:\Program Files (x86)\Intel\Intel(R) Management Engine Components\DAL;C:\Program Files\Intel\Intel(R) Management Engine Components\IPT;C:\Program Files (x86)\Intel\Intel(R) Management Engine Components\IPT;C:\Program Files\Intel\WiFi\bin\;C:\Program Files\Common Files\Intel\WirelessCommon\;C:\Program Files (x86)\Skype\Phone\;C:\Program Files (x86)\Microsoft SQL Server\90\Tools\binn\;C:\Program Files (x86)\Microsoft SQL Server\100\Tools\Bin;C:\Program Files (x86)\Common Files\SYSTEM\MSMAPI\1033;C:\Program Files\Microsoft SQL Server\120\Tools\Binn\;C:\Program Files\Microsoft SQL Server\Client SDK\ODBC\110\Tools\Binn\;C:\Program Files\Microsoft SQL Server\120\DTS\Binn\;C:\Program Files (x86)\Microsoft SQL Server\120\Tools\Binn\ManagementStudio\;C:\Program Files (x86)\Microsoft SQL Server\120\Tools\Binn\;C:\Program Files (x86)\Microsoft SQL Server\120\DTS\Binn\;C:\Program Files\Git\cmd;C:\Program Files\TortoiseSVN\bin;
USERNAME=rhezaTesar
OS=Windows_NT
PROCESSOR_IDENTIFIER=Intel64 Family 6 Model 61 Stepping 4, GenuineIntel



---------------  S Y S T E M  ---------------

OS: Windows 8.1 , 64 bit Build 9600 (6.3.9600.17415)

CPU:total 4 (2 cores per cpu, 2 threads per core) family 6 model 61 stepping 4, cmov, cx8, fxsr, mmx, sse, sse2, sse3, ssse3, sse4.1, sse4.2, popcnt, avx, avx2, aes, clmul, erms, 3dnowpref, lzcnt, ht, tsc, tscinvbit, bmi1, bmi2, adx

Memory: 4k page, physical 8277100k(1203636k free), swap 9848940k(5244k free)

vm_info: OpenJDK 64-Bit Server VM (25.76-b03) for windows-amd64 JRE (1.8.0_76-release-b03), built on Jun 29 2016 19:09:20 by "ralucas" with MS VC++ 10.0 (VS2010)

time: Mon Mar 20 14:50:16 2017
elapsed time: 2 seconds (0d 0h 0m 2s)

