#
# There is insufficient memory for the Java Runtime Environment to continue.
# Native memory allocation (malloc) failed to allocate 1286576 bytes for Chunk::new
# Possible reasons:
#   The system is out of physical RAM or swap space
#   In 32 bit mode, the process size limit was hit
# Possible solutions:
#   Reduce memory load on the system
#   Increase physical memory or swap space
#   Check if swap backing store is full
#   Use 64 bit Java on a 64 bit OS
#   Decrease Java heap size (-Xmx/-Xms)
#   Decrease number of Java threads
#   Decrease Java thread stack sizes (-Xss)
#   Set larger code cache with -XX:ReservedCodeCacheSize=
# This output file may be truncated or incomplete.
#
#  Out of Memory Error (allocation.cpp:390), pid=8688, tid=0x0000000000002254
#
# JRE version: OpenJDK Runtime Environment (8.0_76-b03) (build 1.8.0_76-release-b03)
# Java VM: OpenJDK 64-Bit Server VM (25.76-b03 mixed mode windows-amd64 compressed oops)
# Failed to write core dump. Minidumps are not enabled by default on client versions of Windows
#

---------------  T H R E A D  ---------------

Current thread (0x00000000150d5800):  JavaThread "C2 CompilerThread1" daemon [_thread_in_native, id=8788, stack(0x0000000016910000,0x0000000016a10000)]

Stack: [0x0000000016910000,0x0000000016a10000]
[error occurred during error reporting (printing stack bounds), id 0xc0000005]

Native frames: (J=compiled Java code, j=interpreted, Vv=VM code, C=native code)


Current CompileTask:
C2:   8968 2139   !   4       com.android.dx.cf.code.BytecodeArray::parseInstruction (2764 bytes)


---------------  P R O C E S S  ---------------

Java Threads: ( => current thread )
  0x000000001510e000 JavaThread "Service Thread" daemon [_thread_blocked, id=13492, stack(0x0000000016f10000,0x0000000017010000)]
  0x0000000016a11000 JavaThread "C1 CompilerThread2" daemon [_thread_blocked, id=7996, stack(0x0000000016e10000,0x0000000016f10000)]
=>0x00000000150d5800 JavaThread "C2 CompilerThread1" daemon [_thread_in_native, id=8788, stack(0x0000000016910000,0x0000000016a10000)]
  0x00000000150ac000 JavaThread "C2 CompilerThread0" daemon [_thread_in_native, id=9332, stack(0x0000000016810000,0x0000000016910000)]
  0x00000000150aa800 JavaThread "Attach Listener" daemon [_thread_blocked, id=1652, stack(0x0000000016710000,0x0000000016810000)]
  0x000000000290e000 JavaThread "Signal Dispatcher" daemon [_thread_blocked, id=9392, stack(0x0000000016610000,0x0000000016710000)]
  0x0000000015098800 JavaThread "Finalizer" daemon [_thread_blocked, id=5536, stack(0x0000000016310000,0x0000000016410000)]
  0x0000000002901000 JavaThread "Reference Handler" daemon [_thread_blocked, id=9380, stack(0x0000000016210000,0x0000000016310000)]
  0x00000000029dd800 JavaThread "main" [_thread_in_Java, id=11972, stack(0x0000000002700000,0x0000000002800000)]

Other Threads:
  0x0000000015075800 VMThread [stack: 0x0000000016110000,0x0000000016210000] [id=3348]
  0x0000000016a2f000 WatcherThread [stack: 0x0000000017010000,0x0000000017110000] [id=9780]

VM state:not at safepoint (normal execution)

VM Mutex/Monitor currently owned by a thread: None

Heap:
 PSYoungGen      total 161280K, used 123533K [0x00000000eab00000, 0x00000000fe600000, 0x0000000100000000)
  eden space 133120K, 74% used [0x00000000eab00000,0x00000000f0bdf478,0x00000000f2d00000)
  from space 28160K, 86% used [0x00000000fca80000,0x00000000fe244290,0x00000000fe600000)
  to   space 5120K, 0% used [0x00000000f2d00000,0x00000000f2d00000,0x00000000f3200000)
 ParOldGen       total 87552K, used 44293K [0x00000000c0000000, 0x00000000c5580000, 0x00000000eab00000)
  object space 87552K, 50% used [0x00000000c0000000,0x00000000c2b41500,0x00000000c5580000)
 Metaspace       used 6577K, capacity 7286K, committed 7552K, reserved 1056768K
  class space    used 604K, capacity 622K, committed 640K, reserved 1048576K

Card table byte_map: [0x0000000011da0000,0x0000000011fb0000] byte_map_base: 0x00000000117a0000

Marking Bits: (ParMarkBitMap*) 0x000000006f429d00
 Begin Bits: [0x0000000012510000, 0x0000000013510000)
 End Bits:   [0x0000000013510000, 0x0000000014510000)

Polling page: 0x0000000000e70000

CodeCache: size=245760Kb used=9496Kb max_used=9496Kb free=236264Kb
 bounds [0x00000000029e0000, 0x0000000003330000, 0x00000000119e0000]
 total_blobs=2426 nmethods=2157 adapters=182
 compilation: enabled

Compilation events (10 events):
Event: 8.836 Thread 0x0000000016a11000 2221       2       com.android.dx.rop.cst.CstArray::hashCode (8 bytes)
Event: 8.836 Thread 0x0000000016a11000 nmethod 2221 0x000000000331f550 code [0x000000000331f6c0, 0x000000000331f828]
Event: 8.837 Thread 0x0000000016a11000 2222       2       com.android.dx.dex.file.EncodedMethod::compareTo (9 bytes)
Event: 8.837 Thread 0x0000000016a11000 nmethod 2222 0x000000000331f910 code [0x000000000331fa80, 0x000000000331fc28]
Event: 8.837 Thread 0x0000000016a11000 2223       2       com.android.dx.dex.file.EncodedMethod::compareTo (12 bytes)
Event: 8.837 Thread 0x0000000016a11000 nmethod 2223 0x000000000331fd50 code [0x000000000331ff00, 0x00000000033201e8]
Event: 8.837 Thread 0x0000000016a11000 2224       2       com.android.dx.dex.file.EncodedMethod::addContents (35 bytes)
Event: 8.838 Thread 0x0000000016a11000 nmethod 2224 0x0000000003320510 code [0x0000000003320680, 0x0000000003320858]
Event: 8.838 Thread 0x0000000016a11000 2225       2       java.util.Collections::sort (8 bytes)
Event: 8.838 Thread 0x0000000016a11000 nmethod 2225 0x0000000003320990 code [0x0000000003320b00, 0x0000000003320c68]

GC Heap History (10 events):
Event: 3.723 GC heap before
{Heap before GC invocations=2 (full 0):
 PSYoungGen      total 38400K, used 38379K [0x00000000eab00000, 0x00000000ef600000, 0x0000000100000000)
  eden space 33280K, 100% used [0x00000000eab00000,0x00000000ecb80000,0x00000000ecb80000)
  from space 5120K, 99% used [0x00000000ecb80000,0x00000000ed07ae60,0x00000000ed080000)
  to   space 5120K, 0% used [0x00000000ef100000,0x00000000ef100000,0x00000000ef600000)
 ParOldGen       total 87552K, used 198K [0x00000000c0000000, 0x00000000c5580000, 0x00000000eab00000)
  object space 87552K, 0% used [0x00000000c0000000,0x00000000c0031890,0x00000000c5580000)
 Metaspace       used 6079K, capacity 7024K, committed 7296K, reserved 1056768K
  class space    used 579K, capacity 616K, committed 640K, reserved 1048576K
Event: 3.793 GC heap after
Heap after GC invocations=2 (full 0):
 PSYoungGen      total 71680K, used 5114K [0x00000000eab00000, 0x00000000ef600000, 0x0000000100000000)
  eden space 66560K, 0% used [0x00000000eab00000,0x00000000eab00000,0x00000000eec00000)
  from space 5120K, 99% used [0x00000000ef100000,0x00000000ef5fe968,0x00000000ef600000)
  to   space 5120K, 0% used [0x00000000eec00000,0x00000000eec00000,0x00000000ef100000)
 ParOldGen       total 87552K, used 3354K [0x00000000c0000000, 0x00000000c5580000, 0x00000000eab00000)
  object space 87552K, 3% used [0x00000000c0000000,0x00000000c0346b30,0x00000000c5580000)
 Metaspace       used 6079K, capacity 7024K, committed 7296K, reserved 1056768K
  class space    used 579K, capacity 616K, committed 640K, reserved 1048576K
}
Event: 4.293 GC heap before
{Heap before GC invocations=3 (full 0):
 PSYoungGen      total 71680K, used 71674K [0x00000000eab00000, 0x00000000ef600000, 0x0000000100000000)
  eden space 66560K, 100% used [0x00000000eab00000,0x00000000eec00000,0x00000000eec00000)
  from space 5120K, 99% used [0x00000000ef100000,0x00000000ef5fe968,0x00000000ef600000)
  to   space 5120K, 0% used [0x00000000eec00000,0x00000000eec00000,0x00000000ef100000)
 ParOldGen       total 87552K, used 3354K [0x00000000c0000000, 0x00000000c5580000, 0x00000000eab00000)
  object space 87552K, 3% used [0x00000000c0000000,0x00000000c0346b30,0x00000000c5580000)
 Metaspace       used 6217K, capacity 7152K, committed 7296K, reserved 1056768K
  class space    used 579K, capacity 616K, committed 640K, reserved 1048576K
Event: 4.366 GC heap after
Heap after GC invocations=3 (full 0):
 PSYoungGen      total 71680K, used 5106K [0x00000000eab00000, 0x00000000f3700000, 0x0000000100000000)
  eden space 66560K, 0% used [0x00000000eab00000,0x00000000eab00000,0x00000000eec00000)
  from space 5120K, 99% used [0x00000000eec00000,0x00000000ef0fc8e8,0x00000000ef100000)
  to   space 5120K, 0% used [0x00000000f3200000,0x00000000f3200000,0x00000000f3700000)
 ParOldGen       total 87552K, used 13682K [0x00000000c0000000, 0x00000000c5580000, 0x00000000eab00000)
  object space 87552K, 15% used [0x00000000c0000000,0x00000000c0d5c958,0x00000000c5580000)
 Metaspace       used 6217K, capacity 7152K, committed 7296K, reserved 1056768K
  class space    used 579K, capacity 616K, committed 640K, reserved 1048576K
}
Event: 4.781 GC heap before
{Heap before GC invocations=4 (full 0):
 PSYoungGen      total 71680K, used 71666K [0x00000000eab00000, 0x00000000f3700000, 0x0000000100000000)
  eden space 66560K, 100% used [0x00000000eab00000,0x00000000eec00000,0x00000000eec00000)
  from space 5120K, 99% used [0x00000000eec00000,0x00000000ef0fc8e8,0x00000000ef100000)
  to   space 5120K, 0% used [0x00000000f3200000,0x00000000f3200000,0x00000000f3700000)
 ParOldGen       total 87552K, used 13682K [0x00000000c0000000, 0x00000000c5580000, 0x00000000eab00000)
  object space 87552K, 15% used [0x00000000c0000000,0x00000000c0d5c958,0x00000000c5580000)
 Metaspace       used 6266K, capacity 7152K, committed 7296K, reserved 1056768K
  class space    used 579K, capacity 616K, committed 640K, reserved 1048576K
Event: 4.827 GC heap after
Heap after GC invocations=4 (full 0):
 PSYoungGen      total 138240K, used 5106K [0x00000000eab00000, 0x00000000f3700000, 0x0000000100000000)
  eden space 133120K, 0% used [0x00000000eab00000,0x00000000eab00000,0x00000000f2d00000)
  from space 5120K, 99% used [0x00000000f3200000,0x00000000f36fc8c8,0x00000000f3700000)
  to   space 5120K, 0% used [0x00000000f2d00000,0x00000000f2d00000,0x00000000f3200000)
 ParOldGen       total 87552K, used 23698K [0x00000000c0000000, 0x00000000c5580000, 0x00000000eab00000)
  object space 87552K, 27% used [0x00000000c0000000,0x00000000c1724b50,0x00000000c5580000)
 Metaspace       used 6266K, capacity 7152K, committed 7296K, reserved 1056768K
  class space    used 579K, capacity 616K, committed 640K, reserved 1048576K
}
Event: 6.102 GC heap before
{Heap before GC invocations=5 (full 0):
 PSYoungGen      total 138240K, used 138226K [0x00000000eab00000, 0x00000000f3700000, 0x0000000100000000)
  eden space 133120K, 100% used [0x00000000eab00000,0x00000000f2d00000,0x00000000f2d00000)
  from space 5120K, 99% used [0x00000000f3200000,0x00000000f36fc8c8,0x00000000f3700000)
  to   space 5120K, 0% used [0x00000000f2d00000,0x00000000f2d00000,0x00000000f3200000)
 ParOldGen       total 87552K, used 23698K [0x00000000c0000000, 0x00000000c5580000, 0x00000000eab00000)
  object space 87552K, 27% used [0x00000000c0000000,0x00000000c1724b50,0x00000000c5580000)
 Metaspace       used 6443K, capacity 7218K, committed 7296K, reserved 1056768K
  class space    used 598K, capacity 618K, committed 640K, reserved 1048576K
Event: 6.370 GC heap after
Heap after GC invocations=5 (full 0):
 PSYoungGen      total 138240K, used 5096K [0x00000000eab00000, 0x00000000fe600000, 0x0000000100000000)
  eden space 133120K, 0% used [0x00000000eab00000,0x00000000eab00000,0x00000000f2d00000)
  from space 5120K, 99% used [0x00000000f2d00000,0x00000000f31fa310,0x00000000f3200000)
  to   space 28160K, 0% used [0x00000000fca80000,0x00000000fca80000,0x00000000fe600000)
 ParOldGen       total 87552K, used 44293K [0x00000000c0000000, 0x00000000c5580000, 0x00000000eab00000)
  object space 87552K, 50% used [0x00000000c0000000,0x00000000c2b41500,0x00000000c5580000)
 Metaspace       used 6443K, capacity 7218K, committed 7296K, reserved 1056768K
  class space    used 598K, capacity 618K, committed 640K, reserved 1048576K
}
Event: 7.825 GC heap before
{Heap before GC invocations=6 (full 0):
 PSYoungGen      total 138240K, used 138216K [0x00000000eab00000, 0x00000000fe600000, 0x0000000100000000)
  eden space 133120K, 100% used [0x00000000eab00000,0x00000000f2d00000,0x00000000f2d00000)
  from space 5120K, 99% used [0x00000000f2d00000,0x00000000f31fa310,0x00000000f3200000)
  to   space 28160K, 0% used [0x00000000fca80000,0x00000000fca80000,0x00000000fe600000)
 ParOldGen       total 87552K, used 44293K [0x00000000c0000000, 0x00000000c5580000, 0x00000000eab00000)
  object space 87552K, 50% used [0x00000000c0000000,0x00000000c2b41500,0x00000000c5580000)
 Metaspace       used 6485K, capacity 7218K, committed 7296K, reserved 1056768K
  class space    used 598K, capacity 618K, committed 640K, reserved 1048576K
Event: 8.003 GC heap after
Heap after GC invocations=6 (full 0):
 PSYoungGen      total 161280K, used 24336K [0x00000000eab00000, 0x00000000fe600000, 0x0000000100000000)
  eden space 133120K, 0% used [0x00000000eab00000,0x00000000eab00000,0x00000000f2d00000)
  from space 28160K, 86% used [0x00000000fca80000,0x00000000fe244290,0x00000000fe600000)
  to   space 5120K, 0% used [0x00000000f2d00000,0x00000000f2d00000,0x00000000f3200000)
 ParOldGen       total 87552K, used 44293K [0x00000000c0000000, 0x00000000c5580000, 0x00000000eab00000)
  object space 87552K, 50% used [0x00000000c0000000,0x00000000c2b41500,0x00000000c5580000)
 Metaspace       used 6485K, capacity 7218K, committed 7296K, reserved 1056768K
  class space    used 598K, capacity 618K, committed 640K, reserved 1048576K
}

Deoptimization events (10 events):
Event: 6.949 Thread 0x0000000016cda000 Uncommon trap: reason=class_check action=maybe_recompile pc=0x000000000323d8ac method=com.android.dx.cf.code.BytecodeArray.parseInstruction(ILcom/android/dx/cf/code/BytecodeArray$Visitor;)I @ 1807
Event: 7.422 Thread 0x0000000016cf9000 Uncommon trap: reason=unstable_if action=reinterpret pc=0x0000000003236084 method=com.android.dx.rop.cst.CstNat.equals(Ljava/lang/Object;)Z @ 25
Event: 8.051 Thread 0x0000000016cda000 Uncommon trap: reason=bimorphic action=maybe_recompile pc=0x00000000032c377c method=com.android.dx.cf.code.BytecodeArray.parseInstruction(ILcom/android/dx/cf/code/BytecodeArray$Visitor;)I @ 1287
Event: 8.051 Thread 0x0000000016cda000 Uncommon trap: reason=bimorphic action=maybe_recompile pc=0x00000000032c377c method=com.android.dx.cf.code.BytecodeArray.parseInstruction(ILcom/android/dx/cf/code/BytecodeArray$Visitor;)I @ 1287
Event: 8.136 Thread 0x0000000016cf2000 Uncommon trap: reason=unstable_if action=reinterpret pc=0x0000000003171bfc method=com.android.dx.rop.code.LocalVariableExtractor.processBlock(I)V @ 208
Event: 8.161 Thread 0x00000000029dd800 Uncommon trap: reason=unstable_if action=reinterpret pc=0x0000000003292f00 method=java.util.HashMap.resize()[Ljava/util/HashMap$Node; @ 206
Event: 8.825 Thread 0x00000000029dd800 Uncommon trap: reason=class_check action=maybe_recompile pc=0x0000000002e24188 method=java.util.Arrays.hashCode([Ljava/lang/Object;)I @ 43
Event: 8.825 Thread 0x00000000029dd800 Uncommon trap: reason=class_check action=maybe_recompile pc=0x0000000002e24188 method=java.util.Arrays.hashCode([Ljava/lang/Object;)I @ 43
Event: 8.825 Thread 0x00000000029dd800 Uncommon trap: reason=class_check action=maybe_recompile pc=0x0000000002e24188 method=java.util.Arrays.hashCode([Ljava/lang/Object;)I @ 43
Event: 8.825 Thread 0x00000000029dd800 Uncommon trap: reason=class_check action=maybe_recompile pc=0x0000000002e24188 method=java.util.Arrays.hashCode([Ljava/lang/Object;)I @ 43

Internal exceptions (7 events):
Event: 0.076 Thread 0x00000000029dd800 Exception <a 'java/lang/NoSuchMethodError': Method sun.misc.Unsafe.defineClass(Ljava/lang/String;[BII)Ljava/lang/Class; name or signature does not match> (0x00000000eab07cc0) thrown at [C:\src\android\AOSP-openjdk\external\jetbrains\jdk\hotspot\src\share\v©Oq(”³?
Event: 0.076 Thread 0x00000000029dd800 Exception <a 'java/lang/NoSuchMethodError': Method sun.misc.Unsafe.prefetchRead(Ljava/lang/Object;J)V name or signature does not match> (0x00000000eab07fa8) thrown at [C:\src\android\AOSP-openjdk\external\jetbrains\jdk\hotspot\src\share\vm\prims\jni.cpp, lõYUª´@
Event: 2.588 Thread 0x0000000016cdd000 Implicit null exception at 0x0000000002ce8aa2 to 0x0000000002ce8ba9
Event: 5.063 Thread 0x0000000016cf9000 Implicit null exception at 0x0000000002fabae2 to 0x0000000002fad505
Event: 5.418 Thread 0x0000000016cf2000 Exception <a 'java/lang/ArrayIndexOutOfBoundsException': 18> (0x00000000eff5c0a0) thrown at [C:\src\android\AOSP-openjdk\external\jetbrains\jdk\hotspot\src\share\vm\interpreter\interpreterRuntime.cpp, line 366]
Event: 5.419 Thread 0x0000000016cf2000 Exception <a 'java/lang/ArrayIndexOutOfBoundsException'> (0x00000000eff5dc20) thrown at [C:\src\android\AOSP-openjdk\external\jetbrains\jdk\hotspot\src\share\vm\runtime\sharedRuntime.cpp, line 605]
Event: 5.507 Thread 0x0000000016cf2000 Exception <a 'java/lang/ArrayIndexOutOfBoundsException'> (0x00000000eff5ef08) thrown at [C:\src\android\AOSP-openjdk\external\jetbrains\jdk\hotspot\src\share\vm\runtime\sharedRuntime.cpp, line 605]

Events (10 events):
Event: 8.825 Thread 0x00000000029dd800 DEOPT PACKING pc=0x0000000002e24188 sp=0x00000000027febf0
Event: 8.825 Thread 0x00000000029dd800 DEOPT UNPACKING pc=0x0000000002a2556a sp=0x00000000027feb20 mode 2
Event: 8.825 Thread 0x00000000029dd800 Uncommon trap: trap_request=0xffffffde fr.pc=0x0000000002e24188
Event: 8.825 Thread 0x00000000029dd800 DEOPT PACKING pc=0x0000000002e24188 sp=0x00000000027fec40
Event: 8.825 Thread 0x00000000029dd800 DEOPT UNPACKING pc=0x0000000002a2556a sp=0x00000000027feb70 mode 2
Event: 8.825 Thread 0x00000000029dd800 Uncommon trap: trap_request=0xffffffde fr.pc=0x0000000002e24188
Event: 8.825 Thread 0x00000000029dd800 DEOPT PACKING pc=0x0000000002e24188 sp=0x00000000027febf0
Event: 8.825 Thread 0x00000000029dd800 DEOPT UNPACKING pc=0x0000000002a2556a sp=0x00000000027feb20 mode 2
Event: 8.825 loading class com/android/dx/rop/cst/Zeroes
Event: 8.825 loading class com/android/dx/rop/cst/Zeroes done


Dynamic libraries:
0x00007ff6722a0000 - 0x00007ff6722d1000 	C:\Program Files\Android\Android Studio\jre\bin\java.exe
0x00007ffd08d40000 - 0x00007ffd08eec000 	C:\Windows\SYSTEM32\ntdll.dll
0x00007ffd064b0000 - 0x00007ffd065ee000 	C:\Windows\system32\KERNEL32.DLL
0x00007ffd06250000 - 0x00007ffd06365000 	C:\Windows\system32\KERNELBASE.dll
0x00007ffd06650000 - 0x00007ffd066fa000 	C:\Windows\system32\ADVAPI32.dll
0x00007ffd06d00000 - 0x00007ffd06e77000 	C:\Windows\system32\USER32.dll
0x00007ffd040b0000 - 0x00007ffd0432a000 	C:\Windows\WinSxS\amd64_microsoft.windows.common-controls_6595b64144ccf1df_6.0.9600.17810_none_6240b9c7ecbd0bda\COMCTL32.dll
0x00007ffd06710000 - 0x00007ffd067ba000 	C:\Windows\system32\msvcrt.dll
0x00007ffd063e0000 - 0x00007ffd06439000 	C:\Windows\SYSTEM32\sechost.dll
0x00007ffd06f60000 - 0x00007ffd070a1000 	C:\Windows\system32\RPCRT4.dll
0x00007ffd07400000 - 0x00007ffd0754f000 	C:\Windows\system32\GDI32.dll
0x00007ffd06c00000 - 0x00007ffd06c36000 	C:\Windows\system32\IMM32.DLL
0x00007ffd06aa0000 - 0x00007ffd06bf2000 	C:\Windows\system32\MSCTF.dll
0x000000006eb90000 - 0x000000006ec62000 	C:\Program Files\Android\Android Studio\jre\jre\bin\msvcr100.dll
0x000000006ec70000 - 0x000000006f4a4000 	C:\Program Files\Android\Android Studio\jre\jre\bin\server\jvm.dll
0x00007ffcfbf90000 - 0x00007ffcfbf99000 	C:\Windows\SYSTEM32\WSOCK32.dll
0x00007ffd00c60000 - 0x00007ffd00c82000 	C:\Windows\SYSTEM32\WINMM.dll
0x00007ffcff5f0000 - 0x00007ffcff5fa000 	C:\Windows\SYSTEM32\VERSION.dll
0x00007ffd06700000 - 0x00007ffd06707000 	C:\Windows\system32\PSAPI.DLL
0x00007ffd065f0000 - 0x00007ffd0664a000 	C:\Windows\system32\WS2_32.dll
0x00007ffd00c30000 - 0x00007ffd00c5a000 	C:\Windows\SYSTEM32\WINMMBASE.dll
0x00007ffd06f50000 - 0x00007ffd06f59000 	C:\Windows\system32\NSI.dll
0x00007ffd06370000 - 0x00007ffd063bf000 	C:\Windows\SYSTEM32\cfgmgr32.dll
0x00007ffd04c80000 - 0x00007ffd04ca8000 	C:\Windows\SYSTEM32\DEVOBJ.dll
0x00007ffcedae0000 - 0x00007ffcedaef000 	C:\Program Files\Android\Android Studio\jre\jre\bin\verify.dll
0x00007ffcda110000 - 0x00007ffcda139000 	C:\Program Files\Android\Android Studio\jre\jre\bin\java.dll
0x00007ffce05e0000 - 0x00007ffce05f6000 	C:\Program Files\Android\Android Studio\jre\jre\bin\zip.dll
0x00007ffd07740000 - 0x00007ffd08c6b000 	C:\Windows\system32\SHELL32.dll
0x00007ffd067c0000 - 0x00007ffd069d1000 	C:\Windows\SYSTEM32\combase.dll
0x00007ffd06ef0000 - 0x00007ffd06f44000 	C:\Windows\system32\SHLWAPI.dll
0x00007ffd04530000 - 0x00007ffd045e2000 	C:\Windows\SYSTEM32\SHCORE.dll
0x00007ffd05e90000 - 0x00007ffd05ea5000 	C:\Windows\SYSTEM32\profapi.dll

VM Arguments:
jvm_args: -Djava.awt.headless=true -Xmx1024M -Dfile.encoding=windows-1252 -Duser.country=US -Duser.language=en -Duser.variant 
java_command: com.android.dx.command.Main --dex --num-threads=4 --output D:\Android\AndroidStudio\KalbecallPlanMobile\app\build\intermediates\pre-dexed\debug\com.android.support-support-v4-24.1.1_00cae90335f611e962f49c04a0eb40a13767bc9b.jar D:\Android\AndroidStudio\KalbecallPlanMobile\app\build\intermediates\exploded-aar\com.android.support\support-v4\24.1.1\jars\classes.jar
java_class_path (initial): D:\Android\AndroidSDK\build-tools\24.0.1\lib\dx.jar
Launcher Type: SUN_STANDARD

Environment Variables:
PATH=C:\ProgramData\Oracle\Java\javapath;C:\app\DevSuiteHome_1\jdk\jre\bin\classic;C:\app\DevSuiteHome_1\jdk\jre\bin;C:\app\DevSuiteHome_1\jdk\jre\bin\client;C:\app\DevSuiteHome_1\jlib;C:\app\DevSuiteHome_1\bin;C:\app\DevSuiteHome_1\jre\1.4.2\bin\client;C:\app\DevSuiteHome_1\jre\1.4.2\bin;C:\app\rhezaTesar\product\11.2.0\client_1;C:\app\rhezaTesar\product\11.2.0\client_1\bin;C:\Program Files (x86)\Intel\iCLS Client\;C:\Program Files\Intel\iCLS Client\;C:\Windows\system32;C:\Windows;C:\Windows\System32\Wbem;C:\Windows\System32\WindowsPowerShell\v1.0\;C:\Program Files\Intel\Intel(R) Management Engine Components\DAL;C:\Program Files (x86)\Intel\Intel(R) Management Engine Components\DAL;C:\Program Files\Intel\Intel(R) Management Engine Components\IPT;C:\Program Files (x86)\Intel\Intel(R) Management Engine Components\IPT;C:\Program Files\Intel\WiFi\bin\;C:\Program Files\Common Files\Intel\WirelessCommon\;C:\Program Files (x86)\Skype\Phone\;C:\Program Files (x86)\Microsoft SQL Server\90\Tools\binn\;C:\Program Files (x86)\Microsoft SQL Server\100\Tools\Bin;C:\Program Files (x86)\Common Files\SYSTEM\MSMAPI\1033;C:\Program Files\Microsoft SQL Server\120\Tools\Binn\;C:\Program Files\Microsoft SQL Server\Client SDK\ODBC\110\Tools\Binn\;C:\Program Files\Microsoft SQL Server\120\DTS\Binn\;C:\Program Files (x86)\Microsoft SQL Server\120\Tools\Binn\ManagementStudio\;C:\Program Files (x86)\Microsoft SQL Server\120\Tools\Binn\;C:\Program Files (x86)\Microsoft SQL Server\120\DTS\Binn\;C:\Program Files\Git\cmd;C:\Program Files\TortoiseSVN\bin;C:\Program Files (x86)\CrSSL\bin
USERNAME=rhezaTesar
OS=Windows_NT
PROCESSOR_IDENTIFIER=Intel64 Family 6 Model 61 Stepping 4, GenuineIntel



---------------  S Y S T E M  ---------------

OS: Windows 8.1 , 64 bit Build 9600 (6.3.9600.17415)

CPU:total 4 (2 cores per cpu, 2 threads per core) family 6 model 61 stepping 4, cmov, cx8, fxsr, mmx, sse, sse2, sse3, ssse3, sse4.1, sse4.2, popcnt, avx, avx2, aes, clmul, erms, 3dnowpref, lzcnt, ht, tsc, tscinvbit, bmi1, bmi2, adx

Memory: 4k page, physical 8277100k(1006576k free), swap 9848940k(6380k free)

vm_info: OpenJDK 64-Bit Server VM (25.76-b03) for windows-amd64 JRE (1.8.0_76-release-b03), built on Jun 29 2016 19:09:20 by "ralucas" with MS VC++ 10.0 (VS2010)

time: Thu Sep 08 12:38:57 2016
elapsed time: 8 seconds (0d 0h 0m 8s)

