#
# There is insufficient memory for the Java Runtime Environment to continue.
# Native memory allocation (malloc) failed to allocate 369536 bytes for Chunk::new
# Possible reasons:
#   The system is out of physical RAM or swap space
#   In 32 bit mode, the process size limit was hit
# Possible solutions:
#   Reduce memory load on the system
#   Increase physical memory or swap space
#   Check if swap backing store is full
#   Use 64 bit Java on a 64 bit OS
#   Decrease Java heap size (-Xmx/-Xms)
#   Decrease number of Java threads
#   Decrease Java thread stack sizes (-Xss)
#   Set larger code cache with -XX:ReservedCodeCacheSize=
# This output file may be truncated or incomplete.
#
#  Out of Memory Error (allocation.cpp:390), pid=11568, tid=0x0000000000002da0
#
# JRE version: OpenJDK Runtime Environment (8.0_76-b03) (build 1.8.0_76-release-b03)
# Java VM: OpenJDK 64-Bit Server VM (25.76-b03 mixed mode windows-amd64 compressed oops)
# Failed to write core dump. Minidumps are not enabled by default on client versions of Windows
#

---------------  T H R E A D  ---------------

Current thread (0x00000000149e7800):  JavaThread "C2 CompilerThread0" daemon [_thread_in_native, id=11680, stack(0x0000000016160000,0x0000000016260000)]

Stack: [0x0000000016160000,0x0000000016260000]
[error occurred during error reporting (printing stack bounds), id 0xc0000005]

Native frames: (J=compiled Java code, j=interpreted, Vv=VM code, C=native code)


Current CompileTask:
C2:   3682 1530       4       com.android.dx.rop.code.LocalVariableExtractor::processBlock (327 bytes)


---------------  P R O C E S S  ---------------

Java Threads: ( => current thread )
  0x0000000016672000 JavaThread "pool-1-thread-4" [_thread_blocked, id=11672, stack(0x0000000016e60000,0x0000000016f60000)]
  0x0000000016601800 JavaThread "pool-1-thread-3" [_thread_blocked, id=6464, stack(0x0000000016d60000,0x0000000016e60000)]
  0x00000000165fe800 JavaThread "pool-1-thread-2" [_thread_blocked, id=11668, stack(0x0000000016c60000,0x0000000016d60000)]
  0x00000000165f9000 JavaThread "pool-2-thread-1" [_thread_blocked, id=11948, stack(0x0000000016b60000,0x0000000016c60000)]
  0x00000000165f4000 JavaThread "pool-1-thread-1" [_thread_blocked, id=11812, stack(0x0000000016a60000,0x0000000016b60000)]
  0x0000000014a3d800 JavaThread "Service Thread" daemon [_thread_blocked, id=11744, stack(0x0000000016860000,0x0000000016960000)]
  0x0000000014a33800 JavaThread "C1 CompilerThread2" daemon [_thread_blocked, id=4560, stack(0x0000000016360000,0x0000000016460000)]
  0x00000000149d7800 JavaThread "C2 CompilerThread1" daemon [_thread_in_native, id=6720, stack(0x0000000016260000,0x0000000016360000)]
=>0x00000000149e7800 JavaThread "C2 CompilerThread0" daemon [_thread_in_native, id=11680, stack(0x0000000016160000,0x0000000016260000)]
  0x00000000149e6800 JavaThread "Attach Listener" daemon [_thread_blocked, id=11468, stack(0x0000000016060000,0x0000000016160000)]
  0x00000000149e5000 JavaThread "Signal Dispatcher" daemon [_thread_blocked, id=12076, stack(0x0000000015f60000,0x0000000016060000)]
  0x00000000149c8800 JavaThread "Finalizer" daemon [_thread_blocked, id=12196, stack(0x0000000015c60000,0x0000000015d60000)]
  0x0000000002221000 JavaThread "Reference Handler" daemon [_thread_blocked, id=11836, stack(0x0000000015b60000,0x0000000015c60000)]
  0x000000000230d800 JavaThread "main" [_thread_in_Java, id=11316, stack(0x0000000001f90000,0x0000000002090000)]

Other Threads:
  0x00000000149a5800 VMThread [stack: 0x0000000015a60000,0x0000000015b60000] [id=11164]
  0x0000000016476800 WatcherThread [stack: 0x0000000016960000,0x0000000016a60000] [id=11868]

VM state:not at safepoint (normal execution)

VM Mutex/Monitor currently owned by a thread: None

Heap:
 PSYoungGen      total 71680K, used 11773K [0x00000000eab00000, 0x00000000ef600000, 0x0000000100000000)
  eden space 66560K, 10% used [0x00000000eab00000,0x00000000eb181a18,0x00000000eec00000)
  from space 5120K, 99% used [0x00000000ef100000,0x00000000ef5fdb28,0x00000000ef600000)
  to   space 5120K, 0% used [0x00000000eec00000,0x00000000eec00000,0x00000000ef100000)
 ParOldGen       total 87552K, used 5756K [0x00000000c0000000, 0x00000000c5580000, 0x00000000eab00000)
  object space 87552K, 6% used [0x00000000c0000000,0x00000000c059f0e8,0x00000000c5580000)
 Metaspace       used 6088K, capacity 7024K, committed 7296K, reserved 1056768K
  class space    used 573K, capacity 616K, committed 640K, reserved 1048576K

Card table byte_map: [0x00000000116d0000,0x00000000118e0000] byte_map_base: 0x00000000110d0000

Marking Bits: (ParMarkBitMap*) 0x000000006a209d00
 Begin Bits: [0x0000000011e40000, 0x0000000012e40000)
 End Bits:   [0x0000000012e40000, 0x0000000013e40000)

Polling page: 0x00000000007b0000

CodeCache: size=245760Kb used=6315Kb max_used=6321Kb free=239444Kb
 bounds [0x0000000002310000, 0x0000000002950000, 0x0000000011310000]
 total_blobs=1762 nmethods=1493 adapters=182
 compilation: enabled

Compilation events (10 events):
Event: 3.648 Thread 0x00000000149e7800 nmethod 1514 0x000000000291ee10 code [0x000000000291efa0, 0x000000000291f878]
Event: 3.648 Thread 0x00000000149e7800 1530       4       com.android.dx.rop.code.LocalVariableExtractor::processBlock (327 bytes)
Event: 3.649 Thread 0x0000000014a33800 1537       2       com.android.dx.rop.type.Type::<init> (84 bytes)
Event: 3.649 Thread 0x0000000014a33800 nmethod 1537 0x00000000029307d0 code [0x0000000002930960, 0x0000000002930d08]
Event: 3.658 Thread 0x0000000014a33800 1538       2       java.util.concurrent.locks.AbstractOwnableSynchronizer::setExclusiveOwnerThread (6 bytes)
Event: 3.658 Thread 0x0000000014a33800 nmethod 1538 0x000000000291ead0 code [0x000000000291ec20, 0x000000000291ed90]
Event: 3.658 Thread 0x0000000014a33800 1541   !   2       com.android.dx.rop.type.Type::putIntern (50 bytes)
Event: 3.659 Thread 0x0000000014a33800 nmethod 1541 0x0000000002920d90 code [0x0000000002920f40, 0x0000000002921418]
Event: 3.668 Thread 0x0000000014a33800 1545       2       java.util.TreeMap$PrivateEntryIterator::<init> (28 bytes)
Event: 3.668 Thread 0x0000000014a33800 nmethod 1545 0x000000000291e710 code [0x000000000291e860, 0x000000000291e9f0]

GC Heap History (4 events):
Event: 2.104 GC heap before
{Heap before GC invocations=1 (full 0):
 PSYoungGen      total 38400K, used 33280K [0x00000000eab00000, 0x00000000ed580000, 0x0000000100000000)
  eden space 33280K, 100% used [0x00000000eab00000,0x00000000ecb80000,0x00000000ecb80000)
  from space 5120K, 0% used [0x00000000ed080000,0x00000000ed080000,0x00000000ed580000)
  to   space 5120K, 0% used [0x00000000ecb80000,0x00000000ecb80000,0x00000000ed080000)
 ParOldGen       total 87552K, used 0K [0x00000000c0000000, 0x00000000c5580000, 0x00000000eab00000)
  object space 87552K, 0% used [0x00000000c0000000,0x00000000c0000000,0x00000000c5580000)
 Metaspace       used 5878K, capacity 6896K, committed 7040K, reserved 1056768K
  class space    used 573K, capacity 616K, committed 640K, reserved 1048576K
Event: 2.429 GC heap after
Heap after GC invocations=1 (full 0):
 PSYoungGen      total 38400K, used 5098K [0x00000000eab00000, 0x00000000ef600000, 0x0000000100000000)
  eden space 33280K, 0% used [0x00000000eab00000,0x00000000eab00000,0x00000000ecb80000)
  from space 5120K, 99% used [0x00000000ecb80000,0x00000000ed07aab8,0x00000000ed080000)
  to   space 5120K, 0% used [0x00000000ef100000,0x00000000ef100000,0x00000000ef600000)
 ParOldGen       total 87552K, used 1593K [0x00000000c0000000, 0x00000000c5580000, 0x00000000eab00000)
  object space 87552K, 1% used [0x00000000c0000000,0x00000000c018e578,0x00000000c5580000)
 Metaspace       used 5878K, capacity 6896K, committed 7040K, reserved 1056768K
  class space    used 573K, capacity 616K, committed 640K, reserved 1048576K
}
Event: 3.454 GC heap before
{Heap before GC invocations=2 (full 0):
 PSYoungGen      total 38400K, used 38378K [0x00000000eab00000, 0x00000000ef600000, 0x0000000100000000)
  eden space 33280K, 100% used [0x00000000eab00000,0x00000000ecb80000,0x00000000ecb80000)
  from space 5120K, 99% used [0x00000000ecb80000,0x00000000ed07aab8,0x00000000ed080000)
  to   space 5120K, 0% used [0x00000000ef100000,0x00000000ef100000,0x00000000ef600000)
 ParOldGen       total 87552K, used 1593K [0x00000000c0000000, 0x00000000c5580000, 0x00000000eab00000)
  object space 87552K, 1% used [0x00000000c0000000,0x00000000c018e578,0x00000000c5580000)
 Metaspace       used 6087K, capacity 7024K, committed 7296K, reserved 1056768K
  class space    used 573K, capacity 616K, committed 640K, reserved 1048576K
Event: 3.565 GC heap after
Heap after GC invocations=2 (full 0):
 PSYoungGen      total 71680K, used 5110K [0x00000000eab00000, 0x00000000ef600000, 0x0000000100000000)
  eden space 66560K, 0% used [0x00000000eab00000,0x00000000eab00000,0x00000000eec00000)
  from space 5120K, 99% used [0x00000000ef100000,0x00000000ef5fdb28,0x00000000ef600000)
  to   space 5120K, 0% used [0x00000000eec00000,0x00000000eec00000,0x00000000ef100000)
 ParOldGen       total 87552K, used 5756K [0x00000000c0000000, 0x00000000c5580000, 0x00000000eab00000)
  object space 87552K, 6% used [0x00000000c0000000,0x00000000c059f0e8,0x00000000c5580000)
 Metaspace       used 6087K, capacity 7024K, committed 7296K, reserved 1056768K
  class space    used 573K, capacity 616K, committed 640K, reserved 1048576K
}

Deoptimization events (10 events):
Event: 1.773 Thread 0x000000000230d800 Uncommon trap: reason=unstable_if action=reinterpret pc=0x0000000002689ee8 method=com.android.dx.rop.code.RegisterSpecSet.put(Lcom/android/dx/rop/code/RegisterSpec;)V @ 77
Event: 1.786 Thread 0x0000000016601800 Uncommon trap: reason=class_check action=maybe_recompile pc=0x00000000026f6cbc method=java.util.HashMap.putVal(ILjava/lang/Object;Ljava/lang/Object;ZZ)Ljava/lang/Object; @ 203
Event: 1.786 Thread 0x0000000016601800 Uncommon trap: reason=bimorphic action=maybe_recompile pc=0x00000000025caeb0 method=java.util.HashMap.getNode(ILjava/lang/Object;)Ljava/util/HashMap$Node; @ 126
Event: 1.786 Thread 0x0000000016601800 Uncommon trap: reason=bimorphic action=maybe_recompile pc=0x00000000025caeb0 method=java.util.HashMap.getNode(ILjava/lang/Object;)Ljava/util/HashMap$Node; @ 126
Event: 1.786 Thread 0x0000000016601800 Uncommon trap: reason=bimorphic action=maybe_recompile pc=0x00000000025c7868 method=java.util.HashMap.getNode(ILjava/lang/Object;)Ljava/util/HashMap$Node; @ 126
Event: 1.787 Thread 0x000000000230d800 Uncommon trap: reason=null_check action=make_not_entrant pc=0x000000000275a928 method=com.android.dx.rop.type.Type.equals(Ljava/lang/Object;)Z @ 8
Event: 1.812 Thread 0x00000000165f4000 Uncommon trap: reason=unstable_if action=reinterpret pc=0x00000000027020b8 method=com.android.dx.cf.code.Ropper.labelToResultIndex(I)I @ 34
Event: 1.858 Thread 0x0000000016672000 Uncommon trap: reason=unstable_if action=reinterpret pc=0x00000000026650fc method=com.android.dx.rop.code.RegisterSpec.equals(ILcom/android/dx/rop/type/TypeBearer;Lcom/android/dx/rop/code/LocalItem;)Z @ 42
Event: 1.873 Thread 0x0000000016601800 Uncommon trap: reason=class_check action=maybe_recompile pc=0x00000000026f6cbc method=java.util.HashMap.putVal(ILjava/lang/Object;Ljava/lang/Object;ZZ)Ljava/lang/Object; @ 203
Event: 2.851 Thread 0x00000000165fe800 Uncommon trap: reason=unstable_if action=reinterpret pc=0x0000000002856280 method=com.android.dx.cf.code.BytecodeArray.parseInstruction(ILcom/android/dx/cf/code/BytecodeArray$Visitor;)I @ 1198

Internal exceptions (3 events):
Event: 0.162 Thread 0x000000000230d800 Exception <a 'java/lang/NoSuchMethodError': Method sun.misc.Unsafe.defineClass(Ljava/lang/String;[BII)Ljava/lang/Class; name or signature does not match> (0x00000000eab07cc0) thrown at [C:\src\android\AOSP-openjdk\external\jetbrains\jdk\hotspot\src\share\vH™ð¯Ä?
Event: 0.162 Thread 0x000000000230d800 Exception <a 'java/lang/NoSuchMethodError': Method sun.misc.Unsafe.prefetchRead(Ljava/lang/Object;J)V name or signature does not match> (0x00000000eab07fa8) thrown at [C:\src\android\AOSP-openjdk\external\jetbrains\jdk\hotspot\src\share\vm\prims\jni.cpp, luá¿ü#–ü?
Event: 1.787 Thread 0x000000000230d800 Implicit null exception at 0x000000000275a822 to 0x000000000275a91a

Events (10 events):
Event: 2.650 Thread 0x000000000230d800 DEOPT UNPACKING pc=0x00000000023575bf sp=0x000000000208dfa0 mode 0
Event: 2.851 Thread 0x00000000165fe800 Uncommon trap: trap_request=0xffffff65 fr.pc=0x0000000002856280
Event: 2.851 Thread 0x00000000165fe800 DEOPT PACKING pc=0x0000000002856280 sp=0x0000000016d5ebb0
Event: 2.851 Thread 0x00000000165fe800 DEOPT UNPACKING pc=0x000000000235556a sp=0x0000000016d5eb48 mode 2
Event: 3.151 Thread 0x0000000016601800 DEOPT PACKING pc=0x00000000026dae90 sp=0x0000000016e5ec70
Event: 3.151 Thread 0x0000000016601800 DEOPT UNPACKING pc=0x00000000023575bf sp=0x0000000016e5ea08 mode 0
Event: 3.454 Executing VM operation: ParallelGCFailedAllocation
Event: 3.565 Executing VM operation: ParallelGCFailedAllocation done
Event: 3.665 Thread 0x00000000165f4000 DEOPT PACKING pc=0x00000000026ad881 sp=0x0000000016b5e760
Event: 3.665 Thread 0x00000000165f4000 DEOPT UNPACKING pc=0x00000000023575bf sp=0x0000000016b5e528 mode 0


Dynamic libraries:
0x00007ff62c070000 - 0x00007ff62c0a1000 	C:\Program Files\Android\Android Studio\jre\bin\java.exe
0x00007ffa22cb0000 - 0x00007ffa22e5c000 	C:\Windows\SYSTEM32\ntdll.dll
0x00007ffa20cf0000 - 0x00007ffa20e2e000 	C:\Windows\system32\KERNEL32.DLL
0x00007ffa20160000 - 0x00007ffa20275000 	C:\Windows\system32\KERNELBASE.dll
0x00007ffa20fb0000 - 0x00007ffa2105a000 	C:\Windows\system32\ADVAPI32.dll
0x00007ffa20e30000 - 0x00007ffa20fa7000 	C:\Windows\system32\USER32.dll
0x00007ffa1e010000 - 0x00007ffa1e28a000 	C:\Windows\WinSxS\amd64_microsoft.windows.common-controls_6595b64144ccf1df_6.0.9600.17810_none_6240b9c7ecbd0bda\COMCTL32.dll
0x00007ffa208a0000 - 0x00007ffa2094a000 	C:\Windows\system32\msvcrt.dll
0x00007ffa20c90000 - 0x00007ffa20ce9000 	C:\Windows\SYSTEM32\sechost.dll
0x00007ffa21060000 - 0x00007ffa211a1000 	C:\Windows\system32\RPCRT4.dll
0x00007ffa20350000 - 0x00007ffa2049f000 	C:\Windows\system32\GDI32.dll
0x00007ffa206c0000 - 0x00007ffa206f6000 	C:\Windows\system32\IMM32.DLL
0x00007ffa20980000 - 0x00007ffa20ad2000 	C:\Windows\system32\MSCTF.dll
0x0000000069930000 - 0x0000000069a02000 	C:\Program Files\Android\Android Studio\jre\jre\bin\msvcr100.dll
0x0000000069a50000 - 0x000000006a284000 	C:\Program Files\Android\Android Studio\jre\jre\bin\server\jvm.dll
0x00007ffa15b80000 - 0x00007ffa15b89000 	C:\Windows\SYSTEM32\WSOCK32.dll
0x00007ffa1d1a0000 - 0x00007ffa1d1c2000 	C:\Windows\SYSTEM32\WINMM.dll
0x00007ffa19340000 - 0x00007ffa1934a000 	C:\Windows\SYSTEM32\VERSION.dll
0x00007ffa20330000 - 0x00007ffa20337000 	C:\Windows\system32\PSAPI.DLL
0x00007ffa22c50000 - 0x00007ffa22caa000 	C:\Windows\system32\WS2_32.dll
0x00007ffa1d150000 - 0x00007ffa1d17a000 	C:\Windows\SYSTEM32\WINMMBASE.dll
0x00007ffa211b0000 - 0x00007ffa211b9000 	C:\Windows\system32\NSI.dll
0x00007ffa202e0000 - 0x00007ffa2032f000 	C:\Windows\SYSTEM32\cfgmgr32.dll
0x00007ffa1ebf0000 - 0x00007ffa1ec18000 	C:\Windows\SYSTEM32\DEVOBJ.dll
0x00007ffa08520000 - 0x00007ffa0852f000 	C:\Program Files\Android\Android Studio\jre\jre\bin\verify.dll
0x00007ffa067a0000 - 0x00007ffa067c9000 	C:\Program Files\Android\Android Studio\jre\jre\bin\java.dll
0x00007ff9f63e0000 - 0x00007ff9f63f6000 	C:\Program Files\Android\Android Studio\jre\jre\bin\zip.dll
0x00007ffa213a0000 - 0x00007ffa228cb000 	C:\Windows\system32\SHELL32.dll
0x00007ffa204a0000 - 0x00007ffa206b1000 	C:\Windows\SYSTEM32\combase.dll
0x00007ffa228d0000 - 0x00007ffa22924000 	C:\Windows\system32\SHLWAPI.dll
0x00007ffa1e510000 - 0x00007ffa1e5c2000 	C:\Windows\SYSTEM32\SHCORE.dll
0x00007ffa1fe00000 - 0x00007ffa1fe15000 	C:\Windows\SYSTEM32\profapi.dll

VM Arguments:
jvm_args: -Djava.awt.headless=true -Xmx1024M -Dfile.encoding=windows-1252 -Duser.country=US -Duser.language=en -Duser.variant 
java_command: com.android.dx.command.Main --dex --num-threads=4 --output D:\Android\AndroidStudio\KalbecallPlanMobile\app\build\intermediates\pre-dexed\debug\constraint-layout-solver-1.0.0-alpha6_ef0f4f0431ffd506fc5d9d69c913b8987c2df7c0.jar D:\Android\AndroidSDK\extras\m2repository\com\android\support\constraint\constraint-layout-solver\1.0.0-alpha6\constraint-layout-solver-1.0.0-alpha6.jar
java_class_path (initial): D:\Android\AndroidSDK\build-tools\24.0.1\lib\dx.jar
Launcher Type: SUN_STANDARD

Environment Variables:
PATH=C:\ProgramData\Oracle\Java\javapath;C:\app\DevSuiteHome_1\jdk\jre\bin\classic;C:\app\DevSuiteHome_1\jdk\jre\bin;C:\app\DevSuiteHome_1\jdk\jre\bin\client;C:\app\DevSuiteHome_1\jlib;C:\app\DevSuiteHome_1\bin;C:\app\DevSuiteHome_1\jre\1.4.2\bin\client;C:\app\DevSuiteHome_1\jre\1.4.2\bin;C:\app\rhezaTesar\product\11.2.0\client_1;C:\app\rhezaTesar\product\11.2.0\client_1\bin;C:\Program Files (x86)\Intel\iCLS Client\;C:\Program Files\Intel\iCLS Client\;C:\Windows\system32;C:\Windows;C:\Windows\System32\Wbem;C:\Windows\System32\WindowsPowerShell\v1.0\;C:\Program Files\Intel\Intel(R) Management Engine Components\DAL;C:\Program Files (x86)\Intel\Intel(R) Management Engine Components\DAL;C:\Program Files\Intel\Intel(R) Management Engine Components\IPT;C:\Program Files (x86)\Intel\Intel(R) Management Engine Components\IPT;C:\Program Files\Intel\WiFi\bin\;C:\Program Files\Common Files\Intel\WirelessCommon\;C:\Program Files (x86)\Skype\Phone\;C:\Program Files (x86)\Microsoft SQL Server\90\Tools\binn\;C:\Program Files (x86)\Microsoft SQL Server\100\Tools\Bin;C:\Program Files (x86)\Common Files\SYSTEM\MSMAPI\1033;C:\Program Files\Microsoft SQL Server\120\Tools\Binn\;C:\Program Files\Microsoft SQL Server\Client SDK\ODBC\110\Tools\Binn\;C:\Program Files\Microsoft SQL Server\120\DTS\Binn\;C:\Program Files (x86)\Microsoft SQL Server\120\Tools\Binn\ManagementStudio\;C:\Program Files (x86)\Microsoft SQL Server\120\Tools\Binn\;C:\Program Files (x86)\Microsoft SQL Server\120\DTS\Binn\;C:\Program Files\Git\cmd;C:\Program Files\TortoiseSVN\bin;C:\Program Files (x86)\CrSSL\bin
USERNAME=rhezaTesar
OS=Windows_NT
PROCESSOR_IDENTIFIER=Intel64 Family 6 Model 61 Stepping 4, GenuineIntel



---------------  S Y S T E M  ---------------

OS: Windows 8.1 , 64 bit Build 9600 (6.3.9600.17415)

CPU:total 4 (2 cores per cpu, 2 threads per core) family 6 model 61 stepping 4, cmov, cx8, fxsr, mmx, sse, sse2, sse3, ssse3, sse4.1, sse4.2, popcnt, avx, avx2, aes, clmul, erms, 3dnowpref, lzcnt, ht, tsc, tscinvbit, bmi1, bmi2, adx

Memory: 4k page, physical 8277100k(1124156k free), swap 9848940k(5656k free)

vm_info: OpenJDK 64-Bit Server VM (25.76-b03) for windows-amd64 JRE (1.8.0_76-release-b03), built on Jun 29 2016 19:09:20 by "ralucas" with MS VC++ 10.0 (VS2010)

time: Tue Sep 27 18:47:25 2016
elapsed time: 3 seconds (0d 0h 0m 3s)

