#
# There is insufficient memory for the Java Runtime Environment to continue.
# Native memory allocation (malloc) failed to allocate 414576 bytes for Chunk::new
# Possible reasons:
#   The system is out of physical RAM or swap space
#   In 32 bit mode, the process size limit was hit
# Possible solutions:
#   Reduce memory load on the system
#   Increase physical memory or swap space
#   Check if swap backing store is full
#   Use 64 bit Java on a 64 bit OS
#   Decrease Java heap size (-Xmx/-Xms)
#   Decrease number of Java threads
#   Decrease Java thread stack sizes (-Xss)
#   Set larger code cache with -XX:ReservedCodeCacheSize=
# This output file may be truncated or incomplete.
#
#  Out of Memory Error (allocation.cpp:390), pid=3568, tid=0x00000000000020a0
#
# JRE version: OpenJDK Runtime Environment (8.0_76-b03) (build 1.8.0_76-release-b03)
# Java VM: OpenJDK 64-Bit Server VM (25.76-b03 mixed mode windows-amd64 compressed oops)
# Failed to write core dump. Minidumps are not enabled by default on client versions of Windows
#

---------------  T H R E A D  ---------------

Current thread (0x00000000148a8000):  JavaThread "C2 CompilerThread0" daemon [_thread_in_native, id=8352, stack(0x0000000015ff0000,0x00000000160f0000)]

Stack: [0x0000000015ff0000,0x00000000160f0000]
[error occurred during error reporting (printing stack bounds), id 0xc0000005]

Native frames: (J=compiled Java code, j=interpreted, Vv=VM code, C=native code)


Current CompileTask:
C2:   3375 1263   !   4       com.android.dx.cf.cst.ConstantPoolParser::parse0 (731 bytes)


---------------  P R O C E S S  ---------------

Java Threads: ( => current thread )
  0x000000001648e000 JavaThread "pool-1-thread-4" [_thread_blocked, id=10876, stack(0x0000000016cf0000,0x0000000016df0000)]
  0x0000000016522800 JavaThread "pool-1-thread-3" [_thread_blocked, id=11724, stack(0x0000000016bf0000,0x0000000016cf0000)]
  0x000000001654e800 JavaThread "pool-1-thread-2" [_thread_blocked, id=11960, stack(0x0000000016af0000,0x0000000016bf0000)]
  0x000000001654e000 JavaThread "pool-2-thread-1" [_thread_blocked, id=908, stack(0x00000000169f0000,0x0000000016af0000)]
  0x0000000016548800 JavaThread "pool-1-thread-1" [_thread_blocked, id=11628, stack(0x00000000168f0000,0x00000000169f0000)]
  0x00000000148a2000 JavaThread "Service Thread" daemon [_thread_blocked, id=11500, stack(0x00000000166f0000,0x00000000167f0000)]
  0x00000000148a1000 JavaThread "C1 CompilerThread2" daemon [_thread_blocked, id=9428, stack(0x00000000161f0000,0x00000000162f0000)]
  0x000000001489d800 JavaThread "C2 CompilerThread1" daemon [_thread_in_native, id=11572, stack(0x00000000160f0000,0x00000000161f0000)]
=>0x00000000148a8000 JavaThread "C2 CompilerThread0" daemon [_thread_in_native, id=8352, stack(0x0000000015ff0000,0x00000000160f0000)]
  0x00000000148a6800 JavaThread "Attach Listener" daemon [_thread_blocked, id=12000, stack(0x0000000015ef0000,0x0000000015ff0000)]
  0x00000000148a5000 JavaThread "Signal Dispatcher" daemon [_thread_blocked, id=11632, stack(0x0000000015df0000,0x0000000015ef0000)]
  0x0000000014888800 JavaThread "Finalizer" daemon [_thread_blocked, id=11788, stack(0x0000000015af0000,0x0000000015bf0000)]
  0x00000000020d1000 JavaThread "Reference Handler" daemon [_thread_blocked, id=11976, stack(0x00000000159f0000,0x0000000015af0000)]
  0x00000000021cd800 JavaThread "main" [_thread_in_vm_trans, id=2412, stack(0x0000000001df0000,0x0000000001ef0000)]

Other Threads:
  0x0000000014865800 VMThread [stack: 0x00000000158f0000,0x00000000159f0000] [id=11912]
  0x00000000148a3000 WatcherThread [stack: 0x00000000167f0000,0x00000000168f0000] [id=5572]

VM state:not at safepoint (normal execution)

VM Mutex/Monitor currently owned by a thread: None

Heap:
 PSYoungGen      total 38400K, used 20226K [0x00000000eab00000, 0x00000000ed580000, 0x0000000100000000)
  eden space 33280K, 45% used [0x00000000eab00000,0x00000000eb9c6070,0x00000000ecb80000)
  from space 5120K, 99% used [0x00000000ecb80000,0x00000000ed07aaa8,0x00000000ed080000)
  to   space 5120K, 0% used [0x00000000ed080000,0x00000000ed080000,0x00000000ed580000)
 ParOldGen       total 87552K, used 1475K [0x00000000c0000000, 0x00000000c5580000, 0x00000000eab00000)
  object space 87552K, 1% used [0x00000000c0000000,0x00000000c0170f30,0x00000000c5580000)
 Metaspace       used 6008K, capacity 6960K, committed 7040K, reserved 1056768K
  class space    used 575K, capacity 616K, committed 640K, reserved 1048576K

Card table byte_map: [0x0000000011590000,0x00000000117a0000] byte_map_base: 0x0000000010f90000

Marking Bits: (ParMarkBitMap*) 0x000000006a209d00
 Begin Bits: [0x0000000011d00000, 0x0000000012d00000)
 End Bits:   [0x0000000012d00000, 0x0000000013d00000)

Polling page: 0x0000000000510000

CodeCache: size=245760Kb used=5465Kb max_used=5479Kb free=240294Kb
 bounds [0x00000000021d0000, 0x0000000002730000, 0x00000000111d0000]
 total_blobs=1621 nmethods=1354 adapters=181
 compilation: enabled

Compilation events (10 events):
Event: 3.300 Thread 0x00000000148a1000 1362   !   3       com.android.dx.cf.code.Merger::mergeStack (192 bytes)
Event: 3.302 Thread 0x00000000148a1000 nmethod 1362 0x0000000002722d90 code [0x0000000002723120, 0x0000000002725118]
Event: 3.302 Thread 0x00000000148a1000 1363       3       com.android.dx.cf.code.Frame::mergeSubroutineLists (90 bytes)
Event: 3.302 Thread 0x00000000148a1000 nmethod 1363 0x0000000002726310 code [0x00000000027264e0, 0x0000000002726dc8]
Event: 3.302 Thread 0x00000000148a1000 1365       3       com.android.dx.cf.code.ExecutionStack::clear (40 bytes)
Event: 3.303 Thread 0x00000000148a1000 nmethod 1365 0x00000000027270d0 code [0x0000000002727280, 0x00000000027277e8]
Event: 3.303 Thread 0x00000000148a1000 1364       3       com.android.dx.cf.code.ByteCatchList::typeNotFound (47 bytes)
Event: 3.303 Thread 0x00000000148a1000 nmethod 1364 0x0000000002727a90 code [0x0000000002727c20, 0x0000000002728050]
Event: 3.310 Thread 0x000000001489d800 nmethod 1342 0x000000000272bc90 code [0x000000000272bea0, 0x000000000272cc80]
Event: 3.311 Thread 0x000000001489d800 1357       4       com.android.dx.ssa.back.LivenessAnalyzer::run (231 bytes)

GC Heap History (2 events):
Event: 2.683 GC heap before
{Heap before GC invocations=1 (full 0):
 PSYoungGen      total 38400K, used 33280K [0x00000000eab00000, 0x00000000ed580000, 0x0000000100000000)
  eden space 33280K, 100% used [0x00000000eab00000,0x00000000ecb80000,0x00000000ecb80000)
  from space 5120K, 0% used [0x00000000ed080000,0x00000000ed080000,0x00000000ed580000)
  to   space 5120K, 0% used [0x00000000ecb80000,0x00000000ecb80000,0x00000000ed080000)
 ParOldGen       total 87552K, used 0K [0x00000000c0000000, 0x00000000c5580000, 0x00000000eab00000)
  object space 87552K, 0% used [0x00000000c0000000,0x00000000c0000000,0x00000000c5580000)
 Metaspace       used 5951K, capacity 6960K, committed 7040K, reserved 1056768K
  class space    used 575K, capacity 616K, committed 640K, reserved 1048576K
Event: 2.914 GC heap after
Heap after GC invocations=1 (full 0):
 PSYoungGen      total 38400K, used 5098K [0x00000000eab00000, 0x00000000ed580000, 0x0000000100000000)
  eden space 33280K, 0% used [0x00000000eab00000,0x00000000eab00000,0x00000000ecb80000)
  from space 5120K, 99% used [0x00000000ecb80000,0x00000000ed07aaa8,0x00000000ed080000)
  to   space 5120K, 0% used [0x00000000ed080000,0x00000000ed080000,0x00000000ed580000)
 ParOldGen       total 87552K, used 1475K [0x00000000c0000000, 0x00000000c5580000, 0x00000000eab00000)
  object space 87552K, 1% used [0x00000000c0000000,0x00000000c0170f30,0x00000000c5580000)
 Metaspace       used 5951K, capacity 6960K, committed 7040K, reserved 1056768K
  class space    used 575K, capacity 616K, committed 640K, reserved 1048576K
}

Deoptimization events (9 events):
Event: 0.400 Thread 0x00000000021cd800 Uncommon trap: reason=unstable_if action=reinterpret pc=0x000000000230b390 method=java.lang.String.indexOf(II)I @ 49
Event: 1.357 Thread 0x000000001654e800 Uncommon trap: reason=unstable_if action=reinterpret pc=0x00000000023d7cf0 method=java.util.BitSet.nextSetBit(I)I @ 87
Event: 1.739 Thread 0x000000001648e000 Uncommon trap: reason=bimorphic action=maybe_recompile pc=0x00000000023dca58 method=java.util.HashMap.getNode(ILjava/lang/Object;)Ljava/util/HashMap$Node; @ 126
Event: 1.758 Thread 0x000000001648e000 Uncommon trap: reason=bimorphic action=maybe_recompile pc=0x00000000023dca58 method=java.util.HashMap.getNode(ILjava/lang/Object;)Ljava/util/HashMap$Node; @ 126
Event: 1.758 Thread 0x0000000016522800 Uncommon trap: reason=bimorphic action=maybe_recompile pc=0x00000000023dca58 method=java.util.HashMap.getNode(ILjava/lang/Object;)Ljava/util/HashMap$Node; @ 126
Event: 1.933 Thread 0x000000001654e800 Uncommon trap: reason=unstable_if action=reinterpret pc=0x0000000002559adc method=com.android.dx.ssa.SsaMethod.updateOneDefinition(Lcom/android/dx/ssa/SsaInsn;Lcom/android/dx/rop/code/RegisterSpec;)V @ 4
Event: 2.169 Thread 0x00000000021cd800 Uncommon trap: reason=unstable_if action=reinterpret pc=0x0000000002553cf8 method=com.android.dx.cf.code.Ropper.labelToResultIndex(I)I @ 34
Event: 2.253 Thread 0x000000001654e800 Uncommon trap: reason=unstable_if action=reinterpret pc=0x00000000025f5388 method=com.android.dx.ssa.SCCP.simulateStmt(Lcom/android/dx/ssa/SsaInsn;)V @ 53
Event: 2.936 Thread 0x00000000021cd800 Uncommon trap: reason=unstable_if action=reinterpret pc=0x00000000025ca414 method=com.android.dx.util.LabeledList.set(ILcom/android/dx/util/LabeledItem;)V @ 16

Internal exceptions (2 events):
Event: 0.064 Thread 0x00000000021cd800 Exception <a 'java/lang/NoSuchMethodError': Method sun.misc.Unsafe.defineClass(Ljava/lang/String;[BII)Ljava/lang/Class; name or signature does not match> (0x00000000eab07cc0) thrown at [C:\src\android\AOSP-openjdk\external\jetbrains\jdk\hotspot\src\share\v¿¤q) s°?
Event: 0.064 Thread 0x00000000021cd800 Exception <a 'java/lang/NoSuchMethodError': Method sun.misc.Unsafe.prefetchRead(Ljava/lang/Object;J)V name or signature does not match> (0x00000000eab07fa8) thrown at [C:\src\android\AOSP-openjdk\external\jetbrains\jdk\hotspot\src\share\vm\prims\jni.cpp, l

Events (10 events):
Event: 2.181 Executing VM operation: ForceSafepoint
Event: 2.182 Executing VM operation: ForceSafepoint done
Event: 2.253 Thread 0x000000001654e800 Uncommon trap: trap_request=0xffffff65 fr.pc=0x00000000025f5388
Event: 2.253 Thread 0x000000001654e800 DEOPT PACKING pc=0x00000000025f5388 sp=0x0000000016bee570
Event: 2.253 Thread 0x000000001654e800 DEOPT UNPACKING pc=0x000000000221556a sp=0x0000000016bee538 mode 2
Event: 2.682 Executing VM operation: ParallelGCFailedAllocation
Event: 2.914 Executing VM operation: ParallelGCFailedAllocation done
Event: 2.936 Thread 0x00000000021cd800 Uncommon trap: trap_request=0xffffff65 fr.pc=0x00000000025ca414
Event: 2.936 Thread 0x00000000021cd800 DEOPT PACKING pc=0x00000000025ca414 sp=0x0000000001eee6c0
Event: 2.936 Thread 0x00000000021cd800 DEOPT UNPACKING pc=0x000000000221556a sp=0x0000000001eee6a8 mode 2


Dynamic libraries:
0x00007ff62c070000 - 0x00007ff62c0a1000 	C:\Program Files\Android\Android Studio\jre\bin\java.exe
0x00007ffa22cb0000 - 0x00007ffa22e5c000 	C:\Windows\SYSTEM32\ntdll.dll
0x00007ffa20cf0000 - 0x00007ffa20e2e000 	C:\Windows\system32\KERNEL32.DLL
0x00007ffa20160000 - 0x00007ffa20275000 	C:\Windows\system32\KERNELBASE.dll
0x00007ffa20fb0000 - 0x00007ffa2105a000 	C:\Windows\system32\ADVAPI32.dll
0x00007ffa20e30000 - 0x00007ffa20fa7000 	C:\Windows\system32\USER32.dll
0x00007ffa1e010000 - 0x00007ffa1e28a000 	C:\Windows\WinSxS\amd64_microsoft.windows.common-controls_6595b64144ccf1df_6.0.9600.17810_none_6240b9c7ecbd0bda\COMCTL32.dll
0x00007ffa208a0000 - 0x00007ffa2094a000 	C:\Windows\system32\msvcrt.dll
0x00007ffa20c90000 - 0x00007ffa20ce9000 	C:\Windows\SYSTEM32\sechost.dll
0x00007ffa21060000 - 0x00007ffa211a1000 	C:\Windows\system32\RPCRT4.dll
0x00007ffa20350000 - 0x00007ffa2049f000 	C:\Windows\system32\GDI32.dll
0x00007ffa206c0000 - 0x00007ffa206f6000 	C:\Windows\system32\IMM32.DLL
0x00007ffa20980000 - 0x00007ffa20ad2000 	C:\Windows\system32\MSCTF.dll
0x0000000069930000 - 0x0000000069a02000 	C:\Program Files\Android\Android Studio\jre\jre\bin\msvcr100.dll
0x0000000069a50000 - 0x000000006a284000 	C:\Program Files\Android\Android Studio\jre\jre\bin\server\jvm.dll
0x00007ffa15b80000 - 0x00007ffa15b89000 	C:\Windows\SYSTEM32\WSOCK32.dll
0x00007ffa1d1a0000 - 0x00007ffa1d1c2000 	C:\Windows\SYSTEM32\WINMM.dll
0x00007ffa19340000 - 0x00007ffa1934a000 	C:\Windows\SYSTEM32\VERSION.dll
0x00007ffa20330000 - 0x00007ffa20337000 	C:\Windows\system32\PSAPI.DLL
0x00007ffa22c50000 - 0x00007ffa22caa000 	C:\Windows\system32\WS2_32.dll
0x00007ffa1d150000 - 0x00007ffa1d17a000 	C:\Windows\SYSTEM32\WINMMBASE.dll
0x00007ffa211b0000 - 0x00007ffa211b9000 	C:\Windows\system32\NSI.dll
0x00007ffa202e0000 - 0x00007ffa2032f000 	C:\Windows\SYSTEM32\cfgmgr32.dll
0x00007ffa1ebf0000 - 0x00007ffa1ec18000 	C:\Windows\SYSTEM32\DEVOBJ.dll
0x00007ffa08520000 - 0x00007ffa0852f000 	C:\Program Files\Android\Android Studio\jre\jre\bin\verify.dll
0x00007ffa067a0000 - 0x00007ffa067c9000 	C:\Program Files\Android\Android Studio\jre\jre\bin\java.dll
0x00007ff9f63e0000 - 0x00007ff9f63f6000 	C:\Program Files\Android\Android Studio\jre\jre\bin\zip.dll
0x00007ffa213a0000 - 0x00007ffa228cb000 	C:\Windows\system32\SHELL32.dll
0x00007ffa204a0000 - 0x00007ffa206b1000 	C:\Windows\SYSTEM32\combase.dll
0x00007ffa228d0000 - 0x00007ffa22924000 	C:\Windows\system32\SHLWAPI.dll
0x00007ffa1e510000 - 0x00007ffa1e5c2000 	C:\Windows\SYSTEM32\SHCORE.dll
0x00007ffa1fe00000 - 0x00007ffa1fe15000 	C:\Windows\SYSTEM32\profapi.dll

VM Arguments:
jvm_args: -Djava.awt.headless=true -Xmx1024M -Dfile.encoding=windows-1252 -Duser.country=US -Duser.language=en -Duser.variant 
java_command: com.android.dx.command.Main --dex --num-threads=4 --output D:\Android\AndroidStudio\KalbecallPlanMobile\app\build\intermediates\pre-dexed\debug\com.google.android.gms-play-services-location-9.4.0_d236acbe3cd2efa85072acfe52a2e48a542c3b25.jar D:\Android\AndroidStudio\KalbecallPlanMobile\app\build\intermediates\exploded-aar\com.google.android.gms\play-services-location\9.4.0\jars\classes.jar
java_class_path (initial): D:\Android\AndroidSDK\build-tools\24.0.1\lib\dx.jar
Launcher Type: SUN_STANDARD

Environment Variables:
PATH=C:\ProgramData\Oracle\Java\javapath;C:\app\DevSuiteHome_1\jdk\jre\bin\classic;C:\app\DevSuiteHome_1\jdk\jre\bin;C:\app\DevSuiteHome_1\jdk\jre\bin\client;C:\app\DevSuiteHome_1\jlib;C:\app\DevSuiteHome_1\bin;C:\app\DevSuiteHome_1\jre\1.4.2\bin\client;C:\app\DevSuiteHome_1\jre\1.4.2\bin;C:\app\rhezaTesar\product\11.2.0\client_1;C:\app\rhezaTesar\product\11.2.0\client_1\bin;C:\Program Files (x86)\Intel\iCLS Client\;C:\Program Files\Intel\iCLS Client\;C:\Windows\system32;C:\Windows;C:\Windows\System32\Wbem;C:\Windows\System32\WindowsPowerShell\v1.0\;C:\Program Files\Intel\Intel(R) Management Engine Components\DAL;C:\Program Files (x86)\Intel\Intel(R) Management Engine Components\DAL;C:\Program Files\Intel\Intel(R) Management Engine Components\IPT;C:\Program Files (x86)\Intel\Intel(R) Management Engine Components\IPT;C:\Program Files\Intel\WiFi\bin\;C:\Program Files\Common Files\Intel\WirelessCommon\;C:\Program Files (x86)\Skype\Phone\;C:\Program Files (x86)\Microsoft SQL Server\90\Tools\binn\;C:\Program Files (x86)\Microsoft SQL Server\100\Tools\Bin;C:\Program Files (x86)\Common Files\SYSTEM\MSMAPI\1033;C:\Program Files\Microsoft SQL Server\120\Tools\Binn\;C:\Program Files\Microsoft SQL Server\Client SDK\ODBC\110\Tools\Binn\;C:\Program Files\Microsoft SQL Server\120\DTS\Binn\;C:\Program Files (x86)\Microsoft SQL Server\120\Tools\Binn\ManagementStudio\;C:\Program Files (x86)\Microsoft SQL Server\120\Tools\Binn\;C:\Program Files (x86)\Microsoft SQL Server\120\DTS\Binn\;C:\Program Files\Git\cmd;C:\Program Files\TortoiseSVN\bin;C:\Program Files (x86)\CrSSL\bin
USERNAME=rhezaTesar
OS=Windows_NT
PROCESSOR_IDENTIFIER=Intel64 Family 6 Model 61 Stepping 4, GenuineIntel



---------------  S Y S T E M  ---------------

OS: Windows 8.1 , 64 bit Build 9600 (6.3.9600.17415)

CPU:total 4 (2 cores per cpu, 2 threads per core) family 6 model 61 stepping 4, cmov, cx8, fxsr, mmx, sse, sse2, sse3, ssse3, sse4.1, sse4.2, popcnt, avx, avx2, aes, clmul, erms, 3dnowpref, lzcnt, ht, tsc, tscinvbit, bmi1, bmi2, adx

Memory: 4k page, physical 8277100k(1123408k free), swap 9848940k(5308k free)

vm_info: OpenJDK 64-Bit Server VM (25.76-b03) for windows-amd64 JRE (1.8.0_76-release-b03), built on Jun 29 2016 19:09:20 by "ralucas" with MS VC++ 10.0 (VS2010)

time: Tue Sep 27 18:47:25 2016
elapsed time: 3 seconds (0d 0h 0m 3s)

