#
# There is insufficient memory for the Java Runtime Environment to continue.
# Native memory allocation (malloc) failed to allocate 65552 bytes for Chunk::new
# Possible reasons:
#   The system is out of physical RAM or swap space
#   In 32 bit mode, the process size limit was hit
# Possible solutions:
#   Reduce memory load on the system
#   Increase physical memory or swap space
#   Check if swap backing store is full
#   Use 64 bit Java on a 64 bit OS
#   Decrease Java heap size (-Xmx/-Xms)
#   Decrease number of Java threads
#   Decrease Java thread stack sizes (-Xss)
#   Set larger code cache with -XX:ReservedCodeCacheSize=
# This output file may be truncated or incomplete.
#
#  Out of Memory Error (allocation.cpp:390), pid=9964, tid=0x0000000000001f2c
#
# JRE version: OpenJDK Runtime Environment (8.0_76-b03) (build 1.8.0_76-release-b03)
# Java VM: OpenJDK 64-Bit Server VM (25.76-b03 mixed mode windows-amd64 compressed oops)
# Failed to write core dump. Minidumps are not enabled by default on client versions of Windows
#

---------------  T H R E A D  ---------------

Current thread (0x0000000014898800):  JavaThread "C2 CompilerThread1" daemon [_thread_in_native, id=7980, stack(0x00000000160a0000,0x00000000161a0000)]

Stack: [0x00000000160a0000,0x00000000161a0000]
[error occurred during error reporting (printing stack bounds), id 0xc0000005]

Native frames: (J=compiled Java code, j=interpreted, Vv=VM code, C=native code)


Current CompileTask:
C2:   3597  991       4       com.android.dx.ssa.back.LivenessAnalyzer::handleTailRecursion (94 bytes)


---------------  P R O C E S S  ---------------

Java Threads: ( => current thread )
  0x000000001640e800 JavaThread "pool-1-thread-4" [_thread_in_Java, id=14084, stack(0x0000000016ca0000,0x0000000016da0000)]
  0x000000001640d800 JavaThread "pool-1-thread-3" [_thread_blocked, id=9820, stack(0x0000000016ba0000,0x0000000016ca0000)]
  0x00000000163ee000 JavaThread "pool-1-thread-2" [_thread_in_Java, id=13752, stack(0x0000000016aa0000,0x0000000016ba0000)]
  0x00000000163df000 JavaThread "pool-2-thread-1" [_thread_blocked, id=13636, stack(0x00000000169a0000,0x0000000016aa0000)]
  0x00000000162ad000 JavaThread "Service Thread" daemon [_thread_blocked, id=3296, stack(0x00000000166a0000,0x00000000167a0000)]
  0x000000001489b800 JavaThread "C1 CompilerThread2" daemon [_thread_blocked, id=12636, stack(0x00000000161a0000,0x00000000162a0000)]
=>0x0000000014898800 JavaThread "C2 CompilerThread1" daemon [_thread_in_native, id=7980, stack(0x00000000160a0000,0x00000000161a0000)]
  0x000000001483b800 JavaThread "C2 CompilerThread0" daemon [_thread_in_native, id=9744, stack(0x0000000015fa0000,0x00000000160a0000)]
  0x000000001483a800 JavaThread "Attach Listener" daemon [_thread_blocked, id=12204, stack(0x0000000015ea0000,0x0000000015fa0000)]
  0x0000000014839000 JavaThread "Signal Dispatcher" daemon [_thread_blocked, id=10236, stack(0x0000000015da0000,0x0000000015ea0000)]
  0x0000000014828800 JavaThread "Finalizer" daemon [_thread_blocked, id=11340, stack(0x0000000015aa0000,0x0000000015ba0000)]
  0x0000000002161000 JavaThread "Reference Handler" daemon [_thread_blocked, id=7628, stack(0x00000000159a0000,0x0000000015aa0000)]
  0x000000000206d800 JavaThread "main" [_thread_blocked, id=11260, stack(0x0000000001f10000,0x0000000002010000)]

Other Threads:
  0x0000000014805800 VMThread [stack: 0x00000000158a0000,0x00000000159a0000] [id=6716]
  0x00000000162a3000 WatcherThread [stack: 0x00000000167a0000,0x00000000168a0000] [id=7948]

VM state:synchronizing (normal execution)

VM Mutex/Monitor currently owned by a thread:  ([mutex/lock_event])
[0x000000000206cc00] Safepoint_lock - owner thread: 0x0000000014805800
[0x000000000206ce80] Threads_lock - owner thread: 0x0000000014805800
[0x000000000206ce00] Heap_lock - owner thread: 0x000000001640d800

Heap:
 PSYoungGen      total 38400K, used 33280K [0x00000000eab00000, 0x00000000ed580000, 0x0000000100000000)
  eden space 33280K, 100% used [0x00000000eab00000,0x00000000ecb80000,0x00000000ecb80000)
  from space 5120K, 0% used [0x00000000ed080000,0x00000000ed080000,0x00000000ed580000)
  to   space 5120K, 0% used [0x00000000ecb80000,0x00000000ecb80000,0x00000000ed080000)
 ParOldGen       total 87552K, used 0K [0x00000000c0000000, 0x00000000c5580000, 0x00000000eab00000)
  object space 87552K, 0% used [0x00000000c0000000,0x00000000c0000000,0x00000000c5580000)
 Metaspace       used 5882K, capacity 6896K, committed 7040K, reserved 1056768K
  class space    used 579K, capacity 616K, committed 640K, reserved 1048576K

Card table byte_map: [0x0000000011530000,0x0000000011740000] byte_map_base: 0x0000000010f30000

Marking Bits: (ParMarkBitMap*) 0x000000006f429d00
 Begin Bits: [0x0000000011ca0000, 0x0000000012ca0000)
 End Bits:   [0x0000000012ca0000, 0x0000000013ca0000)

Polling page: 0x0000000000790000

CodeCache: size=245760Kb used=4402Kb max_used=4402Kb free=241357Kb
 bounds [0x0000000002170000, 0x00000000025c0000, 0x0000000011170000]
 total_blobs=1347 nmethods=1076 adapters=182
 compilation: disabled (not enough contiguous free space left)

Compilation events (10 events):
Event: 2.449 Thread 0x000000001489b800 nmethod 1041 0x0000000002582510 code [0x0000000002582660, 0x0000000002582770]
Event: 2.449 Thread 0x000000001489b800 1043       3       com.android.dx.cf.code.OneLocalsArray::getMaxLocals (6 bytes)
Event: 2.450 Thread 0x000000001489b800 nmethod 1043 0x0000000002582190 code [0x00000000025822e0, 0x0000000002582430]
Event: 2.450 Thread 0x000000001489b800 1044       3       com.android.dx.cf.code.Ropper::getSpecialLabel (20 bytes)
Event: 2.450 Thread 0x000000001489b800 nmethod 1044 0x0000000002594490 code [0x0000000002594600, 0x00000000025949d0]
Event: 2.810 Thread 0x000000001489b800 1045       1       java.util.TreeMap$Entry::getValue (5 bytes)
Event: 2.810 Thread 0x000000001489b800 nmethod 1045 0x0000000002594b50 code [0x0000000002594ca0, 0x0000000002594db0]
Event: 2.810 Thread 0x000000001489b800 1046       3       java.util.TreeMap$EntryIterator::next (5 bytes)
Event: 2.810 Thread 0x000000001489b800 nmethod 1046 0x0000000002594e10 code [0x0000000002594f80, 0x0000000002595268]
Event: 2.810 Thread 0x000000001489b800 1048       3       com.android.dx.ssa.SsaConverter::placePhiFunctions (394 bytes)

GC Heap History (0 events):
No events

Deoptimization events (3 events):
Event: 0.914 Thread 0x000000000206d800 Uncommon trap: reason=unstable_if action=reinterpret pc=0x00000000022b1254 method=java.lang.String.indexOf(II)I @ 49
Event: 1.629 Thread 0x000000000206d800 Uncommon trap: reason=unstable_if action=reinterpret pc=0x0000000002382624 method=java.util.HashMap.getNode(ILjava/lang/Object;)Ljava/util/HashMap$Node; @ 129
Event: 2.293 Thread 0x00000000163de000 Uncommon trap: reason=unstable_if action=reinterpret pc=0x000000000254665c method=com.android.dx.rop.cst.Constant.compareTo(Lcom/android/dx/rop/cst/Constant;)I @ 12

Internal exceptions (2 events):
Event: 0.092 Thread 0x000000000206d800 Exception <a 'java/lang/NoSuchMethodError': Method sun.misc.Unsafe.defineClass(Ljava/lang/String;[BII)Ljava/lang/Class; name or signature does not match> (0x00000000eab07cc0) thrown at [C:\src\android\AOSP-openjdk\external\jetbrains\jdk\hotspot\src\share\v…Íde‡½·?
Event: 0.093 Thread 0x000000000206d800 Exception <a 'java/lang/NoSuchMethodError': Method sun.misc.Unsafe.prefetchRead(Ljava/lang/Object;J)V name or signature does not match> (0x00000000eab07fa8) thrown at [C:\src\android\AOSP-openjdk\external\jetbrains\jdk\hotspot\src\share\vm\prims\jni.cpp, l

Events (10 events):
Event: 2.293 Thread 0x00000000163de000 DEOPT PACKING pc=0x000000000254665c sp=0x000000001699e9e0
Event: 2.293 Thread 0x00000000163de000 DEOPT UNPACKING pc=0x00000000021b556a sp=0x000000001699e980 mode 2
Event: 2.310 Executing VM operation: ForceSafepoint
Event: 2.430 Executing VM operation: ForceSafepoint done
Event: 2.449 loading class java/util/TreeMap$EntrySet
Event: 2.450 loading class java/util/TreeMap$EntrySet done
Event: 2.450 loading class java/util/TreeMap$EntryIterator
Event: 2.450 loading class java/util/TreeMap$EntryIterator done
Event: 2.450 Executing VM operation: Deoptimize
Event: 2.809 Executing VM operation: Deoptimize done


Dynamic libraries:
0x00007ff6722a0000 - 0x00007ff6722d1000 	C:\Program Files\Android\Android Studio\jre\bin\java.exe
0x00007ffd08d40000 - 0x00007ffd08eec000 	C:\Windows\SYSTEM32\ntdll.dll
0x00007ffd064b0000 - 0x00007ffd065ee000 	C:\Windows\system32\KERNEL32.DLL
0x00007ffd06250000 - 0x00007ffd06365000 	C:\Windows\system32\KERNELBASE.dll
0x00007ffd06650000 - 0x00007ffd066fa000 	C:\Windows\system32\ADVAPI32.dll
0x00007ffd06d00000 - 0x00007ffd06e77000 	C:\Windows\system32\USER32.dll
0x00007ffd040b0000 - 0x00007ffd0432a000 	C:\Windows\WinSxS\amd64_microsoft.windows.common-controls_6595b64144ccf1df_6.0.9600.17810_none_6240b9c7ecbd0bda\COMCTL32.dll
0x00007ffd06710000 - 0x00007ffd067ba000 	C:\Windows\system32\msvcrt.dll
0x00007ffd063e0000 - 0x00007ffd06439000 	C:\Windows\SYSTEM32\sechost.dll
0x00007ffd06f60000 - 0x00007ffd070a1000 	C:\Windows\system32\RPCRT4.dll
0x00007ffd07400000 - 0x00007ffd0754f000 	C:\Windows\system32\GDI32.dll
0x00007ffd06c00000 - 0x00007ffd06c36000 	C:\Windows\system32\IMM32.DLL
0x00007ffd06aa0000 - 0x00007ffd06bf2000 	C:\Windows\system32\MSCTF.dll
0x000000006eb90000 - 0x000000006ec62000 	C:\Program Files\Android\Android Studio\jre\jre\bin\msvcr100.dll
0x000000006ec70000 - 0x000000006f4a4000 	C:\Program Files\Android\Android Studio\jre\jre\bin\server\jvm.dll
0x00007ffcfbf90000 - 0x00007ffcfbf99000 	C:\Windows\SYSTEM32\WSOCK32.dll
0x00007ffd00c60000 - 0x00007ffd00c82000 	C:\Windows\SYSTEM32\WINMM.dll
0x00007ffcff5f0000 - 0x00007ffcff5fa000 	C:\Windows\SYSTEM32\VERSION.dll
0x00007ffd06700000 - 0x00007ffd06707000 	C:\Windows\system32\PSAPI.DLL
0x00007ffd065f0000 - 0x00007ffd0664a000 	C:\Windows\system32\WS2_32.dll
0x00007ffd00c30000 - 0x00007ffd00c5a000 	C:\Windows\SYSTEM32\WINMMBASE.dll
0x00007ffd06f50000 - 0x00007ffd06f59000 	C:\Windows\system32\NSI.dll
0x00007ffd06370000 - 0x00007ffd063bf000 	C:\Windows\SYSTEM32\cfgmgr32.dll
0x00007ffd04c80000 - 0x00007ffd04ca8000 	C:\Windows\SYSTEM32\DEVOBJ.dll
0x00007ffcedae0000 - 0x00007ffcedaef000 	C:\Program Files\Android\Android Studio\jre\jre\bin\verify.dll
0x00007ffcda110000 - 0x00007ffcda139000 	C:\Program Files\Android\Android Studio\jre\jre\bin\java.dll
0x00007ffce05e0000 - 0x00007ffce05f6000 	C:\Program Files\Android\Android Studio\jre\jre\bin\zip.dll
0x00007ffd07740000 - 0x00007ffd08c6b000 	C:\Windows\system32\SHELL32.dll
0x00007ffd067c0000 - 0x00007ffd069d1000 	C:\Windows\SYSTEM32\combase.dll
0x00007ffd06ef0000 - 0x00007ffd06f44000 	C:\Windows\system32\SHLWAPI.dll
0x00007ffd04530000 - 0x00007ffd045e2000 	C:\Windows\SYSTEM32\SHCORE.dll
0x00007ffd05e90000 - 0x00007ffd05ea5000 	C:\Windows\SYSTEM32\profapi.dll

VM Arguments:
jvm_args: -Djava.awt.headless=true -Xmx1024M -Dfile.encoding=windows-1252 -Duser.country=US -Duser.language=en -Duser.variant 
java_command: com.android.dx.command.Main --dex --num-threads=4 --output D:\Android\AndroidStudio\KalbecallPlanMobile\app\build\intermediates\pre-dexed\debug\com.android.support-support-vector-drawable-24.1.1_815500872755a75a0b61df45896852989df5c1f3.jar D:\Android\AndroidStudio\KalbecallPlanMobile\app\build\intermediates\exploded-aar\com.android.support\support-vector-drawable\24.1.1\jars\classes.jar
java_class_path (initial): D:\Android\AndroidSDK\build-tools\24.0.1\lib\dx.jar
Launcher Type: SUN_STANDARD

Environment Variables:
PATH=C:\ProgramData\Oracle\Java\javapath;C:\app\DevSuiteHome_1\jdk\jre\bin\classic;C:\app\DevSuiteHome_1\jdk\jre\bin;C:\app\DevSuiteHome_1\jdk\jre\bin\client;C:\app\DevSuiteHome_1\jlib;C:\app\DevSuiteHome_1\bin;C:\app\DevSuiteHome_1\jre\1.4.2\bin\client;C:\app\DevSuiteHome_1\jre\1.4.2\bin;C:\app\rhezaTesar\product\11.2.0\client_1;C:\app\rhezaTesar\product\11.2.0\client_1\bin;C:\Program Files (x86)\Intel\iCLS Client\;C:\Program Files\Intel\iCLS Client\;C:\Windows\system32;C:\Windows;C:\Windows\System32\Wbem;C:\Windows\System32\WindowsPowerShell\v1.0\;C:\Program Files\Intel\Intel(R) Management Engine Components\DAL;C:\Program Files (x86)\Intel\Intel(R) Management Engine Components\DAL;C:\Program Files\Intel\Intel(R) Management Engine Components\IPT;C:\Program Files (x86)\Intel\Intel(R) Management Engine Components\IPT;C:\Program Files\Intel\WiFi\bin\;C:\Program Files\Common Files\Intel\WirelessCommon\;C:\Program Files (x86)\Skype\Phone\;C:\Program Files (x86)\Microsoft SQL Server\90\Tools\binn\;C:\Program Files (x86)\Microsoft SQL Server\100\Tools\Bin;C:\Program Files (x86)\Common Files\SYSTEM\MSMAPI\1033;C:\Program Files\Microsoft SQL Server\120\Tools\Binn\;C:\Program Files\Microsoft SQL Server\Client SDK\ODBC\110\Tools\Binn\;C:\Program Files\Microsoft SQL Server\120\DTS\Binn\;C:\Program Files (x86)\Microsoft SQL Server\120\Tools\Binn\ManagementStudio\;C:\Program Files (x86)\Microsoft SQL Server\120\Tools\Binn\;C:\Program Files (x86)\Microsoft SQL Server\120\DTS\Binn\;C:\Program Files\Git\cmd;C:\Program Files\TortoiseSVN\bin;C:\Program Files (x86)\CrSSL\bin
USERNAME=rhezaTesar
OS=Windows_NT
PROCESSOR_IDENTIFIER=Intel64 Family 6 Model 61 Stepping 4, GenuineIntel



---------------  S Y S T E M  ---------------

OS: Windows 8.1 , 64 bit Build 9600 (6.3.9600.17415)

CPU:total 4 (2 cores per cpu, 2 threads per core) family 6 model 61 stepping 4, cmov, cx8, fxsr, mmx, sse, sse2, sse3, ssse3, sse4.1, sse4.2, popcnt, avx, avx2, aes, clmul, erms, 3dnowpref, lzcnt, ht, tsc, tscinvbit, bmi1, bmi2, adx

Memory: 4k page, physical 8277100k(1110228k free), swap 9848940k(38932k free)

vm_info: OpenJDK 64-Bit Server VM (25.76-b03) for windows-amd64 JRE (1.8.0_76-release-b03), built on Jun 29 2016 19:09:20 by "ralucas" with MS VC++ 10.0 (VS2010)

time: Thu Sep 08 12:38:51 2016
elapsed time: 3 seconds (0d 0h 0m 3s)

