#
# There is insufficient memory for the Java Runtime Environment to continue.
# Native memory allocation (malloc) failed to allocate 32744 bytes for ChunkPool::allocate
# Possible reasons:
#   The system is out of physical RAM or swap space
#   In 32 bit mode, the process size limit was hit
# Possible solutions:
#   Reduce memory load on the system
#   Increase physical memory or swap space
#   Check if swap backing store is full
#   Use 64 bit Java on a 64 bit OS
#   Decrease Java heap size (-Xmx/-Xms)
#   Decrease number of Java threads
#   Decrease Java thread stack sizes (-Xss)
#   Set larger code cache with -XX:ReservedCodeCacheSize=
# This output file may be truncated or incomplete.
#
#  Out of Memory Error (allocation.cpp:273), pid=10352, tid=0x0000000000002608
#
# JRE version: OpenJDK Runtime Environment (8.0_76-b03) (build 1.8.0_76-release-b03)
# Java VM: OpenJDK 64-Bit Server VM (25.76-b03 mixed mode windows-amd64 compressed oops)
# Failed to write core dump. Minidumps are not enabled by default on client versions of Windows
#

---------------  T H R E A D  ---------------

Current thread (0x0000000015426800):  JavaThread "C2 CompilerThread1" daemon [_thread_in_native, id=9736, stack(0x0000000016c20000,0x0000000016d20000)]

Stack: [0x0000000016c20000,0x0000000016d20000]
[error occurred during error reporting (printing stack bounds), id 0xc0000005]

Native frames: (J=compiled Java code, j=interpreted, Vv=VM code, C=native code)


Current CompileTask:
C2:   6372 1611   !   4       com.android.dx.cf.code.BytecodeArray::parseInstruction (2764 bytes)


---------------  P R O C E S S  ---------------

Java Threads: ( => current thread )
  0x000000001708e800 JavaThread "pool-1-thread-4" [_thread_in_Java, id=10340, stack(0x0000000017820000,0x0000000017920000)]
  0x000000001708d000 JavaThread "pool-1-thread-3" [_thread_in_Java, id=3768, stack(0x0000000017720000,0x0000000017820000)]
  0x0000000017082000 JavaThread "pool-1-thread-2" [_thread_in_Java, id=6600, stack(0x0000000017620000,0x0000000017720000)]
  0x0000000017077800 JavaThread "pool-2-thread-1" [_thread_blocked, id=7116, stack(0x0000000017520000,0x0000000017620000)]
  0x0000000017072800 JavaThread "pool-1-thread-1" [_thread_in_Java, id=10344, stack(0x0000000017420000,0x0000000017520000)]
  0x0000000016e2e800 JavaThread "Service Thread" daemon [_thread_blocked, id=2000, stack(0x0000000017220000,0x0000000017320000)]
  0x000000001542d000 JavaThread "C1 CompilerThread2" daemon [_thread_blocked, id=11208, stack(0x0000000016d20000,0x0000000016e20000)]
=>0x0000000015426800 JavaThread "C2 CompilerThread1" daemon [_thread_in_native, id=9736, stack(0x0000000016c20000,0x0000000016d20000)]
  0x00000000153d8800 JavaThread "C2 CompilerThread0" daemon [_thread_in_native, id=11044, stack(0x0000000016b20000,0x0000000016c20000)]
  0x00000000153d7000 JavaThread "Attach Listener" daemon [_thread_blocked, id=8668, stack(0x0000000016a20000,0x0000000016b20000)]
  0x00000000153d6000 JavaThread "Signal Dispatcher" daemon [_thread_blocked, id=4820, stack(0x0000000016920000,0x0000000016a20000)]
  0x00000000153b8800 JavaThread "Finalizer" daemon [_thread_blocked, id=10620, stack(0x0000000016620000,0x0000000016720000)]
  0x0000000002cf1000 JavaThread "Reference Handler" daemon [_thread_blocked, id=13276, stack(0x0000000016520000,0x0000000016620000)]
  0x0000000002a6d800 JavaThread "main" [_thread_in_Java, id=7096, stack(0x0000000002b00000,0x0000000002c00000)]

Other Threads:
  0x0000000015394800 VMThread [stack: 0x0000000016420000,0x0000000016520000] [id=2388]
  0x0000000016e2f800 WatcherThread [stack: 0x0000000017320000,0x0000000017420000] [id=12044]

VM state:not at safepoint (normal execution)

VM Mutex/Monitor currently owned by a thread: None

Heap:
 PSYoungGen      total 71680K, used 44317K [0x00000000eab00000, 0x00000000ef600000, 0x0000000100000000)
  eden space 66560K, 58% used [0x00000000eab00000,0x00000000ed149c10,0x00000000eec00000)
  from space 5120K, 99% used [0x00000000ef100000,0x00000000ef5fd810,0x00000000ef600000)
  to   space 5120K, 0% used [0x00000000eec00000,0x00000000eec00000,0x00000000ef100000)
 ParOldGen       total 87552K, used 7147K [0x00000000c0000000, 0x00000000c5580000, 0x00000000eab00000)
  object space 87552K, 8% used [0x00000000c0000000,0x00000000c06fad38,0x00000000c5580000)
 Metaspace       used 6271K, capacity 7090K, committed 7296K, reserved 1056768K
  class space    used 598K, capacity 618K, committed 640K, reserved 1048576K

Card table byte_map: [0x00000000120c0000,0x00000000122d0000] byte_map_base: 0x0000000011ac0000

Marking Bits: (ParMarkBitMap*) 0x0000000057bb9d00
 Begin Bits: [0x0000000012830000, 0x0000000013830000)
 End Bits:   [0x0000000013830000, 0x0000000014830000)

Polling page: 0x00000000011e0000

CodeCache: size=245760Kb used=7141Kb max_used=7173Kb free=238618Kb
 bounds [0x0000000002d00000, 0x0000000003410000, 0x0000000011d00000]
 total_blobs=1888 nmethods=1617 adapters=185
 compilation: enabled

Compilation events (10 events):
Event: 5.851 Thread 0x000000001542d000 1661       2       com.android.dx.cf.code.Ropper::getNormalRegCount (13 bytes)
Event: 5.852 Thread 0x000000001542d000 nmethod 1661 0x00000000033eea10 code [0x00000000033eeb60, 0x00000000033eecd0]
Event: 5.866 Thread 0x000000001542d000 1662       2       com.android.dx.dex.file.AnnotationSetItem::<init> (83 bytes)
Event: 5.867 Thread 0x000000001542d000 nmethod 1662 0x00000000033eed90 code [0x00000000033eef80, 0x00000000033ef768]
Event: 5.891 Thread 0x000000001542d000 1664       2       java.util.Collections$UnmodifiableCollection::size (10 bytes)
Event: 5.891 Thread 0x000000001542d000 nmethod 1664 0x00000000033efe50 code [0x00000000033effc0, 0x00000000033f0148]
Event: 6.002 Thread 0x0000000015426800 nmethod 1596 0x00000000033f88d0 code [0x00000000033f8e20, 0x00000000033fe6a0]
Event: 6.004 Thread 0x0000000015426800 1643       4       java.util.HashMap::getNode (148 bytes)
Event: 6.007 Thread 0x0000000015426800 nmethod 1643 0x00000000033f5510 code [0x00000000033f5660, 0x00000000033f5888]
Event: 6.007 Thread 0x0000000015426800 1611   !   4       com.android.dx.cf.code.BytecodeArray::parseInstruction (2764 bytes)

GC Heap History (4 events):
Event: 2.958 GC heap before
{Heap before GC invocations=1 (full 0):
 PSYoungGen      total 38400K, used 33280K [0x00000000eab00000, 0x00000000ed580000, 0x0000000100000000)
  eden space 33280K, 100% used [0x00000000eab00000,0x00000000ecb80000,0x00000000ecb80000)
  from space 5120K, 0% used [0x00000000ed080000,0x00000000ed080000,0x00000000ed580000)
  to   space 5120K, 0% used [0x00000000ecb80000,0x00000000ecb80000,0x00000000ed080000)
 ParOldGen       total 87552K, used 0K [0x00000000c0000000, 0x00000000c5580000, 0x00000000eab00000)
  object space 87552K, 0% used [0x00000000c0000000,0x00000000c0000000,0x00000000c5580000)
 Metaspace       used 5986K, capacity 6960K, committed 7040K, reserved 1056768K
  class space    used 576K, capacity 616K, committed 640K, reserved 1048576K
Event: 3.052 GC heap after
Heap after GC invocations=1 (full 0):
 PSYoungGen      total 38400K, used 5114K [0x00000000eab00000, 0x00000000ef600000, 0x0000000100000000)
  eden space 33280K, 0% used [0x00000000eab00000,0x00000000eab00000,0x00000000ecb80000)
  from space 5120K, 99% used [0x00000000ecb80000,0x00000000ed07ea78,0x00000000ed080000)
  to   space 5120K, 0% used [0x00000000ef100000,0x00000000ef100000,0x00000000ef600000)
 ParOldGen       total 87552K, used 1727K [0x00000000c0000000, 0x00000000c5580000, 0x00000000eab00000)
  object space 87552K, 1% used [0x00000000c0000000,0x00000000c01afd38,0x00000000c5580000)
 Metaspace       used 5986K, capacity 6960K, committed 7040K, reserved 1056768K
  class space    used 576K, capacity 616K, committed 640K, reserved 1048576K
}
Event: 4.145 GC heap before
{Heap before GC invocations=2 (full 0):
 PSYoungGen      total 38400K, used 38394K [0x00000000eab00000, 0x00000000ef600000, 0x0000000100000000)
  eden space 33280K, 100% used [0x00000000eab00000,0x00000000ecb80000,0x00000000ecb80000)
  from space 5120K, 99% used [0x00000000ecb80000,0x00000000ed07ea78,0x00000000ed080000)
  to   space 5120K, 0% used [0x00000000ef100000,0x00000000ef100000,0x00000000ef600000)
 ParOldGen       total 87552K, used 1727K [0x00000000c0000000, 0x00000000c5580000, 0x00000000eab00000)
  object space 87552K, 1% used [0x00000000c0000000,0x00000000c01afd38,0x00000000c5580000)
 Metaspace       used 6125K, capacity 7024K, committed 7296K, reserved 1056768K
  class space    used 579K, capacity 616K, committed 640K, reserved 1048576K
Event: 4.634 GC heap after
Heap after GC invocations=2 (full 0):
 PSYoungGen      total 71680K, used 5110K [0x00000000eab00000, 0x00000000ef600000, 0x0000000100000000)
  eden space 66560K, 0% used [0x00000000eab00000,0x00000000eab00000,0x00000000eec00000)
  from space 5120K, 99% used [0x00000000ef100000,0x00000000ef5fd810,0x00000000ef600000)
  to   space 5120K, 0% used [0x00000000eec00000,0x00000000eec00000,0x00000000ef100000)
 ParOldGen       total 87552K, used 7147K [0x00000000c0000000, 0x00000000c5580000, 0x00000000eab00000)
  object space 87552K, 8% used [0x00000000c0000000,0x00000000c06fad38,0x00000000c5580000)
 Metaspace       used 6125K, capacity 7024K, committed 7296K, reserved 1056768K
  class space    used 579K, capacity 616K, committed 640K, reserved 1048576K
}

Deoptimization events (10 events):
Event: 4.758 Thread 0x000000001708d000 Uncommon trap: reason=class_check action=maybe_recompile pc=0x0000000003350a80 method=com.android.dx.rop.code.RegisterSpec.withSimpleType()Lcom/android/dx/rop/code/RegisterSpec; @ 21
Event: 4.759 Thread 0x000000001708d000 Uncommon trap: reason=class_check action=maybe_recompile pc=0x0000000003350a80 method=com.android.dx.rop.code.RegisterSpec.withSimpleType()Lcom/android/dx/rop/code/RegisterSpec; @ 21
Event: 4.779 Thread 0x000000001708e800 Uncommon trap: reason=unstable_if action=reinterpret pc=0x00000000031d1bb8 method=java.util.HashMap.putVal(ILjava/lang/Object;Ljava/lang/Object;ZZ)Ljava/lang/Object; @ 162
Event: 4.779 Thread 0x000000001708e800 Uncommon trap: reason=unstable_if action=reinterpret pc=0x00000000032145d8 method=java.util.HashMap.getNode(ILjava/lang/Object;)Ljava/util/HashMap$Node; @ 84
Event: 4.793 Thread 0x000000001708e800 Uncommon trap: reason=unstable_if action=reinterpret pc=0x00000000030b117c method=com.android.dx.util.IntList.binarysearch(I)I @ 105
Event: 4.795 Thread 0x000000001708e800 Uncommon trap: reason=unstable_if action=reinterpret pc=0x0000000003099878 method=com.android.dx.cf.code.Ropper.labelToResultIndex(I)I @ 34
Event: 4.800 Thread 0x000000001708e800 Uncommon trap: reason=unstable_if action=reinterpret pc=0x0000000002f793fc method=java.util.HashMap.putVal(ILjava/lang/Object;Ljava/lang/Object;ZZ)Ljava/lang/Object; @ 162
Event: 4.814 Thread 0x000000001708e800 Uncommon trap: reason=bimorphic action=maybe_recompile pc=0x0000000003274948 method=com.android.dx.ssa.LiteralOpUpgrader.tryReplacingWithConstant(Lcom/android/dx/ssa/NormalSsaInsn;)Z @ 52
Event: 4.824 Thread 0x000000001708e800 Uncommon trap: reason=bimorphic action=maybe_recompile pc=0x000000000338f490 method=com.android.dx.rop.code.Rops.opMoveResultPseudo(Lcom/android/dx/rop/type/TypeBearer;)Lcom/android/dx/rop/code/Rop; @ 7
Event: 4.825 Thread 0x000000001708e800 Uncommon trap: reason=bimorphic action=maybe_recompile pc=0x0000000003274948 method=com.android.dx.ssa.LiteralOpUpgrader.tryReplacingWithConstant(Lcom/android/dx/ssa/NormalSsaInsn;)Z @ 52

Internal exceptions (6 events):
Event: 0.040 Thread 0x0000000002a6d800 Exception <a 'java/lang/NoSuchMethodError': Method sun.misc.Unsafe.defineClass(Ljava/lang/String;[BII)Ljava/lang/Class; name or signature does not match> (0x00000000eab07cc0) thrown at [C:\src\android\AOSP-openjdk\external\jetbrains\jdk\hotspot\src\share\vùÛ˝Ó∂§?
Event: 0.040 Thread 0x0000000002a6d800 Exception <a 'java/lang/NoSuchMethodError': Method sun.misc.Unsafe.prefetchRead(Ljava/lang/Object;J)V name or signature does not match> (0x00000000eab07fa8) thrown at [C:\src\android\AOSP-openjdk\external\jetbrains\jdk\hotspot\src\share\vm\prims\jni.cpp, lñu°S
Event: 2.003 Thread 0x000000001708d000 Implicit null exception at 0x0000000002fa47e2 to 0x0000000002fa48da
Event: 4.703 Thread 0x0000000002a6d800 Exception <a 'java/lang/ArrayIndexOutOfBoundsException': 18> (0x00000000eb1e6638) thrown at [C:\src\android\AOSP-openjdk\external\jetbrains\jdk\hotspot\src\share\vm\interpreter\interpreterRuntime.cpp, line 366]
Event: 4.704 Thread 0x0000000002a6d800 Exception <a 'java/lang/ArrayIndexOutOfBoundsException'> (0x00000000eb1e81b8) thrown at [C:\src\android\AOSP-openjdk\external\jetbrains\jdk\hotspot\src\share\vm\runtime\sharedRuntime.cpp, line 605]
Event: 4.705 Thread 0x0000000002a6d800 Exception <a 'java/lang/ArrayIndexOutOfBoundsException'> (0x00000000eb1e94a0) thrown at [C:\src\android\AOSP-openjdk\external\jetbrains\jdk\hotspot\src\share\vm\runtime\sharedRuntime.cpp, line 605]

Events (10 events):
Event: 4.814 Thread 0x000000001708e800 DEOPT PACKING pc=0x0000000003274948 sp=0x000000001791e710
Event: 4.814 Thread 0x000000001708e800 DEOPT UNPACKING pc=0x0000000002d4556a sp=0x000000001791e618 mode 2
Event: 4.824 Thread 0x000000001708e800 Uncommon trap: trap_request=0xffffffc6 fr.pc=0x000000000338f490
Event: 4.824 Thread 0x000000001708e800 DEOPT PACKING pc=0x000000000338f490 sp=0x000000001791e0a0
Event: 4.824 Thread 0x000000001708e800 DEOPT UNPACKING pc=0x0000000002d4556a sp=0x000000001791dfd8 mode 2
Event: 4.825 Thread 0x000000001708e800 Uncommon trap: trap_request=0xffffffc6 fr.pc=0x0000000003274948
Event: 4.825 Thread 0x000000001708e800 DEOPT PACKING pc=0x0000000003274948 sp=0x000000001791e710
Event: 4.825 Thread 0x000000001708e800 DEOPT UNPACKING pc=0x0000000002d4556a sp=0x000000001791e618 mode 2
Event: 5.722 Thread 0x0000000002a6d800 DEOPT PACKING pc=0x00000000033890ad sp=0x0000000002bfe2c0
Event: 5.722 Thread 0x0000000002a6d800 DEOPT UNPACKING pc=0x0000000002d475bf sp=0x0000000002bfe028 mode 0


Dynamic libraries:
0x00007ff70b6f0000 - 0x00007ff70b721000 	C:\Program Files\Android\Android Studio\jre\bin\java.exe
0x00007ffae1960000 - 0x00007ffae1b0c000 	C:\Windows\SYSTEM32\ntdll.dll
0x00007ffae1610000 - 0x00007ffae174e000 	C:\Windows\system32\KERNEL32.DLL
0x00007ffadee70000 - 0x00007ffadef85000 	C:\Windows\system32\KERNELBASE.dll
0x00007ffae13c0000 - 0x00007ffae146a000 	C:\Windows\system32\ADVAPI32.dll
0x00007ffadf440000 - 0x00007ffadf5b7000 	C:\Windows\system32\USER32.dll
0x00007ffadc260000 - 0x00007ffadc4da000 	C:\Windows\WinSxS\amd64_microsoft.windows.common-controls_6595b64144ccf1df_6.0.9600.17810_none_6240b9c7ecbd0bda\COMCTL32.dll
0x00007ffae12b0000 - 0x00007ffae135a000 	C:\Windows\system32\msvcrt.dll
0x00007ffadf140000 - 0x00007ffadf199000 	C:\Windows\SYSTEM32\sechost.dll
0x00007ffae17a0000 - 0x00007ffae18e1000 	C:\Windows\system32\RPCRT4.dll
0x00007ffadf5c0000 - 0x00007ffadf70f000 	C:\Windows\system32\GDI32.dll
0x00007ffae1760000 - 0x00007ffae1796000 	C:\Windows\system32\IMM32.DLL
0x00007ffadefe0000 - 0x00007ffadf132000 	C:\Windows\system32\MSCTF.dll
0x0000000057fe0000 - 0x00000000580b2000 	C:\Program Files\Android\Android Studio\jre\jre\bin\msvcr100.dll
0x0000000057400000 - 0x0000000057c34000 	C:\Program Files\Android\Android Studio\jre\jre\bin\server\jvm.dll
0x00007ffad49c0000 - 0x00007ffad49c9000 	C:\Windows\SYSTEM32\WSOCK32.dll
0x00007ffad91f0000 - 0x00007ffad9212000 	C:\Windows\SYSTEM32\WINMM.dll
0x00007ffad7ad0000 - 0x00007ffad7ada000 	C:\Windows\SYSTEM32\VERSION.dll
0x00007ffadf370000 - 0x00007ffadf377000 	C:\Windows\system32\PSAPI.DLL
0x00007ffadfb10000 - 0x00007ffadfb6a000 	C:\Windows\system32\WS2_32.dll
0x00007ffad91c0000 - 0x00007ffad91ea000 	C:\Windows\SYSTEM32\WINMMBASE.dll
0x00007ffae18f0000 - 0x00007ffae18f9000 	C:\Windows\system32\NSI.dll
0x00007ffadef90000 - 0x00007ffadefdf000 	C:\Windows\SYSTEM32\cfgmgr32.dll
0x00007ffadd8a0000 - 0x00007ffadd8c8000 	C:\Windows\SYSTEM32\DEVOBJ.dll
0x00007ffac4860000 - 0x00007ffac486f000 	C:\Program Files\Android\Android Studio\jre\jre\bin\verify.dll
0x00007ffac00e0000 - 0x00007ffac0109000 	C:\Program Files\Android\Android Studio\jre\jre\bin\java.dll
0x00007ffac00c0000 - 0x00007ffac00d6000 	C:\Program Files\Android\Android Studio\jre\jre\bin\zip.dll
0x00007ffadfcb0000 - 0x00007ffae11db000 	C:\Windows\system32\SHELL32.dll
0x00007ffadf710000 - 0x00007ffadf921000 	C:\Windows\SYSTEM32\combase.dll
0x00007ffae1900000 - 0x00007ffae1954000 	C:\Windows\system32\SHLWAPI.dll
0x00007ffadd150000 - 0x00007ffadd202000 	C:\Windows\SYSTEM32\SHCORE.dll
0x00007ffadeab0000 - 0x00007ffadeac5000 	C:\Windows\SYSTEM32\profapi.dll

VM Arguments:
jvm_args: -Djava.awt.headless=true -Xmx1024M -Dfile.encoding=windows-1252 -Duser.country=US -Duser.language=en -Duser.variant 
java_command: com.android.dx.command.Main --dex --num-threads=4 --output D:\Android\AndroidStudio\KalbecallPlanMobile\app\build\intermediates\pre-dexed\debug\com.android.support-recyclerview-v7-24.1.1_6685feb5259deb3670635d8fd475b7ac2c89b389.jar D:\Android\AndroidStudio\KalbecallPlanMobile\app\build\intermediates\exploded-aar\com.android.support\recyclerview-v7\24.1.1\jars\classes.jar
java_class_path (initial): D:\Android\AndroidSDK\build-tools\24.0.1\lib\dx.jar
Launcher Type: SUN_STANDARD

Environment Variables:
PATH=C:\ProgramData\Oracle\Java\javapath;C:\app\DevSuiteHome_1\jdk\jre\bin\classic;C:\app\DevSuiteHome_1\jdk\jre\bin;C:\app\DevSuiteHome_1\jdk\jre\bin\client;C:\app\DevSuiteHome_1\jlib;C:\app\DevSuiteHome_1\bin;C:\app\DevSuiteHome_1\jre\1.4.2\bin\client;C:\app\DevSuiteHome_1\jre\1.4.2\bin;C:\app\rhezaTesar\product\11.2.0\client_1;C:\app\rhezaTesar\product\11.2.0\client_1\bin;C:\Program Files (x86)\Intel\iCLS Client\;C:\Program Files\Intel\iCLS Client\;C:\Windows\system32;C:\Windows;C:\Windows\System32\Wbem;C:\Windows\System32\WindowsPowerShell\v1.0\;C:\Program Files\Intel\Intel(R) Management Engine Components\DAL;C:\Program Files (x86)\Intel\Intel(R) Management Engine Components\DAL;C:\Program Files\Intel\Intel(R) Management Engine Components\IPT;C:\Program Files (x86)\Intel\Intel(R) Management Engine Components\IPT;C:\Program Files\Intel\WiFi\bin\;C:\Program Files\Common Files\Intel\WirelessCommon\;C:\Program Files (x86)\Skype\Phone\;C:\Program Files (x86)\Microsoft SQL Server\90\Tools\binn\;C:\Program Files (x86)\Microsoft SQL Server\100\Tools\Bin;C:\Program Files (x86)\Common Files\SYSTEM\MSMAPI\1033;C:\Program Files\Microsoft SQL Server\120\Tools\Binn\;C:\Program Files\Microsoft SQL Server\Client SDK\ODBC\110\Tools\Binn\;C:\Program Files\Microsoft SQL Server\120\DTS\Binn\;C:\Program Files (x86)\Microsoft SQL Server\120\Tools\Binn\ManagementStudio\;C:\Program Files (x86)\Microsoft SQL Server\120\Tools\Binn\;C:\Program Files (x86)\Microsoft SQL Server\120\DTS\Binn\;C:\Program Files\Git\cmd;C:\Program Files\TortoiseSVN\bin;C:\Program Files (x86)\CrSSL\bin
USERNAME=rhezaTesar
OS=Windows_NT
PROCESSOR_IDENTIFIER=Intel64 Family 6 Model 61 Stepping 4, GenuineIntel



---------------  S Y S T E M  ---------------

OS: Windows 8.1 , 64 bit Build 9600 (6.3.9600.17415)

CPU:total 4 (2 cores per cpu, 2 threads per core) family 6 model 61 stepping 4, cmov, cx8, fxsr, mmx, sse, sse2, sse3, ssse3, sse4.1, sse4.2, popcnt, avx, avx2, aes, clmul, erms, 3dnowpref, lzcnt, ht, tsc, tscinvbit, bmi1, bmi2, adx

Memory: 4k page, physical 8277100k(1241936k free), swap 9848940k(5128k free)

vm_info: OpenJDK 64-Bit Server VM (25.76-b03) for windows-amd64 JRE (1.8.0_76-release-b03), built on Jun 29 2016 19:09:20 by "ralucas" with MS VC++ 10.0 (VS2010)

time: Thu Dec 29 13:48:43 2016
elapsed time: 6 seconds (0d 0h 0m 6s)

