#
# There is insufficient memory for the Java Runtime Environment to continue.
# Native memory allocation (malloc) failed to allocate 37216 bytes for Chunk::new
# Possible reasons:
#   The system is out of physical RAM or swap space
#   In 32 bit mode, the process size limit was hit
# Possible solutions:
#   Reduce memory load on the system
#   Increase physical memory or swap space
#   Check if swap backing store is full
#   Use 64 bit Java on a 64 bit OS
#   Decrease Java heap size (-Xmx/-Xms)
#   Decrease number of Java threads
#   Decrease Java thread stack sizes (-Xss)
#   Set larger code cache with -XX:ReservedCodeCacheSize=
# This output file may be truncated or incomplete.
#
#  Out of Memory Error (allocation.cpp:390), pid=11528, tid=0x0000000000002ca0
#
# JRE version: OpenJDK Runtime Environment (8.0_76-b03) (build 1.8.0_76-release-b03)
# Java VM: OpenJDK 64-Bit Server VM (25.76-b03 mixed mode windows-amd64 compressed oops)
# Failed to write core dump. Minidumps are not enabled by default on client versions of Windows
#

---------------  T H R E A D  ---------------

Current thread (0x0000000014afe800):  JavaThread "C2 CompilerThread1" daemon [_thread_in_native, id=11424, stack(0x0000000016330000,0x0000000016430000)]

Stack: [0x0000000016330000,0x0000000016430000]
[error occurred during error reporting (printing stack bounds), id 0xc0000005]

Native frames: (J=compiled Java code, j=interpreted, Vv=VM code, C=native code)


Current CompileTask:
C2:    641  476       4       java.lang.String::startsWith (7 bytes)


---------------  P R O C E S S  ---------------

Java Threads: ( => current thread )
  0x000000001669b800 JavaThread "pool-1-thread-4" [_thread_blocked, id=8956, stack(0x0000000016f30000,0x0000000017030000)]
  0x000000001669a800 JavaThread "pool-1-thread-3" [_thread_blocked, id=11416, stack(0x0000000016e30000,0x0000000016f30000)]
  0x00000000165b2800 JavaThread "pool-1-thread-2" [_thread_blocked, id=11036, stack(0x0000000016d30000,0x0000000016e30000)]
  0x00000000165bd000 JavaThread "pool-2-thread-1" [_thread_blocked, id=11532, stack(0x0000000016c30000,0x0000000016d30000)]
  0x00000000165bc000 JavaThread "pool-1-thread-1" [_thread_blocked, id=11320, stack(0x0000000016b30000,0x0000000016c30000)]
  0x0000000016456800 JavaThread "Service Thread" daemon [_thread_blocked, id=32, stack(0x0000000016930000,0x0000000016a30000)]
  0x0000000014b09000 JavaThread "C1 CompilerThread2" daemon [_thread_blocked, id=11556, stack(0x0000000016830000,0x0000000016930000)]
=>0x0000000014afe800 JavaThread "C2 CompilerThread1" daemon [_thread_in_native, id=11424, stack(0x0000000016330000,0x0000000016430000)]
  0x0000000014ab8800 JavaThread "C2 CompilerThread0" daemon [_thread_blocked, id=8728, stack(0x0000000016230000,0x0000000016330000)]
  0x0000000014ab7800 JavaThread "Attach Listener" daemon [_thread_blocked, id=9060, stack(0x0000000016130000,0x0000000016230000)]
  0x0000000014ab6000 JavaThread "Signal Dispatcher" daemon [_thread_blocked, id=12240, stack(0x0000000016030000,0x0000000016130000)]
  0x0000000014a98800 JavaThread "Finalizer" daemon [_thread_blocked, id=10600, stack(0x0000000015d30000,0x0000000015e30000)]
  0x00000000023d1000 JavaThread "Reference Handler" daemon [_thread_blocked, id=11904, stack(0x0000000015c30000,0x0000000015d30000)]
  0x00000000021dd800 JavaThread "main" [_thread_in_vm, id=9432, stack(0x00000000021e0000,0x00000000022e0000)]

Other Threads:
  0x0000000014a74800 VMThread [stack: 0x0000000015b30000,0x0000000015c30000] [id=11608]
  0x0000000016457000 WatcherThread [stack: 0x0000000016a30000,0x0000000016b30000] [id=2980]

VM state:not at safepoint (normal execution)

VM Mutex/Monitor currently owned by a thread: None

Heap:
 PSYoungGen      total 38400K, used 11326K [0x00000000eab00000, 0x00000000ed580000, 0x0000000100000000)
  eden space 33280K, 34% used [0x00000000eab00000,0x00000000eb60fb48,0x00000000ecb80000)
  from space 5120K, 0% used [0x00000000ed080000,0x00000000ed080000,0x00000000ed580000)
  to   space 5120K, 0% used [0x00000000ecb80000,0x00000000ecb80000,0x00000000ed080000)
 ParOldGen       total 87552K, used 0K [0x00000000c0000000, 0x00000000c5580000, 0x00000000eab00000)
  object space 87552K, 0% used [0x00000000c0000000,0x00000000c0000000,0x00000000c5580000)
 Metaspace       used 5151K, capacity 6224K, committed 6528K, reserved 1056768K
  class space    used 547K, capacity 584K, committed 640K, reserved 1048576K

Card table byte_map: [0x00000000117a0000,0x00000000119b0000] byte_map_base: 0x00000000111a0000

Marking Bits: (ParMarkBitMap*) 0x000000006e0f9d00
 Begin Bits: [0x0000000011f10000, 0x0000000012f10000)
 End Bits:   [0x0000000012f10000, 0x0000000013f10000)

Polling page: 0x00000000020e0000

CodeCache: size=245760Kb used=2104Kb max_used=2115Kb free=243655Kb
 bounds [0x00000000023e0000, 0x0000000002650000, 0x00000000113e0000]
 total_blobs=742 nmethods=475 adapters=181
 compilation: enabled

Compilation events (10 events):
Event: 0.615 Thread 0x0000000014b09000 nmethod 468 0x00000000025e9410 code [0x00000000025e9560, 0x00000000025e9670]
Event: 0.615 Thread 0x0000000014b09000  472   !   3       sun.misc.URLClassPath$JarLoader::checkResource (55 bytes)
Event: 0.616 Thread 0x0000000014b09000 nmethod 472 0x00000000025ee290 code [0x00000000025ee440, 0x00000000025eeaa8]
Event: 0.616 Thread 0x0000000014b09000  473       1       com.android.dx.rop.code.RopMethod::getBlocks (5 bytes)
Event: 0.616 Thread 0x0000000014b09000 nmethod 473 0x00000000025e9150 code [0x00000000025e92a0, 0x00000000025e93b0]
Event: 0.633 Thread 0x0000000014afe800  474       4       java.util.concurrent.ConcurrentHashMap::tabAt (21 bytes)
Event: 0.633 Thread 0x0000000014afe800 nmethod 474 0x00000000025e8ed0 code [0x00000000025e9000, 0x00000000025e9058]
Event: 0.633 Thread 0x0000000014ab8800  475       4       java.util.concurrent.ConcurrentHashMap::casTabAt (20 bytes)
Event: 0.634 Thread 0x0000000014ab8800 nmethod 475 0x00000000025f0350 code [0x00000000025f0480, 0x00000000025f04f8]
Event: 0.639 Thread 0x0000000014afe800  476       4       java.lang.String::startsWith (7 bytes)

GC Heap History (0 events):
No events

Deoptimization events (1 events):
Event: 0.314 Thread 0x00000000021dd800 Uncommon trap: reason=unstable_if action=reinterpret pc=0x0000000002517190 method=java.lang.String.indexOf(II)I @ 49

Internal exceptions (2 events):
Event: 0.068 Thread 0x00000000021dd800 Exception <a 'java/lang/NoSuchMethodError': Method sun.misc.Unsafe.defineClass(Ljava/lang/String;[BII)Ljava/lang/Class; name or signature does not match> (0x00000000eab07cc0) thrown at [C:\src\android\AOSP-openjdk\external\jetbrains\jdk\hotspot\src\share\vÄ}¥ã|±?
Event: 0.068 Thread 0x00000000021dd800 Exception <a 'java/lang/NoSuchMethodError': Method sun.misc.Unsafe.prefetchRead(Ljava/lang/Object;J)V name or signature does not match> (0x00000000eab07fa8) thrown at [C:\src\android\AOSP-openjdk\external\jetbrains\jdk\hotspot\src\share\vm\prims\jni.cpp, l

Events (10 events):
Event: 0.634 loading class com/android/dx/dex/code/form/Form21s
Event: 0.634 loading class com/android/dx/dex/code/form/Form21s done
Event: 0.635 loading class com/android/dx/dex/code/form/Form31i
Event: 0.635 loading class com/android/dx/dex/code/form/Form31i done
Event: 0.638 loading class com/android/dx/dex/code/form/Form21h
Event: 0.638 loading class com/android/dx/dex/code/form/Form21h done
Event: 0.638 loading class com/android/dx/dex/code/form/Form51l
Event: 0.638 loading class com/android/dx/dex/code/form/Form51l done
Event: 0.640 loading class com/android/dx/dex/code/form/Form21c
Event: 0.640 loading class com/android/dx/dex/code/form/Form21c done


Dynamic libraries:
0x00007ff70ea90000 - 0x00007ff70eac1000 	C:\Program Files\Android\Android Studio\jre\bin\java.exe
0x00007ffa5eba0000 - 0x00007ffa5ed4c000 	C:\Windows\SYSTEM32\ntdll.dll
0x00007ffa5c660000 - 0x00007ffa5c79e000 	C:\Windows\system32\KERNEL32.DLL
0x00007ffa5bed0000 - 0x00007ffa5bfe5000 	C:\Windows\system32\KERNELBASE.dll
0x00007ffa5e900000 - 0x00007ffa5e9aa000 	C:\Windows\system32\ADVAPI32.dll
0x00007ffa5ca20000 - 0x00007ffa5cb97000 	C:\Windows\system32\USER32.dll
0x00007ffa593c0000 - 0x00007ffa5963a000 	C:\Windows\WinSxS\amd64_microsoft.windows.common-controls_6595b64144ccf1df_6.0.9600.17810_none_6240b9c7ecbd0bda\COMCTL32.dll
0x00007ffa5c220000 - 0x00007ffa5c2ca000 	C:\Windows\system32\msvcrt.dll
0x00007ffa5cd50000 - 0x00007ffa5cda9000 	C:\Windows\SYSTEM32\sechost.dll
0x00007ffa5d060000 - 0x00007ffa5d1a1000 	C:\Windows\system32\RPCRT4.dll
0x00007ffa5e7a0000 - 0x00007ffa5e8ef000 	C:\Windows\system32\GDI32.dll
0x00007ffa5c810000 - 0x00007ffa5c846000 	C:\Windows\system32\IMM32.DLL
0x00007ffa5c8c0000 - 0x00007ffa5ca12000 	C:\Windows\system32\MSCTF.dll
0x000000006e6f0000 - 0x000000006e7c2000 	C:\Program Files\Android\Android Studio\jre\jre\bin\msvcr100.dll
0x000000006d940000 - 0x000000006e174000 	C:\Program Files\Android\Android Studio\jre\jre\bin\server\jvm.dll
0x00007ffa51770000 - 0x00007ffa51779000 	C:\Windows\SYSTEM32\WSOCK32.dll
0x00007ffa57460000 - 0x00007ffa57482000 	C:\Windows\SYSTEM32\WINMM.dll
0x00007ffa56a90000 - 0x00007ffa56a9a000 	C:\Windows\SYSTEM32\VERSION.dll
0x00007ffa5c800000 - 0x00007ffa5c807000 	C:\Windows\system32\PSAPI.DLL
0x00007ffa5c850000 - 0x00007ffa5c8aa000 	C:\Windows\system32\WS2_32.dll
0x00007ffa57430000 - 0x00007ffa5745a000 	C:\Windows\SYSTEM32\WINMMBASE.dll
0x00007ffa5e9b0000 - 0x00007ffa5e9b9000 	C:\Windows\system32\NSI.dll
0x00007ffa5c1d0000 - 0x00007ffa5c21f000 	C:\Windows\SYSTEM32\cfgmgr32.dll
0x00007ffa5ab00000 - 0x00007ffa5ab28000 	C:\Windows\SYSTEM32\DEVOBJ.dll
0x00007ffa33b00000 - 0x00007ffa33b0f000 	C:\Program Files\Android\Android Studio\jre\jre\bin\verify.dll
0x00007ffa33ad0000 - 0x00007ffa33af9000 	C:\Program Files\Android\Android Studio\jre\jre\bin\java.dll
0x00007ffa33ab0000 - 0x00007ffa33ac6000 	C:\Program Files\Android\Android Studio\jre\jre\bin\zip.dll
0x00007ffa5d270000 - 0x00007ffa5e79b000 	C:\Windows\system32\SHELL32.dll
0x00007ffa5cdd0000 - 0x00007ffa5cfe1000 	C:\Windows\SYSTEM32\combase.dll
0x00007ffa5c2d0000 - 0x00007ffa5c324000 	C:\Windows\system32\SHLWAPI.dll
0x00007ffa5a2c0000 - 0x00007ffa5a372000 	C:\Windows\SYSTEM32\SHCORE.dll
0x00007ffa5bcf0000 - 0x00007ffa5bd05000 	C:\Windows\SYSTEM32\profapi.dll

VM Arguments:
jvm_args: -Djava.awt.headless=true -Xmx1024M -Dfile.encoding=windows-1252 -Duser.country=US -Duser.language=en -Duser.variant 
java_command: com.android.dx.command.Main --dex --num-threads=4 --output D:\Android\AndroidStudio\KalbecallPlanMobile\app\build\intermediates\pre-dexed\debug\constraint-layout-solver-1.0.0-alpha6_ef0f4f0431ffd506fc5d9d69c913b8987c2df7c0.jar D:\Android\AndroidSDK\extras\m2repository\com\android\support\constraint\constraint-layout-solver\1.0.0-alpha6\constraint-layout-solver-1.0.0-alpha6.jar
java_class_path (initial): D:\Android\AndroidSDK\build-tools\24.0.1\lib\dx.jar
Launcher Type: SUN_STANDARD

Environment Variables:
PATH=C:\ProgramData\Oracle\Java\javapath;C:\app\DevSuiteHome_1\jdk\jre\bin\classic;C:\app\DevSuiteHome_1\jdk\jre\bin;C:\app\DevSuiteHome_1\jdk\jre\bin\client;C:\app\DevSuiteHome_1\jlib;C:\app\DevSuiteHome_1\bin;C:\app\DevSuiteHome_1\jre\1.4.2\bin\client;C:\app\DevSuiteHome_1\jre\1.4.2\bin;C:\app\rhezaTesar\product\11.2.0\client_1;C:\app\rhezaTesar\product\11.2.0\client_1\bin;C:\Program Files (x86)\Intel\iCLS Client\;C:\Program Files\Intel\iCLS Client\;C:\Windows\system32;C:\Windows;C:\Windows\System32\Wbem;C:\Windows\System32\WindowsPowerShell\v1.0\;C:\Program Files\Intel\Intel(R) Management Engine Components\DAL;C:\Program Files (x86)\Intel\Intel(R) Management Engine Components\DAL;C:\Program Files\Intel\Intel(R) Management Engine Components\IPT;C:\Program Files (x86)\Intel\Intel(R) Management Engine Components\IPT;C:\Program Files\Intel\WiFi\bin\;C:\Program Files\Common Files\Intel\WirelessCommon\;C:\Program Files (x86)\Skype\Phone\;C:\Program Files (x86)\Microsoft SQL Server\90\Tools\binn\;C:\Program Files (x86)\Microsoft SQL Server\100\Tools\Bin;C:\Program Files (x86)\Common Files\SYSTEM\MSMAPI\1033;C:\Program Files\Microsoft SQL Server\120\Tools\Binn\;C:\Program Files\Microsoft SQL Server\Client SDK\ODBC\110\Tools\Binn\;C:\Program Files\Microsoft SQL Server\120\DTS\Binn\;C:\Program Files (x86)\Microsoft SQL Server\120\Tools\Binn\ManagementStudio\;C:\Program Files (x86)\Microsoft SQL Server\120\Tools\Binn\;C:\Program Files (x86)\Microsoft SQL Server\120\DTS\Binn\;C:\Program Files\Git\cmd;C:\Program Files\TortoiseSVN\bin;
USERNAME=rhezaTesar
OS=Windows_NT
PROCESSOR_IDENTIFIER=Intel64 Family 6 Model 61 Stepping 4, GenuineIntel



---------------  S Y S T E M  ---------------

OS: Windows 8.1 , 64 bit Build 9600 (6.3.9600.17415)

CPU:total 4 (2 cores per cpu, 2 threads per core) family 6 model 61 stepping 4, cmov, cx8, fxsr, mmx, sse, sse2, sse3, ssse3, sse4.1, sse4.2, popcnt, avx, avx2, aes, clmul, erms, 3dnowpref, lzcnt, ht, tsc, tscinvbit, bmi1, bmi2, adx

Memory: 4k page, physical 8277100k(1181984k free), swap 9848940k(5080k free)

vm_info: OpenJDK 64-Bit Server VM (25.76-b03) for windows-amd64 JRE (1.8.0_76-release-b03), built on Jun 29 2016 19:09:20 by "ralucas" with MS VC++ 10.0 (VS2010)

time: Mon Mar 20 14:50:01 2017
elapsed time: 0 seconds (0d 0h 0m 0s)

