#
# A fatal error has been detected by the Java Runtime Environment:
#
#  EXCEPTION_STACK_OVERFLOW (0xc00000fd) at pc=0x000000006ee5aeb7, pid=12184, tid=0x000000000000283c
#
# JRE version: OpenJDK Runtime Environment (8.0_76-b03) (build 1.8.0_76-release-b03)
# Java VM: OpenJDK 64-Bit Server VM (25.76-b03 mixed mode windows-amd64 compressed oops)
# Problematic frame:
# V  [jvm.dll+0x1eaeb7]
#
# Failed to write core dump. Minidumps are not enabled by default on client versions of Windows
#
# If you would like to submit a bug report, please visit:
#   http://bugreport.java.com/bugreport/crash.jsp
#

---------------  T H R E A D  ---------------

Current thread (0x00000000168de000):  JavaThread "pool-2-thread-1" [_thread_in_vm, id=10300, stack(0x0000000016d40000,0x0000000016e40000)]

siginfo: ExceptionCode=0xc00000fd, ExceptionInformation=0x0000000000000001 0x0000000016e3c480 

Registers:
RAX=0x0000000016e3c480, RBX=0x0000000000000004, RCX=0x0000000000003000, RDX=0x0000000000000006
RSP=0x0000000016e3f480, RBP=0x0000000000000000, RSI=0x0000000016e3f480, RDI=0x0000000000000004
R8 =0x0000000000000006, R9 =0x00000000168d3d50, R10=0x000000001425d900, R11=0x0000000016d4a148
R12=0x00000000168d3d50, R13=0x00000000168de000, R14=0x0000000016e3f548, R15=0x000000001425d900
RIP=0x000000006ee5aeb7, EFLAGS=0x0000000000010202

Top of Stack: (sp=0x0000000016e3f480)
0x0000000016e3f480:   0000000016953b80 000000006ebe4e7e
0x0000000016e3f490:   00000000168de000 00000000168d3d50
0x0000000016e3f4a0:   00000000ffffffff 000000006ee5bde7
0x0000000016e3f4b0:   0000000016e3f5b0 000000001425d900
0x0000000016e3f4c0:   00000000168de000 000000006ed0aa53
0x0000000016e3f4d0:   0000000016e3f510 00000000168de000
0x0000000016e3f4e0:   0000000016e3f5a0 00000000168de000
0x0000000016e3f4f0:   000000001425d900 00000000168de000
0x0000000016e3f500:   0000000002510e20 00000000168de000
0x0000000016e3f510:   000000001425d900 00000000168de000
0x0000000016e3f520:   000000001425d900 00000000168de000
0x0000000016e3f530:   0000000000000001 000000001425d900
0x0000000016e3f540:   00000000168de000 00000000166a90e0
0x0000000016e3f550:   00000000168de000 000000006ed0bf3d
0x0000000016e3f560:   0000000016e3f868 00000001000066b0
0x0000000016e3f570:   00000001000066b0 00007ffd04530000 

Instructions: (pc=0x000000006ee5aeb7)
0x000000006ee5ae97:   48 89 6c 24 30 33 ed 66 90 e8 4b b8 07 00 ff c3
0x000000006ee5aea7:   48 63 c8 48 8b c6 48 0f af cf 48 ff c7 48 2b c1
0x000000006ee5aeb7:   89 28 48 63 c3 48 3b 05 cd d6 56 00 7e db 48 8b
0x000000006ee5aec7:   6c 24 30 48 8b 5c 24 38 48 8b 74 24 40 48 83 c4 


Register to memory mapping:

RAX=0x0000000016e3c480 is pointing into the stack for thread: 0x00000000168de000
RBX=0x0000000000000004 is an unknown value
RCX=0x0000000000003000 is an unknown value
RDX=0x0000000000000006 is an unknown value
RSP=0x0000000016e3f480 is pointing into the stack for thread: 0x00000000168de000
RBP=0x0000000000000000 is an unknown value
RSI=0x0000000016e3f480 is pointing into the stack for thread: 0x00000000168de000
RDI=0x0000000000000004 is an unknown value
R8 =0x0000000000000006 is an unknown value
R9 =0x00000000168d3d50 is an unknown value
R10={method} {0x000000001425d908} 'run' '()V' in 'java/lang/Thread'
R11=0x0000000016d4a148 is pointing into the stack for thread: 0x00000000168de000
R12=0x00000000168d3d50 is an unknown value
R13=0x00000000168de000 is a thread
R14=0x0000000016e3f548 is pointing into the stack for thread: 0x00000000168de000
R15={method} {0x000000001425d908} 'run' '()V' in 'java/lang/Thread'


Stack: [0x0000000016d40000,0x0000000016e40000],  sp=0x0000000016e3f480,  free space=1021k
Native frames: (J=compiled Java code, j=interpreted, Vv=VM code, C=native code)


---------------  P R O C E S S  ---------------

Java Threads: ( => current thread )
  0x0000000016955000 JavaThread "pool-1-thread-4" [_thread_blocked, id=11372, stack(0x0000000017040000,0x0000000017140000)]
  0x0000000016954800 JavaThread "pool-1-thread-3" [_thread_blocked, id=9668, stack(0x0000000016f40000,0x0000000017040000)]
  0x00000000168e1000 JavaThread "pool-1-thread-2" [_thread_blocked, id=4020, stack(0x0000000016e40000,0x0000000016f40000)]
=>0x00000000168de000 JavaThread "pool-2-thread-1" [_thread_in_vm, id=10300, stack(0x0000000016d40000,0x0000000016e40000)]
  0x00000000168dd800 JavaThread "pool-1-thread-1" [_thread_blocked, id=7280, stack(0x0000000016c40000,0x0000000016d40000)]
  0x0000000014c2e800 JavaThread "Service Thread" daemon [_thread_blocked, id=4072, stack(0x0000000016a40000,0x0000000016b40000)]
  0x0000000014c2b000 JavaThread "C1 CompilerThread2" daemon [_thread_blocked, id=12092, stack(0x0000000016540000,0x0000000016640000)]
  0x0000000014bd2800 JavaThread "C2 CompilerThread1" daemon [_thread_blocked, id=12472, stack(0x0000000016440000,0x0000000016540000)]
  0x0000000014bc7800 JavaThread "C2 CompilerThread0" daemon [_thread_blocked, id=5196, stack(0x0000000016340000,0x0000000016440000)]
  0x0000000014bd9800 JavaThread "Attach Listener" daemon [_thread_blocked, id=12272, stack(0x0000000016240000,0x0000000016340000)]
  0x0000000014bd6000 JavaThread "Signal Dispatcher" daemon [_thread_blocked, id=432, stack(0x0000000016140000,0x0000000016240000)]
  0x0000000014bb8800 JavaThread "Finalizer" daemon [_thread_blocked, id=1204, stack(0x0000000015e40000,0x0000000015f40000)]
  0x00000000024f1000 JavaThread "Reference Handler" daemon [_thread_blocked, id=5300, stack(0x0000000015d40000,0x0000000015e40000)]
  0x0000000000afd800 JavaThread "main" [_thread_blocked, id=10308, stack(0x0000000002270000,0x0000000002370000)]

Other Threads:
  0x0000000014b95800 VMThread [stack: 0x0000000015c40000,0x0000000015d40000] [id=11916]
  0x000000001664c000 WatcherThread [stack: 0x0000000016b40000,0x0000000016c40000] [id=14264]

VM state:synchronizing (normal execution)

VM Mutex/Monitor currently owned by a thread:  ([mutex/lock_event])
[0x0000000000afd260] Threads_lock - owner thread: 0x0000000014b95800

Heap:
 PSYoungGen      total 38400K, used 15320K [0x00000000eab00000, 0x00000000ed580000, 0x0000000100000000)
  eden space 33280K, 46% used [0x00000000eab00000,0x00000000eb9f6088,0x00000000ecb80000)
  from space 5120K, 0% used [0x00000000ed080000,0x00000000ed080000,0x00000000ed580000)
  to   space 5120K, 0% used [0x00000000ecb80000,0x00000000ecb80000,0x00000000ed080000)
 ParOldGen       total 87552K, used 0K [0x00000000c0000000, 0x00000000c5580000, 0x00000000eab00000)
  object space 87552K, 0% used [0x00000000c0000000,0x00000000c0000000,0x00000000c5580000)
 Metaspace       used 4959K, capacity 6032K, committed 6272K, reserved 1056768K
  class space    used 528K, capacity 584K, committed 640K, reserved 1048576K

Card table byte_map: [0x00000000118c0000,0x0000000011ad0000] byte_map_base: 0x00000000112c0000

Marking Bits: (ParMarkBitMap*) 0x000000006f429d00
 Begin Bits: [0x0000000012030000, 0x0000000013030000)
 End Bits:   [0x0000000013030000, 0x0000000014030000)

Polling page: 0x0000000000ae0000

CodeCache: size=245760Kb used=1989Kb max_used=1989Kb free=243770Kb
 bounds [0x0000000002500000, 0x0000000002770000, 0x0000000011500000]
 total_blobs=648 nmethods=384 adapters=178
 compilation: enabled

Compilation events (10 events):
Event: 2.176 Thread 0x0000000014c2b000  368       3       java.util.AbstractList::<init> (10 bytes)
Event: 2.176 Thread 0x0000000014c2b000 nmethod 368 0x00000000026eae90 code [0x00000000026eb000, 0x00000000026eb210]
Event: 2.177 Thread 0x0000000014c2b000  369       3       java.util.AbstractMap::<init> (5 bytes)
Event: 2.177 Thread 0x0000000014c2b000 nmethod 369 0x00000000026eb2d0 code [0x00000000026eb420, 0x00000000026eb5d0]
Event: 2.177 Thread 0x0000000014c2b000  370       3       com.android.dx.ssa.NormalSsaInsn::accept (25 bytes)
Event: 2.177 Thread 0x0000000014c2b000 nmethod 370 0x00000000026eb690 code [0x00000000026eb820, 0x00000000026ebdd8]
Event: 2.178 Thread 0x0000000014c2b000  371       3       com.android.dx.ssa.NormalSsaInsn::getOpcode (8 bytes)
Event: 2.178 Thread 0x0000000014c2b000 nmethod 371 0x00000000026ebf50 code [0x00000000026ec0a0, 0x00000000026ec290]
Event: 2.178 Thread 0x0000000014c2b000  372       3       java.util.ArrayList::isEmpty (13 bytes)
Event: 2.178 Thread 0x0000000014c2b000 nmethod 372 0x00000000026ec350 code [0x00000000026ec4a0, 0x00000000026ec650]

GC Heap History (0 events):
No events

Deoptimization events (2 events):
Event: 1.427 Thread 0x0000000000afd800 Uncommon trap: reason=unstable_if action=reinterpret pc=0x000000000264dad4 method=java.lang.String.compareTo(Ljava/lang/String;)I @ 38
Event: 1.581 Thread 0x0000000000afd800 Uncommon trap: reason=unstable_if action=reinterpret pc=0x000000000264f698 method=java.lang.String.indexOf(II)I @ 49

Internal exceptions (3 events):
Event: 0.444 Thread 0x0000000000afd800 Exception <a 'java/lang/NoSuchMethodError': Method sun.misc.Unsafe.defineClass(Ljava/lang/String;[BII)Ljava/lang/Class; name or signature does not match> (0x00000000eab07cc0) thrown at [C:\src\android\AOSP-openjdk\external\jetbrains\jdk\hotspot\src\share\v8∆ÍFŸr‹?
Event: 0.445 Thread 0x0000000000afd800 Exception <a 'java/lang/NoSuchMethodError': Method sun.misc.Unsafe.prefetchRead(Ljava/lang/Object;J)V name or signature does not match> (0x00000000eab07fa8) thrown at [C:\src\android\AOSP-openjdk\external\jetbrains\jdk\hotspot\src\share\vm\prims\jni.cpp, l5Ÿ“Ö≤~
Event: 2.062 Thread 0x00000000168dd800 Exception <a 'java/lang/StackOverflowError'> (0x00000000eb6b4830) thrown at [C:\src\android\AOSP-openjdk\external\jetbrains\jdk\hotspot\src\share\vm\interpreter\interpreterRuntime.cpp, line 323]

Events (10 events):
Event: 2.175 loading class com/android/dx/ssa/SsaMethod$1 done
Event: 2.175 loading class com/android/dx/ssa/LiteralOpUpgrader
Event: 2.175 loading class com/android/dx/ssa/LiteralOpUpgrader done
Event: 2.176 loading class com/android/dx/ssa/LiteralOpUpgrader$1
Event: 2.176 loading class com/android/dx/ssa/LiteralOpUpgrader$1 done
Event: 2.176 loading class com/android/dx/ssa/ConstCollector
Event: 2.176 loading class com/android/dx/ssa/ConstCollector done
Event: 2.177 loading class com/android/dx/ssa/ConstCollector$2
Event: 2.177 loading class com/android/dx/ssa/ConstCollector$2 done
Event: 2.178 loading class java/util/HashMap$EntrySet


Dynamic libraries:
0x00007ff6722a0000 - 0x00007ff6722d1000 	C:\Program Files\Android\Android Studio\jre\bin\java.exe
0x00007ffd08d40000 - 0x00007ffd08eec000 	C:\Windows\SYSTEM32\ntdll.dll
0x00007ffd064b0000 - 0x00007ffd065ee000 	C:\Windows\system32\KERNEL32.DLL
0x00007ffd06250000 - 0x00007ffd06365000 	C:\Windows\system32\KERNELBASE.dll
0x00007ffd06650000 - 0x00007ffd066fa000 	C:\Windows\system32\ADVAPI32.dll
0x00007ffd06d00000 - 0x00007ffd06e77000 	C:\Windows\system32\USER32.dll
0x00007ffd040b0000 - 0x00007ffd0432a000 	C:\Windows\WinSxS\amd64_microsoft.windows.common-controls_6595b64144ccf1df_6.0.9600.17810_none_6240b9c7ecbd0bda\COMCTL32.dll
0x00007ffd06710000 - 0x00007ffd067ba000 	C:\Windows\system32\msvcrt.dll
0x00007ffd063e0000 - 0x00007ffd06439000 	C:\Windows\SYSTEM32\sechost.dll
0x00007ffd06f60000 - 0x00007ffd070a1000 	C:\Windows\system32\RPCRT4.dll
0x00007ffd07400000 - 0x00007ffd0754f000 	C:\Windows\system32\GDI32.dll
0x00007ffd06c00000 - 0x00007ffd06c36000 	C:\Windows\system32\IMM32.DLL
0x00007ffd06aa0000 - 0x00007ffd06bf2000 	C:\Windows\system32\MSCTF.dll
0x000000006eb90000 - 0x000000006ec62000 	C:\Program Files\Android\Android Studio\jre\jre\bin\msvcr100.dll
0x000000006ec70000 - 0x000000006f4a4000 	C:\Program Files\Android\Android Studio\jre\jre\bin\server\jvm.dll
0x00007ffcfbf90000 - 0x00007ffcfbf99000 	C:\Windows\SYSTEM32\WSOCK32.dll
0x00007ffd00c60000 - 0x00007ffd00c82000 	C:\Windows\SYSTEM32\WINMM.dll
0x00007ffcff5f0000 - 0x00007ffcff5fa000 	C:\Windows\SYSTEM32\VERSION.dll
0x00007ffd06700000 - 0x00007ffd06707000 	C:\Windows\system32\PSAPI.DLL
0x00007ffd065f0000 - 0x00007ffd0664a000 	C:\Windows\system32\WS2_32.dll
0x00007ffd00c30000 - 0x00007ffd00c5a000 	C:\Windows\SYSTEM32\WINMMBASE.dll
0x00007ffd06f50000 - 0x00007ffd06f59000 	C:\Windows\system32\NSI.dll
0x00007ffd06370000 - 0x00007ffd063bf000 	C:\Windows\SYSTEM32\cfgmgr32.dll
0x00007ffd04c80000 - 0x00007ffd04ca8000 	C:\Windows\SYSTEM32\DEVOBJ.dll
0x00007ffcedae0000 - 0x00007ffcedaef000 	C:\Program Files\Android\Android Studio\jre\jre\bin\verify.dll
0x00007ffcda110000 - 0x00007ffcda139000 	C:\Program Files\Android\Android Studio\jre\jre\bin\java.dll
0x00007ffce05e0000 - 0x00007ffce05f6000 	C:\Program Files\Android\Android Studio\jre\jre\bin\zip.dll
0x00007ffd07740000 - 0x00007ffd08c6b000 	C:\Windows\system32\SHELL32.dll
0x00007ffd067c0000 - 0x00007ffd069d1000 	C:\Windows\SYSTEM32\combase.dll
0x00007ffd06ef0000 - 0x00007ffd06f44000 	C:\Windows\system32\SHLWAPI.dll
0x00007ffd04530000 - 0x00007ffd045e2000 	C:\Windows\SYSTEM32\SHCORE.dll
0x00007ffd05e90000 - 0x00007ffd05ea5000 	C:\Windows\SYSTEM32\profapi.dll
0x00007ffd02d00000 - 0x00007ffd02e89000 	C:\Windows\SYSTEM32\dbghelp.dll

VM Arguments:
jvm_args: -Djava.awt.headless=true -Xmx1024M -Dfile.encoding=windows-1252 -Duser.country=US -Duser.language=en -Duser.variant 
java_command: com.android.dx.command.Main --dex --num-threads=4 --output D:\Android\AndroidStudio\KalbecallPlanMobile\app\build\intermediates\pre-dexed\debug\com.android.support-appcompat-v7-24.1.1_83bdc3b24f2776e55404ba75ca16c77fff5f7af0.jar D:\Android\AndroidStudio\KalbecallPlanMobile\app\build\intermediates\exploded-aar\com.android.support\appcompat-v7\24.1.1\jars\classes.jar
java_class_path (initial): D:\Android\AndroidSDK\build-tools\24.0.1\lib\dx.jar
Launcher Type: SUN_STANDARD

Environment Variables:
PATH=C:\ProgramData\Oracle\Java\javapath;C:\app\DevSuiteHome_1\jdk\jre\bin\classic;C:\app\DevSuiteHome_1\jdk\jre\bin;C:\app\DevSuiteHome_1\jdk\jre\bin\client;C:\app\DevSuiteHome_1\jlib;C:\app\DevSuiteHome_1\bin;C:\app\DevSuiteHome_1\jre\1.4.2\bin\client;C:\app\DevSuiteHome_1\jre\1.4.2\bin;C:\app\rhezaTesar\product\11.2.0\client_1;C:\app\rhezaTesar\product\11.2.0\client_1\bin;C:\Program Files (x86)\Intel\iCLS Client\;C:\Program Files\Intel\iCLS Client\;C:\Windows\system32;C:\Windows;C:\Windows\System32\Wbem;C:\Windows\System32\WindowsPowerShell\v1.0\;C:\Program Files\Intel\Intel(R) Management Engine Components\DAL;C:\Program Files (x86)\Intel\Intel(R) Management Engine Components\DAL;C:\Program Files\Intel\Intel(R) Management Engine Components\IPT;C:\Program Files (x86)\Intel\Intel(R) Management Engine Components\IPT;C:\Program Files\Intel\WiFi\bin\;C:\Program Files\Common Files\Intel\WirelessCommon\;C:\Program Files (x86)\Skype\Phone\;C:\Program Files (x86)\Microsoft SQL Server\90\Tools\binn\;C:\Program Files (x86)\Microsoft SQL Server\100\Tools\Bin;C:\Program Files (x86)\Common Files\SYSTEM\MSMAPI\1033;C:\Program Files\Microsoft SQL Server\120\Tools\Binn\;C:\Program Files\Microsoft SQL Server\Client SDK\ODBC\110\Tools\Binn\;C:\Program Files\Microsoft SQL Server\120\DTS\Binn\;C:\Program Files (x86)\Microsoft SQL Server\120\Tools\Binn\ManagementStudio\;C:\Program Files (x86)\Microsoft SQL Server\120\Tools\Binn\;C:\Program Files (x86)\Microsoft SQL Server\120\DTS\Binn\;C:\Program Files\Git\cmd;C:\Program Files\TortoiseSVN\bin;C:\Program Files (x86)\CrSSL\bin
USERNAME=rhezaTesar
OS=Windows_NT
PROCESSOR_IDENTIFIER=Intel64 Family 6 Model 61 Stepping 4, GenuineIntel



---------------  S Y S T E M  ---------------

OS: Windows 8.1 , 64 bit Build 9600 (6.3.9600.17415)

CPU:total 4 (2 cores per cpu, 2 threads per core) family 6 model 61 stepping 4, cmov, cx8, fxsr, mmx, sse, sse2, sse3, ssse3, sse4.1, sse4.2, popcnt, avx, avx2, aes, clmul, erms, 3dnowpref, lzcnt, ht, tsc, tscinvbit, bmi1, bmi2, adx

Memory: 4k page, physical 8277100k(1288072k free), swap 9848940k(166560k free)

vm_info: OpenJDK 64-Bit Server VM (25.76-b03) for windows-amd64 JRE (1.8.0_76-release-b03), built on Jun 29 2016 19:09:20 by "ralucas" with MS VC++ 10.0 (VS2010)

time: Thu Sep 08 12:38:58 2016
elapsed time: 3 seconds (0d 0h 0m 3s)

