#
# There is insufficient memory for the Java Runtime Environment to continue.
# Native memory allocation (malloc) failed to allocate 38848 bytes for Chunk::new
# Possible reasons:
#   The system is out of physical RAM or swap space
#   In 32 bit mode, the process size limit was hit
# Possible solutions:
#   Reduce memory load on the system
#   Increase physical memory or swap space
#   Check if swap backing store is full
#   Use 64 bit Java on a 64 bit OS
#   Decrease Java heap size (-Xmx/-Xms)
#   Decrease number of Java threads
#   Decrease Java thread stack sizes (-Xss)
#   Set larger code cache with -XX:ReservedCodeCacheSize=
# This output file may be truncated or incomplete.
#
#  Out of Memory Error (allocation.cpp:390), pid=9804, tid=0x000000000000206c
#
# JRE version: OpenJDK Runtime Environment (8.0_76-b03) (build 1.8.0_76-release-b03)
# Java VM: OpenJDK 64-Bit Server VM (25.76-b03 mixed mode windows-amd64 compressed oops)
# Failed to write core dump. Minidumps are not enabled by default on client versions of Windows
#

---------------  T H R E A D  ---------------

Current thread (0x0000000015306000):  JavaThread "C2 CompilerThread1" daemon [_thread_in_native, id=8300, stack(0x0000000016b10000,0x0000000016c10000)]

Stack: [0x0000000016b10000,0x0000000016c10000]
[error occurred during error reporting (printing stack bounds), id 0xc0000005]

Native frames: (J=compiled Java code, j=interpreted, Vv=VM code, C=native code)


Current CompileTask:
C2:   3908 1402   !   4       com.android.dx.cf.code.BytecodeArray::parseInstruction (2764 bytes)


---------------  P R O C E S S  ---------------

Java Threads: ( => current thread )
  0x0000000016fb5000 JavaThread "pool-1-thread-4" [_thread_blocked, id=704, stack(0x0000000017710000,0x0000000017810000)]
  0x0000000016fb4000 JavaThread "pool-1-thread-3" [_thread_in_Java, id=12072, stack(0x0000000017610000,0x0000000017710000)]
  0x0000000016faf000 JavaThread "pool-1-thread-2" [_thread_in_Java, id=3424, stack(0x0000000017510000,0x0000000017610000)]
  0x0000000016fc8000 JavaThread "pool-2-thread-1" [_thread_blocked, id=3432, stack(0x0000000017410000,0x0000000017510000)]
  0x0000000016fc4000 JavaThread "pool-1-thread-1" [_thread_in_Java, id=12060, stack(0x0000000017310000,0x0000000017410000)]
  0x000000001530e800 JavaThread "Service Thread" daemon [_thread_blocked, id=14064, stack(0x0000000017110000,0x0000000017210000)]
  0x000000001530d000 JavaThread "C1 CompilerThread2" daemon [_thread_blocked, id=10664, stack(0x0000000016c10000,0x0000000016d10000)]
=>0x0000000015306000 JavaThread "C2 CompilerThread1" daemon [_thread_in_native, id=8300, stack(0x0000000016b10000,0x0000000016c10000)]
  0x00000000152b9000 JavaThread "C2 CompilerThread0" daemon [_thread_in_native, id=11812, stack(0x0000000016a10000,0x0000000016b10000)]
  0x00000000152b8000 JavaThread "Attach Listener" daemon [_thread_blocked, id=712, stack(0x0000000016910000,0x0000000016a10000)]
  0x00000000152b7000 JavaThread "Signal Dispatcher" daemon [_thread_blocked, id=5676, stack(0x0000000016810000,0x0000000016910000)]
  0x0000000015298800 JavaThread "Finalizer" daemon [_thread_blocked, id=2000, stack(0x0000000016510000,0x0000000016610000)]
  0x0000000002bd1000 JavaThread "Reference Handler" daemon [_thread_blocked, id=9736, stack(0x0000000016410000,0x0000000016510000)]
  0x000000000297d800 JavaThread "main" [_thread_in_vm, id=1308, stack(0x0000000002980000,0x0000000002a80000)]

Other Threads:
  0x0000000015275800 VMThread [stack: 0x0000000016310000,0x0000000016410000] [id=10620]
  0x0000000016d1f000 WatcherThread [stack: 0x0000000017210000,0x0000000017310000] [id=6532]

VM state:not at safepoint (normal execution)

VM Mutex/Monitor currently owned by a thread:  ([mutex/lock_event])
[0x000000000297c1b0] CodeCache_lock - owner thread: 0x0000000000000000

Heap:
 PSYoungGen      total 38400K, used 35809K [0x00000000eab00000, 0x00000000ef600000, 0x0000000100000000)
  eden space 33280K, 92% used [0x00000000eab00000,0x00000000ec8fe758,0x00000000ecb80000)
  from space 5120K, 99% used [0x00000000ecb80000,0x00000000ed07a078,0x00000000ed080000)
  to   space 5120K, 0% used [0x00000000ef100000,0x00000000ef100000,0x00000000ef600000)
 ParOldGen       total 87552K, used 1068K [0x00000000c0000000, 0x00000000c5580000, 0x00000000eab00000)
  object space 87552K, 1% used [0x00000000c0000000,0x00000000c010b3e0,0x00000000c5580000)
 Metaspace       used 6129K, capacity 7088K, committed 7296K, reserved 1056768K
  class space    used 575K, capacity 616K, committed 640K, reserved 1048576K

Card table byte_map: [0x0000000011fa0000,0x00000000121b0000] byte_map_base: 0x00000000119a0000

Marking Bits: (ParMarkBitMap*) 0x0000000057bb9d00
 Begin Bits: [0x0000000012710000, 0x0000000013710000)
 End Bits:   [0x0000000013710000, 0x0000000014710000)

Polling page: 0x0000000002940000

CodeCache: size=245760Kb used=6033Kb max_used=6033Kb free=239726Kb
 bounds [0x0000000002be0000, 0x00000000031d0000, 0x0000000011be0000]
 total_blobs=1759 nmethods=1492 adapters=181
 compilation: enabled

Compilation events (10 events):
Event: 3.900 Thread 0x000000001530d000 1503       3       com.android.dx.cf.code.Frame::initializeWithParameters (49 bytes)
Event: 3.900 Thread 0x000000001530d000 nmethod 1503 0x00000000031bfa10 code [0x00000000031bfbc0, 0x00000000031c02e8]
Event: 3.900 Thread 0x000000001530d000 1500       3       com.android.dx.cf.code.Ropper::addSynchExceptionHandlerBlock (206 bytes)
Event: 3.904 Thread 0x000000001530d000 nmethod 1500 0x00000000031c05d0 code [0x00000000031c0b80, 0x00000000031c48f8]
Event: 3.904 Thread 0x000000001530d000 1505       3       java.util.concurrent.ThreadPoolExecutor::isRunning (10 bytes)
Event: 3.904 Thread 0x000000001530d000 nmethod 1505 0x0000000003183d90 code [0x0000000003183ee0, 0x0000000003184070]
Event: 3.904 Thread 0x000000001530d000 1504       3       com.android.dx.rop.type.Type::getInitializedType (42 bytes)
Event: 3.905 Thread 0x000000001530d000 nmethod 1504 0x00000000031c7bd0 code [0x00000000031c7da0, 0x00000000031c85b8]
Event: 3.905 Thread 0x000000001530d000 1501       1       com.android.dx.cf.attrib.AttSignature::byteLength (3 bytes)
Event: 3.905 Thread 0x000000001530d000 nmethod 1501 0x00000000031c8910 code [0x00000000031c8a60, 0x00000000031c8b70]

GC Heap History (2 events):
Event: 3.005 GC heap before
{Heap before GC invocations=1 (full 0):
 PSYoungGen      total 38400K, used 33280K [0x00000000eab00000, 0x00000000ed580000, 0x0000000100000000)
  eden space 33280K, 100% used [0x00000000eab00000,0x00000000ecb80000,0x00000000ecb80000)
  from space 5120K, 0% used [0x00000000ed080000,0x00000000ed080000,0x00000000ed580000)
  to   space 5120K, 0% used [0x00000000ecb80000,0x00000000ecb80000,0x00000000ed080000)
 ParOldGen       total 87552K, used 0K [0x00000000c0000000, 0x00000000c5580000, 0x00000000eab00000)
  object space 87552K, 0% used [0x00000000c0000000,0x00000000c0000000,0x00000000c5580000)
 Metaspace       used 5963K, capacity 6960K, committed 7040K, reserved 1056768K
  class space    used 573K, capacity 616K, committed 640K, reserved 1048576K
Event: 3.134 GC heap after
Heap after GC invocations=1 (full 0):
 PSYoungGen      total 38400K, used 5096K [0x00000000eab00000, 0x00000000ef600000, 0x0000000100000000)
  eden space 33280K, 0% used [0x00000000eab00000,0x00000000eab00000,0x00000000ecb80000)
  from space 5120K, 99% used [0x00000000ecb80000,0x00000000ed07a078,0x00000000ed080000)
  to   space 5120K, 0% used [0x00000000ef100000,0x00000000ef100000,0x00000000ef600000)
 ParOldGen       total 87552K, used 1068K [0x00000000c0000000, 0x00000000c5580000, 0x00000000eab00000)
  object space 87552K, 1% used [0x00000000c0000000,0x00000000c010b3e0,0x00000000c5580000)
 Metaspace       used 5963K, capacity 6960K, committed 7040K, reserved 1056768K
  class space    used 573K, capacity 616K, committed 640K, reserved 1048576K
}

Deoptimization events (9 events):
Event: 1.661 Thread 0x0000000016faf000 Uncommon trap: reason=bimorphic action=maybe_recompile pc=0x0000000002de6400 method=java.util.HashMap.getNode(ILjava/lang/Object;)Ljava/util/HashMap$Node; @ 126
Event: 1.735 Thread 0x0000000016fb5000 Uncommon trap: reason=bimorphic action=maybe_recompile pc=0x0000000002de6400 method=java.util.HashMap.getNode(ILjava/lang/Object;)Ljava/util/HashMap$Node; @ 126
Event: 1.910 Thread 0x0000000016fb4000 Uncommon trap: reason=unstable_if action=reinterpret pc=0x0000000002f8e51c method=com.android.dx.ssa.SsaMethod.updateOneDefinition(Lcom/android/dx/ssa/SsaInsn;Lcom/android/dx/rop/code/RegisterSpec;)V @ 4
Event: 3.175 Thread 0x0000000016fc4000 Uncommon trap: reason=unstable_if action=reinterpret pc=0x00000000030482b8 method=com.android.dx.cf.code.Ropper.labelToResultIndex(I)I @ 34
Event: 3.805 Thread 0x0000000016fc4000 Uncommon trap: reason=unstable_if action=reinterpret pc=0x000000000303363c method=com.android.dx.util.IntList.binarysearch(I)I @ 105
Event: 3.811 Thread 0x0000000016fb4000 Uncommon trap: reason=null_check action=make_not_entrant pc=0x0000000002ee62a8 method=com.android.dx.rop.type.Type.equals(Ljava/lang/Object;)Z @ 8
Event: 3.876 Thread 0x0000000016fb4000 Uncommon trap: reason=bimorphic action=maybe_recompile pc=0x0000000002dd8dbc method=java.util.HashMap.getNode(ILjava/lang/Object;)Ljava/util/HashMap$Node; @ 126
Event: 3.876 Thread 0x0000000016fb4000 Uncommon trap: reason=bimorphic action=maybe_recompile pc=0x0000000002dd8dbc method=java.util.HashMap.getNode(ILjava/lang/Object;)Ljava/util/HashMap$Node; @ 126
Event: 3.876 Thread 0x0000000016fb4000 Uncommon trap: reason=bimorphic action=maybe_recompile pc=0x0000000002de6400 method=java.util.HashMap.getNode(ILjava/lang/Object;)Ljava/util/HashMap$Node; @ 126

Internal exceptions (3 events):
Event: 0.081 Thread 0x000000000297d800 Exception <a 'java/lang/NoSuchMethodError': Method sun.misc.Unsafe.defineClass(Ljava/lang/String;[BII)Ljava/lang/Class; name or signature does not match> (0x00000000eab07cc0) thrown at [C:\src\android\AOSP-openjdk\external\jetbrains\jdk\hotspot\src\share\vˆëæØ´?
Event: 0.081 Thread 0x000000000297d800 Exception <a 'java/lang/NoSuchMethodError': Method sun.misc.Unsafe.prefetchRead(Ljava/lang/Object;J)V name or signature does not match> (0x00000000eab07fa8) thrown at [C:\src\android\AOSP-openjdk\external\jetbrains\jdk\hotspot\src\share\vm\prims\jni.cpp, l+Âû{@
Event: 3.811 Thread 0x0000000016fb4000 Implicit null exception at 0x0000000002ee61a2 to 0x0000000002ee629a

Events (10 events):
Event: 3.811 Thread 0x0000000016fb4000 DEOPT UNPACKING pc=0x0000000002c2556a sp=0x000000001770e528 mode 2
Event: 3.876 Thread 0x0000000016fb4000 Uncommon trap: trap_request=0xffffffc6 fr.pc=0x0000000002dd8dbc
Event: 3.876 Thread 0x0000000016fb4000 DEOPT PACKING pc=0x0000000002dd8dbc sp=0x000000001770e8f0
Event: 3.876 Thread 0x0000000016fb4000 DEOPT UNPACKING pc=0x0000000002c2556a sp=0x000000001770e870 mode 2
Event: 3.876 Thread 0x0000000016fb4000 Uncommon trap: trap_request=0xffffffc6 fr.pc=0x0000000002dd8dbc
Event: 3.876 Thread 0x0000000016fb4000 DEOPT PACKING pc=0x0000000002dd8dbc sp=0x000000001770e8f0
Event: 3.876 Thread 0x0000000016fb4000 DEOPT UNPACKING pc=0x0000000002c2556a sp=0x000000001770e870 mode 2
Event: 3.876 Thread 0x0000000016fb4000 Uncommon trap: trap_request=0xffffffc6 fr.pc=0x0000000002de6400
Event: 3.876 Thread 0x0000000016fb4000 DEOPT PACKING pc=0x0000000002de6400 sp=0x000000001770e920
Event: 3.876 Thread 0x0000000016fb4000 DEOPT UNPACKING pc=0x0000000002c2556a sp=0x000000001770e838 mode 2


Dynamic libraries:
0x00007ff70b6f0000 - 0x00007ff70b721000 	C:\Program Files\Android\Android Studio\jre\bin\java.exe
0x00007ffae1960000 - 0x00007ffae1b0c000 	C:\Windows\SYSTEM32\ntdll.dll
0x00007ffae1610000 - 0x00007ffae174e000 	C:\Windows\system32\KERNEL32.DLL
0x00007ffadee70000 - 0x00007ffadef85000 	C:\Windows\system32\KERNELBASE.dll
0x00007ffae13c0000 - 0x00007ffae146a000 	C:\Windows\system32\ADVAPI32.dll
0x00007ffadf440000 - 0x00007ffadf5b7000 	C:\Windows\system32\USER32.dll
0x00007ffadc260000 - 0x00007ffadc4da000 	C:\Windows\WinSxS\amd64_microsoft.windows.common-controls_6595b64144ccf1df_6.0.9600.17810_none_6240b9c7ecbd0bda\COMCTL32.dll
0x00007ffae12b0000 - 0x00007ffae135a000 	C:\Windows\system32\msvcrt.dll
0x00007ffadf140000 - 0x00007ffadf199000 	C:\Windows\SYSTEM32\sechost.dll
0x00007ffae17a0000 - 0x00007ffae18e1000 	C:\Windows\system32\RPCRT4.dll
0x00007ffadf5c0000 - 0x00007ffadf70f000 	C:\Windows\system32\GDI32.dll
0x00007ffae1760000 - 0x00007ffae1796000 	C:\Windows\system32\IMM32.DLL
0x00007ffadefe0000 - 0x00007ffadf132000 	C:\Windows\system32\MSCTF.dll
0x0000000057fe0000 - 0x00000000580b2000 	C:\Program Files\Android\Android Studio\jre\jre\bin\msvcr100.dll
0x0000000057400000 - 0x0000000057c34000 	C:\Program Files\Android\Android Studio\jre\jre\bin\server\jvm.dll
0x00007ffad49c0000 - 0x00007ffad49c9000 	C:\Windows\SYSTEM32\WSOCK32.dll
0x00007ffad91f0000 - 0x00007ffad9212000 	C:\Windows\SYSTEM32\WINMM.dll
0x00007ffad7ad0000 - 0x00007ffad7ada000 	C:\Windows\SYSTEM32\VERSION.dll
0x00007ffadf370000 - 0x00007ffadf377000 	C:\Windows\system32\PSAPI.DLL
0x00007ffadfb10000 - 0x00007ffadfb6a000 	C:\Windows\system32\WS2_32.dll
0x00007ffad91c0000 - 0x00007ffad91ea000 	C:\Windows\SYSTEM32\WINMMBASE.dll
0x00007ffae18f0000 - 0x00007ffae18f9000 	C:\Windows\system32\NSI.dll
0x00007ffadef90000 - 0x00007ffadefdf000 	C:\Windows\SYSTEM32\cfgmgr32.dll
0x00007ffadd8a0000 - 0x00007ffadd8c8000 	C:\Windows\SYSTEM32\DEVOBJ.dll
0x00007ffac4860000 - 0x00007ffac486f000 	C:\Program Files\Android\Android Studio\jre\jre\bin\verify.dll
0x00007ffac00e0000 - 0x00007ffac0109000 	C:\Program Files\Android\Android Studio\jre\jre\bin\java.dll
0x00007ffac00c0000 - 0x00007ffac00d6000 	C:\Program Files\Android\Android Studio\jre\jre\bin\zip.dll
0x00007ffadfcb0000 - 0x00007ffae11db000 	C:\Windows\system32\SHELL32.dll
0x00007ffadf710000 - 0x00007ffadf921000 	C:\Windows\SYSTEM32\combase.dll
0x00007ffae1900000 - 0x00007ffae1954000 	C:\Windows\system32\SHLWAPI.dll
0x00007ffadd150000 - 0x00007ffadd202000 	C:\Windows\SYSTEM32\SHCORE.dll
0x00007ffadeab0000 - 0x00007ffadeac5000 	C:\Windows\SYSTEM32\profapi.dll

VM Arguments:
jvm_args: -Djava.awt.headless=true -Xmx1024M -Dfile.encoding=windows-1252 -Duser.country=US -Duser.language=en -Duser.variant 
java_command: com.android.dx.command.Main --dex --num-threads=4 --output D:\Android\AndroidStudio\KalbecallPlanMobile\app\build\intermediates\pre-dexed\debug\com.google.android.gms-play-services-location-9.0.2_e0375762ad4e06bf8334ca3baec9354c4b774a8c.jar D:\Android\AndroidStudio\KalbecallPlanMobile\app\build\intermediates\exploded-aar\com.google.android.gms\play-services-location\9.0.2\jars\classes.jar
java_class_path (initial): D:\Android\AndroidSDK\build-tools\24.0.1\lib\dx.jar
Launcher Type: SUN_STANDARD

Environment Variables:
PATH=C:\ProgramData\Oracle\Java\javapath;C:\app\DevSuiteHome_1\jdk\jre\bin\classic;C:\app\DevSuiteHome_1\jdk\jre\bin;C:\app\DevSuiteHome_1\jdk\jre\bin\client;C:\app\DevSuiteHome_1\jlib;C:\app\DevSuiteHome_1\bin;C:\app\DevSuiteHome_1\jre\1.4.2\bin\client;C:\app\DevSuiteHome_1\jre\1.4.2\bin;C:\app\rhezaTesar\product\11.2.0\client_1;C:\app\rhezaTesar\product\11.2.0\client_1\bin;C:\Program Files (x86)\Intel\iCLS Client\;C:\Program Files\Intel\iCLS Client\;C:\Windows\system32;C:\Windows;C:\Windows\System32\Wbem;C:\Windows\System32\WindowsPowerShell\v1.0\;C:\Program Files\Intel\Intel(R) Management Engine Components\DAL;C:\Program Files (x86)\Intel\Intel(R) Management Engine Components\DAL;C:\Program Files\Intel\Intel(R) Management Engine Components\IPT;C:\Program Files (x86)\Intel\Intel(R) Management Engine Components\IPT;C:\Program Files\Intel\WiFi\bin\;C:\Program Files\Common Files\Intel\WirelessCommon\;C:\Program Files (x86)\Skype\Phone\;C:\Program Files (x86)\Microsoft SQL Server\90\Tools\binn\;C:\Program Files (x86)\Microsoft SQL Server\100\Tools\Bin;C:\Program Files (x86)\Common Files\SYSTEM\MSMAPI\1033;C:\Program Files\Microsoft SQL Server\120\Tools\Binn\;C:\Program Files\Microsoft SQL Server\Client SDK\ODBC\110\Tools\Binn\;C:\Program Files\Microsoft SQL Server\120\DTS\Binn\;C:\Program Files (x86)\Microsoft SQL Server\120\Tools\Binn\ManagementStudio\;C:\Program Files (x86)\Microsoft SQL Server\120\Tools\Binn\;C:\Program Files (x86)\Microsoft SQL Server\120\DTS\Binn\;C:\Program Files\Git\cmd;C:\Program Files\TortoiseSVN\bin;C:\Program Files (x86)\CrSSL\bin
USERNAME=rhezaTesar
OS=Windows_NT
PROCESSOR_IDENTIFIER=Intel64 Family 6 Model 61 Stepping 4, GenuineIntel



---------------  S Y S T E M  ---------------

OS: Windows 8.1 , 64 bit Build 9600 (6.3.9600.17415)

CPU:total 4 (2 cores per cpu, 2 threads per core) family 6 model 61 stepping 4, cmov, cx8, fxsr, mmx, sse, sse2, sse3, ssse3, sse4.1, sse4.2, popcnt, avx, avx2, aes, clmul, erms, 3dnowpref, lzcnt, ht, tsc, tscinvbit, bmi1, bmi2, adx

Memory: 4k page, physical 8277100k(1303412k free), swap 9848940k(5208k free)

vm_info: OpenJDK 64-Bit Server VM (25.76-b03) for windows-amd64 JRE (1.8.0_76-release-b03), built on Jun 29 2016 19:09:20 by "ralucas" with MS VC++ 10.0 (VS2010)

time: Thu Dec 29 13:48:59 2016
elapsed time: 3 seconds (0d 0h 0m 3s)

