#
# There is insufficient memory for the Java Runtime Environment to continue.
# Native memory allocation (mmap) failed to map 65536 bytes for card table expansion
# Possible reasons:
#   The system is out of physical RAM or swap space
#   In 32 bit mode, the process size limit was hit
# Possible solutions:
#   Reduce memory load on the system
#   Increase physical memory or swap space
#   Check if swap backing store is full
#   Use 64 bit Java on a 64 bit OS
#   Decrease Java heap size (-Xmx/-Xms)
#   Decrease number of Java threads
#   Decrease Java thread stack sizes (-Xss)
#   Set larger code cache with -XX:ReservedCodeCacheSize=
# This output file may be truncated or incomplete.
#
#  Out of Memory Error (os_windows.cpp:3332), pid=12008, tid=0x0000000000002b24
#
# JRE version: OpenJDK Runtime Environment (8.0_76-b03) (build 1.8.0_76-release-b03)
# Java VM: OpenJDK 64-Bit Server VM (25.76-b03 mixed mode windows-amd64 compressed oops)
# Failed to write core dump. Minidumps are not enabled by default on client versions of Windows
#

---------------  T H R E A D  ---------------

Current thread (0x0000000014b95800):  VMThread [stack: 0x0000000015c40000,0x0000000015d40000] [id=11044]

Stack: [0x0000000015c40000,0x0000000015d40000]
[error occurred during error reporting (printing stack bounds), id 0xc0000005]

Native frames: (J=compiled Java code, j=interpreted, Vv=VM code, C=native code)

VM_Operation (0x0000000016d3e380): ParallelGCFailedAllocation, mode: safepoint, requested by thread 0x0000000016814000


---------------  P R O C E S S  ---------------

Java Threads: ( => current thread )
  0x0000000016898000 JavaThread "pool-1-thread-4" [_thread_blocked, id=10888, stack(0x0000000017040000,0x0000000017140000)]
  0x000000001681b000 JavaThread "pool-1-thread-3" [_thread_blocked, id=10872, stack(0x0000000016f40000,0x0000000017040000)]
  0x000000001681a000 JavaThread "pool-1-thread-2" [_thread_blocked, id=12900, stack(0x0000000016e40000,0x0000000016f40000)]
  0x0000000016815000 JavaThread "pool-2-thread-1" [_thread_blocked, id=6688, stack(0x0000000016d40000,0x0000000016e40000)]
  0x0000000016814000 JavaThread "pool-1-thread-1" [_thread_blocked, id=4712, stack(0x0000000016c40000,0x0000000016d40000)]
  0x000000001664e800 JavaThread "Service Thread" daemon [_thread_blocked, id=13408, stack(0x0000000016a40000,0x0000000016b40000)]
  0x0000000014c2d000 JavaThread "C1 CompilerThread2" daemon [_thread_blocked, id=2228, stack(0x0000000016540000,0x0000000016640000)]
  0x0000000014bd0800 JavaThread "C2 CompilerThread1" daemon [_thread_blocked, id=9688, stack(0x0000000016440000,0x0000000016540000)]
  0x0000000014bcd000 JavaThread "C2 CompilerThread0" daemon [_thread_blocked, id=10536, stack(0x0000000016340000,0x0000000016440000)]
  0x0000000014bcb800 JavaThread "Attach Listener" daemon [_thread_blocked, id=13888, stack(0x0000000016240000,0x0000000016340000)]
  0x0000000014bca000 JavaThread "Signal Dispatcher" daemon [_thread_blocked, id=5972, stack(0x0000000016140000,0x0000000016240000)]
  0x0000000014bb8800 JavaThread "Finalizer" daemon [_thread_blocked, id=12044, stack(0x0000000015e40000,0x0000000015f40000)]
  0x00000000024f1000 JavaThread "Reference Handler" daemon [_thread_blocked, id=11208, stack(0x0000000015d40000,0x0000000015e40000)]
  0x00000000023fd800 JavaThread "main" [_thread_blocked, id=7272, stack(0x0000000002250000,0x0000000002350000)]

Other Threads:
=>0x0000000014b95800 VMThread [stack: 0x0000000015c40000,0x0000000015d40000] [id=11044]
  0x000000001664f800 WatcherThread [stack: 0x0000000016b40000,0x0000000016c40000] [id=5908]

VM state:at safepoint (normal execution)

VM Mutex/Monitor currently owned by a thread:  ([mutex/lock_event])
[0x00000000023fcd20] Threads_lock - owner thread: 0x0000000014b95800
[0x00000000023fd220] Heap_lock - owner thread: 0x0000000016814000

Heap:
 PSYoungGen      total 38400K, used 5114K [0x00000000eab00000, 0x00000000ef600000, 0x0000000100000000)
  eden space 33280K, 0% used [0x00000000eab00000,0x00000000eab00000,0x00000000ecb80000)
  from space 5120K, 99% used [0x00000000ecb80000,0x00000000ed07eaa8,0x00000000ed080000)
  to   space 5120K, 0% used [0x00000000ed080000,0x00000000ed080000,0x00000000ed580000)
 ParOldGen       total 87552K, used 1617K [0x00000000c0000000, 0x00000000c5580000, 0x00000000eab00000)
  object space 87552K, 1% used [0x00000000c0000000,0x00000000c01944b8,0x00000000c5580000)
 Metaspace       used 6006K, capacity 6960K, committed 7040K, reserved 1056768K
  class space    used 573K, capacity 616K, committed 640K, reserved 1048576K

Card table byte_map: [0x00000000118c0000,0x0000000011ad0000] byte_map_base: 0x00000000112c0000

Marking Bits: (ParMarkBitMap*) 0x0000000057bb9d00
 Begin Bits: [0x0000000012030000, 0x0000000013030000)
 End Bits:   [0x0000000013030000, 0x0000000014030000)

Polling page: 0x0000000000980000

CodeCache: size=245760Kb used=5280Kb max_used=5280Kb free=240479Kb
 bounds [0x0000000002500000, 0x0000000002a30000, 0x0000000011500000]
 total_blobs=1555 nmethods=1285 adapters=184
 compilation: enabled

Compilation events (10 events):
Event: 2.992 Thread 0x0000000014c2d000 nmethod 1285 0x0000000002a260d0 code [0x0000000002a262e0, 0x0000000002a26c58]
Event: 2.992 Thread 0x0000000014bd0800 1273       4       com.android.dx.ssa.SsaInsn::<init> (29 bytes)
Event: 2.993 Thread 0x0000000014c2d000 1286       3       com.android.dx.rop.code.AccessFlags::isSynchronized (13 bytes)
Event: 2.993 Thread 0x0000000014bd0800 nmethod 1273 0x00000000029d4c10 code [0x00000000029d4d40, 0x00000000029d4dd8]
Event: 2.993 Thread 0x0000000014c2d000 nmethod 1286 0x0000000002a1e650 code [0x0000000002a1e7a0, 0x0000000002a1e930]
Event: 2.993 Thread 0x0000000014bd0800 1274       4       com.android.dx.rop.code.BasicBlockList::set (12 bytes)
Event: 2.993 Thread 0x0000000014c2d000 1287       3       com.android.dx.dex.file.EncodedMethod::<init> (68 bytes)
Event: 2.993 Thread 0x0000000014c2d000 nmethod 1287 0x0000000002a258d0 code [0x0000000002a25a60, 0x0000000002a25f18]
Event: 2.994 Thread 0x0000000014c2d000 1288       3       com.android.dx.dex.cf.AttributeTranslator::getMethodAnnotations (37 bytes)
Event: 2.995 Thread 0x0000000014c2d000 nmethod 1288 0x0000000002a2b890 code [0x0000000002a2bb80, 0x0000000002a2d178]

GC Heap History (1 events):
Event: 3.081 GC heap before
{Heap before GC invocations=1 (full 0):
 PSYoungGen      total 38400K, used 33280K [0x00000000eab00000, 0x00000000ed580000, 0x0000000100000000)
  eden space 33280K, 100% used [0x00000000eab00000,0x00000000ecb80000,0x00000000ecb80000)
  from space 5120K, 0% used [0x00000000ed080000,0x00000000ed080000,0x00000000ed580000)
  to   space 5120K, 0% used [0x00000000ecb80000,0x00000000ecb80000,0x00000000ed080000)
 ParOldGen       total 87552K, used 0K [0x00000000c0000000, 0x00000000c5580000, 0x00000000eab00000)
  object space 87552K, 0% used [0x00000000c0000000,0x00000000c0000000,0x00000000c5580000)
 Metaspace       used 6006K, capacity 6960K, committed 7040K, reserved 1056768K
  class space    used 573K, capacity 616K, committed 640K, reserved 1048576K

Deoptimization events (2 events):
Event: 0.502 Thread 0x00000000023fd800 Uncommon trap: reason=unstable_if action=reinterpret pc=0x0000000002637e50 method=java.lang.String.indexOf(II)I @ 49
Event: 1.830 Thread 0x000000001681a000 Uncommon trap: reason=unstable_if action=reinterpret pc=0x00000000027150f0 method=java.util.BitSet.nextSetBit(I)I @ 87

Internal exceptions (2 events):
Event: 0.079 Thread 0x00000000023fd800 Exception <a 'java/lang/NoSuchMethodError': Method sun.misc.Unsafe.defineClass(Ljava/lang/String;[BII)Ljava/lang/Class; name or signature does not match> (0x00000000eab07cc0) thrown at [C:\src\android\AOSP-openjdk\external\jetbrains\jdk\hotspot\src\share\výÔXô:´?
Event: 0.079 Thread 0x00000000023fd800 Exception <a 'java/lang/NoSuchMethodError': Method sun.misc.Unsafe.prefetchRead(Ljava/lang/Object;J)V name or signature does not match> (0x00000000eab07fa8) thrown at [C:\src\android\AOSP-openjdk\external\jetbrains\jdk\hotspot\src\share\vm\prims\jni.cpp, l

Events (10 events):
Event: 1.877 loading class java/util/HashMap$Values done
Event: 1.877 loading class java/util/HashMap$ValueIterator
Event: 1.877 loading class java/util/HashMap$ValueIterator done
Event: 2.010 Executing VM operation: ForceSafepoint
Event: 2.153 Executing VM operation: ForceSafepoint done
Event: 2.171 loading class com/android/dx/cf/attrib/AttExceptions
Event: 2.171 loading class com/android/dx/cf/attrib/AttExceptions done
Event: 2.179 loading class com/android/dx/rop/code/RegOps
Event: 2.179 loading class com/android/dx/rop/code/RegOps done
Event: 2.996 Executing VM operation: ParallelGCFailedAllocation


Dynamic libraries:
0x00007ff70b6f0000 - 0x00007ff70b721000 	C:\Program Files\Android\Android Studio\jre\bin\java.exe
0x00007ffae1960000 - 0x00007ffae1b0c000 	C:\Windows\SYSTEM32\ntdll.dll
0x00007ffae1610000 - 0x00007ffae174e000 	C:\Windows\system32\KERNEL32.DLL
0x00007ffadee70000 - 0x00007ffadef85000 	C:\Windows\system32\KERNELBASE.dll
0x00007ffae13c0000 - 0x00007ffae146a000 	C:\Windows\system32\ADVAPI32.dll
0x00007ffadf440000 - 0x00007ffadf5b7000 	C:\Windows\system32\USER32.dll
0x00007ffadc260000 - 0x00007ffadc4da000 	C:\Windows\WinSxS\amd64_microsoft.windows.common-controls_6595b64144ccf1df_6.0.9600.17810_none_6240b9c7ecbd0bda\COMCTL32.dll
0x00007ffae12b0000 - 0x00007ffae135a000 	C:\Windows\system32\msvcrt.dll
0x00007ffadf140000 - 0x00007ffadf199000 	C:\Windows\SYSTEM32\sechost.dll
0x00007ffae17a0000 - 0x00007ffae18e1000 	C:\Windows\system32\RPCRT4.dll
0x00007ffadf5c0000 - 0x00007ffadf70f000 	C:\Windows\system32\GDI32.dll
0x00007ffae1760000 - 0x00007ffae1796000 	C:\Windows\system32\IMM32.DLL
0x00007ffadefe0000 - 0x00007ffadf132000 	C:\Windows\system32\MSCTF.dll
0x0000000057fe0000 - 0x00000000580b2000 	C:\Program Files\Android\Android Studio\jre\jre\bin\msvcr100.dll
0x0000000057400000 - 0x0000000057c34000 	C:\Program Files\Android\Android Studio\jre\jre\bin\server\jvm.dll
0x00007ffad49c0000 - 0x00007ffad49c9000 	C:\Windows\SYSTEM32\WSOCK32.dll
0x00007ffad91f0000 - 0x00007ffad9212000 	C:\Windows\SYSTEM32\WINMM.dll
0x00007ffad7ad0000 - 0x00007ffad7ada000 	C:\Windows\SYSTEM32\VERSION.dll
0x00007ffadf370000 - 0x00007ffadf377000 	C:\Windows\system32\PSAPI.DLL
0x00007ffadfb10000 - 0x00007ffadfb6a000 	C:\Windows\system32\WS2_32.dll
0x00007ffad91c0000 - 0x00007ffad91ea000 	C:\Windows\SYSTEM32\WINMMBASE.dll
0x00007ffae18f0000 - 0x00007ffae18f9000 	C:\Windows\system32\NSI.dll
0x00007ffadef90000 - 0x00007ffadefdf000 	C:\Windows\SYSTEM32\cfgmgr32.dll
0x00007ffadd8a0000 - 0x00007ffadd8c8000 	C:\Windows\SYSTEM32\DEVOBJ.dll
0x00007ffac4860000 - 0x00007ffac486f000 	C:\Program Files\Android\Android Studio\jre\jre\bin\verify.dll
0x00007ffac00e0000 - 0x00007ffac0109000 	C:\Program Files\Android\Android Studio\jre\jre\bin\java.dll
0x00007ffac00c0000 - 0x00007ffac00d6000 	C:\Program Files\Android\Android Studio\jre\jre\bin\zip.dll
0x00007ffadfcb0000 - 0x00007ffae11db000 	C:\Windows\system32\SHELL32.dll
0x00007ffadf710000 - 0x00007ffadf921000 	C:\Windows\SYSTEM32\combase.dll
0x00007ffae1900000 - 0x00007ffae1954000 	C:\Windows\system32\SHLWAPI.dll
0x00007ffadd150000 - 0x00007ffadd202000 	C:\Windows\SYSTEM32\SHCORE.dll
0x00007ffadeab0000 - 0x00007ffadeac5000 	C:\Windows\SYSTEM32\profapi.dll

VM Arguments:
jvm_args: -Djava.awt.headless=true -Xmx1024M -Dfile.encoding=windows-1252 -Duser.country=US -Duser.language=en -Duser.variant 
java_command: com.android.dx.command.Main --dex --num-threads=4 --output D:\Android\AndroidStudio\KalbecallPlanMobile\app\build\intermediates\pre-dexed\debug\com.google.android.gms-play-services-appindexing-9.0.2_82ec675cb71fbc4fb1e02a799ef585a73a76ecd3.jar D:\Android\AndroidStudio\KalbecallPlanMobile\app\build\intermediates\exploded-aar\com.google.android.gms\play-services-appindexing\9.0.2\jars\classes.jar
java_class_path (initial): D:\Android\AndroidSDK\build-tools\24.0.1\lib\dx.jar
Launcher Type: SUN_STANDARD

Environment Variables:
PATH=C:\ProgramData\Oracle\Java\javapath;C:\app\DevSuiteHome_1\jdk\jre\bin\classic;C:\app\DevSuiteHome_1\jdk\jre\bin;C:\app\DevSuiteHome_1\jdk\jre\bin\client;C:\app\DevSuiteHome_1\jlib;C:\app\DevSuiteHome_1\bin;C:\app\DevSuiteHome_1\jre\1.4.2\bin\client;C:\app\DevSuiteHome_1\jre\1.4.2\bin;C:\app\rhezaTesar\product\11.2.0\client_1;C:\app\rhezaTesar\product\11.2.0\client_1\bin;C:\Program Files (x86)\Intel\iCLS Client\;C:\Program Files\Intel\iCLS Client\;C:\Windows\system32;C:\Windows;C:\Windows\System32\Wbem;C:\Windows\System32\WindowsPowerShell\v1.0\;C:\Program Files\Intel\Intel(R) Management Engine Components\DAL;C:\Program Files (x86)\Intel\Intel(R) Management Engine Components\DAL;C:\Program Files\Intel\Intel(R) Management Engine Components\IPT;C:\Program Files (x86)\Intel\Intel(R) Management Engine Components\IPT;C:\Program Files\Intel\WiFi\bin\;C:\Program Files\Common Files\Intel\WirelessCommon\;C:\Program Files (x86)\Skype\Phone\;C:\Program Files (x86)\Microsoft SQL Server\90\Tools\binn\;C:\Program Files (x86)\Microsoft SQL Server\100\Tools\Bin;C:\Program Files (x86)\Common Files\SYSTEM\MSMAPI\1033;C:\Program Files\Microsoft SQL Server\120\Tools\Binn\;C:\Program Files\Microsoft SQL Server\Client SDK\ODBC\110\Tools\Binn\;C:\Program Files\Microsoft SQL Server\120\DTS\Binn\;C:\Program Files (x86)\Microsoft SQL Server\120\Tools\Binn\ManagementStudio\;C:\Program Files (x86)\Microsoft SQL Server\120\Tools\Binn\;C:\Program Files (x86)\Microsoft SQL Server\120\DTS\Binn\;C:\Program Files\Git\cmd;C:\Program Files\TortoiseSVN\bin;C:\Program Files (x86)\CrSSL\bin
USERNAME=rhezaTesar
OS=Windows_NT
PROCESSOR_IDENTIFIER=Intel64 Family 6 Model 61 Stepping 4, GenuineIntel



---------------  S Y S T E M  ---------------

OS: Windows 8.1 , 64 bit Build 9600 (6.3.9600.17415)

CPU:total 4 (2 cores per cpu, 2 threads per core) family 6 model 61 stepping 4, cmov, cx8, fxsr, mmx, sse, sse2, sse3, ssse3, sse4.1, sse4.2, popcnt, avx, avx2, aes, clmul, erms, 3dnowpref, lzcnt, ht, tsc, tscinvbit, bmi1, bmi2, adx

Memory: 4k page, physical 8277100k(1308640k free), swap 9848940k(5128k free)

vm_info: OpenJDK 64-Bit Server VM (25.76-b03) for windows-amd64 JRE (1.8.0_76-release-b03), built on Jun 29 2016 19:09:20 by "ralucas" with MS VC++ 10.0 (VS2010)

time: Thu Dec 29 13:48:58 2016
elapsed time: 3 seconds (0d 0h 0m 3s)

