#
# There is insufficient memory for the Java Runtime Environment to continue.
# Native memory allocation (malloc) failed to allocate 195936 bytes for Chunk::new
# Possible reasons:
#   The system is out of physical RAM or swap space
#   In 32 bit mode, the process size limit was hit
# Possible solutions:
#   Reduce memory load on the system
#   Increase physical memory or swap space
#   Check if swap backing store is full
#   Use 64 bit Java on a 64 bit OS
#   Decrease Java heap size (-Xmx/-Xms)
#   Decrease number of Java threads
#   Decrease Java thread stack sizes (-Xss)
#   Set larger code cache with -XX:ReservedCodeCacheSize=
# This output file may be truncated or incomplete.
#
#  Out of Memory Error (allocation.cpp:390), pid=11872, tid=0x0000000000002f9c
#
# JRE version: OpenJDK Runtime Environment (8.0_76-b03) (build 1.8.0_76-release-b03)
# Java VM: OpenJDK 64-Bit Server VM (25.76-b03 mixed mode windows-amd64 compressed oops)
# Failed to write core dump. Minidumps are not enabled by default on client versions of Windows
#

---------------  T H R E A D  ---------------

Current thread (0x00000000148d3800):  JavaThread "C2 CompilerThread1" daemon [_thread_in_native, id=12188, stack(0x0000000016120000,0x0000000016220000)]

Stack: [0x0000000016120000,0x0000000016220000]
[error occurred during error reporting (printing stack bounds), id 0xc0000005]

Native frames: (J=compiled Java code, j=interpreted, Vv=VM code, C=native code)


Current CompileTask:
C2:   3116 1380       4       com.android.dx.ssa.Dominators::compress (229 bytes)


---------------  P R O C E S S  ---------------

Java Threads: ( => current thread )
  0x0000000016487000 JavaThread "pool-1-thread-4" [_thread_in_vm, id=11628, stack(0x0000000016d20000,0x0000000016e20000)]
  0x0000000016486000 JavaThread "pool-1-thread-3" [_thread_in_Java, id=11812, stack(0x0000000016c20000,0x0000000016d20000)]
  0x0000000016485000 JavaThread "pool-1-thread-2" [_thread_in_Java, id=6476, stack(0x0000000016b20000,0x0000000016c20000)]
  0x0000000016482800 JavaThread "pool-2-thread-1" [_thread_blocked, id=11948, stack(0x0000000016a20000,0x0000000016b20000)]
  0x0000000016467800 JavaThread "pool-1-thread-1" [_thread_in_Java, id=11980, stack(0x0000000016920000,0x0000000016a20000)]
  0x000000001632d800 JavaThread "Service Thread" daemon [_thread_blocked, id=12184, stack(0x0000000016720000,0x0000000016820000)]
  0x000000001492c000 JavaThread "C1 CompilerThread2" daemon [_thread_blocked, id=12060, stack(0x0000000016220000,0x0000000016320000)]
=>0x00000000148d3800 JavaThread "C2 CompilerThread1" daemon [_thread_in_native, id=12188, stack(0x0000000016120000,0x0000000016220000)]
  0x00000000148d7800 JavaThread "C2 CompilerThread0" daemon [_thread_in_native, id=12068, stack(0x0000000016020000,0x0000000016120000)]
  0x00000000148d6800 JavaThread "Attach Listener" daemon [_thread_blocked, id=12280, stack(0x0000000015f20000,0x0000000016020000)]
  0x00000000148d5000 JavaThread "Signal Dispatcher" daemon [_thread_blocked, id=11472, stack(0x0000000015e20000,0x0000000015f20000)]
  0x00000000148b8800 JavaThread "Finalizer" daemon [_thread_blocked, id=6644, stack(0x0000000015b20000,0x0000000015c20000)]
  0x00000000021f1000 JavaThread "Reference Handler" daemon [_thread_blocked, id=9760, stack(0x0000000015a20000,0x0000000015b20000)]
  0x00000000006ed800 JavaThread "main" [_thread_in_vm, id=12268, stack(0x0000000002000000,0x0000000002100000)]

Other Threads:
  0x0000000014895800 VMThread [stack: 0x0000000015920000,0x0000000015a20000] [id=9976]
  0x000000001632f800 WatcherThread [stack: 0x0000000016820000,0x0000000016920000] [id=5932]

VM state:not at safepoint (normal execution)

VM Mutex/Monitor currently owned by a thread: None

Heap:
 PSYoungGen      total 38400K, used 20837K [0x00000000eab00000, 0x00000000ef600000, 0x0000000100000000)
  eden space 33280K, 47% used [0x00000000eab00000,0x00000000eba60660,0x00000000ecb80000)
  from space 5120K, 99% used [0x00000000ecb80000,0x00000000ed078ee0,0x00000000ed080000)
  to   space 5120K, 0% used [0x00000000ef100000,0x00000000ef100000,0x00000000ef600000)
 ParOldGen       total 87552K, used 3859K [0x00000000c0000000, 0x00000000c5580000, 0x00000000eab00000)
  object space 87552K, 4% used [0x00000000c0000000,0x00000000c03c4e10,0x00000000c5580000)
 Metaspace       used 5851K, capacity 7024K, committed 7296K, reserved 1056768K
  class space    used 558K, capacity 616K, committed 640K, reserved 1048576K

Card table byte_map: [0x00000000115c0000,0x00000000117d0000] byte_map_base: 0x0000000010fc0000

Marking Bits: (ParMarkBitMap*) 0x000000006a209d00
 Begin Bits: [0x0000000011d30000, 0x0000000012d30000)
 End Bits:   [0x0000000012d30000, 0x0000000013d30000)

Polling page: 0x0000000000690000

CodeCache: size=245760Kb used=5985Kb max_used=6005Kb free=239774Kb
 bounds [0x0000000002200000, 0x00000000027f0000, 0x0000000011200000]
 total_blobs=1640 nmethods=1379 adapters=175
 compilation: enabled

Compilation events (10 events):
Event: 2.871 Thread 0x00000000148d3800 nmethod 1298 0x00000000027cbbd0 code [0x00000000027cbd20, 0x00000000027cbe18]
Event: 2.871 Thread 0x00000000148d3800 1205       4       com.android.dx.rop.cst.CstLiteral32::equals (35 bytes)
Event: 2.872 Thread 0x00000000148d3800 nmethod 1205 0x00000000027cb910 code [0x00000000027cba60, 0x00000000027cbb18]
Event: 2.872 Thread 0x00000000148d3800 1346       4       java.lang.Math::max (11 bytes)
Event: 2.872 Thread 0x00000000148d3800 nmethod 1346 0x0000000002722450 code [0x0000000002722580, 0x00000000027225d8]
Event: 2.872 Thread 0x00000000148d3800 1364       4       com.android.dx.rop.code.RegisterSpec::makeLocalOptional (7 bytes)
Event: 2.873 Thread 0x00000000148d3800 nmethod 1364 0x00000000026e9810 code [0x00000000026e9960, 0x00000000026e99c8]
Event: 2.873 Thread 0x00000000148d3800 1256   !   4       com.android.dx.util.IntList::set (53 bytes)
Event: 2.874 Thread 0x00000000148d3800 nmethod 1256 0x00000000027cb590 code [0x00000000027cb6e0, 0x00000000027cb7d8]
Event: 3.091 Thread 0x00000000148d3800 1380       4       com.android.dx.ssa.Dominators::compress (229 bytes)

GC Heap History (2 events):
Event: 2.389 GC heap before
{Heap before GC invocations=1 (full 0):
 PSYoungGen      total 38400K, used 33280K [0x00000000eab00000, 0x00000000ed580000, 0x0000000100000000)
  eden space 33280K, 100% used [0x00000000eab00000,0x00000000ecb80000,0x00000000ecb80000)
  from space 5120K, 0% used [0x00000000ed080000,0x00000000ed080000,0x00000000ed580000)
  to   space 5120K, 0% used [0x00000000ecb80000,0x00000000ecb80000,0x00000000ed080000)
 ParOldGen       total 87552K, used 0K [0x00000000c0000000, 0x00000000c5580000, 0x00000000eab00000)
  object space 87552K, 0% used [0x00000000c0000000,0x00000000c0000000,0x00000000c5580000)
 Metaspace       used 5785K, capacity 6960K, committed 7040K, reserved 1056768K
  class space    used 557K, capacity 616K, committed 640K, reserved 1048576K
Event: 2.541 GC heap after
Heap after GC invocations=1 (full 0):
 PSYoungGen      total 38400K, used 5091K [0x00000000eab00000, 0x00000000ef600000, 0x0000000100000000)
  eden space 33280K, 0% used [0x00000000eab00000,0x00000000eab00000,0x00000000ecb80000)
  from space 5120K, 99% used [0x00000000ecb80000,0x00000000ed078ee0,0x00000000ed080000)
  to   space 5120K, 0% used [0x00000000ef100000,0x00000000ef100000,0x00000000ef600000)
 ParOldGen       total 87552K, used 3859K [0x00000000c0000000, 0x00000000c5580000, 0x00000000eab00000)
  object space 87552K, 4% used [0x00000000c0000000,0x00000000c03c4e10,0x00000000c5580000)
 Metaspace       used 5785K, capacity 6960K, committed 7040K, reserved 1056768K
  class space    used 557K, capacity 616K, committed 640K, reserved 1048576K
}

Deoptimization events (10 events):
Event: 2.286 Thread 0x0000000016486000 Uncommon trap: reason=class_check action=maybe_recompile pc=0x00000000025130d4 method=com.android.dx.ssa.NormalSsaInsn.accept(Lcom/android/dx/ssa/SsaInsn$Visitor;)V @ 9
Event: 2.286 Thread 0x0000000016486000 Uncommon trap: reason=class_check action=maybe_recompile pc=0x00000000024988f0 method=com.android.dx.ssa.NormalSsaInsn.accept(Lcom/android/dx/ssa/SsaInsn$Visitor;)V @ 9
Event: 2.664 Thread 0x0000000016487000 Uncommon trap: reason=class_check action=maybe_recompile pc=0x00000000025130d4 method=com.android.dx.ssa.NormalSsaInsn.accept(Lcom/android/dx/ssa/SsaInsn$Visitor;)V @ 9
Event: 2.664 Thread 0x0000000016487000 Uncommon trap: reason=class_check action=maybe_recompile pc=0x00000000024988f0 method=com.android.dx.ssa.NormalSsaInsn.accept(Lcom/android/dx/ssa/SsaInsn$Visitor;)V @ 9
Event: 2.684 Thread 0x0000000016486000 Uncommon trap: reason=class_check action=maybe_recompile pc=0x000000000274a528 method=com.android.dx.ssa.SCCP.setLatticeValueTo(IILcom/android/dx/rop/cst/Constant;)Z @ 43
Event: 2.684 Thread 0x0000000016486000 Uncommon trap: reason=class_check action=maybe_recompile pc=0x000000000274a528 method=com.android.dx.ssa.SCCP.setLatticeValueTo(IILcom/android/dx/rop/cst/Constant;)Z @ 43
Event: 2.684 Thread 0x0000000016486000 Uncommon trap: reason=class_check action=maybe_recompile pc=0x000000000274a528 method=com.android.dx.ssa.SCCP.setLatticeValueTo(IILcom/android/dx/rop/cst/Constant;)Z @ 43
Event: 2.684 Thread 0x0000000016486000 Uncommon trap: reason=class_check action=maybe_recompile pc=0x000000000274a528 method=com.android.dx.ssa.SCCP.setLatticeValueTo(IILcom/android/dx/rop/cst/Constant;)Z @ 43
Event: 2.714 Thread 0x00000000006ed800 Uncommon trap: reason=unstable_if action=reinterpret pc=0x000000000275b340 method=com.android.dx.rop.cst.StdConstantPool.set(ILcom/android/dx/rop/cst/Constant;)V @ 12
Event: 2.715 Thread 0x00000000006ed800 Uncommon trap: reason=unstable_if action=reinterpret pc=0x00000000025aaf78 method=com.android.dx.rop.cst.StdConstantPool.set(ILcom/android/dx/rop/cst/Constant;)V @ 12

Internal exceptions (3 events):
Event: 0.046 Thread 0x00000000006ed800 Exception <a 'java/lang/NoSuchMethodError': Method sun.misc.Unsafe.defineClass(Ljava/lang/String;[BII)Ljava/lang/Class; name or signature does not match> (0x00000000eab07cc0) thrown at [C:\src\android\AOSP-openjdk\external\jetbrains\jdk\hotspot\src\share\v¸Ùÿ¬Ä§?
Event: 0.046 Thread 0x00000000006ed800 Exception <a 'java/lang/NoSuchMethodError': Method sun.misc.Unsafe.prefetchRead(Ljava/lang/Object;J)V name or signature does not match> (0x00000000eab07fa8) thrown at [C:\src\android\AOSP-openjdk\external\jetbrains\jdk\hotspot\src\share\vm\prims\jni.cpp, lmOúý<ý
Event: 2.124 Thread 0x00000000006ed800 Implicit null exception at 0x000000000262a922 to 0x000000000262aa1a

Events (10 events):
Event: 2.684 Thread 0x0000000016486000 DEOPT PACKING pc=0x000000000274a528 sp=0x0000000016d1ec60
Event: 2.684 Thread 0x0000000016486000 DEOPT UNPACKING pc=0x000000000224556a sp=0x0000000016d1eba8 mode 2
Event: 2.714 Thread 0x00000000006ed800 Uncommon trap: trap_request=0xffffff65 fr.pc=0x000000000275b340
Event: 2.715 Thread 0x00000000006ed800 DEOPT PACKING pc=0x000000000275b340 sp=0x00000000020fe290
Event: 2.715 Thread 0x00000000006ed800 DEOPT UNPACKING pc=0x000000000224556a sp=0x00000000020fe1f8 mode 2
Event: 2.715 Thread 0x00000000006ed800 Uncommon trap: trap_request=0xffffff65 fr.pc=0x00000000025aaf78
Event: 2.715 Thread 0x00000000006ed800 DEOPT PACKING pc=0x00000000025aaf78 sp=0x00000000020fe250
Event: 2.715 Thread 0x00000000006ed800 DEOPT UNPACKING pc=0x000000000224556a sp=0x00000000020fe1f8 mode 2
Event: 2.737 loading class com/android/dx/cf/attrib/AttExceptions
Event: 2.737 loading class com/android/dx/cf/attrib/AttExceptions done


Dynamic libraries:
0x00007ff62c070000 - 0x00007ff62c0a1000 	C:\Program Files\Android\Android Studio\jre\bin\java.exe
0x00007ffa22cb0000 - 0x00007ffa22e5c000 	C:\Windows\SYSTEM32\ntdll.dll
0x00007ffa20cf0000 - 0x00007ffa20e2e000 	C:\Windows\system32\KERNEL32.DLL
0x00007ffa20160000 - 0x00007ffa20275000 	C:\Windows\system32\KERNELBASE.dll
0x00007ffa20fb0000 - 0x00007ffa2105a000 	C:\Windows\system32\ADVAPI32.dll
0x00007ffa20e30000 - 0x00007ffa20fa7000 	C:\Windows\system32\USER32.dll
0x00007ffa1e010000 - 0x00007ffa1e28a000 	C:\Windows\WinSxS\amd64_microsoft.windows.common-controls_6595b64144ccf1df_6.0.9600.17810_none_6240b9c7ecbd0bda\COMCTL32.dll
0x00007ffa208a0000 - 0x00007ffa2094a000 	C:\Windows\system32\msvcrt.dll
0x00007ffa20c90000 - 0x00007ffa20ce9000 	C:\Windows\SYSTEM32\sechost.dll
0x00007ffa21060000 - 0x00007ffa211a1000 	C:\Windows\system32\RPCRT4.dll
0x00007ffa20350000 - 0x00007ffa2049f000 	C:\Windows\system32\GDI32.dll
0x00007ffa206c0000 - 0x00007ffa206f6000 	C:\Windows\system32\IMM32.DLL
0x00007ffa20980000 - 0x00007ffa20ad2000 	C:\Windows\system32\MSCTF.dll
0x0000000069930000 - 0x0000000069a02000 	C:\Program Files\Android\Android Studio\jre\jre\bin\msvcr100.dll
0x0000000069a50000 - 0x000000006a284000 	C:\Program Files\Android\Android Studio\jre\jre\bin\server\jvm.dll
0x00007ffa15b80000 - 0x00007ffa15b89000 	C:\Windows\SYSTEM32\WSOCK32.dll
0x00007ffa1d1a0000 - 0x00007ffa1d1c2000 	C:\Windows\SYSTEM32\WINMM.dll
0x00007ffa19340000 - 0x00007ffa1934a000 	C:\Windows\SYSTEM32\VERSION.dll
0x00007ffa20330000 - 0x00007ffa20337000 	C:\Windows\system32\PSAPI.DLL
0x00007ffa22c50000 - 0x00007ffa22caa000 	C:\Windows\system32\WS2_32.dll
0x00007ffa1d150000 - 0x00007ffa1d17a000 	C:\Windows\SYSTEM32\WINMMBASE.dll
0x00007ffa211b0000 - 0x00007ffa211b9000 	C:\Windows\system32\NSI.dll
0x00007ffa202e0000 - 0x00007ffa2032f000 	C:\Windows\SYSTEM32\cfgmgr32.dll
0x00007ffa1ebf0000 - 0x00007ffa1ec18000 	C:\Windows\SYSTEM32\DEVOBJ.dll
0x00007ffa08520000 - 0x00007ffa0852f000 	C:\Program Files\Android\Android Studio\jre\jre\bin\verify.dll
0x00007ffa067a0000 - 0x00007ffa067c9000 	C:\Program Files\Android\Android Studio\jre\jre\bin\java.dll
0x00007ff9f63e0000 - 0x00007ff9f63f6000 	C:\Program Files\Android\Android Studio\jre\jre\bin\zip.dll
0x00007ffa213a0000 - 0x00007ffa228cb000 	C:\Windows\system32\SHELL32.dll
0x00007ffa204a0000 - 0x00007ffa206b1000 	C:\Windows\SYSTEM32\combase.dll
0x00007ffa228d0000 - 0x00007ffa22924000 	C:\Windows\system32\SHLWAPI.dll
0x00007ffa1e510000 - 0x00007ffa1e5c2000 	C:\Windows\SYSTEM32\SHCORE.dll
0x00007ffa1fe00000 - 0x00007ffa1fe15000 	C:\Windows\SYSTEM32\profapi.dll

VM Arguments:
jvm_args: -Djava.awt.headless=true -Xmx1024M -Dfile.encoding=windows-1252 -Duser.country=US -Duser.language=en -Duser.variant 
java_command: com.android.dx.command.Main --dex --num-threads=4 --output D:\Android\AndroidStudio\KalbecallPlanMobile\app\build\intermediates\pre-dexed\debug\debug_a73cf75a7242b41c67e792364cd83aa9616e388b.jar D:\Android\AndroidStudio\KalbecallPlanMobile\app\build\intermediates\classes\debug
java_class_path (initial): D:\Android\AndroidSDK\build-tools\24.0.1\lib\dx.jar
Launcher Type: SUN_STANDARD

Environment Variables:
PATH=C:\ProgramData\Oracle\Java\javapath;C:\app\DevSuiteHome_1\jdk\jre\bin\classic;C:\app\DevSuiteHome_1\jdk\jre\bin;C:\app\DevSuiteHome_1\jdk\jre\bin\client;C:\app\DevSuiteHome_1\jlib;C:\app\DevSuiteHome_1\bin;C:\app\DevSuiteHome_1\jre\1.4.2\bin\client;C:\app\DevSuiteHome_1\jre\1.4.2\bin;C:\app\rhezaTesar\product\11.2.0\client_1;C:\app\rhezaTesar\product\11.2.0\client_1\bin;C:\Program Files (x86)\Intel\iCLS Client\;C:\Program Files\Intel\iCLS Client\;C:\Windows\system32;C:\Windows;C:\Windows\System32\Wbem;C:\Windows\System32\WindowsPowerShell\v1.0\;C:\Program Files\Intel\Intel(R) Management Engine Components\DAL;C:\Program Files (x86)\Intel\Intel(R) Management Engine Components\DAL;C:\Program Files\Intel\Intel(R) Management Engine Components\IPT;C:\Program Files (x86)\Intel\Intel(R) Management Engine Components\IPT;C:\Program Files\Intel\WiFi\bin\;C:\Program Files\Common Files\Intel\WirelessCommon\;C:\Program Files (x86)\Skype\Phone\;C:\Program Files (x86)\Microsoft SQL Server\90\Tools\binn\;C:\Program Files (x86)\Microsoft SQL Server\100\Tools\Bin;C:\Program Files (x86)\Common Files\SYSTEM\MSMAPI\1033;C:\Program Files\Microsoft SQL Server\120\Tools\Binn\;C:\Program Files\Microsoft SQL Server\Client SDK\ODBC\110\Tools\Binn\;C:\Program Files\Microsoft SQL Server\120\DTS\Binn\;C:\Program Files (x86)\Microsoft SQL Server\120\Tools\Binn\ManagementStudio\;C:\Program Files (x86)\Microsoft SQL Server\120\Tools\Binn\;C:\Program Files (x86)\Microsoft SQL Server\120\DTS\Binn\;C:\Program Files\Git\cmd;C:\Program Files\TortoiseSVN\bin;C:\Program Files (x86)\CrSSL\bin
USERNAME=rhezaTesar
OS=Windows_NT
PROCESSOR_IDENTIFIER=Intel64 Family 6 Model 61 Stepping 4, GenuineIntel



---------------  S Y S T E M  ---------------

OS: Windows 8.1 , 64 bit Build 9600 (6.3.9600.17415)

CPU:total 4 (2 cores per cpu, 2 threads per core) family 6 model 61 stepping 4, cmov, cx8, fxsr, mmx, sse, sse2, sse3, ssse3, sse4.1, sse4.2, popcnt, avx, avx2, aes, clmul, erms, 3dnowpref, lzcnt, ht, tsc, tscinvbit, bmi1, bmi2, adx

Memory: 4k page, physical 8277100k(1198040k free), swap 9848940k(6504k free)

vm_info: OpenJDK 64-Bit Server VM (25.76-b03) for windows-amd64 JRE (1.8.0_76-release-b03), built on Jun 29 2016 19:09:20 by "ralucas" with MS VC++ 10.0 (VS2010)

time: Tue Sep 27 18:47:09 2016
elapsed time: 3 seconds (0d 0h 0m 3s)

