#
# There is insufficient memory for the Java Runtime Environment to continue.
# Native memory allocation (malloc) failed to allocate 300416 bytes for Chunk::new
# Possible reasons:
#   The system is out of physical RAM or swap space
#   In 32 bit mode, the process size limit was hit
# Possible solutions:
#   Reduce memory load on the system
#   Increase physical memory or swap space
#   Check if swap backing store is full
#   Use 64 bit Java on a 64 bit OS
#   Decrease Java heap size (-Xmx/-Xms)
#   Decrease number of Java threads
#   Decrease Java thread stack sizes (-Xss)
#   Set larger code cache with -XX:ReservedCodeCacheSize=
# This output file may be truncated or incomplete.
#
#  Out of Memory Error (allocation.cpp:390), pid=14160, tid=0x0000000000000eb8
#
# JRE version: OpenJDK Runtime Environment (8.0_76-b03) (build 1.8.0_76-release-b03)
# Java VM: OpenJDK 64-Bit Server VM (25.76-b03 mixed mode windows-amd64 compressed oops)
# Failed to write core dump. Minidumps are not enabled by default on client versions of Windows
#

---------------  T H R E A D  ---------------

Current thread (0x0000000014773800):  JavaThread "C2 CompilerThread1" daemon [_thread_in_native, id=3768, stack(0x0000000015ff0000,0x00000000160f0000)]

Stack: [0x0000000015ff0000,0x00000000160f0000]
[error occurred during error reporting (printing stack bounds), id 0xc0000005]

Native frames: (J=compiled Java code, j=interpreted, Vv=VM code, C=native code)


Current CompileTask:
C2:   3703 1669       4       com.android.dx.ssa.Dominators::compress (229 bytes)


---------------  P R O C E S S  ---------------

Java Threads: ( => current thread )
  0x0000000016395800 JavaThread "pool-1-thread-4" [_thread_in_Java, id=13256, stack(0x0000000016bf0000,0x0000000016cf0000)]
  0x0000000016394800 JavaThread "pool-1-thread-3" [_thread_in_Java, id=11536, stack(0x0000000016af0000,0x0000000016bf0000)]
  0x0000000016393000 JavaThread "pool-1-thread-2" [_thread_in_Java, id=11232, stack(0x00000000169f0000,0x0000000016af0000)]
  0x00000000163db000 JavaThread "pool-2-thread-1" [_thread_blocked, id=4396, stack(0x00000000168f0000,0x00000000169f0000)]
  0x00000000163da000 JavaThread "pool-1-thread-1" [_thread_in_Java, id=13528, stack(0x00000000167f0000,0x00000000168f0000)]
  0x00000000160f9800 JavaThread "Service Thread" daemon [_thread_blocked, id=2396, stack(0x00000000165f0000,0x00000000166f0000)]
  0x00000000147c9800 JavaThread "C1 CompilerThread2" daemon [_thread_blocked, id=10340, stack(0x00000000164f0000,0x00000000165f0000)]
=>0x0000000014773800 JavaThread "C2 CompilerThread1" daemon [_thread_in_native, id=3768, stack(0x0000000015ff0000,0x00000000160f0000)]
  0x0000000014778800 JavaThread "C2 CompilerThread0" daemon [_thread_in_native, id=6600, stack(0x0000000015ef0000,0x0000000015ff0000)]
  0x0000000014777800 JavaThread "Attach Listener" daemon [_thread_blocked, id=7116, stack(0x0000000015df0000,0x0000000015ef0000)]
  0x0000000014776800 JavaThread "Signal Dispatcher" daemon [_thread_blocked, id=10344, stack(0x0000000015cf0000,0x0000000015df0000)]
  0x0000000014758800 JavaThread "Finalizer" daemon [_thread_blocked, id=8668, stack(0x00000000159f0000,0x0000000015af0000)]
  0x0000000002093000 JavaThread "Reference Handler" daemon [_thread_blocked, id=4820, stack(0x00000000158f0000,0x00000000159f0000)]
  0x0000000001f9d800 JavaThread "main" [_thread_in_Java, id=11084, stack(0x0000000001e90000,0x0000000001f90000)]

Other Threads:
  0x0000000014734000 VMThread [stack: 0x00000000157f0000,0x00000000158f0000] [id=6312]
  0x00000000160fb000 WatcherThread [stack: 0x00000000166f0000,0x00000000167f0000] [id=10432]

VM state:not at safepoint (normal execution)

VM Mutex/Monitor currently owned by a thread: None

Heap:
 PSYoungGen      total 71680K, used 26896K [0x00000000eab00000, 0x00000000ef600000, 0x0000000100000000)
  eden space 66560K, 32% used [0x00000000eab00000,0x00000000ec0458e0,0x00000000eec00000)
  from space 5120K, 99% used [0x00000000ef100000,0x00000000ef5feaa8,0x00000000ef600000)
  to   space 5120K, 0% used [0x00000000eec00000,0x00000000eec00000,0x00000000ef100000)
 ParOldGen       total 87552K, used 5174K [0x00000000c0000000, 0x00000000c5580000, 0x00000000eab00000)
  object space 87552K, 5% used [0x00000000c0000000,0x00000000c050dad0,0x00000000c5580000)
 Metaspace       used 6198K, capacity 7088K, committed 7296K, reserved 1056768K
  class space    used 575K, capacity 616K, committed 640K, reserved 1048576K

Card table byte_map: [0x0000000011460000,0x0000000011670000] byte_map_base: 0x0000000010e60000

Marking Bits: (ParMarkBitMap*) 0x0000000057bb9d00
 Begin Bits: [0x0000000011bd0000, 0x0000000012bd0000)
 End Bits:   [0x0000000012bd0000, 0x0000000013bd0000)

Polling page: 0x00000000005e0000

CodeCache: size=245760Kb used=6701Kb max_used=6711Kb free=239058Kb
 bounds [0x00000000020a0000, 0x0000000002740000, 0x00000000110a0000]
 total_blobs=1914 nmethods=1646 adapters=181
 compilation: enabled

Compilation events (10 events):
Event: 3.680 Thread 0x00000000147c9800 1666       2       java.util.zip.ZipFile$ZipFileInflaterInputStream::fill (80 bytes)
Event: 3.681 Thread 0x00000000147c9800 nmethod 1666 0x000000000272c0d0 code [0x000000000272c260, 0x000000000272c4e8]
Event: 3.681 Thread 0x00000000147c9800 1667   !   2       java.util.zip.ZipFile$ZipFileInputStream::read (131 bytes)
Event: 3.682 Thread 0x00000000147c9800 nmethod 1667 0x0000000002731590 code [0x0000000002731720, 0x0000000002731ca8]
Event: 3.682 Thread 0x0000000014773800 nmethod 1652 0x00000000027320d0 code [0x0000000002732240, 0x0000000002732958]
Event: 3.682 Thread 0x0000000014773800 1658       4       com.android.dx.ssa.SCCP::simulateBlock (54 bytes)
Event: 3.687 Thread 0x00000000147c9800 1671       2       java.util.concurrent.FutureTask::finishCompletion (74 bytes)
Event: 3.687 Thread 0x0000000014773800 nmethod 1658 0x000000000272f1d0 code [0x000000000272f340, 0x000000000272f5b8]
Event: 3.687 Thread 0x0000000014773800 1669       4       com.android.dx.ssa.Dominators::compress (229 bytes)
Event: 3.688 Thread 0x00000000147c9800 nmethod 1671 0x000000000272ebd0 code [0x000000000272ed40, 0x000000000272f068]

GC Heap History (4 events):
Event: 1.764 GC heap before
{Heap before GC invocations=1 (full 0):
 PSYoungGen      total 38400K, used 33280K [0x00000000eab00000, 0x00000000ed580000, 0x0000000100000000)
  eden space 33280K, 100% used [0x00000000eab00000,0x00000000ecb80000,0x00000000ecb80000)
  from space 5120K, 0% used [0x00000000ed080000,0x00000000ed080000,0x00000000ed580000)
  to   space 5120K, 0% used [0x00000000ecb80000,0x00000000ecb80000,0x00000000ed080000)
 ParOldGen       total 87552K, used 0K [0x00000000c0000000, 0x00000000c5580000, 0x00000000eab00000)
  object space 87552K, 0% used [0x00000000c0000000,0x00000000c0000000,0x00000000c5580000)
 Metaspace       used 5932K, capacity 6896K, committed 7040K, reserved 1056768K
  class space    used 574K, capacity 616K, committed 640K, reserved 1048576K
Event: 2.018 GC heap after
Heap after GC invocations=1 (full 0):
 PSYoungGen      total 38400K, used 5107K [0x00000000eab00000, 0x00000000ef600000, 0x0000000100000000)
  eden space 33280K, 0% used [0x00000000eab00000,0x00000000eab00000,0x00000000ecb80000)
  from space 5120K, 99% used [0x00000000ecb80000,0x00000000ed07cea8,0x00000000ed080000)
  to   space 5120K, 0% used [0x00000000ef100000,0x00000000ef100000,0x00000000ef600000)
 ParOldGen       total 87552K, used 1106K [0x00000000c0000000, 0x00000000c5580000, 0x00000000eab00000)
  object space 87552K, 1% used [0x00000000c0000000,0x00000000c0114828,0x00000000c5580000)
 Metaspace       used 5932K, capacity 6896K, committed 7040K, reserved 1056768K
  class space    used 574K, capacity 616K, committed 640K, reserved 1048576K
}
Event: 3.097 GC heap before
{Heap before GC invocations=2 (full 0):
 PSYoungGen      total 38400K, used 38387K [0x00000000eab00000, 0x00000000ef600000, 0x0000000100000000)
  eden space 33280K, 100% used [0x00000000eab00000,0x00000000ecb80000,0x00000000ecb80000)
  from space 5120K, 99% used [0x00000000ecb80000,0x00000000ed07cea8,0x00000000ed080000)
  to   space 5120K, 0% used [0x00000000ef100000,0x00000000ef100000,0x00000000ef600000)
 ParOldGen       total 87552K, used 1106K [0x00000000c0000000, 0x00000000c5580000, 0x00000000eab00000)
  object space 87552K, 1% used [0x00000000c0000000,0x00000000c0114828,0x00000000c5580000)
 Metaspace       used 6119K, capacity 7088K, committed 7296K, reserved 1056768K
  class space    used 574K, capacity 616K, committed 640K, reserved 1048576K
Event: 3.279 GC heap after
Heap after GC invocations=2 (full 0):
 PSYoungGen      total 71680K, used 5114K [0x00000000eab00000, 0x00000000ef600000, 0x0000000100000000)
  eden space 66560K, 0% used [0x00000000eab00000,0x00000000eab00000,0x00000000eec00000)
  from space 5120K, 99% used [0x00000000ef100000,0x00000000ef5feaa8,0x00000000ef600000)
  to   space 5120K, 0% used [0x00000000eec00000,0x00000000eec00000,0x00000000ef100000)
 ParOldGen       total 87552K, used 5174K [0x00000000c0000000, 0x00000000c5580000, 0x00000000eab00000)
  object space 87552K, 5% used [0x00000000c0000000,0x00000000c050dad0,0x00000000c5580000)
 Metaspace       used 6119K, capacity 7088K, committed 7296K, reserved 1056768K
  class space    used 574K, capacity 616K, committed 640K, reserved 1048576K
}

Deoptimization events (10 events):
Event: 0.837 Thread 0x00000000163da000 Uncommon trap: reason=class_check action=maybe_recompile pc=0x0000000002319a70 method=com.android.dx.ssa.NormalSsaInsn.accept(Lcom/android/dx/ssa/SsaInsn$Visitor;)V @ 9
Event: 0.837 Thread 0x00000000163da000 Uncommon trap: reason=class_check action=maybe_recompile pc=0x0000000002319a70 method=com.android.dx.ssa.NormalSsaInsn.accept(Lcom/android/dx/ssa/SsaInsn$Visitor;)V @ 9
Event: 0.837 Thread 0x00000000163da000 Uncommon trap: reason=class_check action=maybe_recompile pc=0x0000000002319a70 method=com.android.dx.ssa.NormalSsaInsn.accept(Lcom/android/dx/ssa/SsaInsn$Visitor;)V @ 9
Event: 0.986 Thread 0x00000000163da000 Uncommon trap: reason=unstable_if action=reinterpret pc=0x00000000023040b4 method=java.util.BitSet.ensureCapacity(I)V @ 6
Event: 2.116 Thread 0x0000000016394800 Uncommon trap: reason=unstable_if action=reinterpret pc=0x0000000002472abc method=com.android.dx.util.IntList.binarysearch(I)I @ 105
Event: 2.450 Thread 0x0000000016395800 Uncommon trap: reason=bimorphic action=maybe_recompile pc=0x00000000025f9ea0 method=com.android.dx.cf.code.BytecodeArray.parseInstruction(ILcom/android/dx/cf/code/BytecodeArray$Visitor;)I @ 2281
Event: 2.450 Thread 0x0000000016395800 Uncommon trap: reason=bimorphic action=maybe_recompile pc=0x00000000025f9ea0 method=com.android.dx.cf.code.BytecodeArray.parseInstruction(ILcom/android/dx/cf/code/BytecodeArray$Visitor;)I @ 2281
Event: 3.053 Thread 0x0000000016393000 Uncommon trap: reason=class_check action=maybe_recompile pc=0x0000000002654b20 method=com.android.dx.ssa.SCCP.simulateBranch(Lcom/android/dx/ssa/SsaInsn;)V @ 145
Event: 3.053 Thread 0x0000000016393000 Uncommon trap: reason=class_check action=maybe_recompile pc=0x0000000002654b20 method=com.android.dx.ssa.SCCP.simulateBranch(Lcom/android/dx/ssa/SsaInsn;)V @ 145
Event: 3.514 Thread 0x0000000016395800 Uncommon trap: reason=unstable_if action=reinterpret pc=0x000000000244c35c method=com.android.dx.ssa.SsaMethod.updateOneDefinition(Lcom/android/dx/ssa/SsaInsn;Lcom/android/dx/rop/code/RegisterSpec;)V @ 4

Internal exceptions (2 events):
Event: 0.064 Thread 0x0000000001f9d800 Exception <a 'java/lang/NoSuchMethodError': Method sun.misc.Unsafe.defineClass(Ljava/lang/String;[BII)Ljava/lang/Class; name or signature does not match> (0x00000000eab07cc0) thrown at [C:\src\android\AOSP-openjdk\external\jetbrains\jdk\hotspot\src\share\vCMg”Re°?
Event: 0.064 Thread 0x0000000001f9d800 Exception <a 'java/lang/NoSuchMethodError': Method sun.misc.Unsafe.prefetchRead(Ljava/lang/Object;J)V name or signature does not match> (0x00000000eab07fa8) thrown at [C:\src\android\AOSP-openjdk\external\jetbrains\jdk\hotspot\src\share\vm\prims\jni.cpp, l

Events (10 events):
Event: 3.053 Thread 0x0000000016393000 Uncommon trap: trap_request=0xffffffde fr.pc=0x0000000002654b20
Event: 3.053 Thread 0x0000000016393000 DEOPT PACKING pc=0x0000000002654b20 sp=0x0000000016aeedb0
Event: 3.053 Thread 0x0000000016393000 DEOPT UNPACKING pc=0x00000000020e556a sp=0x0000000016aeed98 mode 2
Event: 3.072 Executing VM operation: ParallelGCFailedAllocation
Event: 3.279 Executing VM operation: ParallelGCFailedAllocation done
Event: 3.513 loading class com/android/dx/rop/code/RegOps
Event: 3.513 loading class com/android/dx/rop/code/RegOps done
Event: 3.514 Thread 0x0000000016395800 Uncommon trap: trap_request=0xffffff65 fr.pc=0x000000000244c35c
Event: 3.514 Thread 0x0000000016395800 DEOPT PACKING pc=0x000000000244c35c sp=0x0000000016cee6d0
Event: 3.514 Thread 0x0000000016395800 DEOPT UNPACKING pc=0x00000000020e556a sp=0x0000000016cee678 mode 2


Dynamic libraries:
0x00007ff70b6f0000 - 0x00007ff70b721000 	C:\Program Files\Android\Android Studio\jre\bin\java.exe
0x00007ffae1960000 - 0x00007ffae1b0c000 	C:\Windows\SYSTEM32\ntdll.dll
0x00007ffae1610000 - 0x00007ffae174e000 	C:\Windows\system32\KERNEL32.DLL
0x00007ffadee70000 - 0x00007ffadef85000 	C:\Windows\system32\KERNELBASE.dll
0x00007ffae13c0000 - 0x00007ffae146a000 	C:\Windows\system32\ADVAPI32.dll
0x00007ffadf440000 - 0x00007ffadf5b7000 	C:\Windows\system32\USER32.dll
0x00007ffadc260000 - 0x00007ffadc4da000 	C:\Windows\WinSxS\amd64_microsoft.windows.common-controls_6595b64144ccf1df_6.0.9600.17810_none_6240b9c7ecbd0bda\COMCTL32.dll
0x00007ffae12b0000 - 0x00007ffae135a000 	C:\Windows\system32\msvcrt.dll
0x00007ffadf140000 - 0x00007ffadf199000 	C:\Windows\SYSTEM32\sechost.dll
0x00007ffae17a0000 - 0x00007ffae18e1000 	C:\Windows\system32\RPCRT4.dll
0x00007ffadf5c0000 - 0x00007ffadf70f000 	C:\Windows\system32\GDI32.dll
0x00007ffae1760000 - 0x00007ffae1796000 	C:\Windows\system32\IMM32.DLL
0x00007ffadefe0000 - 0x00007ffadf132000 	C:\Windows\system32\MSCTF.dll
0x0000000057fe0000 - 0x00000000580b2000 	C:\Program Files\Android\Android Studio\jre\jre\bin\msvcr100.dll
0x0000000057400000 - 0x0000000057c34000 	C:\Program Files\Android\Android Studio\jre\jre\bin\server\jvm.dll
0x00007ffad49c0000 - 0x00007ffad49c9000 	C:\Windows\SYSTEM32\WSOCK32.dll
0x00007ffad91f0000 - 0x00007ffad9212000 	C:\Windows\SYSTEM32\WINMM.dll
0x00007ffad7ad0000 - 0x00007ffad7ada000 	C:\Windows\SYSTEM32\VERSION.dll
0x00007ffadf370000 - 0x00007ffadf377000 	C:\Windows\system32\PSAPI.DLL
0x00007ffadfb10000 - 0x00007ffadfb6a000 	C:\Windows\system32\WS2_32.dll
0x00007ffad91c0000 - 0x00007ffad91ea000 	C:\Windows\SYSTEM32\WINMMBASE.dll
0x00007ffae18f0000 - 0x00007ffae18f9000 	C:\Windows\system32\NSI.dll
0x00007ffadef90000 - 0x00007ffadefdf000 	C:\Windows\SYSTEM32\cfgmgr32.dll
0x00007ffadd8a0000 - 0x00007ffadd8c8000 	C:\Windows\SYSTEM32\DEVOBJ.dll
0x00007ffac4860000 - 0x00007ffac486f000 	C:\Program Files\Android\Android Studio\jre\jre\bin\verify.dll
0x00007ffac00e0000 - 0x00007ffac0109000 	C:\Program Files\Android\Android Studio\jre\jre\bin\java.dll
0x00007ffac00c0000 - 0x00007ffac00d6000 	C:\Program Files\Android\Android Studio\jre\jre\bin\zip.dll
0x00007ffadfcb0000 - 0x00007ffae11db000 	C:\Windows\system32\SHELL32.dll
0x00007ffadf710000 - 0x00007ffadf921000 	C:\Windows\SYSTEM32\combase.dll
0x00007ffae1900000 - 0x00007ffae1954000 	C:\Windows\system32\SHLWAPI.dll
0x00007ffadd150000 - 0x00007ffadd202000 	C:\Windows\SYSTEM32\SHCORE.dll
0x00007ffadeab0000 - 0x00007ffadeac5000 	C:\Windows\SYSTEM32\profapi.dll

VM Arguments:
jvm_args: -Djava.awt.headless=true -Xmx1024M -Dfile.encoding=windows-1252 -Duser.country=US -Duser.language=en -Duser.variant 
java_command: com.android.dx.command.Main --dex --num-threads=4 --output D:\Android\AndroidStudio\KalbecallPlanMobile\app\build\intermediates\pre-dexed\debug\com.google.android.gms-play-services-base-9.0.2_33ff9c3b14ebc1865a60ef82f1a4a67dd50c17a8.jar D:\Android\AndroidStudio\KalbecallPlanMobile\app\build\intermediates\exploded-aar\com.google.android.gms\play-services-base\9.0.2\jars\classes.jar
java_class_path (initial): D:\Android\AndroidSDK\build-tools\24.0.1\lib\dx.jar
Launcher Type: SUN_STANDARD

Environment Variables:
PATH=C:\ProgramData\Oracle\Java\javapath;C:\app\DevSuiteHome_1\jdk\jre\bin\classic;C:\app\DevSuiteHome_1\jdk\jre\bin;C:\app\DevSuiteHome_1\jdk\jre\bin\client;C:\app\DevSuiteHome_1\jlib;C:\app\DevSuiteHome_1\bin;C:\app\DevSuiteHome_1\jre\1.4.2\bin\client;C:\app\DevSuiteHome_1\jre\1.4.2\bin;C:\app\rhezaTesar\product\11.2.0\client_1;C:\app\rhezaTesar\product\11.2.0\client_1\bin;C:\Program Files (x86)\Intel\iCLS Client\;C:\Program Files\Intel\iCLS Client\;C:\Windows\system32;C:\Windows;C:\Windows\System32\Wbem;C:\Windows\System32\WindowsPowerShell\v1.0\;C:\Program Files\Intel\Intel(R) Management Engine Components\DAL;C:\Program Files (x86)\Intel\Intel(R) Management Engine Components\DAL;C:\Program Files\Intel\Intel(R) Management Engine Components\IPT;C:\Program Files (x86)\Intel\Intel(R) Management Engine Components\IPT;C:\Program Files\Intel\WiFi\bin\;C:\Program Files\Common Files\Intel\WirelessCommon\;C:\Program Files (x86)\Skype\Phone\;C:\Program Files (x86)\Microsoft SQL Server\90\Tools\binn\;C:\Program Files (x86)\Microsoft SQL Server\100\Tools\Bin;C:\Program Files (x86)\Common Files\SYSTEM\MSMAPI\1033;C:\Program Files\Microsoft SQL Server\120\Tools\Binn\;C:\Program Files\Microsoft SQL Server\Client SDK\ODBC\110\Tools\Binn\;C:\Program Files\Microsoft SQL Server\120\DTS\Binn\;C:\Program Files (x86)\Microsoft SQL Server\120\Tools\Binn\ManagementStudio\;C:\Program Files (x86)\Microsoft SQL Server\120\Tools\Binn\;C:\Program Files (x86)\Microsoft SQL Server\120\DTS\Binn\;C:\Program Files\Git\cmd;C:\Program Files\TortoiseSVN\bin;C:\Program Files (x86)\CrSSL\bin
USERNAME=rhezaTesar
OS=Windows_NT
PROCESSOR_IDENTIFIER=Intel64 Family 6 Model 61 Stepping 4, GenuineIntel



---------------  S Y S T E M  ---------------

OS: Windows 8.1 , 64 bit Build 9600 (6.3.9600.17415)

CPU:total 4 (2 cores per cpu, 2 threads per core) family 6 model 61 stepping 4, cmov, cx8, fxsr, mmx, sse, sse2, sse3, ssse3, sse4.1, sse4.2, popcnt, avx, avx2, aes, clmul, erms, 3dnowpref, lzcnt, ht, tsc, tscinvbit, bmi1, bmi2, adx

Memory: 4k page, physical 8277100k(1308628k free), swap 9848940k(5088k free)

vm_info: OpenJDK 64-Bit Server VM (25.76-b03) for windows-amd64 JRE (1.8.0_76-release-b03), built on Jun 29 2016 19:09:20 by "ralucas" with MS VC++ 10.0 (VS2010)

time: Thu Dec 29 13:48:58 2016
elapsed time: 3 seconds (0d 0h 0m 3s)

