#
# There is insufficient memory for the Java Runtime Environment to continue.
# Native memory allocation (malloc) failed to allocate 131088 bytes for Chunk::new
# Possible reasons:
#   The system is out of physical RAM or swap space
#   In 32 bit mode, the process size limit was hit
# Possible solutions:
#   Reduce memory load on the system
#   Increase physical memory or swap space
#   Check if swap backing store is full
#   Use 64 bit Java on a 64 bit OS
#   Decrease Java heap size (-Xmx/-Xms)
#   Decrease number of Java threads
#   Decrease Java thread stack sizes (-Xss)
#   Set larger code cache with -XX:ReservedCodeCacheSize=
# This output file may be truncated or incomplete.
#
#  Out of Memory Error (allocation.cpp:390), pid=10832, tid=0x0000000000002e70
#
# JRE version: OpenJDK Runtime Environment (8.0_76-b03) (build 1.8.0_76-release-b03)
# Java VM: OpenJDK 64-Bit Server VM (25.76-b03 mixed mode windows-amd64 compressed oops)
# Failed to write core dump. Minidumps are not enabled by default on client versions of Windows
#

---------------  T H R E A D  ---------------

Current thread (0x0000000014da8800):  JavaThread "C2 CompilerThread0" daemon [_thread_in_native, id=11888, stack(0x00000000164f0000,0x00000000165f0000)]

Stack: [0x00000000164f0000,0x00000000165f0000]
[error occurred during error reporting (printing stack bounds), id 0xc0000005]

Native frames: (J=compiled Java code, j=interpreted, Vv=VM code, C=native code)


Current CompileTask:
C2:   3779 1512       4       com.android.dx.dex.code.OutputFinisher::addConstants (93 bytes)


---------------  P R O C E S S  ---------------

Java Threads: ( => current thread )
  0x00000000167f3800 JavaThread "Service Thread" daemon [_thread_blocked, id=3976, stack(0x0000000016bf0000,0x0000000016cf0000)]
  0x0000000014df9800 JavaThread "C1 CompilerThread2" daemon [_thread_blocked, id=11464, stack(0x00000000166f0000,0x00000000167f0000)]
  0x0000000014df6800 JavaThread "C2 CompilerThread1" daemon [_thread_in_native, id=12200, stack(0x00000000165f0000,0x00000000166f0000)]
=>0x0000000014da8800 JavaThread "C2 CompilerThread0" daemon [_thread_in_native, id=11888, stack(0x00000000164f0000,0x00000000165f0000)]
  0x0000000014da7800 JavaThread "Attach Listener" daemon [_thread_blocked, id=12064, stack(0x00000000163f0000,0x00000000164f0000)]
  0x0000000014da6000 JavaThread "Signal Dispatcher" daemon [_thread_blocked, id=988, stack(0x00000000162f0000,0x00000000163f0000)]
  0x0000000014d88800 JavaThread "Finalizer" daemon [_thread_blocked, id=12248, stack(0x0000000015ff0000,0x00000000160f0000)]
  0x00000000026c1000 JavaThread "Reference Handler" daemon [_thread_blocked, id=10168, stack(0x0000000015ef0000,0x0000000015ff0000)]
  0x0000000000d1d800 JavaThread "main" [_thread_in_vm, id=11460, stack(0x00000000024d0000,0x00000000025d0000)]

Other Threads:
  0x0000000014d65800 VMThread [stack: 0x0000000015df0000,0x0000000015ef0000] [id=12148]
  0x00000000167f4800 WatcherThread [stack: 0x0000000016cf0000,0x0000000016df0000] [id=3112]

VM state:not at safepoint (normal execution)

VM Mutex/Monitor currently owned by a thread: None

Heap:
 PSYoungGen      total 38400K, used 19092K [0x00000000eab00000, 0x00000000ef600000, 0x0000000100000000)
  eden space 33280K, 42% used [0x00000000eab00000,0x00000000eb8a7410,0x00000000ecb80000)
  from space 5120K, 99% used [0x00000000ecb80000,0x00000000ed07dc88,0x00000000ed080000)
  to   space 5120K, 0% used [0x00000000ef100000,0x00000000ef100000,0x00000000ef600000)
 ParOldGen       total 87552K, used 1780K [0x00000000c0000000, 0x00000000c5580000, 0x00000000eab00000)
  object space 87552K, 2% used [0x00000000c0000000,0x00000000c01bd0d0,0x00000000c5580000)
 Metaspace       used 6064K, capacity 7088K, committed 7296K, reserved 1056768K
  class space    used 571K, capacity 616K, committed 640K, reserved 1048576K

Card table byte_map: [0x0000000011a90000,0x0000000011ca0000] byte_map_base: 0x0000000011490000

Marking Bits: (ParMarkBitMap*) 0x000000006e0f9d00
 Begin Bits: [0x0000000012200000, 0x0000000013200000)
 End Bits:   [0x0000000013200000, 0x0000000014200000)

Polling page: 0x0000000000b50000

CodeCache: size=245760Kb used=6452Kb max_used=6452Kb free=239307Kb
 bounds [0x00000000026d0000, 0x0000000002d30000, 0x00000000116d0000]
 total_blobs=1785 nmethods=1522 adapters=176
 compilation: enabled

Compilation events (10 events):
Event: 3.672 Thread 0x0000000014df9800 1532       1       com.android.dx.dex.file.MemberIdItem::getRef (5 bytes)
Event: 3.673 Thread 0x0000000014df9800 nmethod 1532 0x0000000002d16e50 code [0x0000000002d16fa0, 0x0000000002d170b0]
Event: 3.673 Thread 0x0000000014df9800 1533       1       com.android.dx.dex.file.DexFile::getProtoIds (5 bytes)
Event: 3.673 Thread 0x0000000014df9800 nmethod 1533 0x0000000002d16b90 code [0x0000000002d16ce0, 0x0000000002d16df0]
Event: 3.674 Thread 0x0000000014df9800 1534       3       com.android.dx.rop.cst.CstString::<init> (42 bytes)
Event: 3.674 Thread 0x0000000014df9800 nmethod 1534 0x0000000002d16190 code [0x0000000002d16360, 0x0000000002d168f8]
Event: 3.675 Thread 0x0000000014df9800 1535       3       com.android.dx.dex.file.ProtoIdItem::shortFormCharFor (20 bytes)
Event: 3.675 Thread 0x0000000014df9800 nmethod 1535 0x0000000002d15a10 code [0x0000000002d15ba0, 0x0000000002d15fa8]
Event: 3.676 Thread 0x0000000014df9800 1536       3       com.android.dx.dex.file.MethodIdItem::addContents (23 bytes)
Event: 3.677 Thread 0x0000000014df9800 nmethod 1536 0x0000000002d14790 code [0x0000000002d14960, 0x0000000002d155b8]

GC Heap History (2 events):
Event: 3.155 GC heap before
{Heap before GC invocations=1 (full 0):
 PSYoungGen      total 38400K, used 33280K [0x00000000eab00000, 0x00000000ed580000, 0x0000000100000000)
  eden space 33280K, 100% used [0x00000000eab00000,0x00000000ecb80000,0x00000000ecb80000)
  from space 5120K, 0% used [0x00000000ed080000,0x00000000ed080000,0x00000000ed580000)
  to   space 5120K, 0% used [0x00000000ecb80000,0x00000000ecb80000,0x00000000ed080000)
 ParOldGen       total 87552K, used 0K [0x00000000c0000000, 0x00000000c5580000, 0x00000000eab00000)
  object space 87552K, 0% used [0x00000000c0000000,0x00000000c0000000,0x00000000c5580000)
 Metaspace       used 5888K, capacity 7024K, committed 7296K, reserved 1056768K
  class space    used 564K, capacity 616K, committed 640K, reserved 1048576K
Event: 3.191 GC heap after
Heap after GC invocations=1 (full 0):
 PSYoungGen      total 38400K, used 5111K [0x00000000eab00000, 0x00000000ef600000, 0x0000000100000000)
  eden space 33280K, 0% used [0x00000000eab00000,0x00000000eab00000,0x00000000ecb80000)
  from space 5120K, 99% used [0x00000000ecb80000,0x00000000ed07dc88,0x00000000ed080000)
  to   space 5120K, 0% used [0x00000000ef100000,0x00000000ef100000,0x00000000ef600000)
 ParOldGen       total 87552K, used 1780K [0x00000000c0000000, 0x00000000c5580000, 0x00000000eab00000)
  object space 87552K, 2% used [0x00000000c0000000,0x00000000c01bd0d0,0x00000000c5580000)
 Metaspace       used 5888K, capacity 7024K, committed 7296K, reserved 1056768K
  class space    used 564K, capacity 616K, committed 640K, reserved 1048576K
}

Deoptimization events (10 events):
Event: 3.599 Thread 0x0000000000d1d800 Uncommon trap: reason=class_check action=maybe_recompile pc=0x0000000002c01698 method=java.util.Arrays.hashCode([Ljava/lang/Object;)I @ 43
Event: 3.599 Thread 0x0000000000d1d800 Uncommon trap: reason=class_check action=maybe_recompile pc=0x0000000002c01698 method=java.util.Arrays.hashCode([Ljava/lang/Object;)I @ 43
Event: 3.600 Thread 0x0000000000d1d800 Uncommon trap: reason=class_check action=maybe_recompile pc=0x0000000002b4cdb8 method=java.util.Arrays.hashCode([Ljava/lang/Object;)I @ 43
Event: 3.611 Thread 0x0000000000d1d800 Uncommon trap: reason=bimorphic action=maybe_recompile pc=0x000000000293e2b8 method=java.util.HashMap.getNode(ILjava/lang/Object;)Ljava/util/HashMap$Node; @ 126
Event: 3.611 Thread 0x0000000000d1d800 Uncommon trap: reason=bimorphic action=maybe_recompile pc=0x000000000293e2b8 method=java.util.HashMap.getNode(ILjava/lang/Object;)Ljava/util/HashMap$Node; @ 126
Event: 3.613 Thread 0x0000000000d1d800 Uncommon trap: reason=bimorphic action=maybe_recompile pc=0x000000000293e2b8 method=java.util.HashMap.getNode(ILjava/lang/Object;)Ljava/util/HashMap$Node; @ 126
Event: 3.613 Thread 0x0000000000d1d800 Uncommon trap: reason=bimorphic action=maybe_recompile pc=0x00000000028cb420 method=java.util.HashMap.getNode(ILjava/lang/Object;)Ljava/util/HashMap$Node; @ 126
Event: 3.613 Thread 0x0000000000d1d800 Uncommon trap: reason=class_check action=maybe_recompile pc=0x0000000002b41604 method=java.util.HashMap.putVal(ILjava/lang/Object;Ljava/lang/Object;ZZ)Ljava/lang/Object; @ 203
Event: 3.613 Thread 0x0000000000d1d800 Uncommon trap: reason=class_check action=maybe_recompile pc=0x0000000002b41604 method=java.util.HashMap.putVal(ILjava/lang/Object;Ljava/lang/Object;ZZ)Ljava/lang/Object; @ 203
Event: 3.613 Thread 0x0000000000d1d800 Uncommon trap: reason=class_check action=maybe_recompile pc=0x0000000002b41604 method=java.util.HashMap.putVal(ILjava/lang/Object;Ljava/lang/Object;ZZ)Ljava/lang/Object; @ 203

Internal exceptions (4 events):
Event: 0.287 Thread 0x0000000000d1d800 Exception <a 'java/lang/NoSuchMethodError': Method sun.misc.Unsafe.defineClass(Ljava/lang/String;[BII)Ljava/lang/Class; name or signature does not match> (0x00000000eab07cc0) thrown at [C:\src\android\AOSP-openjdk\external\jetbrains\jdk\hotspot\src\share\v¨Ýß2åpÒ?
Event: 0.288 Thread 0x0000000000d1d800 Exception <a 'java/lang/NoSuchMethodError': Method sun.misc.Unsafe.prefetchRead(Ljava/lang/Object;J)V name or signature does not match> (0x00000000eab07fa8) thrown at [C:\src\android\AOSP-openjdk\external\jetbrains\jdk\hotspot\src\share\vm\prims\jni.cpp, l.T†Ù[ƒ@
Event: 2.439 Thread 0x0000000016954000 Implicit null exception at 0x00000000029d658c to 0x00000000029d8ae5
Event: 3.203 Thread 0x0000000016932800 Implicit null exception at 0x0000000002a79ca2 to 0x0000000002a79d9a

Events (10 events):
Event: 3.613 Thread 0x0000000000d1d800 DEOPT PACKING pc=0x0000000002b41604 sp=0x00000000025cec20
Event: 3.613 Thread 0x0000000000d1d800 DEOPT UNPACKING pc=0x000000000271556a sp=0x00000000025ceba8 mode 2
Event: 3.613 Thread 0x0000000000d1d800 Uncommon trap: trap_request=0xffffffde fr.pc=0x0000000002b41604
Event: 3.613 Thread 0x0000000000d1d800 DEOPT PACKING pc=0x0000000002b41604 sp=0x00000000025cec20
Event: 3.613 Thread 0x0000000000d1d800 DEOPT UNPACKING pc=0x000000000271556a sp=0x00000000025ceba8 mode 2
Event: 3.613 Thread 0x0000000016954000 Thread exited: 0x0000000016954000
Event: 3.617 loading class com/android/dx/dex/file/CatchStructs
Event: 3.617 loading class com/android/dx/dex/file/CatchStructs done
Event: 3.668 loading class com/android/dx/dex/file/ProtoIdItem
Event: 3.668 loading class com/android/dx/dex/file/ProtoIdItem done


Dynamic libraries:
0x00007ff70ea90000 - 0x00007ff70eac1000 	C:\Program Files\Android\Android Studio\jre\bin\java.exe
0x00007ffa5eba0000 - 0x00007ffa5ed4c000 	C:\Windows\SYSTEM32\ntdll.dll
0x00007ffa5c660000 - 0x00007ffa5c79e000 	C:\Windows\system32\KERNEL32.DLL
0x00007ffa5bed0000 - 0x00007ffa5bfe5000 	C:\Windows\system32\KERNELBASE.dll
0x00007ffa5e900000 - 0x00007ffa5e9aa000 	C:\Windows\system32\ADVAPI32.dll
0x00007ffa5ca20000 - 0x00007ffa5cb97000 	C:\Windows\system32\USER32.dll
0x00007ffa593c0000 - 0x00007ffa5963a000 	C:\Windows\WinSxS\amd64_microsoft.windows.common-controls_6595b64144ccf1df_6.0.9600.17810_none_6240b9c7ecbd0bda\COMCTL32.dll
0x00007ffa5c220000 - 0x00007ffa5c2ca000 	C:\Windows\system32\msvcrt.dll
0x00007ffa5cd50000 - 0x00007ffa5cda9000 	C:\Windows\SYSTEM32\sechost.dll
0x00007ffa5d060000 - 0x00007ffa5d1a1000 	C:\Windows\system32\RPCRT4.dll
0x00007ffa5e7a0000 - 0x00007ffa5e8ef000 	C:\Windows\system32\GDI32.dll
0x00007ffa5c810000 - 0x00007ffa5c846000 	C:\Windows\system32\IMM32.DLL
0x00007ffa5c8c0000 - 0x00007ffa5ca12000 	C:\Windows\system32\MSCTF.dll
0x000000006e6f0000 - 0x000000006e7c2000 	C:\Program Files\Android\Android Studio\jre\jre\bin\msvcr100.dll
0x000000006d940000 - 0x000000006e174000 	C:\Program Files\Android\Android Studio\jre\jre\bin\server\jvm.dll
0x00007ffa51770000 - 0x00007ffa51779000 	C:\Windows\SYSTEM32\WSOCK32.dll
0x00007ffa57460000 - 0x00007ffa57482000 	C:\Windows\SYSTEM32\WINMM.dll
0x00007ffa56a90000 - 0x00007ffa56a9a000 	C:\Windows\SYSTEM32\VERSION.dll
0x00007ffa5c800000 - 0x00007ffa5c807000 	C:\Windows\system32\PSAPI.DLL
0x00007ffa5c850000 - 0x00007ffa5c8aa000 	C:\Windows\system32\WS2_32.dll
0x00007ffa57430000 - 0x00007ffa5745a000 	C:\Windows\SYSTEM32\WINMMBASE.dll
0x00007ffa5e9b0000 - 0x00007ffa5e9b9000 	C:\Windows\system32\NSI.dll
0x00007ffa5c1d0000 - 0x00007ffa5c21f000 	C:\Windows\SYSTEM32\cfgmgr32.dll
0x00007ffa5ab00000 - 0x00007ffa5ab28000 	C:\Windows\SYSTEM32\DEVOBJ.dll
0x00007ffa33b00000 - 0x00007ffa33b0f000 	C:\Program Files\Android\Android Studio\jre\jre\bin\verify.dll
0x00007ffa33ad0000 - 0x00007ffa33af9000 	C:\Program Files\Android\Android Studio\jre\jre\bin\java.dll
0x00007ffa33ab0000 - 0x00007ffa33ac6000 	C:\Program Files\Android\Android Studio\jre\jre\bin\zip.dll
0x00007ffa5d270000 - 0x00007ffa5e79b000 	C:\Windows\system32\SHELL32.dll
0x00007ffa5cdd0000 - 0x00007ffa5cfe1000 	C:\Windows\SYSTEM32\combase.dll
0x00007ffa5c2d0000 - 0x00007ffa5c324000 	C:\Windows\system32\SHLWAPI.dll
0x00007ffa5a2c0000 - 0x00007ffa5a372000 	C:\Windows\SYSTEM32\SHCORE.dll
0x00007ffa5bcf0000 - 0x00007ffa5bd05000 	C:\Windows\SYSTEM32\profapi.dll

VM Arguments:
jvm_args: -Djava.awt.headless=true -Xmx1024M -Dfile.encoding=windows-1252 -Duser.country=US -Duser.language=en -Duser.variant 
java_command: com.android.dx.command.Main --dex --num-threads=4 --output D:\Android\AndroidStudio\KalbecallPlanMobile\app\build\intermediates\pre-dexed\debug\com.android.support-support-core-utils-24.2.1_25b5c2dcd365290cdbc440060ec26a37870b217c.jar D:\Android\AndroidStudio\KalbecallPlanMobile\app\build\intermediates\exploded-aar\com.android.support\support-core-utils\24.2.1\jars\classes.jar
java_class_path (initial): D:\Android\AndroidSDK\build-tools\24.0.1\lib\dx.jar
Launcher Type: SUN_STANDARD

Environment Variables:
PATH=C:\ProgramData\Oracle\Java\javapath;C:\app\DevSuiteHome_1\jdk\jre\bin\classic;C:\app\DevSuiteHome_1\jdk\jre\bin;C:\app\DevSuiteHome_1\jdk\jre\bin\client;C:\app\DevSuiteHome_1\jlib;C:\app\DevSuiteHome_1\bin;C:\app\DevSuiteHome_1\jre\1.4.2\bin\client;C:\app\DevSuiteHome_1\jre\1.4.2\bin;C:\app\rhezaTesar\product\11.2.0\client_1;C:\app\rhezaTesar\product\11.2.0\client_1\bin;C:\Program Files (x86)\Intel\iCLS Client\;C:\Program Files\Intel\iCLS Client\;C:\Windows\system32;C:\Windows;C:\Windows\System32\Wbem;C:\Windows\System32\WindowsPowerShell\v1.0\;C:\Program Files\Intel\Intel(R) Management Engine Components\DAL;C:\Program Files (x86)\Intel\Intel(R) Management Engine Components\DAL;C:\Program Files\Intel\Intel(R) Management Engine Components\IPT;C:\Program Files (x86)\Intel\Intel(R) Management Engine Components\IPT;C:\Program Files\Intel\WiFi\bin\;C:\Program Files\Common Files\Intel\WirelessCommon\;C:\Program Files (x86)\Skype\Phone\;C:\Program Files (x86)\Microsoft SQL Server\90\Tools\binn\;C:\Program Files (x86)\Microsoft SQL Server\100\Tools\Bin;C:\Program Files (x86)\Common Files\SYSTEM\MSMAPI\1033;C:\Program Files\Microsoft SQL Server\120\Tools\Binn\;C:\Program Files\Microsoft SQL Server\Client SDK\ODBC\110\Tools\Binn\;C:\Program Files\Microsoft SQL Server\120\DTS\Binn\;C:\Program Files (x86)\Microsoft SQL Server\120\Tools\Binn\ManagementStudio\;C:\Program Files (x86)\Microsoft SQL Server\120\Tools\Binn\;C:\Program Files (x86)\Microsoft SQL Server\120\DTS\Binn\;C:\Program Files\Git\cmd;C:\Program Files\TortoiseSVN\bin;
USERNAME=rhezaTesar
OS=Windows_NT
PROCESSOR_IDENTIFIER=Intel64 Family 6 Model 61 Stepping 4, GenuineIntel



---------------  S Y S T E M  ---------------

OS: Windows 8.1 , 64 bit Build 9600 (6.3.9600.17415)

CPU:total 4 (2 cores per cpu, 2 threads per core) family 6 model 61 stepping 4, cmov, cx8, fxsr, mmx, sse, sse2, sse3, ssse3, sse4.1, sse4.2, popcnt, avx, avx2, aes, clmul, erms, 3dnowpref, lzcnt, ht, tsc, tscinvbit, bmi1, bmi2, adx

Memory: 4k page, physical 8277100k(1194152k free), swap 9848940k(5224k free)

vm_info: OpenJDK 64-Bit Server VM (25.76-b03) for windows-amd64 JRE (1.8.0_76-release-b03), built on Jun 29 2016 19:09:20 by "ralucas" with MS VC++ 10.0 (VS2010)

time: Mon Mar 20 14:50:18 2017
elapsed time: 3 seconds (0d 0h 0m 3s)

