#
# There is insufficient memory for the Java Runtime Environment to continue.
# Native memory allocation (malloc) failed to allocate 309616 bytes for Chunk::new
# Possible reasons:
#   The system is out of physical RAM or swap space
#   In 32 bit mode, the process size limit was hit
# Possible solutions:
#   Reduce memory load on the system
#   Increase physical memory or swap space
#   Check if swap backing store is full
#   Use 64 bit Java on a 64 bit OS
#   Decrease Java heap size (-Xmx/-Xms)
#   Decrease number of Java threads
#   Decrease Java thread stack sizes (-Xss)
#   Set larger code cache with -XX:ReservedCodeCacheSize=
# This output file may be truncated or incomplete.
#
#  Out of Memory Error (allocation.cpp:390), pid=4880, tid=0x00000000000013cc
#
# JRE version: OpenJDK Runtime Environment (8.0_76-b03) (build 1.8.0_76-release-b03)
# Java VM: OpenJDK 64-Bit Server VM (25.76-b03 mixed mode windows-amd64 compressed oops)
# Failed to write core dump. Minidumps are not enabled by default on client versions of Windows
#

---------------  T H R E A D  ---------------

Current thread (0x0000000015466800):  JavaThread "C2 CompilerThread1" daemon [_thread_in_native, id=5068, stack(0x0000000016c70000,0x0000000016d70000)]

Stack: [0x0000000016c70000,0x0000000016d70000]
[error occurred during error reporting (printing stack bounds), id 0xc0000005]

Native frames: (J=compiled Java code, j=interpreted, Vv=VM code, C=native code)


Current CompileTask:
C2:  23112 2545       4       com.android.dx.ssa.back.SsaToRop::convertBasicBlocks (151 bytes)


---------------  P R O C E S S  ---------------

Java Threads: ( => current thread )
  0x00000000170d7800 JavaThread "pool-1-thread-4" [_thread_blocked, id=8876, stack(0x0000000017870000,0x0000000017970000)]
  0x00000000170d6800 JavaThread "pool-1-thread-3" [_thread_blocked, id=11176, stack(0x0000000017770000,0x0000000017870000)]
  0x00000000170d5800 JavaThread "pool-1-thread-2" [_thread_in_Java, id=2148, stack(0x0000000017670000,0x0000000017770000)]
  0x00000000170d1800 JavaThread "pool-2-thread-1" [_thread_blocked, id=3400, stack(0x0000000017570000,0x0000000017670000)]
  0x00000000170ca000 JavaThread "pool-1-thread-1" [_thread_in_Java, id=6536, stack(0x0000000017470000,0x0000000017570000)]
  0x0000000016e7d800 JavaThread "Service Thread" daemon [_thread_blocked, id=10384, stack(0x0000000017270000,0x0000000017370000)]
  0x000000001546d000 JavaThread "C1 CompilerThread2" daemon [_thread_blocked, id=10340, stack(0x0000000016d70000,0x0000000016e70000)]
=>0x0000000015466800 JavaThread "C2 CompilerThread1" daemon [_thread_in_native, id=5068, stack(0x0000000016c70000,0x0000000016d70000)]
  0x0000000015419000 JavaThread "C2 CompilerThread0" daemon [_thread_in_native, id=4260, stack(0x0000000016b70000,0x0000000016c70000)]
  0x0000000015417800 JavaThread "Attach Listener" daemon [_thread_blocked, id=10056, stack(0x0000000016a70000,0x0000000016b70000)]
  0x0000000015416000 JavaThread "Signal Dispatcher" daemon [_thread_blocked, id=7264, stack(0x0000000016970000,0x0000000016a70000)]
  0x00000000153f8800 JavaThread "Finalizer" daemon [_thread_blocked, id=10668, stack(0x0000000016670000,0x0000000016770000)]
  0x0000000002d31000 JavaThread "Reference Handler" daemon [_thread_blocked, id=10312, stack(0x0000000016570000,0x0000000016670000)]
  0x0000000002bad800 JavaThread "main" [_thread_in_vm, id=6052, stack(0x0000000002a80000,0x0000000002b80000)]

Other Threads:
  0x00000000153d5800 VMThread [stack: 0x0000000016470000,0x0000000016570000] [id=10716]
  0x0000000016e7f800 WatcherThread [stack: 0x0000000017370000,0x0000000017470000] [id=9404]

VM state:not at safepoint (normal execution)

VM Mutex/Monitor currently owned by a thread: None

Heap:
 PSYoungGen      total 162304K, used 60213K [0x00000000eab00000, 0x00000000fe800000, 0x0000000100000000)
  eden space 133120K, 25% used [0x00000000eab00000,0x00000000ecc59168,0x00000000f2d00000)
  from space 29184K, 89% used [0x00000000fcb80000,0x00000000fe4f4490,0x00000000fe800000)
  to   space 5120K, 0% used [0x00000000f2d00000,0x00000000f2d00000,0x00000000f3200000)
 ParOldGen       total 87552K, used 45949K [0x00000000c0000000, 0x00000000c5580000, 0x00000000eab00000)
  object space 87552K, 52% used [0x00000000c0000000,0x00000000c2cdf620,0x00000000c5580000)
 Metaspace       used 6495K, capacity 7218K, committed 7296K, reserved 1056768K
  class space    used 599K, capacity 618K, committed 640K, reserved 1048576K

Card table byte_map: [0x0000000012100000,0x0000000012310000] byte_map_base: 0x0000000011b00000

Marking Bits: (ParMarkBitMap*) 0x0000000065cf9d00
 Begin Bits: [0x0000000012870000, 0x0000000013870000)
 End Bits:   [0x0000000013870000, 0x0000000014870000)

Polling page: 0x00000000011c0000

CodeCache: size=245760Kb used=12752Kb max_used=12765Kb free=233007Kb
 bounds [0x0000000002d40000, 0x00000000039d0000, 0x0000000011d40000]
 total_blobs=2644 nmethods=2375 adapters=182
 compilation: enabled

Compilation events (10 events):
Event: 23.059 Thread 0x000000001546d000 2541   !   3       com.android.dx.cf.code.ExecutionStack::change (116 bytes)
Event: 23.061 Thread 0x000000001546d000 nmethod 2541 0x00000000039b2e10 code [0x00000000039b3180, 0x00000000039b4dd8]
Event: 23.065 Thread 0x0000000015419000 2542       4       com.android.dx.rop.cst.CstBaseMethodRef::getPrototype (41 bytes)
Event: 23.066 Thread 0x0000000015419000 nmethod 2542 0x00000000039bb510 code [0x00000000039bb660, 0x00000000039bb748]
Event: 23.070 Thread 0x0000000015466800 2543       4       java.util.Arrays::rangeCheck (74 bytes)
Event: 23.071 Thread 0x0000000015466800 nmethod 2543 0x000000000389cad0 code [0x000000000389cc00, 0x000000000389cc98]
Event: 23.077 Thread 0x0000000015419000 2544  s    4       com.android.dx.dex.file.StringIdsSection::intern (53 bytes)
Event: 23.080 Thread 0x0000000015466800 2545       4       com.android.dx.ssa.back.SsaToRop::convertBasicBlocks (151 bytes)
Event: 23.085 Thread 0x0000000015419000 nmethod 2544 0x00000000039bf1d0 code [0x00000000039bf360, 0x00000000039bfbe8]
Event: 23.089 Thread 0x0000000015419000 2546       4       com.android.dx.ssa.SsaMethod::makeExitBlock (134 bytes)

GC Heap History (10 events):
Event: 3.346 GC heap before
{Heap before GC invocations=2 (full 0):
 PSYoungGen      total 38400K, used 38181K [0x00000000eab00000, 0x00000000ef600000, 0x0000000100000000)
  eden space 33280K, 100% used [0x00000000eab00000,0x00000000ecb80000,0x00000000ecb80000)
  from space 5120K, 95% used [0x00000000ecb80000,0x00000000ed049628,0x00000000ed080000)
  to   space 5120K, 0% used [0x00000000ef100000,0x00000000ef100000,0x00000000ef600000)
 ParOldGen       total 87552K, used 8K [0x00000000c0000000, 0x00000000c5580000, 0x00000000eab00000)
  object space 87552K, 0% used [0x00000000c0000000,0x00000000c0002000,0x00000000c5580000)
 Metaspace       used 6075K, capacity 7024K, committed 7296K, reserved 1056768K
  class space    used 579K, capacity 616K, committed 640K, reserved 1048576K
Event: 3.431 GC heap after
Heap after GC invocations=2 (full 0):
 PSYoungGen      total 71680K, used 5107K [0x00000000eab00000, 0x00000000ef600000, 0x0000000100000000)
  eden space 66560K, 0% used [0x00000000eab00000,0x00000000eab00000,0x00000000eec00000)
  from space 5120K, 99% used [0x00000000ef100000,0x00000000ef5fcfa8,0x00000000ef600000)
  to   space 5120K, 0% used [0x00000000eec00000,0x00000000eec00000,0x00000000ef100000)
 ParOldGen       total 87552K, used 3591K [0x00000000c0000000, 0x00000000c5580000, 0x00000000eab00000)
  object space 87552K, 4% used [0x00000000c0000000,0x00000000c0381fb8,0x00000000c5580000)
 Metaspace       used 6075K, capacity 7024K, committed 7296K, reserved 1056768K
  class space    used 579K, capacity 616K, committed 640K, reserved 1048576K
}
Event: 5.732 GC heap before
{Heap before GC invocations=3 (full 0):
 PSYoungGen      total 71680K, used 71667K [0x00000000eab00000, 0x00000000ef600000, 0x0000000100000000)
  eden space 66560K, 100% used [0x00000000eab00000,0x00000000eec00000,0x00000000eec00000)
  from space 5120K, 99% used [0x00000000ef100000,0x00000000ef5fcfa8,0x00000000ef600000)
  to   space 5120K, 0% used [0x00000000eec00000,0x00000000eec00000,0x00000000ef100000)
 ParOldGen       total 87552K, used 3591K [0x00000000c0000000, 0x00000000c5580000, 0x00000000eab00000)
  object space 87552K, 4% used [0x00000000c0000000,0x00000000c0381fb8,0x00000000c5580000)
 Metaspace       used 6209K, capacity 7152K, committed 7296K, reserved 1056768K
  class space    used 579K, capacity 616K, committed 640K, reserved 1048576K
Event: 6.704 GC heap after
Heap after GC invocations=3 (full 0):
 PSYoungGen      total 71680K, used 5112K [0x00000000eab00000, 0x00000000f3700000, 0x0000000100000000)
  eden space 66560K, 0% used [0x00000000eab00000,0x00000000eab00000,0x00000000eec00000)
  from space 5120K, 99% used [0x00000000eec00000,0x00000000ef0fe2d8,0x00000000ef100000)
  to   space 5120K, 0% used [0x00000000f3200000,0x00000000f3200000,0x00000000f3700000)
 ParOldGen       total 87552K, used 13797K [0x00000000c0000000, 0x00000000c5580000, 0x00000000eab00000)
  object space 87552K, 15% used [0x00000000c0000000,0x00000000c0d79428,0x00000000c5580000)
 Metaspace       used 6209K, capacity 7152K, committed 7296K, reserved 1056768K
  class space    used 579K, capacity 616K, committed 640K, reserved 1048576K
}
Event: 10.751 GC heap before
{Heap before GC invocations=4 (full 0):
 PSYoungGen      total 71680K, used 71672K [0x00000000eab00000, 0x00000000f3700000, 0x0000000100000000)
  eden space 66560K, 100% used [0x00000000eab00000,0x00000000eec00000,0x00000000eec00000)
  from space 5120K, 99% used [0x00000000eec00000,0x00000000ef0fe2d8,0x00000000ef100000)
  to   space 5120K, 0% used [0x00000000f3200000,0x00000000f3200000,0x00000000f3700000)
 ParOldGen       total 87552K, used 13797K [0x00000000c0000000, 0x00000000c5580000, 0x00000000eab00000)
  object space 87552K, 15% used [0x00000000c0000000,0x00000000c0d79428,0x00000000c5580000)
 Metaspace       used 6279K, capacity 7152K, committed 7296K, reserved 1056768K
  class space    used 579K, capacity 616K, committed 640K, reserved 1048576K
Event: 10.905 GC heap after
Heap after GC invocations=4 (full 0):
 PSYoungGen      total 138240K, used 5106K [0x00000000eab00000, 0x00000000f3700000, 0x0000000100000000)
  eden space 133120K, 0% used [0x00000000eab00000,0x00000000eab00000,0x00000000f2d00000)
  from space 5120K, 99% used [0x00000000f3200000,0x00000000f36fc8c8,0x00000000f3700000)
  to   space 5120K, 0% used [0x00000000f2d00000,0x00000000f2d00000,0x00000000f3200000)
 ParOldGen       total 87552K, used 23544K [0x00000000c0000000, 0x00000000c5580000, 0x00000000eab00000)
  object space 87552K, 26% used [0x00000000c0000000,0x00000000c16fe178,0x00000000c5580000)
 Metaspace       used 6279K, capacity 7152K, committed 7296K, reserved 1056768K
  class space    used 579K, capacity 616K, committed 640K, reserved 1048576K
}
Event: 17.191 GC heap before
{Heap before GC invocations=5 (full 0):
 PSYoungGen      total 138240K, used 138226K [0x00000000eab00000, 0x00000000f3700000, 0x0000000100000000)
  eden space 133120K, 100% used [0x00000000eab00000,0x00000000f2d00000,0x00000000f2d00000)
  from space 5120K, 99% used [0x00000000f3200000,0x00000000f36fc8c8,0x00000000f3700000)
  to   space 5120K, 0% used [0x00000000f2d00000,0x00000000f2d00000,0x00000000f3200000)
 ParOldGen       total 87552K, used 23544K [0x00000000c0000000, 0x00000000c5580000, 0x00000000eab00000)
  object space 87552K, 26% used [0x00000000c0000000,0x00000000c16fe178,0x00000000c5580000)
 Metaspace       used 6479K, capacity 7218K, committed 7296K, reserved 1056768K
  class space    used 599K, capacity 618K, committed 640K, reserved 1048576K
Event: 17.510 GC heap after
Heap after GC invocations=5 (full 0):
 PSYoungGen      total 138240K, used 5096K [0x00000000eab00000, 0x00000000fe800000, 0x0000000100000000)
  eden space 133120K, 0% used [0x00000000eab00000,0x00000000eab00000,0x00000000f2d00000)
  from space 5120K, 99% used [0x00000000f2d00000,0x00000000f31fa298,0x00000000f3200000)
  to   space 29184K, 0% used [0x00000000fcb80000,0x00000000fcb80000,0x00000000fe800000)
 ParOldGen       total 87552K, used 45949K [0x00000000c0000000, 0x00000000c5580000, 0x00000000eab00000)
  object space 87552K, 52% used [0x00000000c0000000,0x00000000c2cdf620,0x00000000c5580000)
 Metaspace       used 6479K, capacity 7218K, committed 7296K, reserved 1056768K
  class space    used 599K, capacity 618K, committed 640K, reserved 1048576K
}
Event: 22.501 GC heap before
{Heap before GC invocations=6 (full 0):
 PSYoungGen      total 138240K, used 138216K [0x00000000eab00000, 0x00000000fe800000, 0x0000000100000000)
  eden space 133120K, 100% used [0x00000000eab00000,0x00000000f2d00000,0x00000000f2d00000)
  from space 5120K, 99% used [0x00000000f2d00000,0x00000000f31fa298,0x00000000f3200000)
  to   space 29184K, 0% used [0x00000000fcb80000,0x00000000fcb80000,0x00000000fe800000)
 ParOldGen       total 87552K, used 45949K [0x00000000c0000000, 0x00000000c5580000, 0x00000000eab00000)
  object space 87552K, 52% used [0x00000000c0000000,0x00000000c2cdf620,0x00000000c5580000)
 Metaspace       used 6491K, capacity 7218K, committed 7296K, reserved 1056768K
  class space    used 599K, capacity 618K, committed 640K, reserved 1048576K
Event: 22.913 GC heap after
Heap after GC invocations=6 (full 0):
 PSYoungGen      total 162304K, used 26065K [0x00000000eab00000, 0x00000000fe800000, 0x0000000100000000)
  eden space 133120K, 0% used [0x00000000eab00000,0x00000000eab00000,0x00000000f2d00000)
  from space 29184K, 89% used [0x00000000fcb80000,0x00000000fe4f4490,0x00000000fe800000)
  to   space 5120K, 0% used [0x00000000f2d00000,0x00000000f2d00000,0x00000000f3200000)
 ParOldGen       total 87552K, used 45949K [0x00000000c0000000, 0x00000000c5580000, 0x00000000eab00000)
  object space 87552K, 52% used [0x00000000c0000000,0x00000000c2cdf620,0x00000000c5580000)
 Metaspace       used 6491K, capacity 7218K, committed 7296K, reserved 1056768K
  class space    used 599K, capacity 618K, committed 640K, reserved 1048576K
}

Deoptimization events (10 events):
Event: 20.420 Thread 0x00000000170d7800 Uncommon trap: reason=bimorphic action=maybe_recompile pc=0x0000000003526564 method=java.util.HashMap.putVal(ILjava/lang/Object;Ljava/lang/Object;ZZ)Ljava/lang/Object; @ 203
Event: 21.171 Thread 0x00000000170d6800 Uncommon trap: reason=unstable_if action=reinterpret pc=0x00000000035239bc method=java.util.HashMap.putVal(ILjava/lang/Object;Ljava/lang/Object;ZZ)Ljava/lang/Object; @ 162
Event: 21.281 Thread 0x0000000002bad800 Uncommon trap: reason=bimorphic action=maybe_recompile pc=0x00000000038def08 method=com.android.dx.cf.code.BytecodeArray.parseInstruction(ILcom/android/dx/cf/code/BytecodeArray$Visitor;)I @ 1035
Event: 21.281 Thread 0x0000000002bad800 Uncommon trap: reason=bimorphic action=maybe_recompile pc=0x00000000038def08 method=com.android.dx.cf.code.BytecodeArray.parseInstruction(ILcom/android/dx/cf/code/BytecodeArray$Visitor;)I @ 1035
Event: 21.786 Thread 0x00000000170d7800 Uncommon trap: reason=bimorphic action=maybe_recompile pc=0x000000000394893c method=com.android.dx.cf.code.BytecodeArray.parseInstruction(ILcom/android/dx/cf/code/BytecodeArray$Visitor;)I @ 1287
Event: 21.786 Thread 0x00000000170d7800 Uncommon trap: reason=bimorphic action=maybe_recompile pc=0x000000000394893c method=com.android.dx.cf.code.BytecodeArray.parseInstruction(ILcom/android/dx/cf/code/BytecodeArray$Visitor;)I @ 1287
Event: 22.391 Thread 0x00000000170ca000 Uncommon trap: reason=bimorphic action=maybe_recompile pc=0x000000000387a89c method=com.android.dx.rop.code.RegisterSpec.getFrameType()Lcom/android/dx/rop/type/TypeBearer; @ 4
Event: 22.391 Thread 0x00000000170ca000 Uncommon trap: reason=bimorphic action=maybe_recompile pc=0x000000000387a8c4 method=com.android.dx.cf.code.OneLocalsArray.set(ILcom/android/dx/rop/type/TypeBearer;)V @ 85
Event: 22.935 Thread 0x00000000170d7800 Uncommon trap: reason=unstable_if action=reinterpret pc=0x0000000003458950 method=java.util.HashMap.resize()[Ljava/util/HashMap$Node; @ 206
Event: 22.947 Thread 0x00000000170d5800 Uncommon trap: reason=class_check action=maybe_recompile pc=0x00000000038c85e8 method=com.android.dx.cf.code.RopperMachine.run(Lcom/android/dx/cf/code/Frame;II)V @ 1024

Internal exceptions (7 events):
Event: 0.130 Thread 0x0000000002bad800 Exception <a 'java/lang/NoSuchMethodError': Method sun.misc.Unsafe.defineClass(Ljava/lang/String;[BII)Ljava/lang/Class; name or signature does not match> (0x00000000eab07cc0) thrown at [C:\src\android\AOSP-openjdk\external\jetbrains\jdk\hotspot\src\share\vt¼yö¥À?
Event: 0.130 Thread 0x0000000002bad800 Exception <a 'java/lang/NoSuchMethodError': Method sun.misc.Unsafe.prefetchRead(Ljava/lang/Object;J)V name or signature does not match> (0x00000000eab07fa8) thrown at [C:\src\android\AOSP-openjdk\external\jetbrains\jdk\hotspot\src\share\vm\prims\jni.cpp, l.³>¬\(@
Event: 12.181 Thread 0x00000000170d7800 Implicit null exception at 0x0000000003278e76 to 0x000000000327a3f1
Event: 14.054 Thread 0x00000000170d6800 Implicit null exception at 0x00000000037892f4 to 0x000000000378d739
Event: 14.224 Thread 0x00000000170ca000 Exception <a 'java/lang/ArrayIndexOutOfBoundsException': 18> (0x00000000efcd7b00) thrown at [C:\src\android\AOSP-openjdk\external\jetbrains\jdk\hotspot\src\share\vm\interpreter\interpreterRuntime.cpp, line 366]
Event: 14.225 Thread 0x00000000170ca000 Exception <a 'java/lang/ArrayIndexOutOfBoundsException'> (0x00000000efcd9680) thrown at [C:\src\android\AOSP-openjdk\external\jetbrains\jdk\hotspot\src\share\vm\runtime\sharedRuntime.cpp, line 605]
Event: 14.226 Thread 0x00000000170ca000 Exception <a 'java/lang/ArrayIndexOutOfBoundsException'> (0x00000000efcda968) thrown at [C:\src\android\AOSP-openjdk\external\jetbrains\jdk\hotspot\src\share\vm\runtime\sharedRuntime.cpp, line 605]

Events (10 events):
Event: 22.391 Thread 0x00000000170ca000 DEOPT PACKING pc=0x000000000387a8c4 sp=0x000000001756e620
Event: 22.391 Thread 0x00000000170ca000 DEOPT UNPACKING pc=0x0000000002d8556a sp=0x000000001756e5c8 mode 2
Event: 22.406 Executing VM operation: ParallelGCFailedAllocation
Event: 22.913 Executing VM operation: ParallelGCFailedAllocation done
Event: 22.935 Thread 0x00000000170d7800 Uncommon trap: trap_request=0xffffff65 fr.pc=0x0000000003458950
Event: 22.935 Thread 0x00000000170d7800 DEOPT PACKING pc=0x0000000003458950 sp=0x000000001796ec90
Event: 22.935 Thread 0x00000000170d7800 DEOPT UNPACKING pc=0x0000000002d8556a sp=0x000000001796ebf8 mode 2
Event: 22.947 Thread 0x00000000170d5800 Uncommon trap: trap_request=0xffffffde fr.pc=0x00000000038c85e8
Event: 22.947 Thread 0x00000000170d5800 DEOPT PACKING pc=0x00000000038c85e8 sp=0x000000001776ec90
Event: 22.947 Thread 0x00000000170d5800 DEOPT UNPACKING pc=0x0000000002d8556a sp=0x000000001776ec38 mode 2


Dynamic libraries:
0x00007ff61e610000 - 0x00007ff61e641000 	C:\Program Files\Android\Android Studio\jre\bin\java.exe
0x00007fff66f80000 - 0x00007fff6712c000 	C:\Windows\SYSTEM32\ntdll.dll
0x00007fff64df0000 - 0x00007fff64f2e000 	C:\Windows\system32\KERNEL32.DLL
0x00007fff644e0000 - 0x00007fff645f5000 	C:\Windows\system32\KERNELBASE.dll
0x00007fff66cc0000 - 0x00007fff66d6a000 	C:\Windows\system32\ADVAPI32.dll
0x00007fff64760000 - 0x00007fff648d7000 	C:\Windows\system32\USER32.dll
0x00007fff61c80000 - 0x00007fff61efa000 	C:\Windows\WinSxS\amd64_microsoft.windows.common-controls_6595b64144ccf1df_6.0.9600.17810_none_6240b9c7ecbd0bda\COMCTL32.dll
0x00007fff65070000 - 0x00007fff6511a000 	C:\Windows\system32\msvcrt.dll
0x00007fff64d90000 - 0x00007fff64de9000 	C:\Windows\SYSTEM32\sechost.dll
0x00007fff64b10000 - 0x00007fff64c51000 	C:\Windows\system32\RPCRT4.dll
0x00007fff65120000 - 0x00007fff6526f000 	C:\Windows\system32\GDI32.dll
0x00007fff66d70000 - 0x00007fff66da6000 	C:\Windows\system32\IMM32.DLL
0x00007fff64600000 - 0x00007fff64752000 	C:\Windows\system32\MSCTF.dll
0x0000000065460000 - 0x0000000065532000 	C:\Program Files\Android\Android Studio\jre\jre\bin\msvcr100.dll
0x0000000065540000 - 0x0000000065d74000 	C:\Program Files\Android\Android Studio\jre\jre\bin\server\jvm.dll
0x00007fff59e50000 - 0x00007fff59e59000 	C:\Windows\SYSTEM32\WSOCK32.dll
0x00007fff5fb60000 - 0x00007fff5fb82000 	C:\Windows\SYSTEM32\WINMM.dll
0x00007fff5d3d0000 - 0x00007fff5d3da000 	C:\Windows\SYSTEM32\VERSION.dll
0x00007fff65060000 - 0x00007fff65067000 	C:\Windows\system32\PSAPI.DLL
0x00007fff66ba0000 - 0x00007fff66bfa000 	C:\Windows\system32\WS2_32.dll
0x00007fff60960000 - 0x00007fff6098a000 	C:\Windows\SYSTEM32\WINMMBASE.dll
0x00007fff66f60000 - 0x00007fff66f69000 	C:\Windows\system32\NSI.dll
0x00007fff64430000 - 0x00007fff6447f000 	C:\Windows\SYSTEM32\cfgmgr32.dll
0x00007fff62ec0000 - 0x00007fff62ee8000 	C:\Windows\SYSTEM32\DEVOBJ.dll
0x00007fff606b0000 - 0x00007fff606bf000 	C:\Program Files\Android\Android Studio\jre\jre\bin\verify.dll
0x00007fff479f0000 - 0x00007fff47a19000 	C:\Program Files\Android\Android Studio\jre\jre\bin\java.dll
0x00007fff4dc20000 - 0x00007fff4dc36000 	C:\Program Files\Android\Android Studio\jre\jre\bin\zip.dll
0x00007fff65490000 - 0x00007fff669bb000 	C:\Windows\system32\SHELL32.dll
0x00007fff65270000 - 0x00007fff65481000 	C:\Windows\SYSTEM32\combase.dll
0x00007fff64c60000 - 0x00007fff64cb4000 	C:\Windows\system32\SHLWAPI.dll
0x00007fff62590000 - 0x00007fff62642000 	C:\Windows\SYSTEM32\SHCORE.dll
0x00007fff640d0000 - 0x00007fff640e5000 	C:\Windows\SYSTEM32\profapi.dll

VM Arguments:
jvm_args: -Djava.awt.headless=true -Xmx1024M -Dfile.encoding=windows-1252 -Duser.country=US -Duser.language=en -Duser.variant 
java_command: com.android.dx.command.Main --dex --num-threads=4 --output D:\Android\AndroidStudio\KalbecallPlanMobile\app\build\intermediates\pre-dexed\debug\com.android.support-support-v4-24.1.1_00cae90335f611e962f49c04a0eb40a13767bc9b.jar D:\Android\AndroidStudio\KalbecallPlanMobile\app\build\intermediates\exploded-aar\com.android.support\support-v4\24.1.1\jars\classes.jar
java_class_path (initial): D:\Android\AndroidSDK\build-tools\24.0.1\lib\dx.jar
Launcher Type: SUN_STANDARD

Environment Variables:
PATH=C:\ProgramData\Oracle\Java\javapath;C:\app\DevSuiteHome_1\jdk\jre\bin\classic;C:\app\DevSuiteHome_1\jdk\jre\bin;C:\app\DevSuiteHome_1\jdk\jre\bin\client;C:\app\DevSuiteHome_1\jlib;C:\app\DevSuiteHome_1\bin;C:\app\DevSuiteHome_1\jre\1.4.2\bin\client;C:\app\DevSuiteHome_1\jre\1.4.2\bin;C:\app\rhezaTesar\product\11.2.0\client_1;C:\app\rhezaTesar\product\11.2.0\client_1\bin;C:\Program Files (x86)\Intel\iCLS Client\;C:\Program Files\Intel\iCLS Client\;C:\Windows\system32;C:\Windows;C:\Windows\System32\Wbem;C:\Windows\System32\WindowsPowerShell\v1.0\;C:\Program Files\Intel\Intel(R) Management Engine Components\DAL;C:\Program Files (x86)\Intel\Intel(R) Management Engine Components\DAL;C:\Program Files\Intel\Intel(R) Management Engine Components\IPT;C:\Program Files (x86)\Intel\Intel(R) Management Engine Components\IPT;C:\Program Files\Intel\WiFi\bin\;C:\Program Files\Common Files\Intel\WirelessCommon\;C:\Program Files (x86)\Skype\Phone\;C:\Program Files (x86)\Microsoft SQL Server\90\Tools\binn\;C:\Program Files (x86)\Microsoft SQL Server\100\Tools\Bin;C:\Program Files (x86)\Common Files\SYSTEM\MSMAPI\1033;C:\Program Files\Microsoft SQL Server\120\Tools\Binn\;C:\Program Files\Microsoft SQL Server\Client SDK\ODBC\110\Tools\Binn\;C:\Program Files\Microsoft SQL Server\120\DTS\Binn\;C:\Program Files (x86)\Microsoft SQL Server\120\Tools\Binn\ManagementStudio\;C:\Program Files (x86)\Microsoft SQL Server\120\Tools\Binn\;C:\Program Files (x86)\Microsoft SQL Server\120\DTS\Binn\;C:\Program Files\Git\cmd;C:\Program Files\TortoiseSVN\bin;C:\Program Files (x86)\CrSSL\bin
USERNAME=rhezaTesar
OS=Windows_NT
PROCESSOR_IDENTIFIER=Intel64 Family 6 Model 61 Stepping 4, GenuineIntel



---------------  S Y S T E M  ---------------

OS: Windows 8.1 , 64 bit Build 9600 (6.3.9600.17415)

CPU:total 4 (2 cores per cpu, 2 threads per core) family 6 model 61 stepping 4, cmov, cx8, fxsr, mmx, sse, sse2, sse3, ssse3, sse4.1, sse4.2, popcnt, avx, avx2, aes, clmul, erms, 3dnowpref, lzcnt, ht, tsc, tscinvbit, bmi1, bmi2, adx

Memory: 4k page, physical 8277100k(939296k free), swap 9848940k(5012k free)

vm_info: OpenJDK 64-Bit Server VM (25.76-b03) for windows-amd64 JRE (1.8.0_76-release-b03), built on Jun 29 2016 19:09:20 by "ralucas" with MS VC++ 10.0 (VS2010)

time: Thu Sep 29 11:43:44 2016
elapsed time: 23 seconds (0d 0h 0m 23s)

