#
# There is insufficient memory for the Java Runtime Environment to continue.
# Native memory allocation (malloc) failed to allocate 283856 bytes for Chunk::new
# Possible reasons:
#   The system is out of physical RAM or swap space
#   In 32 bit mode, the process size limit was hit
# Possible solutions:
#   Reduce memory load on the system
#   Increase physical memory or swap space
#   Check if swap backing store is full
#   Use 64 bit Java on a 64 bit OS
#   Decrease Java heap size (-Xmx/-Xms)
#   Decrease number of Java threads
#   Decrease Java thread stack sizes (-Xss)
#   Set larger code cache with -XX:ReservedCodeCacheSize=
# This output file may be truncated or incomplete.
#
#  Out of Memory Error (allocation.cpp:390), pid=9312, tid=0x0000000000001f04
#
# JRE version: OpenJDK Runtime Environment (8.0_76-b03) (build 1.8.0_76-release-b03)
# Java VM: OpenJDK 64-Bit Server VM (25.76-b03 mixed mode windows-amd64 compressed oops)
# Failed to write core dump. Minidumps are not enabled by default on client versions of Windows
#

---------------  T H R E A D  ---------------

Current thread (0x00000000147d5800):  JavaThread "C2 CompilerThread1" daemon [_thread_in_native, id=7940, stack(0x0000000015fe0000,0x00000000160e0000)]

Stack: [0x0000000015fe0000,0x00000000160e0000]
[error occurred during error reporting (printing stack bounds), id 0xc0000005]

Native frames: (J=compiled Java code, j=interpreted, Vv=VM code, C=native code)


Current CompileTask:
C2:  20940 1429   !   4       com.android.dx.cf.code.BytecodeArray::parseInstruction (2764 bytes)


---------------  P R O C E S S  ---------------

Java Threads: ( => current thread )
  0x0000000016488000 JavaThread "pool-1-thread-4" [_thread_blocked, id=10140, stack(0x0000000016be0000,0x0000000016ce0000)]
  0x0000000016487000 JavaThread "pool-1-thread-3" [_thread_blocked, id=6940, stack(0x0000000016ae0000,0x0000000016be0000)]
  0x000000001624b000 JavaThread "pool-1-thread-2" [_thread_blocked, id=9412, stack(0x00000000169e0000,0x0000000016ae0000)]
  0x0000000016442800 JavaThread "pool-2-thread-1" [_thread_blocked, id=10632, stack(0x00000000168e0000,0x00000000169e0000)]
  0x0000000016438800 JavaThread "pool-1-thread-1" [_thread_in_Java, id=7200, stack(0x00000000167e0000,0x00000000168e0000)]
  0x00000000161ec800 JavaThread "Service Thread" daemon [_thread_blocked, id=3028, stack(0x00000000165e0000,0x00000000166e0000)]
  0x00000000147dc000 JavaThread "C1 CompilerThread2" daemon [_thread_blocked, id=10900, stack(0x00000000160e0000,0x00000000161e0000)]
=>0x00000000147d5800 JavaThread "C2 CompilerThread1" daemon [_thread_in_native, id=7940, stack(0x0000000015fe0000,0x00000000160e0000)]
  0x0000000014788000 JavaThread "C2 CompilerThread0" daemon [_thread_in_native, id=10588, stack(0x0000000015ee0000,0x0000000015fe0000)]
  0x0000000014786800 JavaThread "Attach Listener" daemon [_thread_blocked, id=11112, stack(0x0000000015de0000,0x0000000015ee0000)]
  0x0000000014785800 JavaThread "Signal Dispatcher" daemon [_thread_blocked, id=968, stack(0x0000000015ce0000,0x0000000015de0000)]
  0x0000000014768800 JavaThread "Finalizer" daemon [_thread_blocked, id=10060, stack(0x00000000159e0000,0x0000000015ae0000)]
  0x00000000020a1000 JavaThread "Reference Handler" daemon [_thread_blocked, id=9140, stack(0x00000000158e0000,0x00000000159e0000)]
  0x0000000001fad800 JavaThread "main" [_thread_in_vm, id=10944, stack(0x0000000001dd0000,0x0000000001ed0000)]

Other Threads:
  0x0000000014745800 VMThread [stack: 0x00000000157e0000,0x00000000158e0000] [id=10308]
  0x00000000161e2000 WatcherThread [stack: 0x00000000166e0000,0x00000000167e0000] [id=10444]

VM state:not at safepoint (normal execution)

VM Mutex/Monitor currently owned by a thread: None

Heap:
 PSYoungGen      total 38400K, used 31521K [0x00000000eab00000, 0x00000000ed580000, 0x0000000100000000)
  eden space 33280K, 79% used [0x00000000eab00000,0x00000000ec4cc830,0x00000000ecb80000)
  from space 5120K, 99% used [0x00000000ecb80000,0x00000000ed07bc68,0x00000000ed080000)
  to   space 5120K, 0% used [0x00000000ed080000,0x00000000ed080000,0x00000000ed580000)
 ParOldGen       total 87552K, used 1683K [0x00000000c0000000, 0x00000000c5580000, 0x00000000eab00000)
  object space 87552K, 1% used [0x00000000c0000000,0x00000000c01a4f78,0x00000000c5580000)
 Metaspace       used 6131K, capacity 7088K, committed 7296K, reserved 1056768K
  class space    used 577K, capacity 616K, committed 640K, reserved 1048576K

Card table byte_map: [0x0000000011470000,0x0000000011680000] byte_map_base: 0x0000000010e70000

Marking Bits: (ParMarkBitMap*) 0x0000000065cf9d00
 Begin Bits: [0x0000000011be0000, 0x0000000012be0000)
 End Bits:   [0x0000000012be0000, 0x0000000013be0000)

Polling page: 0x00000000005b0000

CodeCache: size=245760Kb used=6347Kb max_used=6375Kb free=239412Kb
 bounds [0x00000000020b0000, 0x00000000026f0000, 0x00000000110b0000]
 total_blobs=1725 nmethods=1457 adapters=182
 compilation: enabled

Compilation events (10 events):
Event: 20.910 Thread 0x00000000147dc000 1474   !   2       com.android.dx.cf.attrib.AttCode::<init> (144 bytes)
Event: 20.911 Thread 0x00000000147dc000 nmethod 1474 0x00000000026d7290 code [0x00000000026d7480, 0x00000000026d7b88]
Event: 20.911 Thread 0x00000000147dc000 1477       2       com.android.dx.cf.iface.StdMethod::<init> (40 bytes)
Event: 20.912 Thread 0x00000000147dc000 nmethod 1477 0x00000000026d8150 code [0x00000000026d8300, 0x00000000026d8628]
Event: 20.912 Thread 0x00000000147dc000 1476       2       com.android.dx.cf.direct.StdAttributeFactory::localVariableTable (98 bytes)
Event: 20.913 Thread 0x00000000147dc000 nmethod 1476 0x00000000026d89d0 code [0x00000000026d8be0, 0x00000000026d9378]
Event: 20.913 Thread 0x00000000147dc000 1478       2       com.android.dx.cf.attrib.AttLocalVariableTable::<init> (8 bytes)
Event: 20.913 Thread 0x00000000147dc000 nmethod 1478 0x00000000026d9b50 code [0x00000000026d9cc0, 0x00000000026d9e48]
Event: 20.915 Thread 0x00000000147dc000 1479       2       com.android.dx.rop.type.Type::isUninitialized (13 bytes)
Event: 20.915 Thread 0x00000000147dc000 nmethod 1479 0x00000000026d9ed0 code [0x00000000026da020, 0x00000000026da190]

GC Heap History (2 events):
Event: 19.611 GC heap before
{Heap before GC invocations=1 (full 0):
 PSYoungGen      total 38400K, used 33280K [0x00000000eab00000, 0x00000000ed580000, 0x0000000100000000)
  eden space 33280K, 100% used [0x00000000eab00000,0x00000000ecb80000,0x00000000ecb80000)
  from space 5120K, 0% used [0x00000000ed080000,0x00000000ed080000,0x00000000ed580000)
  to   space 5120K, 0% used [0x00000000ecb80000,0x00000000ecb80000,0x00000000ed080000)
 ParOldGen       total 87552K, used 0K [0x00000000c0000000, 0x00000000c5580000, 0x00000000eab00000)
  object space 87552K, 0% used [0x00000000c0000000,0x00000000c0000000,0x00000000c5580000)
 Metaspace       used 5999K, capacity 6960K, committed 7040K, reserved 1056768K
  class space    used 575K, capacity 616K, committed 640K, reserved 1048576K
Event: 19.954 GC heap after
Heap after GC invocations=1 (full 0):
 PSYoungGen      total 38400K, used 5103K [0x00000000eab00000, 0x00000000ed580000, 0x0000000100000000)
  eden space 33280K, 0% used [0x00000000eab00000,0x00000000eab00000,0x00000000ecb80000)
  from space 5120K, 99% used [0x00000000ecb80000,0x00000000ed07bc68,0x00000000ed080000)
  to   space 5120K, 0% used [0x00000000ed080000,0x00000000ed080000,0x00000000ed580000)
 ParOldGen       total 87552K, used 1683K [0x00000000c0000000, 0x00000000c5580000, 0x00000000eab00000)
  object space 87552K, 1% used [0x00000000c0000000,0x00000000c01a4f78,0x00000000c5580000)
 Metaspace       used 5999K, capacity 6960K, committed 7040K, reserved 1056768K
  class space    used 575K, capacity 616K, committed 640K, reserved 1048576K
}

Deoptimization events (10 events):
Event: 19.078 Thread 0x000000001624b000 Uncommon trap: reason=class_check action=maybe_recompile pc=0x0000000002545b18 method=java.util.HashMap.putVal(ILjava/lang/Object;Ljava/lang/Object;ZZ)Ljava/lang/Object; @ 203
Event: 19.078 Thread 0x000000001624b000 Uncommon trap: reason=bimorphic action=maybe_recompile pc=0x00000000023bb9dc method=java.util.HashMap.getNode(ILjava/lang/Object;)Ljava/util/HashMap$Node; @ 126
Event: 19.078 Thread 0x000000001624b000 Uncommon trap: reason=class_check action=maybe_recompile pc=0x0000000002545b18 method=java.util.HashMap.putVal(ILjava/lang/Object;Ljava/lang/Object;ZZ)Ljava/lang/Object; @ 203
Event: 19.078 Thread 0x000000001624b000 Uncommon trap: reason=bimorphic action=maybe_recompile pc=0x00000000023bb9dc method=java.util.HashMap.getNode(ILjava/lang/Object;)Ljava/util/HashMap$Node; @ 126
Event: 19.078 Thread 0x000000001624b000 Uncommon trap: reason=class_check action=maybe_recompile pc=0x0000000002545b18 method=java.util.HashMap.putVal(ILjava/lang/Object;Ljava/lang/Object;ZZ)Ljava/lang/Object; @ 203
Event: 19.078 Thread 0x000000001624b000 Uncommon trap: reason=bimorphic action=maybe_recompile pc=0x00000000023a5fa8 method=java.util.HashMap.getNode(ILjava/lang/Object;)Ljava/util/HashMap$Node; @ 126
Event: 20.648 Thread 0x0000000001fad800 Uncommon trap: reason=class_check action=maybe_recompile pc=0x0000000002699324 method=com.android.dx.rop.code.RegisterSpec.withSimpleType()Lcom/android/dx/rop/code/RegisterSpec; @ 21
Event: 20.649 Thread 0x0000000001fad800 Uncommon trap: reason=class_check action=maybe_recompile pc=0x0000000002699324 method=com.android.dx.rop.code.RegisterSpec.withSimpleType()Lcom/android/dx/rop/code/RegisterSpec; @ 21
Event: 20.670 Thread 0x0000000001fad800 Uncommon trap: reason=class_check action=maybe_recompile pc=0x0000000002699324 method=com.android.dx.rop.code.RegisterSpec.withSimpleType()Lcom/android/dx/rop/code/RegisterSpec; @ 21
Event: 20.671 Thread 0x0000000001fad800 Uncommon trap: reason=class_check action=maybe_recompile pc=0x0000000002699324 method=com.android.dx.rop.code.RegisterSpec.withSimpleType()Lcom/android/dx/rop/code/RegisterSpec; @ 21

Internal exceptions (3 events):
Event: 3.608 Thread 0x0000000001fad800 Exception <a 'java/lang/NoSuchMethodError': Method sun.misc.Unsafe.defineClass(Ljava/lang/String;[BII)Ljava/lang/Class; name or signature does not match> (0x00000000eab07cc0) thrown at [C:\src\android\AOSP-openjdk\external\jetbrains\jdk\hotspot\src\share\vé#óTx›@
Event: 3.608 Thread 0x0000000001fad800 Exception <a 'java/lang/NoSuchMethodError': Method sun.misc.Unsafe.prefetchRead(Ljava/lang/Object;J)V name or signature does not match> (0x00000000eab07fa8) thrown at [C:\src\android\AOSP-openjdk\external\jetbrains\jdk\hotspot\src\share\vm\prims\jni.cpp, l}7)ö–2@
Event: 18.815 Thread 0x0000000016488000 Implicit null exception at 0x00000000024c3d22 to 0x00000000024c3e1a

Events (10 events):
Event: 20.670 Thread 0x0000000001fad800 DEOPT UNPACKING pc=0x00000000020f556a sp=0x0000000001ece308 mode 2
Event: 20.671 Thread 0x0000000001fad800 Uncommon trap: trap_request=0xffffffde fr.pc=0x0000000002699324
Event: 20.671 Thread 0x0000000001fad800 DEOPT PACKING pc=0x0000000002699324 sp=0x0000000001ece3a0
Event: 20.671 Thread 0x0000000001fad800 DEOPT UNPACKING pc=0x00000000020f556a sp=0x0000000001ece308 mode 2
Event: 20.752 loading class com/android/dx/dex/file/ParameterAnnotationStruct
Event: 20.752 loading class com/android/dx/dex/file/ParameterAnnotationStruct done
Event: 20.753 loading class com/android/dx/dex/file/UniformListItem
Event: 20.753 loading class com/android/dx/dex/file/UniformListItem done
Event: 20.753 loading class com/android/dx/dex/file/AnnotationSetRefItem
Event: 20.753 loading class com/android/dx/dex/file/AnnotationSetRefItem done


Dynamic libraries:
0x00007ff61e610000 - 0x00007ff61e641000 	C:\Program Files\Android\Android Studio\jre\bin\java.exe
0x00007fff66f80000 - 0x00007fff6712c000 	C:\Windows\SYSTEM32\ntdll.dll
0x00007fff64df0000 - 0x00007fff64f2e000 	C:\Windows\system32\KERNEL32.DLL
0x00007fff644e0000 - 0x00007fff645f5000 	C:\Windows\system32\KERNELBASE.dll
0x00007fff66cc0000 - 0x00007fff66d6a000 	C:\Windows\system32\ADVAPI32.dll
0x00007fff64760000 - 0x00007fff648d7000 	C:\Windows\system32\USER32.dll
0x00007fff61c80000 - 0x00007fff61efa000 	C:\Windows\WinSxS\amd64_microsoft.windows.common-controls_6595b64144ccf1df_6.0.9600.17810_none_6240b9c7ecbd0bda\COMCTL32.dll
0x00007fff65070000 - 0x00007fff6511a000 	C:\Windows\system32\msvcrt.dll
0x00007fff64d90000 - 0x00007fff64de9000 	C:\Windows\SYSTEM32\sechost.dll
0x00007fff64b10000 - 0x00007fff64c51000 	C:\Windows\system32\RPCRT4.dll
0x00007fff65120000 - 0x00007fff6526f000 	C:\Windows\system32\GDI32.dll
0x00007fff66d70000 - 0x00007fff66da6000 	C:\Windows\system32\IMM32.DLL
0x00007fff64600000 - 0x00007fff64752000 	C:\Windows\system32\MSCTF.dll
0x0000000065460000 - 0x0000000065532000 	C:\Program Files\Android\Android Studio\jre\jre\bin\msvcr100.dll
0x0000000065540000 - 0x0000000065d74000 	C:\Program Files\Android\Android Studio\jre\jre\bin\server\jvm.dll
0x00007fff59e50000 - 0x00007fff59e59000 	C:\Windows\SYSTEM32\WSOCK32.dll
0x00007fff5fb60000 - 0x00007fff5fb82000 	C:\Windows\SYSTEM32\WINMM.dll
0x00007fff5d3d0000 - 0x00007fff5d3da000 	C:\Windows\SYSTEM32\VERSION.dll
0x00007fff65060000 - 0x00007fff65067000 	C:\Windows\system32\PSAPI.DLL
0x00007fff66ba0000 - 0x00007fff66bfa000 	C:\Windows\system32\WS2_32.dll
0x00007fff60960000 - 0x00007fff6098a000 	C:\Windows\SYSTEM32\WINMMBASE.dll
0x00007fff66f60000 - 0x00007fff66f69000 	C:\Windows\system32\NSI.dll
0x00007fff64430000 - 0x00007fff6447f000 	C:\Windows\SYSTEM32\cfgmgr32.dll
0x00007fff62ec0000 - 0x00007fff62ee8000 	C:\Windows\SYSTEM32\DEVOBJ.dll
0x00007fff606b0000 - 0x00007fff606bf000 	C:\Program Files\Android\Android Studio\jre\jre\bin\verify.dll
0x00007fff479f0000 - 0x00007fff47a19000 	C:\Program Files\Android\Android Studio\jre\jre\bin\java.dll
0x00007fff4dc20000 - 0x00007fff4dc36000 	C:\Program Files\Android\Android Studio\jre\jre\bin\zip.dll
0x00007fff65490000 - 0x00007fff669bb000 	C:\Windows\system32\SHELL32.dll
0x00007fff65270000 - 0x00007fff65481000 	C:\Windows\SYSTEM32\combase.dll
0x00007fff64c60000 - 0x00007fff64cb4000 	C:\Windows\system32\SHLWAPI.dll
0x00007fff62590000 - 0x00007fff62642000 	C:\Windows\SYSTEM32\SHCORE.dll
0x00007fff640d0000 - 0x00007fff640e5000 	C:\Windows\SYSTEM32\profapi.dll

VM Arguments:
jvm_args: -Djava.awt.headless=true -Xmx1024M -Dfile.encoding=windows-1252 -Duser.country=US -Duser.language=en -Duser.variant 
java_command: com.android.dx.command.Main --dex --num-threads=4 --output D:\Android\AndroidStudio\KalbecallPlanMobile\app\build\intermediates\pre-dexed\debug\com.android.support-recyclerview-v7-24.1.1_6685feb5259deb3670635d8fd475b7ac2c89b389.jar D:\Android\AndroidStudio\KalbecallPlanMobile\app\build\intermediates\exploded-aar\com.android.support\recyclerview-v7\24.1.1\jars\classes.jar
java_class_path (initial): D:\Android\AndroidSDK\build-tools\24.0.1\lib\dx.jar
Launcher Type: SUN_STANDARD

Environment Variables:
PATH=C:\ProgramData\Oracle\Java\javapath;C:\app\DevSuiteHome_1\jdk\jre\bin\classic;C:\app\DevSuiteHome_1\jdk\jre\bin;C:\app\DevSuiteHome_1\jdk\jre\bin\client;C:\app\DevSuiteHome_1\jlib;C:\app\DevSuiteHome_1\bin;C:\app\DevSuiteHome_1\jre\1.4.2\bin\client;C:\app\DevSuiteHome_1\jre\1.4.2\bin;C:\app\rhezaTesar\product\11.2.0\client_1;C:\app\rhezaTesar\product\11.2.0\client_1\bin;C:\Program Files (x86)\Intel\iCLS Client\;C:\Program Files\Intel\iCLS Client\;C:\Windows\system32;C:\Windows;C:\Windows\System32\Wbem;C:\Windows\System32\WindowsPowerShell\v1.0\;C:\Program Files\Intel\Intel(R) Management Engine Components\DAL;C:\Program Files (x86)\Intel\Intel(R) Management Engine Components\DAL;C:\Program Files\Intel\Intel(R) Management Engine Components\IPT;C:\Program Files (x86)\Intel\Intel(R) Management Engine Components\IPT;C:\Program Files\Intel\WiFi\bin\;C:\Program Files\Common Files\Intel\WirelessCommon\;C:\Program Files (x86)\Skype\Phone\;C:\Program Files (x86)\Microsoft SQL Server\90\Tools\binn\;C:\Program Files (x86)\Microsoft SQL Server\100\Tools\Bin;C:\Program Files (x86)\Common Files\SYSTEM\MSMAPI\1033;C:\Program Files\Microsoft SQL Server\120\Tools\Binn\;C:\Program Files\Microsoft SQL Server\Client SDK\ODBC\110\Tools\Binn\;C:\Program Files\Microsoft SQL Server\120\DTS\Binn\;C:\Program Files (x86)\Microsoft SQL Server\120\Tools\Binn\ManagementStudio\;C:\Program Files (x86)\Microsoft SQL Server\120\Tools\Binn\;C:\Program Files (x86)\Microsoft SQL Server\120\DTS\Binn\;C:\Program Files\Git\cmd;C:\Program Files\TortoiseSVN\bin;C:\Program Files (x86)\CrSSL\bin
USERNAME=rhezaTesar
OS=Windows_NT
PROCESSOR_IDENTIFIER=Intel64 Family 6 Model 61 Stepping 4, GenuineIntel



---------------  S Y S T E M  ---------------

OS: Windows 8.1 , 64 bit Build 9600 (6.3.9600.17415)

CPU:total 4 (2 cores per cpu, 2 threads per core) family 6 model 61 stepping 4, cmov, cx8, fxsr, mmx, sse, sse2, sse3, ssse3, sse4.1, sse4.2, popcnt, avx, avx2, aes, clmul, erms, 3dnowpref, lzcnt, ht, tsc, tscinvbit, bmi1, bmi2, adx

Memory: 4k page, physical 8277100k(950428k free), swap 9848940k(6800k free)

vm_info: OpenJDK 64-Bit Server VM (25.76-b03) for windows-amd64 JRE (1.8.0_76-release-b03), built on Jun 29 2016 19:09:20 by "ralucas" with MS VC++ 10.0 (VS2010)

time: Thu Sep 29 11:43:44 2016
elapsed time: 20 seconds (0d 0h 0m 20s)

