#
# There is insufficient memory for the Java Runtime Environment to continue.
# Native memory allocation (malloc) failed to allocate 414480 bytes for Chunk::new
# Possible reasons:
#   The system is out of physical RAM or swap space
#   In 32 bit mode, the process size limit was hit
# Possible solutions:
#   Reduce memory load on the system
#   Increase physical memory or swap space
#   Check if swap backing store is full
#   Use 64 bit Java on a 64 bit OS
#   Decrease Java heap size (-Xmx/-Xms)
#   Decrease number of Java threads
#   Decrease Java thread stack sizes (-Xss)
#   Set larger code cache with -XX:ReservedCodeCacheSize=
# This output file may be truncated or incomplete.
#
#  Out of Memory Error (allocation.cpp:390), pid=8540, tid=0x0000000000002c38
#
# JRE version: OpenJDK Runtime Environment (8.0_76-b03) (build 1.8.0_76-release-b03)
# Java VM: OpenJDK 64-Bit Server VM (25.76-b03 mixed mode windows-amd64 compressed oops)
# Failed to write core dump. Minidumps are not enabled by default on client versions of Windows
#

---------------  T H R E A D  ---------------

Current thread (0x0000000015219000):  JavaThread "C2 CompilerThread0" daemon [_thread_in_native, id=11320, stack(0x0000000016960000,0x0000000016a60000)]

Stack: [0x0000000016960000,0x0000000016a60000]
[error occurred during error reporting (printing stack bounds), id 0xc0000005]

Native frames: (J=compiled Java code, j=interpreted, Vv=VM code, C=native code)


Current CompileTask:
C2:   1369 1209   !   4       com.android.dx.cf.code.BytecodeArray::parseInstruction (2764 bytes)


---------------  P R O C E S S  ---------------

Java Threads: ( => current thread )
  0x0000000016ed9800 JavaThread "pool-1-thread-4" [_thread_in_Java, id=11940, stack(0x0000000017660000,0x0000000017760000)]
  0x0000000016ed6000 JavaThread "pool-1-thread-3" [_thread_in_Java, id=10140, stack(0x0000000017560000,0x0000000017660000)]
  0x0000000016ea4800 JavaThread "pool-1-thread-2" [_thread_in_Java, id=7160, stack(0x0000000017460000,0x0000000017560000)]
  0x0000000016ecf000 JavaThread "pool-2-thread-1" [_thread_blocked, id=12208, stack(0x0000000017360000,0x0000000017460000)]
  0x0000000016ece000 JavaThread "pool-1-thread-1" [_thread_in_vm, id=9516, stack(0x0000000017260000,0x0000000017360000)]
  0x0000000016c6e800 JavaThread "Service Thread" daemon [_thread_blocked, id=2736, stack(0x0000000017060000,0x0000000017160000)]
  0x000000001526d000 JavaThread "C1 CompilerThread2" daemon [_thread_in_vm, id=9052, stack(0x0000000016b60000,0x0000000016c60000)]
  0x0000000015266800 JavaThread "C2 CompilerThread1" daemon [_thread_in_native, id=3408, stack(0x0000000016a60000,0x0000000016b60000)]
=>0x0000000015219000 JavaThread "C2 CompilerThread0" daemon [_thread_in_native, id=11320, stack(0x0000000016960000,0x0000000016a60000)]
  0x0000000015217800 JavaThread "Attach Listener" daemon [_thread_blocked, id=3348, stack(0x0000000016860000,0x0000000016960000)]
  0x0000000015216000 JavaThread "Signal Dispatcher" daemon [_thread_blocked, id=9684, stack(0x0000000016760000,0x0000000016860000)]
  0x00000000151f8800 JavaThread "Finalizer" daemon [_thread_blocked, id=8920, stack(0x0000000016460000,0x0000000016560000)]
  0x0000000002b31000 JavaThread "Reference Handler" daemon [_thread_blocked, id=5580, stack(0x0000000016360000,0x0000000016460000)]
  0x000000000113d800 JavaThread "main" [_thread_in_vm, id=11620, stack(0x00000000028e0000,0x00000000029e0000)]

Other Threads:
  0x00000000151d5800 VMThread [stack: 0x0000000016260000,0x0000000016360000] [id=832]
  0x0000000016c6f800 WatcherThread [stack: 0x0000000017160000,0x0000000017260000] [id=8296]

VM state:not at safepoint (normal execution)

VM Mutex/Monitor currently owned by a thread: None

Heap:
 PSYoungGen      total 38400K, used 27572K [0x00000000eab00000, 0x00000000ed580000, 0x0000000100000000)
  eden space 33280K, 82% used [0x00000000eab00000,0x00000000ec5ed220,0x00000000ecb80000)
  from space 5120K, 0% used [0x00000000ed080000,0x00000000ed080000,0x00000000ed580000)
  to   space 5120K, 0% used [0x00000000ecb80000,0x00000000ecb80000,0x00000000ed080000)
 ParOldGen       total 87552K, used 0K [0x00000000c0000000, 0x00000000c5580000, 0x00000000eab00000)
  object space 87552K, 0% used [0x00000000c0000000,0x00000000c0000000,0x00000000c5580000)
 Metaspace       used 5944K, capacity 6896K, committed 7040K, reserved 1056768K
  class space    used 574K, capacity 616K, committed 640K, reserved 1048576K

Card table byte_map: [0x0000000011f00000,0x0000000012110000] byte_map_base: 0x0000000011900000

Marking Bits: (ParMarkBitMap*) 0x000000006e0f9d00
 Begin Bits: [0x0000000012670000, 0x0000000013670000)
 End Bits:   [0x0000000013670000, 0x0000000014670000)

Polling page: 0x00000000010c0000

CodeCache: size=245760Kb used=5105Kb max_used=5105Kb free=240655Kb
 bounds [0x0000000002b40000, 0x0000000003050000, 0x0000000011b40000]
 total_blobs=1505 nmethods=1237 adapters=182
 compilation: enabled

Compilation events (10 events):
Event: 1.353 Thread 0x000000001526d000 nmethod 1240 0x0000000003030b50 code [0x0000000003030dc0, 0x0000000003031ee8]
Event: 1.357 Thread 0x000000001526d000 1241       3       java.util.HashMap::<init> (8 bytes)
Event: 1.357 Thread 0x000000001526d000 nmethod 1241 0x0000000003022fd0 code [0x0000000003023160, 0x00000000030232e8]
Event: 1.357 Thread 0x000000001526d000 1242       3       java.util.HashMap::<init> (98 bytes)
Event: 1.358 Thread 0x000000001526d000 nmethod 1242 0x00000000030327d0 code [0x0000000003032a60, 0x0000000003033c48]
Event: 1.361 Thread 0x000000001526d000 1243       3       com.android.dx.cf.code.BasicBlocker::getBlockList (208 bytes)
Event: 1.362 Thread 0x000000001526d000 nmethod 1243 0x0000000003034450 code [0x00000000030346c0, 0x00000000030358e8]
Event: 1.362 Thread 0x000000001526d000 1244       3       com.android.dx.ssa.SsaMethod::convertRopToSsaBlocks (103 bytes)
Event: 1.364 Thread 0x000000001526d000 nmethod 1244 0x0000000003036390 code [0x0000000003036600, 0x00000000030377c8]
Event: 1.364 Thread 0x000000001526d000 1245       3       com.android.dx.ssa.Dominators::run (506 bytes)

GC Heap History (0 events):
No events

Deoptimization events (10 events):
Event: 1.311 Thread 0x0000000016ece000 Uncommon trap: reason=class_check action=maybe_recompile pc=0x0000000002fc0bf8 method=com.android.dx.rop.type.Type.equals(Ljava/lang/Object;)Z @ 8
Event: 1.311 Thread 0x0000000016ece000 Uncommon trap: reason=class_check action=maybe_recompile pc=0x0000000002fc0bf8 method=com.android.dx.rop.type.Type.equals(Ljava/lang/Object;)Z @ 8
Event: 1.311 Thread 0x0000000016ece000 Uncommon trap: reason=class_check action=maybe_recompile pc=0x0000000002fc0bf8 method=com.android.dx.rop.type.Type.equals(Ljava/lang/Object;)Z @ 8
Event: 1.311 Thread 0x0000000016ece000 Uncommon trap: reason=class_check action=maybe_recompile pc=0x0000000002f858ac method=com.android.dx.rop.type.Type.equals(Ljava/lang/Object;)Z @ 8
Event: 1.311 Thread 0x0000000016ece000 Uncommon trap: reason=class_check action=maybe_recompile pc=0x0000000002f3fe64 method=com.android.dx.rop.type.Type.equals(Ljava/lang/Object;)Z @ 8
Event: 1.312 Thread 0x0000000016ece000 Uncommon trap: reason=unstable_if action=reinterpret pc=0x0000000002faa978 method=com.android.dx.cf.code.Ropper.labelToResultIndex(I)I @ 34
Event: 1.322 Thread 0x0000000016ece000 Uncommon trap: reason=unstable_if action=reinterpret pc=0x0000000002e79710 method=com.android.dx.rop.code.RegisterSpec.equals(ILcom/android/dx/rop/type/TypeBearer;Lcom/android/dx/rop/code/LocalItem;)Z @ 16
Event: 1.323 Thread 0x0000000016ece000 Uncommon trap: reason=class_check action=maybe_recompile pc=0x0000000002fa71e8 method=com.android.dx.rop.type.Type.equals(Ljava/lang/Object;)Z @ 8
Event: 1.330 Thread 0x0000000016ece000 Uncommon trap: reason=null_check action=make_not_entrant pc=0x0000000002f8b3d0 method=com.android.dx.ssa.SsaRenamer.getLocalForNewReg(I)Lcom/android/dx/rop/code/LocalItem; @ 19
Event: 1.330 Thread 0x0000000016ece000 Uncommon trap: reason=null_check action=make_not_entrant pc=0x0000000002f9a8f4 method=com.android.dx.ssa.SsaRenamer.getLocalForNewReg(I)Lcom/android/dx/rop/code/LocalItem; @ 19

Internal exceptions (4 events):
Event: 0.036 Thread 0x000000000113d800 Exception <a 'java/lang/NoSuchMethodError': Method sun.misc.Unsafe.defineClass(Ljava/lang/String;[BII)Ljava/lang/Class; name or signature does not match> (0x00000000eab07cc0) thrown at [C:\src\android\AOSP-openjdk\external\jetbrains\jdk\hotspot\src\share\vöeœ;“O¢?
Event: 0.036 Thread 0x000000000113d800 Exception <a 'java/lang/NoSuchMethodError': Method sun.misc.Unsafe.prefetchRead(Ljava/lang/Object;J)V name or signature does not match> (0x00000000eab07fa8) thrown at [C:\src\android\AOSP-openjdk\external\jetbrains\jdk\hotspot\src\share\vm\prims\jni.cpp, l]?ΩE≤Fı?
Event: 1.330 Thread 0x0000000016ece000 Implicit null exception at 0x0000000002f8904b to 0x0000000002f8b389
Event: 1.330 Thread 0x0000000016ece000 Implicit null exception at 0x0000000002f9809c to 0x0000000002f9a8d1

Events (10 events):
Event: 1.322 Thread 0x0000000016ece000 DEOPT UNPACKING pc=0x0000000002b8556a sp=0x000000001735e540 mode 2
Event: 1.323 Thread 0x0000000016ece000 Uncommon trap: trap_request=0xffffffde fr.pc=0x0000000002fa71e8
Event: 1.323 Thread 0x0000000016ece000 DEOPT PACKING pc=0x0000000002fa71e8 sp=0x000000001735e840
Event: 1.323 Thread 0x0000000016ece000 DEOPT UNPACKING pc=0x0000000002b8556a sp=0x000000001735e430 mode 2
Event: 1.330 Thread 0x0000000016ece000 Uncommon trap: trap_request=0xfffffff4 fr.pc=0x0000000002f8b3d0
Event: 1.330 Thread 0x0000000016ece000 DEOPT PACKING pc=0x0000000002f8b3d0 sp=0x000000001735e780
Event: 1.330 Thread 0x0000000016ece000 DEOPT UNPACKING pc=0x0000000002b8556a sp=0x000000001735e5d8 mode 2
Event: 1.330 Thread 0x0000000016ece000 Uncommon trap: trap_request=0xfffffff4 fr.pc=0x0000000002f9a8f4
Event: 1.330 Thread 0x0000000016ece000 DEOPT PACKING pc=0x0000000002f9a8f4 sp=0x000000001735e700
Event: 1.330 Thread 0x0000000016ece000 DEOPT UNPACKING pc=0x0000000002b8556a sp=0x000000001735e5c8 mode 2


Dynamic libraries:
0x00007ff70ea90000 - 0x00007ff70eac1000 	C:\Program Files\Android\Android Studio\jre\bin\java.exe
0x00007ffa5eba0000 - 0x00007ffa5ed4c000 	C:\Windows\SYSTEM32\ntdll.dll
0x00007ffa5c660000 - 0x00007ffa5c79e000 	C:\Windows\system32\KERNEL32.DLL
0x00007ffa5bed0000 - 0x00007ffa5bfe5000 	C:\Windows\system32\KERNELBASE.dll
0x00007ffa5e900000 - 0x00007ffa5e9aa000 	C:\Windows\system32\ADVAPI32.dll
0x00007ffa5ca20000 - 0x00007ffa5cb97000 	C:\Windows\system32\USER32.dll
0x00007ffa593c0000 - 0x00007ffa5963a000 	C:\Windows\WinSxS\amd64_microsoft.windows.common-controls_6595b64144ccf1df_6.0.9600.17810_none_6240b9c7ecbd0bda\COMCTL32.dll
0x00007ffa5c220000 - 0x00007ffa5c2ca000 	C:\Windows\system32\msvcrt.dll
0x00007ffa5cd50000 - 0x00007ffa5cda9000 	C:\Windows\SYSTEM32\sechost.dll
0x00007ffa5d060000 - 0x00007ffa5d1a1000 	C:\Windows\system32\RPCRT4.dll
0x00007ffa5e7a0000 - 0x00007ffa5e8ef000 	C:\Windows\system32\GDI32.dll
0x00007ffa5c810000 - 0x00007ffa5c846000 	C:\Windows\system32\IMM32.DLL
0x00007ffa5c8c0000 - 0x00007ffa5ca12000 	C:\Windows\system32\MSCTF.dll
0x000000006e6f0000 - 0x000000006e7c2000 	C:\Program Files\Android\Android Studio\jre\jre\bin\msvcr100.dll
0x000000006d940000 - 0x000000006e174000 	C:\Program Files\Android\Android Studio\jre\jre\bin\server\jvm.dll
0x00007ffa51770000 - 0x00007ffa51779000 	C:\Windows\SYSTEM32\WSOCK32.dll
0x00007ffa57460000 - 0x00007ffa57482000 	C:\Windows\SYSTEM32\WINMM.dll
0x00007ffa56a90000 - 0x00007ffa56a9a000 	C:\Windows\SYSTEM32\VERSION.dll
0x00007ffa5c800000 - 0x00007ffa5c807000 	C:\Windows\system32\PSAPI.DLL
0x00007ffa5c850000 - 0x00007ffa5c8aa000 	C:\Windows\system32\WS2_32.dll
0x00007ffa57430000 - 0x00007ffa5745a000 	C:\Windows\SYSTEM32\WINMMBASE.dll
0x00007ffa5e9b0000 - 0x00007ffa5e9b9000 	C:\Windows\system32\NSI.dll
0x00007ffa5c1d0000 - 0x00007ffa5c21f000 	C:\Windows\SYSTEM32\cfgmgr32.dll
0x00007ffa5ab00000 - 0x00007ffa5ab28000 	C:\Windows\SYSTEM32\DEVOBJ.dll
0x00007ffa33b00000 - 0x00007ffa33b0f000 	C:\Program Files\Android\Android Studio\jre\jre\bin\verify.dll
0x00007ffa33ad0000 - 0x00007ffa33af9000 	C:\Program Files\Android\Android Studio\jre\jre\bin\java.dll
0x00007ffa33ab0000 - 0x00007ffa33ac6000 	C:\Program Files\Android\Android Studio\jre\jre\bin\zip.dll
0x00007ffa5d270000 - 0x00007ffa5e79b000 	C:\Windows\system32\SHELL32.dll
0x00007ffa5cdd0000 - 0x00007ffa5cfe1000 	C:\Windows\SYSTEM32\combase.dll
0x00007ffa5c2d0000 - 0x00007ffa5c324000 	C:\Windows\system32\SHLWAPI.dll
0x00007ffa5a2c0000 - 0x00007ffa5a372000 	C:\Windows\SYSTEM32\SHCORE.dll
0x00007ffa5bcf0000 - 0x00007ffa5bd05000 	C:\Windows\SYSTEM32\profapi.dll

VM Arguments:
jvm_args: -Djava.awt.headless=true -Xmx1024M -Dfile.encoding=windows-1252 -Duser.country=US -Duser.language=en -Duser.variant 
java_command: com.android.dx.command.Main --dex --num-threads=4 --output D:\Android\AndroidStudio\KalbecallPlanMobile\app\build\intermediates\pre-dexed\debug\com.android.support-recyclerview-v7-24.2.0_90865575b41f55cbbca4d95f9ec852d09c6dcf0d.jar D:\Android\AndroidStudio\KalbecallPlanMobile\app\build\intermediates\exploded-aar\com.android.support\recyclerview-v7\24.2.0\jars\classes.jar
java_class_path (initial): D:\Android\AndroidSDK\build-tools\24.0.1\lib\dx.jar
Launcher Type: SUN_STANDARD

Environment Variables:
PATH=C:\ProgramData\Oracle\Java\javapath;C:\app\DevSuiteHome_1\jdk\jre\bin\classic;C:\app\DevSuiteHome_1\jdk\jre\bin;C:\app\DevSuiteHome_1\jdk\jre\bin\client;C:\app\DevSuiteHome_1\jlib;C:\app\DevSuiteHome_1\bin;C:\app\DevSuiteHome_1\jre\1.4.2\bin\client;C:\app\DevSuiteHome_1\jre\1.4.2\bin;C:\app\rhezaTesar\product\11.2.0\client_1;C:\app\rhezaTesar\product\11.2.0\client_1\bin;C:\Program Files (x86)\Intel\iCLS Client\;C:\Program Files\Intel\iCLS Client\;C:\Windows\system32;C:\Windows;C:\Windows\System32\Wbem;C:\Windows\System32\WindowsPowerShell\v1.0\;C:\Program Files\Intel\Intel(R) Management Engine Components\DAL;C:\Program Files (x86)\Intel\Intel(R) Management Engine Components\DAL;C:\Program Files\Intel\Intel(R) Management Engine Components\IPT;C:\Program Files (x86)\Intel\Intel(R) Management Engine Components\IPT;C:\Program Files\Intel\WiFi\bin\;C:\Program Files\Common Files\Intel\WirelessCommon\;C:\Program Files (x86)\Skype\Phone\;C:\Program Files (x86)\Microsoft SQL Server\90\Tools\binn\;C:\Program Files (x86)\Microsoft SQL Server\100\Tools\Bin;C:\Program Files (x86)\Common Files\SYSTEM\MSMAPI\1033;C:\Program Files\Microsoft SQL Server\120\Tools\Binn\;C:\Program Files\Microsoft SQL Server\Client SDK\ODBC\110\Tools\Binn\;C:\Program Files\Microsoft SQL Server\120\DTS\Binn\;C:\Program Files (x86)\Microsoft SQL Server\120\Tools\Binn\ManagementStudio\;C:\Program Files (x86)\Microsoft SQL Server\120\Tools\Binn\;C:\Program Files (x86)\Microsoft SQL Server\120\DTS\Binn\;C:\Program Files\Git\cmd;C:\Program Files\TortoiseSVN\bin;
USERNAME=rhezaTesar
OS=Windows_NT
PROCESSOR_IDENTIFIER=Intel64 Family 6 Model 61 Stepping 4, GenuineIntel



---------------  S Y S T E M  ---------------

OS: Windows 8.1 , 64 bit Build 9600 (6.3.9600.17415)

CPU:total 4 (2 cores per cpu, 2 threads per core) family 6 model 61 stepping 4, cmov, cx8, fxsr, mmx, sse, sse2, sse3, ssse3, sse4.1, sse4.2, popcnt, avx, avx2, aes, clmul, erms, 3dnowpref, lzcnt, ht, tsc, tscinvbit, bmi1, bmi2, adx

Memory: 4k page, physical 8277100k(1228908k free), swap 9848940k(5192k free)

vm_info: OpenJDK 64-Bit Server VM (25.76-b03) for windows-amd64 JRE (1.8.0_76-release-b03), built on Jun 29 2016 19:09:20 by "ralucas" with MS VC++ 10.0 (VS2010)

time: Mon Mar 20 14:51:30 2017
elapsed time: 1 seconds (0d 0h 0m 1s)

